[2025-12-27 00:04:40] 抓取到的文章与现有数据相同，无需更新。
[2025-12-27 01:29:51] 抓取到的文章与现有数据相同，无需更新。
[2025-12-27 02:32:19] 抓取到的文章与现有数据相同，无需更新。
[2025-12-27 03:28:52] 抓取到的文章与现有数据相同，无需更新。
[2025-12-27 04:09:28] 抓取到的文章与现有数据相同，无需更新。
[2025-12-27 05:02:54] 本次订阅抓取结果统计:
[2025-12-27 05:02:54] 共 33 条RSS, 成功抓取 28 条.
[2025-12-27 05:02:54] ✘ 有 5 条订阅解析失败:
[2025-12-27 05:02:54] - https://tumutanzi.com/feed
[2025-12-27 05:02:54] - https://suus.me/atom.xml
[2025-12-27 05:02:54] - https://geekinney.com/index.xml
[2025-12-27 05:02:54] - https://www.luzhaojun.com/feed
[2025-12-27 05:02:54] - https://www.moraex.com/feed
[2025-12-27 06:01:54] 本次订阅抓取结果统计:
[2025-12-27 06:01:54] 共 33 条RSS, 成功抓取 29 条.
[2025-12-27 06:01:54] ✘ 有 4 条订阅解析失败:
[2025-12-27 06:01:54] - https://tumutanzi.com/feed
[2025-12-27 06:01:54] - https://geekinney.com/index.xml
[2025-12-27 06:01:54] - https://suus.me/atom.xml
[2025-12-27 06:01:54] - https://www.moraex.com/feed
[2025-12-27 07:02:05] 抓取到的文章与现有数据相同，无需更新。
[2025-12-27 08:01:53] 抓取到的文章与现有数据相同，无需更新。
[2025-12-27 09:02:32] 本次订阅抓取结果统计:
[2025-12-27 09:02:32] 共 33 条RSS, 成功抓取 28 条.
[2025-12-27 09:02:32] ✘ 有 5 条订阅解析失败:
[2025-12-27 09:02:32] - https://tumutanzi.com/feed
[2025-12-27 09:02:32] - https://geekinney.com/index.xml
[2025-12-27 09:02:32] - https://suus.me/atom.xml
[2025-12-27 09:02:32] - https://www.moraex.com/feed
[2025-12-27 09:02:32] - https://skywind.me/blog/feed
[2025-12-27 10:01:47] 本次订阅抓取结果统计:
[2025-12-27 10:01:47] 共 33 条RSS, 成功抓取 29 条.
[2025-12-27 10:01:47] ✘ 有 4 条订阅解析失败:
[2025-12-27 10:01:47] - https://tumutanzi.com/feed
[2025-12-27 10:01:47] - https://geekinney.com/index.xml
[2025-12-27 10:01:47] - https://suus.me/atom.xml
[2025-12-27 10:01:47] - https://www.moraex.com/feed
[2025-12-27 11:01:41] 抓取到的文章与现有数据相同，无需更新。
[2025-12-27 12:01:56] 抓取到的文章与现有数据相同，无需更新。
[2025-12-27 13:09:58] 抓取到的文章与现有数据相同，无需更新。
[2025-12-27 14:01:34] 抓取到的文章与现有数据相同，无需更新。
[2025-12-27 15:01:59] 抓取到的文章与现有数据相同，无需更新。
[2025-12-27 16:01:43] 抓取到的文章与现有数据相同，无需更新。
[2025-12-27 17:02:27] 本次订阅抓取结果统计:
[2025-12-27 17:02:27] 共 33 条RSS, 成功抓取 28 条.
[2025-12-27 17:02:27] ✘ 有 5 条订阅解析失败:
[2025-12-27 17:02:27] - https://tumutanzi.com/feed
[2025-12-27 17:02:27] - https://geekinney.com/index.xml
[2025-12-27 17:02:27] - https://suus.me/atom.xml
[2025-12-27 17:02:27] - https://www.moraex.com/feed
[2025-12-27 17:02:27] - https://skywind.me/blog/feed
[2025-12-27 18:01:52] 本次订阅抓取结果统计:
[2025-12-27 18:01:52] 共 33 条RSS, 成功抓取 29 条.
[2025-12-27 18:01:52] ✘ 有 4 条订阅解析失败:
[2025-12-27 18:01:52] - https://tumutanzi.com/feed
[2025-12-27 18:01:52] - https://suus.me/atom.xml
[2025-12-27 18:01:52] - https://geekinney.com/index.xml
[2025-12-27 18:01:52] - https://www.moraex.com/feed
