[2025-12-09 00:04:31] 抓取到的文章与现有数据相同，无需更新。
[2025-12-09 01:29:45] 抓取到的文章与现有数据相同，无需更新。
[2025-12-09 02:31:51] 抓取到的文章与现有数据相同，无需更新。
[2025-12-09 03:25:33] 抓取到的文章与现有数据相同，无需更新。
[2025-12-09 04:07:43] 本次订阅抓取结果统计:
[2025-12-09 04:07:43] 共 31 条RSS, 成功抓取 28 条.
[2025-12-09 04:07:43] ✘ 有 3 条订阅解析失败:
[2025-12-09 04:07:43] - https://tumutanzi.com/feed
[2025-12-09 04:07:43] - https://suus.me/atom.xml
[2025-12-09 04:07:43] - https://geekinney.com/index.xml
[2025-12-09 05:02:48] 本次订阅抓取结果统计:
[2025-12-09 05:02:48] 共 31 条RSS, 成功抓取 27 条.
[2025-12-09 05:02:48] ✘ 有 4 条订阅解析失败:
[2025-12-09 05:02:48] - https://tumutanzi.com/feed
[2025-12-09 05:02:48] - https://geekinney.com/index.xml
[2025-12-09 05:02:48] - https://suus.me/atom.xml
[2025-12-09 05:02:48] - https://freemind.pluskid.org/rss.xml
[2025-12-09 06:02:08] 本次订阅抓取结果统计:
[2025-12-09 06:02:08] 共 31 条RSS, 成功抓取 28 条.
[2025-12-09 06:02:08] ✘ 有 3 条订阅解析失败:
[2025-12-09 06:02:08] - https://tumutanzi.com/feed
[2025-12-09 06:02:08] - https://geekinney.com/index.xml
[2025-12-09 06:02:08] - https://suus.me/atom.xml
[2025-12-09 07:02:45] 抓取到的文章与现有数据相同，无需更新。
[2025-12-09 08:01:48] 本次订阅抓取结果统计:
[2025-12-09 08:01:48] 共 31 条RSS, 成功抓取 28 条.
[2025-12-09 08:01:48] ✘ 有 3 条订阅解析失败:
[2025-12-09 08:01:48] - https://tumutanzi.com/feed
[2025-12-09 08:01:48] - https://geekinney.com/index.xml
[2025-12-09 08:01:48] - https://suus.me/atom.xml
[2025-12-09 09:03:20] 抓取到的文章与现有数据相同，无需更新。
[2025-12-09 10:01:49] 抓取到的文章与现有数据相同，无需更新。
[2025-12-09 11:01:47] 抓取到的文章与现有数据相同，无需更新。
[2025-12-09 12:02:42] 抓取到的文章与现有数据相同，无需更新。
