[2025-12-10 00:04:35] 抓取到的文章与现有数据相同，无需更新。
[2025-12-10 01:30:07] 抓取到的文章与现有数据相同，无需更新。
[2025-12-10 02:32:01] 抓取到的文章与现有数据相同，无需更新。
[2025-12-10 03:28:07] 抓取到的文章与现有数据相同，无需更新。
[2025-12-10 04:10:38] 本次订阅抓取结果统计:
[2025-12-10 04:10:38] 共 31 条RSS, 成功抓取 27 条.
[2025-12-10 04:10:38] ✘ 有 4 条订阅解析失败:
[2025-12-10 04:10:38] - https://tumutanzi.com/feed
[2025-12-10 04:10:38] - https://geekinney.com/index.xml
[2025-12-10 04:10:38] - https://suus.me/atom.xml
[2025-12-10 04:10:38] - https://skywind.me/blog/feed
[2025-12-10 05:03:10] 本次订阅抓取结果统计:
[2025-12-10 05:03:10] 共 31 条RSS, 成功抓取 28 条.
[2025-12-10 05:03:10] ✘ 有 3 条订阅解析失败:
[2025-12-10 05:03:10] - https://tumutanzi.com/feed
[2025-12-10 05:03:10] - https://geekinney.com/index.xml
[2025-12-10 05:03:10] - https://suus.me/atom.xml
[2025-12-10 06:01:59] 本次订阅抓取结果统计:
[2025-12-10 06:01:59] 共 31 条RSS, 成功抓取 28 条.
[2025-12-10 06:01:59] ✘ 有 3 条订阅解析失败:
[2025-12-10 06:01:59] - https://tumutanzi.com/feed
[2025-12-10 06:01:59] - https://geekinney.com/index.xml
[2025-12-10 06:01:59] - https://suus.me/atom.xml
[2025-12-10 07:03:11] 抓取到的文章与现有数据相同，无需更新。
[2025-12-10 08:01:54] 抓取到的文章与现有数据相同，无需更新。
[2025-12-10 09:03:27] 抓取到的文章与现有数据相同，无需更新。
[2025-12-10 10:01:45] 本次订阅抓取结果统计:
[2025-12-10 10:01:45] 共 31 条RSS, 成功抓取 28 条.
[2025-12-10 10:01:45] ✘ 有 3 条订阅解析失败:
[2025-12-10 10:01:45] - https://tumutanzi.com/feed
[2025-12-10 10:01:45] - https://geekinney.com/index.xml
[2025-12-10 10:01:45] - https://suus.me/atom.xml
