[2025-12-18 00:04:14] 抓取到的文章与现有数据相同，无需更新。
[2025-12-18 01:29:49] 抓取到的文章与现有数据相同，无需更新。
[2025-12-18 02:32:32] 本次订阅抓取结果统计:
[2025-12-18 02:32:32] 共 31 条RSS, 成功抓取 26 条.
[2025-12-18 02:32:32] ✘ 有 5 条订阅解析失败:
[2025-12-18 02:32:32] - https://tumutanzi.com/feed
[2025-12-18 02:32:32] - https://geekinney.com/index.xml
[2025-12-18 02:32:32] - https://suus.me/atom.xml
[2025-12-18 02:32:32] - https://freemind.pluskid.org/rss.xml
[2025-12-18 02:32:32] - https://skywind.me/blog/feed
[2025-12-18 03:28:19] 本次订阅抓取结果统计:
[2025-12-18 03:28:19] 共 31 条RSS, 成功抓取 27 条.
[2025-12-18 03:28:19] ✘ 有 4 条订阅解析失败:
[2025-12-18 03:28:19] - https://tumutanzi.com/feed
[2025-12-18 03:28:19] - https://suus.me/atom.xml
[2025-12-18 03:28:19] - https://geekinney.com/index.xml
[2025-12-18 03:28:19] - https://freemind.pluskid.org/rss.xml
[2025-12-18 04:10:39] 本次订阅抓取结果统计:
[2025-12-18 04:10:39] 共 31 条RSS, 成功抓取 27 条.
[2025-12-18 04:10:39] ✘ 有 4 条订阅解析失败:
[2025-12-18 04:10:39] - https://tumutanzi.com/feed
[2025-12-18 04:10:39] - https://geekinney.com/index.xml
[2025-12-18 04:10:39] - https://suus.me/atom.xml
[2025-12-18 04:10:39] - https://skywind.me/blog/feed
[2025-12-18 05:03:49] 本次订阅抓取结果统计:
[2025-12-18 05:03:49] 共 31 条RSS, 成功抓取 28 条.
[2025-12-18 05:03:49] ✘ 有 3 条订阅解析失败:
[2025-12-18 05:03:49] - https://tumutanzi.com/feed
[2025-12-18 05:03:49] - https://geekinney.com/index.xml
[2025-12-18 05:03:49] - https://suus.me/atom.xml
[2025-12-18 06:02:43] 抓取到的文章与现有数据相同，无需更新。
[2025-12-18 07:03:26] 抓取到的文章与现有数据相同，无需更新。
[2025-12-18 08:01:50] 抓取到的文章与现有数据相同，无需更新。
[2025-12-18 10:01:51] 本次订阅抓取结果统计:
[2025-12-18 10:01:51] 共 31 条RSS, 成功抓取 28 条.
[2025-12-18 10:01:51] ✘ 有 3 条订阅解析失败:
[2025-12-18 10:01:51] - https://tumutanzi.com/feed
[2025-12-18 10:01:51] - https://geekinney.com/index.xml
[2025-12-18 10:01:51] - https://suus.me/atom.xml
[2025-12-18 11:02:35] 本次订阅抓取结果统计:
[2025-12-18 11:02:35] 共 31 条RSS, 成功抓取 27 条.
[2025-12-18 11:02:35] ✘ 有 4 条订阅解析失败:
[2025-12-18 11:02:35] - https://tumutanzi.com/feed
[2025-12-18 11:02:35] - https://geekinney.com/index.xml
[2025-12-18 11:02:35] - https://suus.me/atom.xml
[2025-12-18 11:02:35] - https://skywind.me/blog/feed
[2025-12-18 12:02:38] 本次订阅抓取结果统计:
[2025-12-18 12:02:38] 共 31 条RSS, 成功抓取 28 条.
[2025-12-18 12:02:38] ✘ 有 3 条订阅解析失败:
[2025-12-18 12:02:38] - https://tumutanzi.com/feed
[2025-12-18 12:02:38] - https://geekinney.com/index.xml
[2025-12-18 12:02:38] - https://suus.me/atom.xml
