[2025-12-11 00:04:46] 抓取到的文章与现有数据相同，无需更新。
[2025-12-11 01:29:42] 抓取到的文章与现有数据相同，无需更新。
[2025-12-11 02:34:33] 本次订阅抓取结果统计:
[2025-12-11 02:34:33] 共 31 条RSS, 成功抓取 27 条.
[2025-12-11 02:34:33] ✘ 有 4 条订阅解析失败:
[2025-12-11 02:34:33] - https://tumutanzi.com/feed
[2025-12-11 02:34:33] - https://suus.me/atom.xml
[2025-12-11 02:34:33] - https://geekinney.com/index.xml
[2025-12-11 02:34:33] - https://skywind.me/blog/feed
[2025-12-11 03:29:38] 本次订阅抓取结果统计:
[2025-12-11 03:29:38] 共 31 条RSS, 成功抓取 27 条.
[2025-12-11 03:29:38] ✘ 有 4 条订阅解析失败:
[2025-12-11 03:29:38] - https://tumutanzi.com/feed
[2025-12-11 03:29:38] - https://suus.me/atom.xml
[2025-12-11 03:29:38] - https://geekinney.com/index.xml
[2025-12-11 03:29:38] - https://skywind.me/blog/feed
[2025-12-11 04:11:36] 本次订阅抓取结果统计:
[2025-12-11 04:11:36] 共 31 条RSS, 成功抓取 28 条.
[2025-12-11 04:11:36] ✘ 有 3 条订阅解析失败:
[2025-12-11 04:11:36] - https://tumutanzi.com/feed
[2025-12-11 04:11:36] - https://geekinney.com/index.xml
[2025-12-11 04:11:36] - https://suus.me/atom.xml
[2025-12-11 05:03:26] 抓取到的文章与现有数据相同，无需更新。
[2025-12-11 06:02:01] 抓取到的文章与现有数据相同，无需更新。
[2025-12-11 07:04:47] 本次订阅抓取结果统计:
[2025-12-11 07:04:47] 共 31 条RSS, 成功抓取 27 条.
[2025-12-11 07:04:47] ✘ 有 4 条订阅解析失败:
[2025-12-11 07:04:47] - https://tumutanzi.com/feed
[2025-12-11 07:04:47] - https://geekinney.com/index.xml
[2025-12-11 07:04:47] - https://suus.me/atom.xml
[2025-12-11 07:04:47] - https://skywind.me/blog/feed
[2025-12-11 08:01:58] 本次订阅抓取结果统计:
[2025-12-11 08:01:58] 共 31 条RSS, 成功抓取 28 条.
[2025-12-11 08:01:58] ✘ 有 3 条订阅解析失败:
[2025-12-11 08:01:58] - https://tumutanzi.com/feed
[2025-12-11 08:01:58] - https://geekinney.com/index.xml
[2025-12-11 08:01:58] - https://suus.me/atom.xml
