[2025-12-08 00:05:12] [WARN] 加载头像映射失败: failed to fetch avatar map: Get "https://cos.lhasa.icu/lhasaRSS/avatar.json": dial tcp 43.174.247.25:443: i/o timeout (Client.Timeout exceeded while awaiting headers)
[2025-12-08 00:06:13] 本次订阅抓取结果统计:
[2025-12-08 00:06:13] 共 31 条RSS, 成功抓取 22 条.
[2025-12-08 00:06:13] ✘ 有 9 条订阅解析失败:
[2025-12-08 00:06:13] - https://tumutanzi.com/feed
[2025-12-08 00:06:13] - https://geekinney.com/index.xml
[2025-12-08 00:06:13] - https://suus.me/atom.xml
[2025-12-08 00:06:13] - https://www.shephe.com/feed
[2025-12-08 00:06:13] - https://xyzbz.cn/feed
[2025-12-08 00:06:13] - https://oba.by/feed
[2025-12-08 00:06:13] - https://www.laomuzhu.cn/feed/
[2025-12-08 00:06:13] - https://www.moraex.com/feed
[2025-12-08 00:06:13] - https://bluehe.cn/rss.xml
[2025-12-08 00:06:13] ✘ 有 4 条订阅头像无法访问, 已使用默认头像:
[2025-12-08 00:06:13] - https://laike9m.com/blog/rss/
[2025-12-08 00:06:13] - https://skywind.me/blog/feed
[2025-12-08 00:06:13] - https://www.mrhe.net/feed
[2025-12-08 00:06:13] - https://byvoid.com/zhs/feed.xml
[2025-12-08 01:29:45] 本次订阅抓取结果统计:
[2025-12-08 01:29:45] 共 31 条RSS, 成功抓取 28 条.
[2025-12-08 01:29:45] ✘ 有 3 条订阅解析失败:
[2025-12-08 01:29:45] - https://tumutanzi.com/feed
[2025-12-08 01:29:45] - https://geekinney.com/index.xml
[2025-12-08 01:29:45] - https://suus.me/atom.xml
[2025-12-08 02:31:51] 本次订阅抓取结果统计:
[2025-12-08 02:31:51] 共 31 条RSS, 成功抓取 28 条.
[2025-12-08 02:31:51] ✘ 有 3 条订阅解析失败:
[2025-12-08 02:31:51] - https://tumutanzi.com/feed
[2025-12-08 02:31:51] - https://geekinney.com/index.xml
[2025-12-08 02:31:51] - https://suus.me/atom.xml
[2025-12-08 03:27:56] 抓取到的文章与现有数据相同，无需更新。
[2025-12-08 04:09:40] 抓取到的文章与现有数据相同，无需更新。
[2025-12-08 05:02:55] 抓取到的文章与现有数据相同，无需更新。
[2025-12-08 06:02:39] 抓取到的文章与现有数据相同，无需更新。
[2025-12-08 07:03:50] 抓取到的文章与现有数据相同，无需更新。
[2025-12-08 08:02:10] 本次订阅抓取结果统计:
[2025-12-08 08:02:10] 共 31 条RSS, 成功抓取 28 条.
[2025-12-08 08:02:10] ✘ 有 3 条订阅解析失败:
[2025-12-08 08:02:10] - https://tumutanzi.com/feed
[2025-12-08 08:02:10] - https://suus.me/atom.xml
[2025-12-08 08:02:10] - https://geekinney.com/index.xml
[2025-12-08 09:03:57] 抓取到的文章与现有数据相同，无需更新。
[2025-12-08 10:01:46] 抓取到的文章与现有数据相同，无需更新。
[2025-12-08 11:01:39] 抓取到的文章与现有数据相同，无需更新。
[2025-12-08 12:01:59] 抓取到的文章与现有数据相同，无需更新。
[2025-12-08 13:12:48] 抓取到的文章与现有数据相同，无需更新。
[2025-12-08 14:01:49] 抓取到的文章与现有数据相同，无需更新。
[2025-12-08 15:01:53] 抓取到的文章与现有数据相同，无需更新。
[2025-12-08 16:01:50] 抓取到的文章与现有数据相同，无需更新。
[2025-12-08 17:03:24] 抓取到的文章与现有数据相同，无需更新。
[2025-12-08 18:01:50] 抓取到的文章与现有数据相同，无需更新。
[2025-12-08 19:01:45] 抓取到的文章与现有数据相同，无需更新。
[2025-12-08 20:02:02] 抓取到的文章与现有数据相同，无需更新。
[2025-12-08 21:01:45] 抓取到的文章与现有数据相同，无需更新。
[2025-12-08 22:01:43] 抓取到的文章与现有数据相同，无需更新。
