[2025-12-23 00:04:43] 抓取到的文章与现有数据相同，无需更新。
[2025-12-23 01:30:44] 本次订阅抓取结果统计:
[2025-12-23 01:30:44] 共 31 条RSS, 成功抓取 26 条.
[2025-12-23 01:30:44] ✘ 有 5 条订阅解析失败:
[2025-12-23 01:30:44] - https://tumutanzi.com/feed
[2025-12-23 01:30:44] - https://geekinney.com/index.xml
[2025-12-23 01:30:44] - https://suus.me/atom.xml
[2025-12-23 01:30:44] - https://www.moraex.com/feed
[2025-12-23 01:30:44] - https://freemind.pluskid.org/rss.xml
[2025-12-23 02:34:43] 本次订阅抓取结果统计:
[2025-12-23 02:34:43] 共 31 条RSS, 成功抓取 27 条.
[2025-12-23 02:34:43] ✘ 有 4 条订阅解析失败:
[2025-12-23 02:34:43] - https://tumutanzi.com/feed
[2025-12-23 02:34:43] - https://geekinney.com/index.xml
[2025-12-23 02:34:43] - https://suus.me/atom.xml
[2025-12-23 02:34:43] - https://www.moraex.com/feed
[2025-12-23 03:29:25] 本次订阅抓取结果统计:
[2025-12-23 03:29:25] 共 31 条RSS, 成功抓取 27 条.
[2025-12-23 03:29:25] ✘ 有 4 条订阅解析失败:
[2025-12-23 03:29:25] - https://tumutanzi.com/feed
[2025-12-23 03:29:25] - https://suus.me/atom.xml
[2025-12-23 03:29:25] - https://geekinney.com/index.xml
[2025-12-23 03:29:25] - https://www.moraex.com/feed
[2025-12-23 04:13:56] 抓取到的文章与现有数据相同，无需更新。
[2025-12-23 05:03:56] 本次订阅抓取结果统计:
[2025-12-23 05:03:56] 共 31 条RSS, 成功抓取 27 条.
[2025-12-23 05:03:56] ✘ 有 4 条订阅解析失败:
[2025-12-23 05:03:56] - https://tumutanzi.com/feed
[2025-12-23 05:03:56] - https://geekinney.com/index.xml
[2025-12-23 05:03:56] - https://suus.me/atom.xml
[2025-12-23 05:03:56] - https://www.moraex.com/feed
[2025-12-23 06:01:51] 本次订阅抓取结果统计:
[2025-12-23 06:01:51] 共 31 条RSS, 成功抓取 27 条.
[2025-12-23 06:01:51] ✘ 有 4 条订阅解析失败:
[2025-12-23 06:01:51] - https://tumutanzi.com/feed
[2025-12-23 06:01:51] - https://suus.me/atom.xml
[2025-12-23 06:01:51] - https://geekinney.com/index.xml
[2025-12-23 06:01:51] - https://www.moraex.com/feed
[2025-12-23 07:04:24] 抓取到的文章与现有数据相同，无需更新。
[2025-12-23 08:02:56] 本次订阅抓取结果统计:
[2025-12-23 08:02:56] 共 31 条RSS, 成功抓取 26 条.
[2025-12-23 08:02:56] ✘ 有 5 条订阅解析失败:
[2025-12-23 08:02:56] - https://tumutanzi.com/feed
[2025-12-23 08:02:56] - https://geekinney.com/index.xml
[2025-12-23 08:02:56] - https://suus.me/atom.xml
[2025-12-23 08:02:56] - https://www.moraex.com/feed
[2025-12-23 08:02:56] - https://skywind.me/blog/feed
[2025-12-23 09:03:43] 本次订阅抓取结果统计:
[2025-12-23 09:03:43] 共 31 条RSS, 成功抓取 27 条.
[2025-12-23 09:03:43] ✘ 有 4 条订阅解析失败:
[2025-12-23 09:03:43] - https://tumutanzi.com/feed
[2025-12-23 09:03:43] - https://geekinney.com/index.xml
[2025-12-23 09:03:43] - https://suus.me/atom.xml
[2025-12-23 09:03:43] - https://www.moraex.com/feed
[2025-12-23 10:01:54] 抓取到的文章与现有数据相同，无需更新。
[2025-12-23 11:02:18] 抓取到的文章与现有数据相同，无需更新。
[2025-12-23 12:02:56] 本次订阅抓取结果统计:
[2025-12-23 12:02:56] 共 31 条RSS, 成功抓取 26 条.
[2025-12-23 12:02:56] ✘ 有 5 条订阅解析失败:
[2025-12-23 12:02:56] - https://tumutanzi.com/feed
[2025-12-23 12:02:56] - https://geekinney.com/index.xml
[2025-12-23 12:02:56] - https://suus.me/atom.xml
[2025-12-23 12:02:56] - https://www.moraex.com/feed
[2025-12-23 12:02:56] - https://skywind.me/blog/feed
[2025-12-23 13:13:26] 本次订阅抓取结果统计:
[2025-12-23 13:13:26] 共 31 条RSS, 成功抓取 27 条.
[2025-12-23 13:13:26] ✘ 有 4 条订阅解析失败:
[2025-12-23 13:13:26] - https://tumutanzi.com/feed
[2025-12-23 13:13:26] - https://geekinney.com/index.xml
[2025-12-23 13:13:26] - https://suus.me/atom.xml
[2025-12-23 13:13:26] - https://www.moraex.com/feed
