[2025-12-06 00:04:24] 抓取到的文章与现有数据相同，无需更新。
[2025-12-06 01:30:18] 本次订阅抓取结果统计:
[2025-12-06 01:30:18] 共 31 条RSS, 成功抓取 25 条.
[2025-12-06 01:30:18] ✘ 有 6 条订阅解析失败:
[2025-12-06 01:30:18] - https://tumutanzi.com/feed
[2025-12-06 01:30:18] - https://suus.me/atom.xml
[2025-12-06 01:30:18] - https://geekinney.com/index.xml
[2025-12-06 01:30:18] - https://www.luzhaojun.com/feed
[2025-12-06 01:30:18] - https://leixus.cn/index.php/feed/
[2025-12-06 01:30:18] - https://freemind.pluskid.org/rss.xml
[2025-12-06 02:29:32] 本次订阅抓取结果统计:
[2025-12-06 02:29:32] 共 31 条RSS, 成功抓取 28 条.
[2025-12-06 02:29:32] ✘ 有 3 条订阅解析失败:
[2025-12-06 02:29:32] - https://tumutanzi.com/feed
[2025-12-06 02:29:32] - https://suus.me/atom.xml
[2025-12-06 02:29:32] - https://geekinney.com/index.xml
[2025-12-06 03:20:16] 抓取到的文章与现有数据相同，无需更新。
[2025-12-06 04:01:54] 抓取到的文章与现有数据相同，无需更新。
[2025-12-06 05:01:49] 抓取到的文章与现有数据相同，无需更新。
[2025-12-06 06:01:49] 本次订阅抓取结果统计:
[2025-12-06 06:01:49] 共 31 条RSS, 成功抓取 26 条.
[2025-12-06 06:01:49] ✘ 有 5 条订阅解析失败:
[2025-12-06 06:01:49] - https://tumutanzi.com/feed
[2025-12-06 06:01:49] - https://geekinney.com/index.xml
[2025-12-06 06:01:49] - https://suus.me/atom.xml
[2025-12-06 06:01:49] - https://www.luzhaojun.com/feed
[2025-12-06 06:01:49] - https://leixus.cn/index.php/feed/
[2025-12-06 07:01:45] 本次订阅抓取结果统计:
[2025-12-06 07:01:45] 共 31 条RSS, 成功抓取 28 条.
[2025-12-06 07:01:45] ✘ 有 3 条订阅解析失败:
[2025-12-06 07:01:45] - https://tumutanzi.com/feed
[2025-12-06 07:01:45] - https://geekinney.com/index.xml
[2025-12-06 07:01:45] - https://suus.me/atom.xml
[2025-12-06 08:01:56] 抓取到的文章与现有数据相同，无需更新。
[2025-12-06 09:01:42] 本次订阅抓取结果统计:
[2025-12-06 09:01:42] 共 31 条RSS, 成功抓取 26 条.
[2025-12-06 09:01:42] ✘ 有 5 条订阅解析失败:
[2025-12-06 09:01:42] - https://tumutanzi.com/feed
[2025-12-06 09:01:42] - https://geekinney.com/index.xml
[2025-12-06 09:01:42] - https://suus.me/atom.xml
[2025-12-06 09:01:42] - https://leixus.cn/index.php/feed/
[2025-12-06 09:01:42] - https://www.luzhaojun.com/feed
[2025-12-06 10:01:40] 本次订阅抓取结果统计:
[2025-12-06 10:01:40] 共 31 条RSS, 成功抓取 28 条.
[2025-12-06 10:01:40] ✘ 有 3 条订阅解析失败:
[2025-12-06 10:01:40] - https://tumutanzi.com/feed
[2025-12-06 10:01:40] - https://geekinney.com/index.xml
[2025-12-06 10:01:40] - https://suus.me/atom.xml
[2025-12-06 11:01:40] 抓取到的文章与现有数据相同，无需更新。
[2025-12-06 12:01:58] 抓取到的文章与现有数据相同，无需更新。
[2025-12-06 13:08:13] 本次订阅抓取结果统计:
[2025-12-06 13:08:13] 共 31 条RSS, 成功抓取 26 条.
[2025-12-06 13:08:13] ✘ 有 5 条订阅解析失败:
[2025-12-06 13:08:13] - https://tumutanzi.com/feed
[2025-12-06 13:08:13] - https://geekinney.com/index.xml
[2025-12-06 13:08:13] - https://suus.me/atom.xml
[2025-12-06 13:08:13] - https://www.luzhaojun.com/feed
[2025-12-06 13:08:13] - https://leixus.cn/index.php/feed/
[2025-12-06 14:02:25] 本次订阅抓取结果统计:
[2025-12-06 14:02:25] 共 31 条RSS, 成功抓取 28 条.
[2025-12-06 14:02:25] ✘ 有 3 条订阅解析失败:
[2025-12-06 14:02:25] - https://tumutanzi.com/feed
[2025-12-06 14:02:25] - https://geekinney.com/index.xml
[2025-12-06 14:02:25] - https://suus.me/atom.xml
[2025-12-06 15:01:40] 抓取到的文章与现有数据相同，无需更新。
[2025-12-06 16:01:36] 抓取到的文章与现有数据相同，无需更新。
[2025-12-06 17:01:43] 抓取到的文章与现有数据相同，无需更新。
[2025-12-06 18:01:47] 抓取到的文章与现有数据相同，无需更新。
[2025-12-06 19:01:40] 抓取到的文章与现有数据相同，无需更新。
[2025-12-06 20:01:33] 抓取到的文章与现有数据相同，无需更新。
[2025-12-06 21:01:37] 本次订阅抓取结果统计:
[2025-12-06 21:01:37] 共 31 条RSS, 成功抓取 26 条.
[2025-12-06 21:01:37] ✘ 有 5 条订阅解析失败:
[2025-12-06 21:01:37] - https://tumutanzi.com/feed
[2025-12-06 21:01:37] - https://geekinney.com/index.xml
[2025-12-06 21:01:37] - https://suus.me/atom.xml
[2025-12-06 21:01:37] - https://www.luzhaojun.com/feed
[2025-12-06 21:01:37] - https://leixus.cn/index.php/feed/
[2025-12-06 22:01:38] 本次订阅抓取结果统计:
[2025-12-06 22:01:38] 共 31 条RSS, 成功抓取 28 条.
[2025-12-06 22:01:38] ✘ 有 3 条订阅解析失败:
[2025-12-06 22:01:38] - https://tumutanzi.com/feed
[2025-12-06 22:01:38] - https://geekinney.com/index.xml
[2025-12-06 22:01:38] - https://suus.me/atom.xml
[2025-12-06 23:01:49] 抓取到的文章与现有数据相同，无需更新。
