[2025-12-20 00:04:55] 抓取到的文章与现有数据相同，无需更新。
[2025-12-20 01:29:47] 抓取到的文章与现有数据相同，无需更新。
[2025-12-20 02:31:10] 抓取到的文章与现有数据相同，无需更新。
[2025-12-20 03:24:10] 本次订阅抓取结果统计:
[2025-12-20 03:24:10] 共 31 条RSS, 成功抓取 27 条.
[2025-12-20 03:24:10] ✘ 有 4 条订阅解析失败:
[2025-12-20 03:24:10] - https://tumutanzi.com/feed
[2025-12-20 03:24:10] - https://geekinney.com/index.xml
[2025-12-20 03:24:10] - https://suus.me/atom.xml
[2025-12-20 03:24:10] - https://skywind.me/blog/feed
[2025-12-20 04:06:03] 抓取到的文章与现有数据相同，无需更新。
[2025-12-20 05:02:08] 本次订阅抓取结果统计:
[2025-12-20 05:02:08] 共 31 条RSS, 成功抓取 28 条.
[2025-12-20 05:02:08] ✘ 有 3 条订阅解析失败:
[2025-12-20 05:02:08] - https://tumutanzi.com/feed
[2025-12-20 05:02:08] - https://geekinney.com/index.xml
[2025-12-20 05:02:08] - https://suus.me/atom.xml
[2025-12-20 06:02:11] 抓取到的文章与现有数据相同，无需更新。
[2025-12-20 07:01:50] 本次订阅抓取结果统计:
[2025-12-20 07:01:50] 共 31 条RSS, 成功抓取 27 条.
[2025-12-20 07:01:50] ✘ 有 4 条订阅解析失败:
[2025-12-20 07:01:50] - https://tumutanzi.com/feed
[2025-12-20 07:01:50] - https://geekinney.com/index.xml
[2025-12-20 07:01:50] - https://suus.me/atom.xml
[2025-12-20 07:01:50] - https://www.moraex.com/feed
[2025-12-20 08:02:05] 抓取到的文章与现有数据相同，无需更新。
[2025-12-20 09:02:29] 本次订阅抓取结果统计:
[2025-12-20 09:02:29] 共 31 条RSS, 成功抓取 26 条.
[2025-12-20 09:02:29] ✘ 有 5 条订阅解析失败:
[2025-12-20 09:02:29] - https://tumutanzi.com/feed
[2025-12-20 09:02:29] - https://suus.me/atom.xml
[2025-12-20 09:02:29] - https://geekinney.com/index.xml
[2025-12-20 09:02:29] - https://www.moraex.com/feed
[2025-12-20 09:02:29] - https://skywind.me/blog/feed
[2025-12-20 10:01:48] 本次订阅抓取结果统计:
[2025-12-20 10:01:48] 共 31 条RSS, 成功抓取 27 条.
[2025-12-20 10:01:48] ✘ 有 4 条订阅解析失败:
[2025-12-20 10:01:48] - https://tumutanzi.com/feed
[2025-12-20 10:01:48] - https://geekinney.com/index.xml
[2025-12-20 10:01:48] - https://suus.me/atom.xml
[2025-12-20 10:01:48] - https://www.moraex.com/feed
[2025-12-20 11:02:33] 抓取到的文章与现有数据相同，无需更新。
[2025-12-20 12:02:39] 抓取到的文章与现有数据相同，无需更新。
[2025-12-20 13:09:02] 抓取到的文章与现有数据相同，无需更新。
[2025-12-20 14:01:55] 抓取到的文章与现有数据相同，无需更新。
[2025-12-20 15:01:46] 本次订阅抓取结果统计:
[2025-12-20 15:01:46] 共 31 条RSS, 成功抓取 27 条.
[2025-12-20 15:01:46] ✘ 有 4 条订阅解析失败:
[2025-12-20 15:01:46] - https://tumutanzi.com/feed
[2025-12-20 15:01:46] - https://geekinney.com/index.xml
[2025-12-20 15:01:46] - https://suus.me/atom.xml
[2025-12-20 15:01:46] - https://www.moraex.com/feed
[2025-12-20 16:02:30] 本次订阅抓取结果统计:
[2025-12-20 16:02:30] 共 31 条RSS, 成功抓取 26 条.
[2025-12-20 16:02:30] ✘ 有 5 条订阅解析失败:
[2025-12-20 16:02:30] - https://tumutanzi.com/feed
[2025-12-20 16:02:30] - https://geekinney.com/index.xml
[2025-12-20 16:02:30] - https://suus.me/atom.xml
[2025-12-20 16:02:30] - https://www.moraex.com/feed
[2025-12-20 16:02:30] - https://skywind.me/blog/feed
[2025-12-20 17:01:52] 本次订阅抓取结果统计:
[2025-12-20 17:01:52] 共 31 条RSS, 成功抓取 25 条.
[2025-12-20 17:01:52] ✘ 有 6 条订阅解析失败:
[2025-12-20 17:01:52] - https://tumutanzi.com/feed
[2025-12-20 17:01:52] - https://geekinney.com/index.xml
[2025-12-20 17:01:52] - https://suus.me/atom.xml
[2025-12-20 17:01:52] - https://leixus.cn/index.php/feed/
[2025-12-20 17:01:52] - https://www.luzhaojun.com/feed
[2025-12-20 17:01:52] - https://www.moraex.com/feed
[2025-12-20 18:01:51] 本次订阅抓取结果统计:
[2025-12-20 18:01:51] 共 31 条RSS, 成功抓取 27 条.
[2025-12-20 18:01:51] ✘ 有 4 条订阅解析失败:
[2025-12-20 18:01:51] - https://tumutanzi.com/feed
[2025-12-20 18:01:51] - https://suus.me/atom.xml
[2025-12-20 18:01:51] - https://geekinney.com/index.xml
[2025-12-20 18:01:51] - https://www.moraex.com/feed
[2025-12-20 19:01:41] 抓取到的文章与现有数据相同，无需更新。
[2025-12-20 20:01:42] 抓取到的文章与现有数据相同，无需更新。
[2025-12-20 21:01:44] 抓取到的文章与现有数据相同，无需更新。
[2025-12-20 22:01:44] 抓取到的文章与现有数据相同，无需更新。
[2025-12-20 23:01:56] 抓取到的文章与现有数据相同，无需更新。
