[2025-12-31 00:05:13] [WARN] 加载头像映射失败: failed to fetch avatar map: Get "https://cos.lhasa.icu/lhasaRSS/avatar.json": context deadline exceeded (Client.Timeout exceeded while awaiting headers)
[2025-12-31 00:06:10] 本次订阅抓取结果统计:
[2025-12-31 00:06:10] 共 36 条RSS, 成功抓取 31 条.
[2025-12-31 00:06:10] ✘ 有 5 条订阅解析失败:
[2025-12-31 00:06:10] - https://tumutanzi.com/feed
[2025-12-31 00:06:10] - https://suus.me/atom.xml
[2025-12-31 00:06:10] - https://geekinney.com/index.xml
[2025-12-31 00:06:10] - https://www.moraex.com/feed
[2025-12-31 00:06:10] - https://blog.fooleap.org/atom.xml
[2025-12-31 00:06:10] ✘ 有 1 条订阅头像字段为空, 已使用默认头像:
[2025-12-31 00:06:10] - https://mayx.eu.org/atom.xml
[2025-12-31 00:06:10] ✘ 有 5 条订阅头像无法访问, 已使用默认头像:
[2025-12-31 00:06:10] - https://oba.by/feed
[2025-12-31 00:06:10] - https://laike9m.com/blog/rss/
[2025-12-31 00:06:10] - https://skywind.me/blog/feed
[2025-12-31 00:06:10] - https://byvoid.com/zhs/feed.xml
[2025-12-31 00:06:10] - https://www.mrhe.net/feed
[2025-12-31 01:29:59] 本次订阅抓取结果统计:
[2025-12-31 01:29:59] 共 36 条RSS, 成功抓取 32 条.
[2025-12-31 01:29:59] ✘ 有 4 条订阅解析失败:
[2025-12-31 01:29:59] - https://tumutanzi.com/feed
[2025-12-31 01:29:59] - https://suus.me/atom.xml
[2025-12-31 01:29:59] - https://geekinney.com/index.xml
[2025-12-31 01:29:59] - https://www.moraex.com/feed
[2025-12-31 02:35:08] 抓取到的文章与现有数据相同，无需更新。
[2025-12-31 03:29:14] 抓取到的文章与现有数据相同，无需更新。
[2025-12-31 04:13:53] 抓取到的文章与现有数据相同，无需更新。
[2025-12-31 05:04:42] 抓取到的文章与现有数据相同，无需更新。
[2025-12-31 06:03:30] 本次订阅抓取结果统计:
[2025-12-31 06:03:30] 共 36 条RSS, 成功抓取 31 条.
[2025-12-31 06:03:30] ✘ 有 5 条订阅解析失败:
[2025-12-31 06:03:30] - https://tumutanzi.com/feed
[2025-12-31 06:03:30] - https://geekinney.com/index.xml
[2025-12-31 06:03:30] - https://suus.me/atom.xml
[2025-12-31 06:03:30] - https://www.moraex.com/feed
[2025-12-31 06:03:30] - https://skywind.me/blog/feed
[2025-12-31 07:03:31] 本次订阅抓取结果统计:
[2025-12-31 07:03:31] 共 36 条RSS, 成功抓取 32 条.
[2025-12-31 07:03:31] ✘ 有 4 条订阅解析失败:
[2025-12-31 07:03:31] - https://tumutanzi.com/feed
[2025-12-31 07:03:31] - https://suus.me/atom.xml
[2025-12-31 07:03:31] - https://geekinney.com/index.xml
[2025-12-31 07:03:31] - https://www.moraex.com/feed
[2025-12-31 08:01:52] 抓取到的文章与现有数据相同，无需更新。
[2025-12-31 09:03:50] 本次订阅抓取结果统计:
[2025-12-31 09:03:50] 共 36 条RSS, 成功抓取 32 条.
[2025-12-31 09:03:50] ✘ 有 4 条订阅解析失败:
[2025-12-31 09:03:50] - https://tumutanzi.com/feed
[2025-12-31 09:03:50] - https://geekinney.com/index.xml
[2025-12-31 09:03:50] - https://suus.me/atom.xml
[2025-12-31 09:03:50] - https://www.moraex.com/feed
[2025-12-31 10:02:04] 抓取到的文章与现有数据相同，无需更新。
