[2025-12-21 00:04:49] 抓取到的文章与现有数据相同，无需更新。
[2025-12-21 01:30:08] 抓取到的文章与现有数据相同，无需更新。
[2025-12-21 02:37:55] 抓取到的文章与现有数据相同，无需更新。
[2025-12-21 03:29:49] 抓取到的文章与现有数据相同，无需更新。
[2025-12-21 04:14:09] 抓取到的文章与现有数据相同，无需更新。
[2025-12-21 05:02:45] 抓取到的文章与现有数据相同，无需更新。
[2025-12-21 06:02:30] 抓取到的文章与现有数据相同，无需更新。
[2025-12-21 07:01:56] 本次订阅抓取结果统计:
[2025-12-21 07:01:56] 共 31 条RSS, 成功抓取 27 条.
[2025-12-21 07:01:56] ✘ 有 4 条订阅解析失败:
[2025-12-21 07:01:56] - https://tumutanzi.com/feed
[2025-12-21 07:01:56] - https://geekinney.com/index.xml
[2025-12-21 07:01:56] - https://suus.me/atom.xml
[2025-12-21 07:01:56] - https://www.moraex.com/feed
[2025-12-21 09:02:27] 本次订阅抓取结果统计:
[2025-12-21 09:02:27] 共 31 条RSS, 成功抓取 26 条.
[2025-12-21 09:02:27] ✘ 有 5 条订阅解析失败:
[2025-12-21 09:02:27] - https://tumutanzi.com/feed
[2025-12-21 09:02:27] - https://geekinney.com/index.xml
[2025-12-21 09:02:27] - https://suus.me/atom.xml
[2025-12-21 09:02:27] - https://www.moraex.com/feed
[2025-12-21 09:02:27] - https://skywind.me/blog/feed
[2025-12-21 10:01:46] 本次订阅抓取结果统计:
[2025-12-21 10:01:46] 共 31 条RSS, 成功抓取 27 条.
[2025-12-21 10:01:46] ✘ 有 4 条订阅解析失败:
[2025-12-21 10:01:46] - https://tumutanzi.com/feed
[2025-12-21 10:01:46] - https://geekinney.com/index.xml
[2025-12-21 10:01:46] - https://suus.me/atom.xml
[2025-12-21 10:01:46] - https://www.moraex.com/feed
[2025-12-21 11:01:45] 本次订阅抓取结果统计:
[2025-12-21 11:01:45] 共 31 条RSS, 成功抓取 27 条.
[2025-12-21 11:01:45] ✘ 有 4 条订阅解析失败:
[2025-12-21 11:01:45] - https://tumutanzi.com/feed
[2025-12-21 11:01:45] - https://geekinney.com/index.xml
[2025-12-21 11:01:45] - https://suus.me/atom.xml
[2025-12-21 11:01:45] - https://www.moraex.com/feed
[2025-12-21 12:02:13] 本次订阅抓取结果统计:
[2025-12-21 12:02:13] 共 31 条RSS, 成功抓取 27 条.
[2025-12-21 12:02:13] ✘ 有 4 条订阅解析失败:
[2025-12-21 12:02:13] - https://tumutanzi.com/feed
[2025-12-21 12:02:13] - https://geekinney.com/index.xml
[2025-12-21 12:02:13] - https://suus.me/atom.xml
[2025-12-21 12:02:13] - https://www.moraex.com/feed
[2025-12-21 13:09:21] 抓取到的文章与现有数据相同，无需更新。
[2025-12-21 14:01:51] 抓取到的文章与现有数据相同，无需更新。
[2025-12-21 15:02:30] 本次订阅抓取结果统计:
[2025-12-21 15:02:30] 共 31 条RSS, 成功抓取 24 条.
[2025-12-21 15:02:30] ✘ 有 7 条订阅解析失败:
[2025-12-21 15:02:30] - https://tumutanzi.com/feed
[2025-12-21 15:02:30] - https://geekinney.com/index.xml
[2025-12-21 15:02:30] - https://suus.me/atom.xml
[2025-12-21 15:02:30] - https://leixus.cn/index.php/feed/
[2025-12-21 15:02:30] - https://www.luzhaojun.com/feed
[2025-12-21 15:02:30] - https://www.moraex.com/feed
[2025-12-21 15:02:30] - https://freemind.pluskid.org/rss.xml
[2025-12-21 16:02:31] 本次订阅抓取结果统计:
[2025-12-21 16:02:31] 共 31 条RSS, 成功抓取 26 条.
[2025-12-21 16:02:31] ✘ 有 5 条订阅解析失败:
[2025-12-21 16:02:31] - https://tumutanzi.com/feed
[2025-12-21 16:02:31] - https://geekinney.com/index.xml
[2025-12-21 16:02:31] - https://suus.me/atom.xml
[2025-12-21 16:02:31] - https://www.moraex.com/feed
[2025-12-21 16:02:31] - https://skywind.me/blog/feed
[2025-12-21 17:01:57] 本次订阅抓取结果统计:
[2025-12-21 17:01:57] 共 31 条RSS, 成功抓取 27 条.
[2025-12-21 17:01:57] ✘ 有 4 条订阅解析失败:
[2025-12-21 17:01:57] - https://tumutanzi.com/feed
[2025-12-21 17:01:57] - https://geekinney.com/index.xml
[2025-12-21 17:01:57] - https://suus.me/atom.xml
[2025-12-21 17:01:57] - https://www.moraex.com/feed
[2025-12-21 18:02:23] 抓取到的文章与现有数据相同，无需更新。
[2025-12-21 19:01:42] 抓取到的文章与现有数据相同，无需更新。
[2025-12-21 20:01:48] 抓取到的文章与现有数据相同，无需更新。
