[2025-12-25 00:05:30] 本次订阅抓取结果统计:
[2025-12-25 00:05:30] 共 32 条RSS, 成功抓取 27 条.
[2025-12-25 00:05:30] ✘ 有 5 条订阅解析失败:
[2025-12-25 00:05:30] - https://tumutanzi.com/feed
[2025-12-25 00:05:30] - https://geekinney.com/index.xml
[2025-12-25 00:05:30] - https://suus.me/atom.xml
[2025-12-25 00:05:30] - https://www.moraex.com/feed
[2025-12-25 00:05:30] - https://skywind.me/blog/feed
[2025-12-25 01:30:52] 本次订阅抓取结果统计:
[2025-12-25 01:30:52] 共 32 条RSS, 成功抓取 27 条.
[2025-12-25 01:30:52] ✘ 有 5 条订阅解析失败:
[2025-12-25 01:30:52] - https://tumutanzi.com/feed
[2025-12-25 01:30:52] - https://geekinney.com/index.xml
[2025-12-25 01:30:52] - https://suus.me/atom.xml
[2025-12-25 01:30:52] - https://www.moraex.com/feed
[2025-12-25 01:30:52] - https://1900.live/rss.xml
[2025-12-25 02:35:25] 抓取到的文章与现有数据相同，无需更新。
[2025-12-25 03:30:00] 抓取到的文章与现有数据相同，无需更新。
[2025-12-25 04:14:28] 抓取到的文章与现有数据相同，无需更新。
[2025-12-25 05:03:57] 本次订阅抓取结果统计:
[2025-12-25 05:03:57] 共 32 条RSS, 成功抓取 28 条.
[2025-12-25 05:03:57] ✘ 有 4 条订阅解析失败:
[2025-12-25 05:03:57] - https://tumutanzi.com/feed
[2025-12-25 05:03:57] - https://geekinney.com/index.xml
[2025-12-25 05:03:57] - https://suus.me/atom.xml
[2025-12-25 05:03:57] - https://www.moraex.com/feed
[2025-12-25 06:02:07] 抓取到的文章与现有数据相同，无需更新。
[2025-12-25 07:03:16] 抓取到的文章与现有数据相同，无需更新。
[2025-12-25 08:01:53] 本次订阅抓取结果统计:
[2025-12-25 08:01:53] 共 32 条RSS, 成功抓取 28 条.
[2025-12-25 08:01:53] ✘ 有 4 条订阅解析失败:
[2025-12-25 08:01:53] - https://tumutanzi.com/feed
[2025-12-25 08:01:53] - https://geekinney.com/index.xml
[2025-12-25 08:01:53] - https://suus.me/atom.xml
[2025-12-25 08:01:53] - https://www.moraex.com/feed
