[2025-12-15 00:04:34] 抓取到的文章与现有数据相同，无需更新。
[2025-12-15 01:30:51] 本次订阅抓取结果统计:
[2025-12-15 01:30:51] 共 31 条RSS, 成功抓取 27 条.
[2025-12-15 01:30:51] ✘ 有 4 条订阅解析失败:
[2025-12-15 01:30:51] - https://tumutanzi.com/feed
[2025-12-15 01:30:51] - https://geekinney.com/index.xml
[2025-12-15 01:30:51] - https://suus.me/atom.xml
[2025-12-15 01:30:51] - https://skywind.me/blog/feed
[2025-12-15 02:36:22] 本次订阅抓取结果统计:
[2025-12-15 02:36:22] 共 31 条RSS, 成功抓取 28 条.
[2025-12-15 02:36:22] ✘ 有 3 条订阅解析失败:
[2025-12-15 02:36:22] - https://tumutanzi.com/feed
[2025-12-15 02:36:22] - https://suus.me/atom.xml
[2025-12-15 02:36:22] - https://geekinney.com/index.xml
[2025-12-15 03:29:49] 本次订阅抓取结果统计:
[2025-12-15 03:29:49] 共 31 条RSS, 成功抓取 28 条.
[2025-12-15 03:29:49] ✘ 有 3 条订阅解析失败:
[2025-12-15 03:29:49] - https://tumutanzi.com/feed
[2025-12-15 03:29:49] - https://geekinney.com/index.xml
[2025-12-15 03:29:49] - https://suus.me/atom.xml
[2025-12-15 04:15:53] 抓取到的文章与现有数据相同，无需更新。
[2025-12-15 05:04:39] 抓取到的文章与现有数据相同，无需更新。
[2025-12-15 06:02:59] 本次订阅抓取结果统计:
[2025-12-15 06:02:59] 共 31 条RSS, 成功抓取 27 条.
[2025-12-15 06:02:59] ✘ 有 4 条订阅解析失败:
[2025-12-15 06:02:59] - https://tumutanzi.com/feed
[2025-12-15 06:02:59] - https://geekinney.com/index.xml
[2025-12-15 06:02:59] - https://suus.me/atom.xml
[2025-12-15 06:02:59] - https://skywind.me/blog/feed
[2025-12-15 07:04:27] 本次订阅抓取结果统计:
[2025-12-15 07:04:27] 共 31 条RSS, 成功抓取 28 条.
[2025-12-15 07:04:27] ✘ 有 3 条订阅解析失败:
[2025-12-15 07:04:27] - https://tumutanzi.com/feed
[2025-12-15 07:04:27] - https://geekinney.com/index.xml
[2025-12-15 07:04:27] - https://suus.me/atom.xml
