[2025-12-12 00:04:42] 抓取到的文章与现有数据相同，无需更新。
[2025-12-12 01:29:53] 抓取到的文章与现有数据相同，无需更新。
[2025-12-12 02:33:58] 本次订阅抓取结果统计:
[2025-12-12 02:33:58] 共 31 条RSS, 成功抓取 27 条.
[2025-12-12 02:33:58] ✘ 有 4 条订阅解析失败:
[2025-12-12 02:33:58] - https://tumutanzi.com/feed
[2025-12-12 02:33:58] - https://geekinney.com/index.xml
[2025-12-12 02:33:58] - https://suus.me/atom.xml
[2025-12-12 02:33:58] - https://skywind.me/blog/feed
[2025-12-12 03:29:03] 本次订阅抓取结果统计:
[2025-12-12 03:29:03] 共 31 条RSS, 成功抓取 28 条.
[2025-12-12 03:29:03] ✘ 有 3 条订阅解析失败:
[2025-12-12 03:29:03] - https://tumutanzi.com/feed
[2025-12-12 03:29:03] - https://geekinney.com/index.xml
[2025-12-12 03:29:03] - https://suus.me/atom.xml
[2025-12-12 04:10:47] 抓取到的文章与现有数据相同，无需更新。
[2025-12-12 05:02:48] 抓取到的文章与现有数据相同，无需更新。
[2025-12-12 06:01:58] 抓取到的文章与现有数据相同，无需更新。
[2025-12-12 07:03:54] 抓取到的文章与现有数据相同，无需更新。
[2025-12-12 08:02:05] 抓取到的文章与现有数据相同，无需更新。
[2025-12-12 09:04:17] 本次订阅抓取结果统计:
[2025-12-12 09:04:17] 共 31 条RSS, 成功抓取 27 条.
[2025-12-12 09:04:17] ✘ 有 4 条订阅解析失败:
[2025-12-12 09:04:17] - https://tumutanzi.com/feed
[2025-12-12 09:04:17] - https://geekinney.com/index.xml
[2025-12-12 09:04:17] - https://suus.me/atom.xml
[2025-12-12 09:04:17] - https://skywind.me/blog/feed
[2025-12-12 10:01:52] 本次订阅抓取结果统计:
[2025-12-12 10:01:52] 共 31 条RSS, 成功抓取 28 条.
[2025-12-12 10:01:52] ✘ 有 3 条订阅解析失败:
[2025-12-12 10:01:52] - https://tumutanzi.com/feed
[2025-12-12 10:01:52] - https://geekinney.com/index.xml
[2025-12-12 10:01:52] - https://suus.me/atom.xml
[2025-12-12 11:02:50] 本次订阅抓取结果统计:
[2025-12-12 11:02:50] 共 31 条RSS, 成功抓取 27 条.
[2025-12-12 11:02:50] ✘ 有 4 条订阅解析失败:
[2025-12-12 11:02:50] - https://tumutanzi.com/feed
[2025-12-12 11:02:50] - https://geekinney.com/index.xml
[2025-12-12 11:02:50] - https://suus.me/atom.xml
[2025-12-12 11:02:50] - https://skywind.me/blog/feed
[2025-12-12 12:04:29] 本次订阅抓取结果统计:
[2025-12-12 12:04:29] 共 31 条RSS, 成功抓取 28 条.
[2025-12-12 12:04:29] ✘ 有 3 条订阅解析失败:
[2025-12-12 12:04:29] - https://tumutanzi.com/feed
[2025-12-12 12:04:29] - https://suus.me/atom.xml
[2025-12-12 12:04:29] - https://geekinney.com/index.xml
[2025-12-12 13:12:44] 本次订阅抓取结果统计:
[2025-12-12 13:12:44] 共 31 条RSS, 成功抓取 28 条.
[2025-12-12 13:12:44] ✘ 有 3 条订阅解析失败:
[2025-12-12 13:12:44] - https://tumutanzi.com/feed
[2025-12-12 13:12:44] - https://geekinney.com/index.xml
[2025-12-12 13:12:44] - https://suus.me/atom.xml
