[2025-12-26 00:04:42] 抓取到的文章与现有数据相同，无需更新。
[2025-12-26 01:30:45] 本次订阅抓取结果统计:
[2025-12-26 01:30:45] 共 32 条RSS, 成功抓取 27 条.
[2025-12-26 01:30:45] ✘ 有 5 条订阅解析失败:
[2025-12-26 01:30:45] - https://tumutanzi.com/feed
[2025-12-26 01:30:45] - https://geekinney.com/index.xml
[2025-12-26 01:30:45] - https://suus.me/atom.xml
[2025-12-26 01:30:45] - https://www.moraex.com/feed
[2025-12-26 01:30:45] - https://skywind.me/blog/feed
[2025-12-26 02:34:13] 本次订阅抓取结果统计:
[2025-12-26 02:34:13] 共 32 条RSS, 成功抓取 28 条.
[2025-12-26 02:34:13] ✘ 有 4 条订阅解析失败:
[2025-12-26 02:34:13] - https://tumutanzi.com/feed
[2025-12-26 02:34:13] - https://suus.me/atom.xml
[2025-12-26 02:34:13] - https://geekinney.com/index.xml
[2025-12-26 02:34:13] - https://www.moraex.com/feed
[2025-12-26 03:29:53] 本次订阅抓取结果统计:
[2025-12-26 03:29:53] 共 32 条RSS, 成功抓取 27 条.
[2025-12-26 03:29:53] ✘ 有 5 条订阅解析失败:
[2025-12-26 03:29:53] - https://tumutanzi.com/feed
[2025-12-26 03:29:53] - https://geekinney.com/index.xml
[2025-12-26 03:29:53] - https://suus.me/atom.xml
[2025-12-26 03:29:53] - https://www.moraex.com/feed
[2025-12-26 03:29:53] - https://skywind.me/blog/feed
