[2025-12-22 00:05:38] 抓取到的文章与现有数据相同，无需更新。
[2025-12-22 01:30:58] 本次订阅抓取结果统计:
[2025-12-22 01:30:58] 共 31 条RSS, 成功抓取 25 条.
[2025-12-22 01:30:58] ✘ 有 6 条订阅解析失败:
[2025-12-22 01:30:58] - https://tumutanzi.com/feed
[2025-12-22 01:30:58] - https://suus.me/atom.xml
[2025-12-22 01:30:58] - https://geekinney.com/index.xml
[2025-12-22 01:30:58] - https://www.moraex.com/feed
[2025-12-22 01:30:58] - https://freemind.pluskid.org/rss.xml
[2025-12-22 01:30:58] - https://skywind.me/blog/feed
[2025-12-22 02:37:46] 本次订阅抓取结果统计:
[2025-12-22 02:37:46] 共 31 条RSS, 成功抓取 27 条.
[2025-12-22 02:37:46] ✘ 有 4 条订阅解析失败:
[2025-12-22 02:37:46] - https://tumutanzi.com/feed
[2025-12-22 02:37:46] - https://suus.me/atom.xml
[2025-12-22 02:37:46] - https://geekinney.com/index.xml
[2025-12-22 02:37:46] - https://www.moraex.com/feed
[2025-12-22 03:31:09] 本次订阅抓取结果统计:
[2025-12-22 03:31:09] 共 31 条RSS, 成功抓取 26 条.
[2025-12-22 03:31:09] ✘ 有 5 条订阅解析失败:
[2025-12-22 03:31:09] - https://tumutanzi.com/feed
[2025-12-22 03:31:09] - https://geekinney.com/index.xml
[2025-12-22 03:31:09] - https://suus.me/atom.xml
[2025-12-22 03:31:09] - https://www.moraex.com/feed
[2025-12-22 03:31:09] - https://skywind.me/blog/feed
[2025-12-22 04:16:11] 本次订阅抓取结果统计:
[2025-12-22 04:16:11] 共 31 条RSS, 成功抓取 27 条.
[2025-12-22 04:16:11] ✘ 有 4 条订阅解析失败:
[2025-12-22 04:16:11] - https://tumutanzi.com/feed
[2025-12-22 04:16:11] - https://geekinney.com/index.xml
[2025-12-22 04:16:11] - https://suus.me/atom.xml
[2025-12-22 04:16:11] - https://www.moraex.com/feed
[2025-12-22 05:04:54] 本次订阅抓取结果统计:
[2025-12-22 05:04:54] 共 31 条RSS, 成功抓取 26 条.
[2025-12-22 05:04:54] ✘ 有 5 条订阅解析失败:
[2025-12-22 05:04:54] - https://tumutanzi.com/feed
[2025-12-22 05:04:54] - https://suus.me/atom.xml
[2025-12-22 05:04:54] - https://geekinney.com/index.xml
[2025-12-22 05:04:54] - https://www.moraex.com/feed
[2025-12-22 05:04:54] - https://xyzbz.cn/feed
[2025-12-22 06:02:53] 本次订阅抓取结果统计:
[2025-12-22 06:02:53] 共 31 条RSS, 成功抓取 26 条.
[2025-12-22 06:02:53] ✘ 有 5 条订阅解析失败:
[2025-12-22 06:02:53] - https://tumutanzi.com/feed
[2025-12-22 06:02:53] - https://suus.me/atom.xml
[2025-12-22 06:02:53] - https://geekinney.com/index.xml
[2025-12-22 06:02:53] - https://www.moraex.com/feed
[2025-12-22 06:02:53] - https://skywind.me/blog/feed
[2025-12-22 07:04:19] 本次订阅抓取结果统计:
[2025-12-22 07:04:19] 共 31 条RSS, 成功抓取 27 条.
[2025-12-22 07:04:19] ✘ 有 4 条订阅解析失败:
[2025-12-22 07:04:19] - https://tumutanzi.com/feed
[2025-12-22 07:04:19] - https://geekinney.com/index.xml
[2025-12-22 07:04:19] - https://suus.me/atom.xml
[2025-12-22 07:04:19] - https://www.moraex.com/feed
[2025-12-22 08:02:09] 抓取到的文章与现有数据相同，无需更新。
[2025-12-22 09:04:24] 本次订阅抓取结果统计:
[2025-12-22 09:04:24] 共 31 条RSS, 成功抓取 26 条.
[2025-12-22 09:04:24] ✘ 有 5 条订阅解析失败:
[2025-12-22 09:04:24] - https://tumutanzi.com/feed
[2025-12-22 09:04:24] - https://geekinney.com/index.xml
[2025-12-22 09:04:24] - https://suus.me/atom.xml
[2025-12-22 09:04:24] - https://www.moraex.com/feed
[2025-12-22 09:04:24] - https://xyzbz.cn/feed
[2025-12-22 10:02:43] 本次订阅抓取结果统计:
[2025-12-22 10:02:43] 共 31 条RSS, 成功抓取 27 条.
[2025-12-22 10:02:43] ✘ 有 4 条订阅解析失败:
[2025-12-22 10:02:43] - https://tumutanzi.com/feed
[2025-12-22 10:02:43] - https://suus.me/atom.xml
[2025-12-22 10:02:43] - https://geekinney.com/index.xml
[2025-12-22 10:02:43] - https://www.moraex.com/feed
[2025-12-22 11:01:50] 本次订阅抓取结果统计:
[2025-12-22 11:01:50] 共 31 条RSS, 成功抓取 27 条.
[2025-12-22 11:01:50] ✘ 有 4 条订阅解析失败:
[2025-12-22 11:01:50] - https://tumutanzi.com/feed
[2025-12-22 11:01:50] - https://geekinney.com/index.xml
[2025-12-22 11:01:50] - https://suus.me/atom.xml
[2025-12-22 11:01:50] - https://www.moraex.com/feed
[2025-12-22 12:03:11] 抓取到的文章与现有数据相同，无需更新。
[2025-12-22 13:12:59] 本次订阅抓取结果统计:
[2025-12-22 13:12:59] 共 31 条RSS, 成功抓取 26 条.
[2025-12-22 13:12:59] ✘ 有 5 条订阅解析失败:
[2025-12-22 13:12:59] - https://tumutanzi.com/feed
[2025-12-22 13:12:59] - https://geekinney.com/index.xml
[2025-12-22 13:12:59] - https://suus.me/atom.xml
[2025-12-22 13:12:59] - https://www.moraex.com/feed
[2025-12-22 13:12:59] - https://skywind.me/blog/feed
[2025-12-22 14:01:51] 本次订阅抓取结果统计:
[2025-12-22 14:01:51] 共 31 条RSS, 成功抓取 27 条.
[2025-12-22 14:01:51] ✘ 有 4 条订阅解析失败:
[2025-12-22 14:01:51] - https://tumutanzi.com/feed
[2025-12-22 14:01:51] - https://geekinney.com/index.xml
[2025-12-22 14:01:51] - https://suus.me/atom.xml
[2025-12-22 14:01:51] - https://www.moraex.com/feed
[2025-12-22 15:01:49] 抓取到的文章与现有数据相同，无需更新。
[2025-12-22 16:02:17] 本次订阅抓取结果统计:
[2025-12-22 16:02:17] 共 31 条RSS, 成功抓取 27 条.
[2025-12-22 16:02:17] ✘ 有 4 条订阅解析失败:
[2025-12-22 16:02:17] - https://tumutanzi.com/feed
[2025-12-22 16:02:17] - https://geekinney.com/index.xml
[2025-12-22 16:02:17] - https://suus.me/atom.xml
[2025-12-22 16:02:17] - https://www.moraex.com/feed
[2025-12-22 17:02:30] 抓取到的文章与现有数据相同，无需更新。
[2025-12-22 18:01:58] 本次订阅抓取结果统计:
[2025-12-22 18:01:58] 共 31 条RSS, 成功抓取 27 条.
[2025-12-22 18:01:58] ✘ 有 4 条订阅解析失败:
[2025-12-22 18:01:58] - https://tumutanzi.com/feed
[2025-12-22 18:01:58] - https://suus.me/atom.xml
[2025-12-22 18:01:58] - https://geekinney.com/index.xml
[2025-12-22 18:01:58] - https://www.moraex.com/feed
[2025-12-22 19:02:39] 抓取到的文章与现有数据相同，无需更新。
[2025-12-22 20:01:49] 抓取到的文章与现有数据相同，无需更新。
[2025-12-22 21:01:44] 抓取到的文章与现有数据相同，无需更新。
