[2025-12-07 00:04:42] 抓取到的文章与现有数据相同，无需更新。
[2025-12-07 01:30:15] 本次订阅抓取结果统计:
[2025-12-07 01:30:15] 共 31 条RSS, 成功抓取 28 条.
[2025-12-07 01:30:15] ✘ 有 3 条订阅解析失败:
[2025-12-07 01:30:15] - https://tumutanzi.com/feed
[2025-12-07 01:30:15] - https://geekinney.com/index.xml
[2025-12-07 01:30:15] - https://suus.me/atom.xml
[2025-12-07 02:36:55] 抓取到的文章与现有数据相同，无需更新。
[2025-12-07 03:29:31] 本次订阅抓取结果统计:
[2025-12-07 03:29:31] 共 31 条RSS, 成功抓取 26 条.
[2025-12-07 03:29:31] ✘ 有 5 条订阅解析失败:
[2025-12-07 03:29:31] - https://tumutanzi.com/feed
[2025-12-07 03:29:31] - https://geekinney.com/index.xml
[2025-12-07 03:29:31] - https://suus.me/atom.xml
[2025-12-07 03:29:31] - https://www.luzhaojun.com/feed
[2025-12-07 03:29:31] - https://leixus.cn/index.php/feed/
[2025-12-07 04:11:41] 本次订阅抓取结果统计:
[2025-12-07 04:11:41] 共 31 条RSS, 成功抓取 28 条.
[2025-12-07 04:11:41] ✘ 有 3 条订阅解析失败:
[2025-12-07 04:11:41] - https://tumutanzi.com/feed
[2025-12-07 04:11:41] - https://geekinney.com/index.xml
[2025-12-07 04:11:41] - https://suus.me/atom.xml
[2025-12-07 05:02:23] 抓取到的文章与现有数据相同，无需更新。
[2025-12-07 06:01:46] 本次订阅抓取结果统计:
[2025-12-07 06:01:46] 共 31 条RSS, 成功抓取 28 条.
[2025-12-07 06:01:46] ✘ 有 3 条订阅解析失败:
[2025-12-07 06:01:46] - https://tumutanzi.com/feed
[2025-12-07 06:01:46] - https://suus.me/atom.xml
[2025-12-07 06:01:46] - https://geekinney.com/index.xml
