[2025-12-14 00:04:46] 抓取到的文章与现有数据相同，无需更新。
[2025-12-14 01:30:05] 本次订阅抓取结果统计:
[2025-12-14 01:30:05] 共 31 条RSS, 成功抓取 28 条.
[2025-12-14 01:30:05] ✘ 有 3 条订阅解析失败:
[2025-12-14 01:30:05] - https://tumutanzi.com/feed
[2025-12-14 01:30:05] - https://geekinney.com/index.xml
[2025-12-14 01:30:05] - https://suus.me/atom.xml
[2025-12-14 02:37:50] 本次订阅抓取结果统计:
[2025-12-14 02:37:50] 共 31 条RSS, 成功抓取 28 条.
[2025-12-14 02:37:50] ✘ 有 3 条订阅解析失败:
[2025-12-14 02:37:50] - https://tumutanzi.com/feed
[2025-12-14 02:37:50] - https://geekinney.com/index.xml
[2025-12-14 02:37:50] - https://suus.me/atom.xml
[2025-12-14 03:30:10] [WARN] 加载头像映射失败: failed to fetch avatar map: Get "https://cos.lhasa.icu/lhasaRSS/avatar.json": context deadline exceeded (Client.Timeout exceeded while awaiting headers)
[2025-12-14 03:30:35] 本次订阅抓取结果统计:
[2025-12-14 03:30:35] 共 31 条RSS, 成功抓取 28 条.
[2025-12-14 03:30:35] ✘ 有 3 条订阅解析失败:
[2025-12-14 03:30:35] - https://tumutanzi.com/feed
[2025-12-14 03:30:35] - https://geekinney.com/index.xml
[2025-12-14 03:30:35] - https://suus.me/atom.xml
[2025-12-14 03:30:35] ✘ 有 5 条订阅头像无法访问, 已使用默认头像:
[2025-12-14 03:30:35] - https://oba.by/feed
[2025-12-14 03:30:35] - https://laike9m.com/blog/rss/
[2025-12-14 03:30:35] - https://skywind.me/blog/feed
[2025-12-14 03:30:35] - https://byvoid.com/zhs/feed.xml
[2025-12-14 03:30:35] - https://www.mrhe.net/feed
[2025-12-14 04:13:46] 本次订阅抓取结果统计:
[2025-12-14 04:13:46] 共 31 条RSS, 成功抓取 28 条.
[2025-12-14 04:13:46] ✘ 有 3 条订阅解析失败:
[2025-12-14 04:13:46] - https://tumutanzi.com/feed
[2025-12-14 04:13:46] - https://geekinney.com/index.xml
[2025-12-14 04:13:46] - https://suus.me/atom.xml
[2025-12-14 05:02:27] 抓取到的文章与现有数据相同，无需更新。
[2025-12-14 06:01:47] 抓取到的文章与现有数据相同，无需更新。
[2025-12-14 07:01:41] 抓取到的文章与现有数据相同，无需更新。
[2025-12-14 08:01:42] 抓取到的文章与现有数据相同，无需更新。
[2025-12-14 09:01:47] 抓取到的文章与现有数据相同，无需更新。
[2025-12-14 10:01:46] 抓取到的文章与现有数据相同，无需更新。
[2025-12-14 11:01:42] 抓取到的文章与现有数据相同，无需更新。
[2025-12-14 12:02:07] 抓取到的文章与现有数据相同，无需更新。
[2025-12-14 13:09:05] 抓取到的文章与现有数据相同，无需更新。
[2025-12-14 14:01:49] 抓取到的文章与现有数据相同，无需更新。
[2025-12-14 15:01:42] 抓取到的文章与现有数据相同，无需更新。
[2025-12-14 16:02:35] 本次订阅抓取结果统计:
[2025-12-14 16:02:35] 共 31 条RSS, 成功抓取 27 条.
[2025-12-14 16:02:35] ✘ 有 4 条订阅解析失败:
[2025-12-14 16:02:35] - https://tumutanzi.com/feed
[2025-12-14 16:02:35] - https://geekinney.com/index.xml
[2025-12-14 16:02:35] - https://suus.me/atom.xml
[2025-12-14 16:02:35] - https://skywind.me/blog/feed
[2025-12-14 17:01:41] 本次订阅抓取结果统计:
[2025-12-14 17:01:41] 共 31 条RSS, 成功抓取 28 条.
[2025-12-14 17:01:41] ✘ 有 3 条订阅解析失败:
[2025-12-14 17:01:41] - https://tumutanzi.com/feed
[2025-12-14 17:01:41] - https://geekinney.com/index.xml
[2025-12-14 17:01:41] - https://suus.me/atom.xml
[2025-12-14 18:01:52] 抓取到的文章与现有数据相同，无需更新。
[2025-12-14 19:02:21] 本次订阅抓取结果统计:
[2025-12-14 19:02:21] 共 31 条RSS, 成功抓取 27 条.
[2025-12-14 19:02:21] ✘ 有 4 条订阅解析失败:
[2025-12-14 19:02:21] - https://tumutanzi.com/feed
[2025-12-14 19:02:21] - https://suus.me/atom.xml
[2025-12-14 19:02:21] - https://geekinney.com/index.xml
[2025-12-14 19:02:21] - https://skywind.me/blog/feed
[2025-12-14 20:02:25] 抓取到的文章与现有数据相同，无需更新。
[2025-12-14 21:01:33] 本次订阅抓取结果统计:
[2025-12-14 21:01:33] 共 31 条RSS, 成功抓取 28 条.
[2025-12-14 21:01:33] ✘ 有 3 条订阅解析失败:
[2025-12-14 21:01:33] - https://tumutanzi.com/feed
[2025-12-14 21:01:33] - https://suus.me/atom.xml
[2025-12-14 21:01:33] - https://geekinney.com/index.xml
