[2025-12-17 00:04:05] [WARN] 加载头像映射失败: failed to fetch avatar map: Get "https://cos.lhasa.icu/lhasaRSS/avatar.json": context deadline exceeded (Client.Timeout exceeded while awaiting headers)
[2025-12-17 00:05:04] 本次订阅抓取结果统计:
[2025-12-17 00:05:04] 共 31 条RSS, 成功抓取 26 条.
[2025-12-17 00:05:04] ✘ 有 5 条订阅解析失败:
[2025-12-17 00:05:04] - https://tumutanzi.com/feed
[2025-12-17 00:05:04] - https://suus.me/atom.xml
[2025-12-17 00:05:04] - https://geekinney.com/index.xml
[2025-12-17 00:05:04] - https://www.moraex.com/feed
[2025-12-17 00:05:04] - https://skywind.me/blog/feed
[2025-12-17 00:05:04] ✘ 有 4 条订阅头像无法访问, 已使用默认头像:
[2025-12-17 00:05:04] - https://oba.by/feed
[2025-12-17 00:05:04] - https://laike9m.com/blog/rss/
[2025-12-17 00:05:04] - https://byvoid.com/zhs/feed.xml
[2025-12-17 00:05:04] - https://www.mrhe.net/feed
[2025-12-17 01:30:37] 本次订阅抓取结果统计:
[2025-12-17 01:30:37] 共 31 条RSS, 成功抓取 24 条.
[2025-12-17 01:30:37] ✘ 有 7 条订阅解析失败:
[2025-12-17 01:30:37] - https://tumutanzi.com/feed
[2025-12-17 01:30:37] - https://suus.me/atom.xml
[2025-12-17 01:30:37] - https://geekinney.com/index.xml
[2025-12-17 01:30:37] - https://leixus.cn/index.php/feed/
[2025-12-17 01:30:37] - https://www.luzhaojun.com/feed
[2025-12-17 01:30:37] - https://www.moraex.com/feed
[2025-12-17 01:30:37] - https://freemind.pluskid.org/rss.xml
[2025-12-17 02:31:44] 本次订阅抓取结果统计:
[2025-12-17 02:31:44] 共 31 条RSS, 成功抓取 27 条.
[2025-12-17 02:31:44] ✘ 有 4 条订阅解析失败:
[2025-12-17 02:31:44] - https://tumutanzi.com/feed
[2025-12-17 02:31:44] - https://suus.me/atom.xml
[2025-12-17 02:31:44] - https://geekinney.com/index.xml
[2025-12-17 02:31:44] - https://www.moraex.com/feed
[2025-12-17 03:26:58] 抓取到的文章与现有数据相同，无需更新。
[2025-12-17 04:08:59] 本次订阅抓取结果统计:
[2025-12-17 04:08:59] 共 31 条RSS, 成功抓取 25 条.
[2025-12-17 04:08:59] ✘ 有 6 条订阅解析失败:
[2025-12-17 04:08:59] - https://tumutanzi.com/feed
[2025-12-17 04:08:59] - https://suus.me/atom.xml
[2025-12-17 04:08:59] - https://leixus.cn/index.php/feed/
[2025-12-17 04:08:59] - https://www.luzhaojun.com/feed
[2025-12-17 04:08:59] - https://www.moraex.com/feed
[2025-12-17 04:08:59] - https://geekinney.com/index.xml
[2025-12-17 05:03:43] 本次订阅抓取结果统计:
[2025-12-17 05:03:43] 共 31 条RSS, 成功抓取 27 条.
[2025-12-17 05:03:43] ✘ 有 4 条订阅解析失败:
[2025-12-17 05:03:43] - https://tumutanzi.com/feed
[2025-12-17 05:03:43] - https://geekinney.com/index.xml
[2025-12-17 05:03:43] - https://suus.me/atom.xml
[2025-12-17 05:03:43] - https://www.moraex.com/feed
[2025-12-17 06:01:49] 本次订阅抓取结果统计:
[2025-12-17 06:01:49] 共 31 条RSS, 成功抓取 28 条.
[2025-12-17 06:01:49] ✘ 有 3 条订阅解析失败:
[2025-12-17 06:01:49] - https://tumutanzi.com/feed
[2025-12-17 06:01:49] - https://geekinney.com/index.xml
[2025-12-17 06:01:49] - https://suus.me/atom.xml
[2025-12-17 07:03:39] 抓取到的文章与现有数据相同，无需更新。
[2025-12-17 08:02:32] 本次订阅抓取结果统计:
[2025-12-17 08:02:32] 共 31 条RSS, 成功抓取 28 条.
[2025-12-17 08:02:32] ✘ 有 3 条订阅解析失败:
[2025-12-17 08:02:32] - https://tumutanzi.com/feed
[2025-12-17 08:02:32] - https://geekinney.com/index.xml
[2025-12-17 08:02:32] - https://suus.me/atom.xml
[2025-12-17 09:05:23] 本次订阅抓取结果统计:
[2025-12-17 09:05:23] 共 31 条RSS, 成功抓取 27 条.
[2025-12-17 09:05:23] ✘ 有 4 条订阅解析失败:
[2025-12-17 09:05:23] - https://tumutanzi.com/feed
[2025-12-17 09:05:23] - https://geekinney.com/index.xml
[2025-12-17 09:05:23] - https://suus.me/atom.xml
[2025-12-17 09:05:23] - https://www.moraex.com/feed
[2025-12-17 10:02:37] 本次订阅抓取结果统计:
[2025-12-17 10:02:37] 共 31 条RSS, 成功抓取 27 条.
[2025-12-17 10:02:37] ✘ 有 4 条订阅解析失败:
[2025-12-17 10:02:37] - https://tumutanzi.com/feed
[2025-12-17 10:02:37] - https://geekinney.com/index.xml
[2025-12-17 10:02:37] - https://suus.me/atom.xml
[2025-12-17 10:02:37] - https://skywind.me/blog/feed
[2025-12-17 11:02:06] 本次订阅抓取结果统计:
[2025-12-17 11:02:06] 共 31 条RSS, 成功抓取 28 条.
[2025-12-17 11:02:06] ✘ 有 3 条订阅解析失败:
[2025-12-17 11:02:06] - https://tumutanzi.com/feed
[2025-12-17 11:02:06] - https://geekinney.com/index.xml
[2025-12-17 11:02:06] - https://suus.me/atom.xml
[2025-12-17 12:03:41] 本次订阅抓取结果统计:
[2025-12-17 12:03:41] 共 31 条RSS, 成功抓取 27 条.
[2025-12-17 12:03:41] ✘ 有 4 条订阅解析失败:
[2025-12-17 12:03:41] - https://tumutanzi.com/feed
[2025-12-17 12:03:41] - https://geekinney.com/index.xml
[2025-12-17 12:03:41] - https://suus.me/atom.xml
[2025-12-17 12:03:41] - https://www.moraex.com/feed
[2025-12-17 13:13:53] 抓取到的文章与现有数据相同，无需更新。
[2025-12-17 14:01:56] 本次订阅抓取结果统计:
[2025-12-17 14:01:56] 共 31 条RSS, 成功抓取 28 条.
[2025-12-17 14:01:56] ✘ 有 3 条订阅解析失败:
[2025-12-17 14:01:56] - https://tumutanzi.com/feed
[2025-12-17 14:01:56] - https://geekinney.com/index.xml
[2025-12-17 14:01:56] - https://suus.me/atom.xml
[2025-12-17 15:02:24] 抓取到的文章与现有数据相同，无需更新。
[2025-12-17 16:02:46] 抓取到的文章与现有数据相同，无需更新。
[2025-12-17 17:04:44] 抓取到的文章与现有数据相同，无需更新。
[2025-12-17 18:02:37] 本次订阅抓取结果统计:
[2025-12-17 18:02:37] 共 31 条RSS, 成功抓取 27 条.
[2025-12-17 18:02:37] ✘ 有 4 条订阅解析失败:
[2025-12-17 18:02:37] - https://tumutanzi.com/feed
[2025-12-17 18:02:37] - https://geekinney.com/index.xml
[2025-12-17 18:02:37] - https://suus.me/atom.xml
[2025-12-17 18:02:37] - https://skywind.me/blog/feed
[2025-12-17 19:03:38] 本次订阅抓取结果统计:
[2025-12-17 19:03:38] 共 31 条RSS, 成功抓取 28 条.
[2025-12-17 19:03:38] ✘ 有 3 条订阅解析失败:
[2025-12-17 19:03:38] - https://tumutanzi.com/feed
[2025-12-17 19:03:38] - https://geekinney.com/index.xml
[2025-12-17 19:03:38] - https://suus.me/atom.xml
[2025-12-17 20:01:53] 抓取到的文章与现有数据相同，无需更新。
[2025-12-17 21:02:04] [WARN] 加载头像映射失败: failed to fetch avatar map: Get "https://cos.lhasa.icu/lhasaRSS/avatar.json": context deadline exceeded (Client.Timeout exceeded while awaiting headers)
[2025-12-17 21:03:06] 本次订阅抓取结果统计:
[2025-12-17 21:03:06] 共 31 条RSS, 成功抓取 23 条.
[2025-12-17 21:03:06] ✘ 有 8 条订阅解析失败:
[2025-12-17 21:03:06] - https://tumutanzi.com/feed
[2025-12-17 21:03:06] - https://geekinney.com/index.xml
[2025-12-17 21:03:06] - https://suus.me/atom.xml
[2025-12-17 21:03:06] - https://xyzbz.cn/feed
[2025-12-17 21:03:06] - https://oba.by/feed
[2025-12-17 21:03:06] - https://www.laomuzhu.cn/feed/
[2025-12-17 21:03:06] - https://www.moraex.com/feed
[2025-12-17 21:03:06] - https://bluehe.cn/rss.xml
[2025-12-17 21:03:06] ✘ 有 4 条订阅头像无法访问, 已使用默认头像:
[2025-12-17 21:03:06] - https://laike9m.com/blog/rss/
[2025-12-17 21:03:06] - https://skywind.me/blog/feed
[2025-12-17 21:03:06] - https://www.mrhe.net/feed
[2025-12-17 21:03:06] - https://byvoid.com/zhs/feed.xml
[2025-12-17 22:01:58] 本次订阅抓取结果统计:
[2025-12-17 22:01:58] 共 31 条RSS, 成功抓取 28 条.
[2025-12-17 22:01:58] ✘ 有 3 条订阅解析失败:
[2025-12-17 22:01:58] - https://tumutanzi.com/feed
[2025-12-17 22:01:58] - https://suus.me/atom.xml
[2025-12-17 22:01:58] - https://geekinney.com/index.xml
[2025-12-17 23:01:46] 抓取到的文章与现有数据相同，无需更新。
