[2025-12-28 00:04:58] 抓取到的文章与现有数据相同，无需更新。
[2025-12-28 01:06:27] 本次订阅抓取结果统计:
[2025-12-28 01:06:27] 共 34 条RSS, 成功抓取 30 条.
[2025-12-28 01:06:27] ✘ 有 4 条订阅解析失败:
[2025-12-28 01:06:27] - https://tumutanzi.com/feed
[2025-12-28 01:06:27] - https://geekinney.com/index.xml
[2025-12-28 01:06:27] - https://suus.me/atom.xml
[2025-12-28 01:06:27] - https://www.moraex.com/feed
[2025-12-28 01:29:29] 本次订阅抓取结果统计:
[2025-12-28 01:29:29] 共 35 条RSS, 成功抓取 31 条.
[2025-12-28 01:29:29] ✘ 有 4 条订阅解析失败:
[2025-12-28 01:29:29] - https://tumutanzi.com/feed
[2025-12-28 01:29:29] - https://geekinney.com/index.xml
[2025-12-28 01:29:29] - https://suus.me/atom.xml
[2025-12-28 01:29:29] - https://www.moraex.com/feed
[2025-12-28 01:30:24] 抓取到的文章与现有数据相同，无需更新。
[2025-12-28 01:41:36] 本次订阅抓取结果统计:
[2025-12-28 01:41:36] 共 36 条RSS, 成功抓取 32 条.
[2025-12-28 01:41:36] ✘ 有 4 条订阅解析失败:
[2025-12-28 01:41:36] - https://tumutanzi.com/feed
[2025-12-28 01:41:36] - https://suus.me/atom.xml
[2025-12-28 01:41:36] - https://geekinney.com/index.xml
[2025-12-28 01:41:36] - https://www.moraex.com/feed
[2025-12-28 02:42:58] 抓取到的文章与现有数据相同，无需更新。
[2025-12-28 03:31:24] 抓取到的文章与现有数据相同，无需更新。
[2025-12-28 04:18:39] 抓取到的文章与现有数据相同，无需更新。
