[2025-12-19 00:05:20] 本次订阅抓取结果统计:
[2025-12-19 00:05:20] 共 31 条RSS, 成功抓取 28 条.
[2025-12-19 00:05:20] ✘ 有 3 条订阅解析失败:
[2025-12-19 00:05:20] - https://tumutanzi.com/feed
[2025-12-19 00:05:20] - https://geekinney.com/index.xml
[2025-12-19 00:05:20] - https://suus.me/atom.xml
[2025-12-19 01:30:35] 本次订阅抓取结果统计:
[2025-12-19 01:30:35] 共 31 条RSS, 成功抓取 27 条.
[2025-12-19 01:30:35] ✘ 有 4 条订阅解析失败:
[2025-12-19 01:30:35] - https://tumutanzi.com/feed
[2025-12-19 01:30:35] - https://suus.me/atom.xml
[2025-12-19 01:30:35] - https://geekinney.com/index.xml
[2025-12-19 01:30:35] - https://skywind.me/blog/feed
[2025-12-19 02:33:55] 抓取到的文章与现有数据相同，无需更新。
[2025-12-19 03:28:53] 本次订阅抓取结果统计:
[2025-12-19 03:28:53] 共 31 条RSS, 成功抓取 28 条.
[2025-12-19 03:28:53] ✘ 有 3 条订阅解析失败:
[2025-12-19 03:28:53] - https://tumutanzi.com/feed
[2025-12-19 03:28:53] - https://geekinney.com/index.xml
[2025-12-19 03:28:53] - https://suus.me/atom.xml
[2025-12-19 04:11:53] 本次订阅抓取结果统计:
[2025-12-19 04:11:53] 共 31 条RSS, 成功抓取 27 条.
[2025-12-19 04:11:53] ✘ 有 4 条订阅解析失败:
[2025-12-19 04:11:53] - https://tumutanzi.com/feed
[2025-12-19 04:11:53] - https://geekinney.com/index.xml
[2025-12-19 04:11:53] - https://suus.me/atom.xml
[2025-12-19 04:11:53] - https://skywind.me/blog/feed
[2025-12-19 05:03:53] 本次订阅抓取结果统计:
[2025-12-19 05:03:53] 共 31 条RSS, 成功抓取 28 条.
[2025-12-19 05:03:53] ✘ 有 3 条订阅解析失败:
[2025-12-19 05:03:53] - https://tumutanzi.com/feed
[2025-12-19 05:03:53] - https://geekinney.com/index.xml
[2025-12-19 05:03:53] - https://suus.me/atom.xml
