[2025-12-24 00:05:06] 本次订阅抓取结果统计:
[2025-12-24 00:05:06] 共 31 条RSS, 成功抓取 27 条.
[2025-12-24 00:05:06] ✘ 有 4 条订阅解析失败:
[2025-12-24 00:05:06] - https://tumutanzi.com/feed
[2025-12-24 00:05:06] - https://geekinney.com/index.xml
[2025-12-24 00:05:06] - https://suus.me/atom.xml
[2025-12-24 00:05:06] - https://www.moraex.com/feed
[2025-12-24 01:29:53] 抓取到的文章与现有数据相同，无需更新。
[2025-12-24 02:28:38] 本次订阅抓取结果统计:
[2025-12-24 02:28:38] 共 32 条RSS, 成功抓取 28 条.
[2025-12-24 02:28:38] ✘ 有 4 条订阅解析失败:
[2025-12-24 02:28:38] - https://tumutanzi.com/feed
[2025-12-24 02:28:38] - https://geekinney.com/index.xml
[2025-12-24 02:28:38] - https://suus.me/atom.xml
[2025-12-24 02:28:38] - https://www.moraex.com/feed
[2025-12-24 02:33:01] 抓取到的文章与现有数据相同，无需更新。
[2025-12-24 03:28:53] 抓取到的文章与现有数据相同，无需更新。
[2025-12-24 04:12:59] 本次订阅抓取结果统计:
[2025-12-24 04:12:59] 共 32 条RSS, 成功抓取 27 条.
[2025-12-24 04:12:59] ✘ 有 5 条订阅解析失败:
[2025-12-24 04:12:59] - https://tumutanzi.com/feed
[2025-12-24 04:12:59] - https://geekinney.com/index.xml
[2025-12-24 04:12:59] - https://suus.me/atom.xml
[2025-12-24 04:12:59] - https://www.moraex.com/feed
[2025-12-24 04:12:59] - https://skywind.me/blog/feed
[2025-12-24 05:04:31] 本次订阅抓取结果统计:
[2025-12-24 05:04:31] 共 32 条RSS, 成功抓取 28 条.
[2025-12-24 05:04:31] ✘ 有 4 条订阅解析失败:
[2025-12-24 05:04:31] - https://tumutanzi.com/feed
[2025-12-24 05:04:31] - https://geekinney.com/index.xml
[2025-12-24 05:04:31] - https://suus.me/atom.xml
[2025-12-24 05:04:31] - https://www.moraex.com/feed
[2025-12-24 06:02:16] 抓取到的文章与现有数据相同，无需更新。
[2025-12-24 07:04:47] 本次订阅抓取结果统计:
[2025-12-24 07:04:47] 共 32 条RSS, 成功抓取 27 条.
[2025-12-24 07:04:47] ✘ 有 5 条订阅解析失败:
[2025-12-24 07:04:47] - https://tumutanzi.com/feed
[2025-12-24 07:04:47] - https://geekinney.com/index.xml
[2025-12-24 07:04:47] - https://suus.me/atom.xml
[2025-12-24 07:04:47] - https://www.moraex.com/feed
[2025-12-24 07:04:47] - https://skywind.me/blog/feed
[2025-12-24 08:02:10] 本次订阅抓取结果统计:
[2025-12-24 08:02:10] 共 32 条RSS, 成功抓取 28 条.
[2025-12-24 08:02:10] ✘ 有 4 条订阅解析失败:
[2025-12-24 08:02:10] - https://tumutanzi.com/feed
[2025-12-24 08:02:10] - https://geekinney.com/index.xml
[2025-12-24 08:02:10] - https://suus.me/atom.xml
[2025-12-24 08:02:10] - https://www.moraex.com/feed
[2025-12-24 09:03:55] 本次订阅抓取结果统计:
[2025-12-24 09:03:55] 共 32 条RSS, 成功抓取 28 条.
[2025-12-24 09:03:55] ✘ 有 4 条订阅解析失败:
[2025-12-24 09:03:55] - https://tumutanzi.com/feed
[2025-12-24 09:03:55] - https://geekinney.com/index.xml
[2025-12-24 09:03:55] - https://suus.me/atom.xml
[2025-12-24 09:03:55] - https://www.moraex.com/feed
[2025-12-24 10:01:57] 抓取到的文章与现有数据相同，无需更新。
[2025-12-24 11:01:56] 抓取到的文章与现有数据相同，无需更新。
[2025-12-24 12:03:12] 本次订阅抓取结果统计:
[2025-12-24 12:03:12] 共 32 条RSS, 成功抓取 28 条.
[2025-12-24 12:03:12] ✘ 有 4 条订阅解析失败:
[2025-12-24 12:03:12] - https://tumutanzi.com/feed
[2025-12-24 12:03:12] - https://suus.me/atom.xml
[2025-12-24 12:03:12] - https://geekinney.com/index.xml
[2025-12-24 12:03:12] - https://www.moraex.com/feed
[2025-12-24 13:11:54] 抓取到的文章与现有数据相同，无需更新。
