[2025-12-16 00:05:13] 抓取到的文章与现有数据相同，无需更新。
[2025-12-16 01:30:43] 本次订阅抓取结果统计:
[2025-12-16 01:30:43] 共 31 条RSS, 成功抓取 27 条.
[2025-12-16 01:30:43] ✘ 有 4 条订阅解析失败:
[2025-12-16 01:30:43] - https://tumutanzi.com/feed
[2025-12-16 01:30:43] - https://geekinney.com/index.xml
[2025-12-16 01:30:43] - https://suus.me/atom.xml
[2025-12-16 01:30:43] - https://skywind.me/blog/feed
[2025-12-16 02:33:40] 本次订阅抓取结果统计:
[2025-12-16 02:33:40] 共 31 条RSS, 成功抓取 28 条.
[2025-12-16 02:33:40] ✘ 有 3 条订阅解析失败:
[2025-12-16 02:33:40] - https://tumutanzi.com/feed
[2025-12-16 02:33:40] - https://suus.me/atom.xml
[2025-12-16 02:33:40] - https://geekinney.com/index.xml
[2025-12-16 03:28:45] 抓取到的文章与现有数据相同，无需更新。
[2025-12-16 04:12:04] 抓取到的文章与现有数据相同，无需更新。
[2025-12-16 05:03:22] 抓取到的文章与现有数据相同，无需更新。
[2025-12-16 06:01:56] 抓取到的文章与现有数据相同，无需更新。
[2025-12-16 07:04:50] 本次订阅抓取结果统计:
[2025-12-16 07:04:50] 共 31 条RSS, 成功抓取 27 条.
[2025-12-16 07:04:50] ✘ 有 4 条订阅解析失败:
[2025-12-16 07:04:50] - https://tumutanzi.com/feed
[2025-12-16 07:04:50] - https://geekinney.com/index.xml
[2025-12-16 07:04:50] - https://suus.me/atom.xml
[2025-12-16 07:04:50] - https://skywind.me/blog/feed
[2025-12-16 08:02:00] 本次订阅抓取结果统计:
[2025-12-16 08:02:00] 共 31 条RSS, 成功抓取 28 条.
[2025-12-16 08:02:00] ✘ 有 3 条订阅解析失败:
[2025-12-16 08:02:00] - https://tumutanzi.com/feed
[2025-12-16 08:02:00] - https://geekinney.com/index.xml
[2025-12-16 08:02:00] - https://suus.me/atom.xml
[2025-12-16 09:04:18] 本次订阅抓取结果统计:
[2025-12-16 09:04:18] 共 31 条RSS, 成功抓取 28 条.
[2025-12-16 09:04:18] ✘ 有 3 条订阅解析失败:
[2025-12-16 09:04:18] - https://tumutanzi.com/feed
[2025-12-16 09:04:18] - https://suus.me/atom.xml
[2025-12-16 09:04:18] - https://geekinney.com/index.xml
[2025-12-16 10:01:45] 抓取到的文章与现有数据相同，无需更新。
[2025-12-16 11:01:41] 抓取到的文章与现有数据相同，无需更新。
[2025-12-16 12:02:20] 抓取到的文章与现有数据相同，无需更新。
[2025-12-16 13:13:57] 抓取到的文章与现有数据相同，无需更新。
[2025-12-16 14:03:00] 抓取到的文章与现有数据相同，无需更新。
[2025-12-16 15:03:36] 本次订阅抓取结果统计:
[2025-12-16 15:03:36] 共 31 条RSS, 成功抓取 26 条.
[2025-12-16 15:03:36] ✘ 有 5 条订阅解析失败:
[2025-12-16 15:03:36] - https://tumutanzi.com/feed
[2025-12-16 15:03:36] - https://geekinney.com/index.xml
[2025-12-16 15:03:36] - https://suus.me/atom.xml
[2025-12-16 15:03:36] - https://www.moraex.com/feed
[2025-12-16 15:03:36] - https://skywind.me/blog/feed
[2025-12-16 16:02:45] 抓取到的文章与现有数据相同，无需更新。
[2025-12-16 17:04:55] 本次订阅抓取结果统计:
[2025-12-16 17:04:55] 共 31 条RSS, 成功抓取 27 条.
[2025-12-16 17:04:55] ✘ 有 4 条订阅解析失败:
[2025-12-16 17:04:55] - https://tumutanzi.com/feed
[2025-12-16 17:04:55] - https://suus.me/atom.xml
[2025-12-16 17:04:55] - https://geekinney.com/index.xml
[2025-12-16 17:04:55] - https://www.moraex.com/feed
[2025-12-16 18:02:22] [WARN] 加载头像映射失败: failed to fetch avatar map: Get "https://cos.lhasa.icu/lhasaRSS/avatar.json": context deadline exceeded (Client.Timeout exceeded while awaiting headers)
[2025-12-16 18:03:24] 本次订阅抓取结果统计:
[2025-12-16 18:03:24] 共 31 条RSS, 成功抓取 23 条.
[2025-12-16 18:03:24] ✘ 有 8 条订阅解析失败:
[2025-12-16 18:03:24] - https://tumutanzi.com/feed
[2025-12-16 18:03:24] - https://geekinney.com/index.xml
[2025-12-16 18:03:24] - https://suus.me/atom.xml
[2025-12-16 18:03:24] - https://oba.by/feed
[2025-12-16 18:03:24] - https://xyzbz.cn/feed
[2025-12-16 18:03:24] - https://www.laomuzhu.cn/feed/
[2025-12-16 18:03:24] - https://www.moraex.com/feed
[2025-12-16 18:03:24] - https://bluehe.cn/rss.xml
[2025-12-16 18:03:24] ✘ 有 4 条订阅头像无法访问, 已使用默认头像:
[2025-12-16 18:03:24] - https://laike9m.com/blog/rss/
[2025-12-16 18:03:24] - https://skywind.me/blog/feed
[2025-12-16 18:03:24] - https://www.mrhe.net/feed
[2025-12-16 18:03:24] - https://byvoid.com/zhs/feed.xml
[2025-12-16 19:03:28] [WARN] 加载头像映射失败: failed to fetch avatar map: Get "https://cos.lhasa.icu/lhasaRSS/avatar.json": context deadline exceeded (Client.Timeout exceeded while awaiting headers)
[2025-12-16 19:04:27] 本次订阅抓取结果统计:
[2025-12-16 19:04:27] 共 31 条RSS, 成功抓取 24 条.
[2025-12-16 19:04:27] ✘ 有 7 条订阅解析失败:
[2025-12-16 19:04:27] - https://tumutanzi.com/feed
[2025-12-16 19:04:27] - https://geekinney.com/index.xml
[2025-12-16 19:04:27] - https://suus.me/atom.xml
[2025-12-16 19:04:27] - https://blog.t9t.io/atom.xml
[2025-12-16 19:04:27] - https://www.moraex.com/feed
[2025-12-16 19:04:27] - https://blog.fooleap.org/atom.xml
[2025-12-16 19:04:27] - https://skywind.me/blog/feed
[2025-12-16 19:04:27] ✘ 有 4 条订阅头像无法访问, 已使用默认头像:
[2025-12-16 19:04:27] - https://oba.by/feed
[2025-12-16 19:04:27] - https://laike9m.com/blog/rss/
[2025-12-16 19:04:27] - https://www.mrhe.net/feed
[2025-12-16 19:04:27] - https://byvoid.com/zhs/feed.xml
[2025-12-16 20:01:45] 本次订阅抓取结果统计:
[2025-12-16 20:01:45] 共 31 条RSS, 成功抓取 27 条.
[2025-12-16 20:01:45] ✘ 有 4 条订阅解析失败:
[2025-12-16 20:01:45] - https://tumutanzi.com/feed
[2025-12-16 20:01:45] - https://suus.me/atom.xml
[2025-12-16 20:01:45] - https://geekinney.com/index.xml
[2025-12-16 20:01:45] - https://www.moraex.com/feed
