[2025-12-29 00:04:56] 抓取到的文章与现有数据相同，无需更新。
[2025-12-29 01:30:22] 本次订阅抓取结果统计:
[2025-12-29 01:30:22] 共 36 条RSS, 成功抓取 32 条.
[2025-12-29 01:30:22] ✘ 有 4 条订阅解析失败:
[2025-12-29 01:30:22] - https://tumutanzi.com/feed
[2025-12-29 01:30:22] - https://suus.me/atom.xml
[2025-12-29 01:30:22] - https://geekinney.com/index.xml
[2025-12-29 01:30:22] - https://www.moraex.com/feed
[2025-12-29 02:42:35] 本次订阅抓取结果统计:
[2025-12-29 02:42:35] 共 36 条RSS, 成功抓取 31 条.
[2025-12-29 02:42:35] ✘ 有 5 条订阅解析失败:
[2025-12-29 02:42:35] - https://tumutanzi.com/feed
[2025-12-29 02:42:35] - https://geekinney.com/index.xml
[2025-12-29 02:42:35] - https://suus.me/atom.xml
[2025-12-29 02:42:35] - https://www.moraex.com/feed
[2025-12-29 02:42:35] - https://skywind.me/blog/feed
[2025-12-29 03:31:52] [WARN] 加载头像映射失败: failed to fetch avatar map: Get "https://cos.lhasa.icu/lhasaRSS/avatar.json": context deadline exceeded (Client.Timeout exceeded while awaiting headers)
[2025-12-29 03:32:47] 本次订阅抓取结果统计:
[2025-12-29 03:32:47] 共 36 条RSS, 成功抓取 31 条.
[2025-12-29 03:32:47] ✘ 有 5 条订阅解析失败:
[2025-12-29 03:32:47] - https://tumutanzi.com/feed
[2025-12-29 03:32:47] - https://geekinney.com/index.xml
[2025-12-29 03:32:47] - https://suus.me/atom.xml
[2025-12-29 03:32:47] - https://www.moraex.com/feed
[2025-12-29 03:32:47] - https://blog.fooleap.org/atom.xml
[2025-12-29 03:32:47] ✘ 有 1 条订阅头像字段为空, 已使用默认头像:
[2025-12-29 03:32:47] - https://mayx.eu.org/atom.xml
[2025-12-29 03:32:47] ✘ 有 5 条订阅头像无法访问, 已使用默认头像:
[2025-12-29 03:32:47] - https://oba.by/feed
[2025-12-29 03:32:47] - https://laike9m.com/blog/rss/
[2025-12-29 03:32:47] - https://skywind.me/blog/feed
[2025-12-29 03:32:47] - https://byvoid.com/zhs/feed.xml
[2025-12-29 03:32:47] - https://www.mrhe.net/feed
[2025-12-29 04:21:11] 本次订阅抓取结果统计:
[2025-12-29 04:21:11] 共 36 条RSS, 成功抓取 31 条.
[2025-12-29 04:21:11] ✘ 有 5 条订阅解析失败:
[2025-12-29 04:21:11] - https://tumutanzi.com/feed
[2025-12-29 04:21:11] - https://suus.me/atom.xml
[2025-12-29 04:21:11] - https://geekinney.com/index.xml
[2025-12-29 04:21:11] - https://www.moraex.com/feed
[2025-12-29 04:21:11] - https://skywind.me/blog/feed
[2025-12-29 05:08:10] 本次订阅抓取结果统计:
[2025-12-29 05:08:10] 共 36 条RSS, 成功抓取 32 条.
[2025-12-29 05:08:10] ✘ 有 4 条订阅解析失败:
[2025-12-29 05:08:10] - https://tumutanzi.com/feed
[2025-12-29 05:08:10] - https://geekinney.com/index.xml
[2025-12-29 05:08:10] - https://suus.me/atom.xml
[2025-12-29 05:08:10] - https://www.moraex.com/feed
