[2026-04-06 00:09:27] 抓取到的文章与现有数据相同，无需更新。
[2026-04-06 01:31:26] 抓取到的文章与现有数据相同，无需更新。
[2026-04-06 02:59:29] 本次订阅抓取结果统计:
[2026-04-06 02:59:29] 共 46 条RSS, 成功抓取 39 条.
[2026-04-06 02:59:29] ✘ 有 7 条订阅解析失败:
[2026-04-06 02:59:29] - https://tumutanzi.com/feed
[2026-04-06 02:59:29] - https://geekinney.com/index.xml
[2026-04-06 02:59:29] - https://suus.me/atom.xml
[2026-04-06 02:59:29] - https://ilogs.cn/feed/
[2026-04-06 02:59:29] - https://shuiba.co/feed
[2026-04-06 02:59:29] - https://sizheng.org/feed
[2026-04-06 02:59:29] - https://www.moraex.com/feed
[2026-04-06 04:06:59] 本次订阅抓取结果统计:
[2026-04-06 04:06:59] 共 46 条RSS, 成功抓取 39 条.
[2026-04-06 04:06:59] ✘ 有 7 条订阅解析失败:
[2026-04-06 04:06:59] - https://tumutanzi.com/feed
[2026-04-06 04:06:59] - https://geekinney.com/index.xml
[2026-04-06 04:06:59] - https://suus.me/atom.xml
[2026-04-06 04:06:59] - https://ilogs.cn/feed/
[2026-04-06 04:06:59] - https://shuiba.co/feed
[2026-04-06 04:06:59] - https://www.moraex.com/feed
[2026-04-06 04:06:59] - https://sizheng.org/feed
[2026-04-06 05:41:00] 抓取到的文章与现有数据相同，无需更新。
[2026-04-06 06:31:08] 抓取到的文章与现有数据相同，无需更新。
[2026-04-06 07:29:48] 抓取到的文章与现有数据相同，无需更新。
[2026-04-06 08:27:38] 抓取到的文章与现有数据相同，无需更新。
[2026-04-06 09:24:33] 抓取到的文章与现有数据相同，无需更新。
[2026-04-06 10:21:42] [WARN] 加载头像映射失败: failed to fetch avatar map: Get "https://cos.lhasa.icu/lhasaRSS/avatar.json": dial tcp 43.174.246.25:443: i/o timeout (Client.Timeout exceeded while awaiting headers)
[2026-04-06 10:22:48] 本次订阅抓取结果统计:
[2026-04-06 10:22:48] 共 46 条RSS, 成功抓取 35 条.
[2026-04-06 10:22:48] ✘ 有 11 条订阅解析失败:
[2026-04-06 10:22:48] - https://tumutanzi.com/feed
[2026-04-06 10:22:48] - https://geekinney.com/index.xml
[2026-04-06 10:22:48] - https://suus.me/atom.xml
[2026-04-06 10:22:48] - https://shuiba.co/feed
[2026-04-06 10:22:48] - https://sizheng.org/feed
[2026-04-06 10:22:48] - https://zhongxiaojie.com/feed
[2026-04-06 10:22:48] - https://xyzbz.cn/feed
[2026-04-06 10:22:48] - https://www.laomuzhu.cn/feed/
[2026-04-06 10:22:48] - https://www.moraex.com/feed
[2026-04-06 10:22:48] - https://bluehe.cn/rss.xml
[2026-04-06 10:22:48] - https://ilogs.cn/feed/
[2026-04-06 10:22:48] ✘ 有 1 条订阅头像字段为空, 已使用默认头像:
[2026-04-06 10:22:48] - https://mayx.eu.org/atom.xml
[2026-04-06 10:22:48] ✘ 有 5 条订阅头像无法访问, 已使用默认头像:
[2026-04-06 10:22:48] - https://laike9m.com/blog/rss/
[2026-04-06 10:22:48] - https://skywind.me/blog/feed
[2026-04-06 10:22:48] - https://www.mrhe.net/feed
[2026-04-06 10:22:48] - https://byvoid.com/zhs/feed.xml
[2026-04-06 10:22:48] - https://blog.fueis.com/feed
[2026-04-06 11:16:46] 本次订阅抓取结果统计:
[2026-04-06 11:16:46] 共 46 条RSS, 成功抓取 39 条.
[2026-04-06 11:16:46] ✘ 有 7 条订阅解析失败:
[2026-04-06 11:16:46] - https://tumutanzi.com/feed
[2026-04-06 11:16:46] - https://geekinney.com/index.xml
[2026-04-06 11:16:46] - https://suus.me/atom.xml
[2026-04-06 11:16:46] - https://ilogs.cn/feed/
[2026-04-06 11:16:46] - https://shuiba.co/feed
[2026-04-06 11:16:46] - https://sizheng.org/feed
[2026-04-06 11:16:46] - https://www.moraex.com/feed
[2026-04-06 12:11:54] 抓取到的文章与现有数据相同，无需更新。
[2026-04-06 13:28:28] 抓取到的文章与现有数据相同，无需更新。
[2026-04-06 14:18:05] 抓取到的文章与现有数据相同，无需更新。
[2026-04-06 15:13:14] 本次订阅抓取结果统计:
[2026-04-06 15:13:14] 共 46 条RSS, 成功抓取 39 条.
[2026-04-06 15:13:14] ✘ 有 7 条订阅解析失败:
[2026-04-06 15:13:14] - https://tumutanzi.com/feed
[2026-04-06 15:13:14] - https://geekinney.com/index.xml
[2026-04-06 15:13:14] - https://suus.me/atom.xml
[2026-04-06 15:13:14] - https://ilogs.cn/feed/
[2026-04-06 15:13:14] - https://shuiba.co/feed
[2026-04-06 15:13:14] - https://sizheng.org/feed
[2026-04-06 15:13:14] - https://www.moraex.com/feed
[2026-04-06 16:12:47] 本次订阅抓取结果统计:
[2026-04-06 16:12:47] 共 46 条RSS, 成功抓取 38 条.
[2026-04-06 16:12:47] ✘ 有 8 条订阅解析失败:
[2026-04-06 16:12:47] - https://tumutanzi.com/feed
[2026-04-06 16:12:47] - https://geekinney.com/index.xml
[2026-04-06 16:12:47] - https://suus.me/atom.xml
[2026-04-06 16:12:47] - https://ilogs.cn/feed/
[2026-04-06 16:12:47] - https://shuiba.co/feed
[2026-04-06 16:12:47] - https://www.moraex.com/feed
[2026-04-06 16:12:47] - https://sizheng.org/feed
[2026-04-06 16:12:47] - https://www.mrhe.net/feed
[2026-04-06 17:14:29] 本次订阅抓取结果统计:
[2026-04-06 17:14:29] 共 46 条RSS, 成功抓取 39 条.
[2026-04-06 17:14:29] ✘ 有 7 条订阅解析失败:
[2026-04-06 17:14:29] - https://tumutanzi.com/feed
[2026-04-06 17:14:29] - https://geekinney.com/index.xml
[2026-04-06 17:14:29] - https://suus.me/atom.xml
[2026-04-06 17:14:29] - https://ilogs.cn/feed/
[2026-04-06 17:14:29] - https://shuiba.co/feed
[2026-04-06 17:14:29] - https://sizheng.org/feed
[2026-04-06 17:14:29] - https://www.moraex.com/feed
[2026-04-06 18:13:50] 抓取到的文章与现有数据相同，无需更新。
[2026-04-06 19:21:17] 抓取到的文章与现有数据相同，无需更新。
[2026-04-06 20:09:26] 抓取到的文章与现有数据相同，无需更新。
