[2026-06-29 00:25:39] [WARN] 加载头像映射失败: failed to fetch avatar map: Get "https://cos.lhasa.icu/lhasaRSS/avatar.json": context deadline exceeded (Client.Timeout exceeded while awaiting headers)
[2026-06-29 00:25:55] 本次订阅抓取结果统计:
[2026-06-29 00:25:55] 共 54 条RSS, 成功抓取 44 条.
[2026-06-29 00:25:55] ✘ 有 10 条订阅解析失败:
[2026-06-29 00:25:55] - https://geekinney.com/index.xml
[2026-06-29 00:25:55] - https://suus.me/atom.xml
[2026-06-29 00:25:55] - https://www.shephe.com/feed
[2026-06-29 00:25:55] - https://bluehe.cn/rss.xml
[2026-06-29 00:25:55] - https://ilogs.cn/feed/
[2026-06-29 00:25:55] - https://writings.howsoonisnow.org/blog/feed/feed.xml
[2026-06-29 00:25:55] - https://www.moraex.com/feed
[2026-06-29 00:25:55] - https://sizheng.org/feed
[2026-06-29 00:25:55] - https://4op.top/index.xml
[2026-06-29 00:25:55] - https://ayayy.com/feed/
[2026-06-29 00:25:55] ✘ 有 1 条订阅头像字段为空, 已使用默认头像:
[2026-06-29 00:25:55] - https://mayx.eu.org/atom.xml
[2026-06-29 00:25:55] ✘ 有 4 条订阅头像无法访问, 已使用默认头像:
[2026-06-29 00:25:55] - https://skywind.me/blog/feed
[2026-06-29 00:25:55] - https://laike9m.com/blog/rss/
[2026-06-29 00:25:55] - https://byvoid.com/zhs/feed.xml
[2026-06-29 00:25:55] - https://xyzbz.cn/feed
[2026-06-29 01:40:26] 本次订阅抓取结果统计:
[2026-06-29 01:40:26] 共 54 条RSS, 成功抓取 44 条.
[2026-06-29 01:40:26] ✘ 有 10 条订阅解析失败:
[2026-06-29 01:40:26] - https://geekinney.com/index.xml
[2026-06-29 01:40:26] - https://suus.me/atom.xml
[2026-06-29 01:40:26] - https://bluehe.cn/rss.xml
[2026-06-29 01:40:26] - https://www.shephe.com/feed
[2026-06-29 01:40:26] - https://www.moraex.com/feed
[2026-06-29 01:40:26] - https://ilogs.cn/feed/
[2026-06-29 01:40:26] - https://writings.howsoonisnow.org/blog/feed/feed.xml
[2026-06-29 01:40:26] - https://sizheng.org/feed
[2026-06-29 01:40:26] - https://4op.top/index.xml
[2026-06-29 01:40:26] - https://ayayy.com/feed/
[2026-06-29 01:40:26] ✘ 有 1 条订阅头像字段为空, 已使用默认头像:
[2026-06-29 01:40:26] - https://jt26wzz.com/rss.xml
[2026-06-29 03:01:12] 抓取到的文章与现有数据相同，无需更新。
[2026-06-29 05:30:25] 抓取到的文章与现有数据相同，无需更新。
[2026-06-29 07:31:25] 抓取到的文章与现有数据相同，无需更新。
[2026-06-29 09:29:38] 本次订阅抓取结果统计:
[2026-06-29 09:29:38] 共 54 条RSS, 成功抓取 44 条.
[2026-06-29 09:29:38] ✘ 有 10 条订阅解析失败:
[2026-06-29 09:29:38] - https://geekinney.com/index.xml
[2026-06-29 09:29:38] - https://suus.me/atom.xml
[2026-06-29 09:29:38] - https://www.shephe.com/feed
[2026-06-29 09:29:38] - https://bluehe.cn/rss.xml
[2026-06-29 09:29:38] - https://ilogs.cn/feed/
[2026-06-29 09:29:38] - https://www.moraex.com/feed
[2026-06-29 09:29:38] - https://writings.howsoonisnow.org/blog/feed/feed.xml
[2026-06-29 09:29:38] - https://sizheng.org/feed
[2026-06-29 09:29:38] - https://4op.top/index.xml
[2026-06-29 09:29:38] - https://ayayy.com/feed/
[2026-06-29 09:29:38] ✘ 有 1 条订阅头像字段为空, 已使用默认头像:
[2026-06-29 09:29:38] - https://jt26wzz.com/rss.xml
[2026-06-29 11:36:27] 本次订阅抓取结果统计:
[2026-06-29 11:36:27] 共 54 条RSS, 成功抓取 43 条.
[2026-06-29 11:36:27] ✘ 有 11 条订阅解析失败:
[2026-06-29 11:36:27] - https://geekinney.com/index.xml
[2026-06-29 11:36:27] - https://tumutanzi.com/feed
[2026-06-29 11:36:27] - https://suus.me/atom.xml
[2026-06-29 11:36:27] - https://leixus.cn/index.php/feed/
[2026-06-29 11:36:27] - https://www.shephe.com/feed
[2026-06-29 11:36:27] - https://ilogs.cn/feed/
[2026-06-29 11:36:27] - https://www.moraex.com/feed
[2026-06-29 11:36:27] - https://writings.howsoonisnow.org/blog/feed/feed.xml
[2026-06-29 11:36:27] - https://sizheng.org/feed
[2026-06-29 11:36:27] - https://4op.top/index.xml
[2026-06-29 11:36:27] - https://ayayy.com/feed/
[2026-06-29 11:36:27] ✘ 有 1 条订阅头像字段为空, 已使用默认头像:
[2026-06-29 11:36:27] - https://jt26wzz.com/rss.xml
[2026-06-29 13:19:46] 本次订阅抓取结果统计:
[2026-06-29 13:19:46] 共 54 条RSS, 成功抓取 45 条.
[2026-06-29 13:19:46] ✘ 有 9 条订阅解析失败:
[2026-06-29 13:19:46] - https://geekinney.com/index.xml
[2026-06-29 13:19:46] - https://suus.me/atom.xml
[2026-06-29 13:19:46] - https://www.shephe.com/feed
[2026-06-29 13:19:46] - https://ilogs.cn/feed/
[2026-06-29 13:19:46] - https://writings.howsoonisnow.org/blog/feed/feed.xml
[2026-06-29 13:19:46] - https://sizheng.org/feed
[2026-06-29 13:19:46] - https://www.moraex.com/feed
[2026-06-29 13:19:46] - https://4op.top/index.xml
[2026-06-29 13:19:46] - https://ayayy.com/feed/
[2026-06-29 13:19:46] ✘ 有 1 条订阅头像字段为空, 已使用默认头像:
[2026-06-29 13:19:46] - https://jt26wzz.com/rss.xml
[2026-06-29 15:05:24] 本次订阅抓取结果统计:
[2026-06-29 15:05:24] 共 54 条RSS, 成功抓取 45 条.
[2026-06-29 15:05:24] ✘ 有 9 条订阅解析失败:
[2026-06-29 15:05:24] - https://geekinney.com/index.xml
[2026-06-29 15:05:24] - https://suus.me/atom.xml
[2026-06-29 15:05:24] - https://ilogs.cn/feed/
[2026-06-29 15:05:24] - https://www.shephe.com/feed
[2026-06-29 15:05:24] - https://www.moraex.com/feed
[2026-06-29 15:05:24] - https://writings.howsoonisnow.org/blog/feed/feed.xml
[2026-06-29 15:05:24] - https://sizheng.org/feed
[2026-06-29 15:05:24] - https://4op.top/index.xml
[2026-06-29 15:05:24] - https://ayayy.com/feed/
[2026-06-29 15:05:24] ✘ 有 1 条订阅头像字段为空, 已使用默认头像:
[2026-06-29 15:05:24] - https://jt26wzz.com/rss.xml
[2026-06-29 16:57:21] 本次订阅抓取结果统计:
[2026-06-29 16:57:21] 共 54 条RSS, 成功抓取 42 条.
[2026-06-29 16:57:21] ✘ 有 12 条订阅解析失败:
[2026-06-29 16:57:21] - https://geekinney.com/index.xml
[2026-06-29 16:57:21] - https://tumutanzi.com/feed
[2026-06-29 16:57:21] - https://freemind.pluskid.org/rss.xml
[2026-06-29 16:57:21] - https://suus.me/atom.xml
[2026-06-29 16:57:21] - https://leixus.cn/index.php/feed/
[2026-06-29 16:57:21] - https://ilogs.cn/feed/
[2026-06-29 16:57:21] - https://www.shephe.com/feed
[2026-06-29 16:57:21] - https://writings.howsoonisnow.org/blog/feed/feed.xml
[2026-06-29 16:57:21] - https://www.moraex.com/feed
[2026-06-29 16:57:21] - https://sizheng.org/feed
[2026-06-29 16:57:21] - https://4op.top/index.xml
[2026-06-29 16:57:21] - https://ayayy.com/feed/
[2026-06-29 16:57:21] ✘ 有 1 条订阅头像字段为空, 已使用默认头像:
[2026-06-29 16:57:21] - https://jt26wzz.com/rss.xml
[2026-06-29 17:51:06] 本次订阅抓取结果统计:
[2026-06-29 17:51:06] 共 54 条RSS, 成功抓取 45 条.
[2026-06-29 17:51:06] ✘ 有 9 条订阅解析失败:
[2026-06-29 17:51:06] - https://geekinney.com/index.xml
[2026-06-29 17:51:06] - https://suus.me/atom.xml
[2026-06-29 17:51:06] - https://www.shephe.com/feed
[2026-06-29 17:51:06] - https://ilogs.cn/feed/
[2026-06-29 17:51:06] - https://writings.howsoonisnow.org/blog/feed/feed.xml
[2026-06-29 17:51:06] - https://www.moraex.com/feed
[2026-06-29 17:51:06] - https://sizheng.org/feed
[2026-06-29 17:51:06] - https://4op.top/index.xml
[2026-06-29 17:51:06] - https://ayayy.com/feed/
[2026-06-29 17:51:06] ✘ 有 1 条订阅头像字段为空, 已使用默认头像:
[2026-06-29 17:51:06] - https://jt26wzz.com/rss.xml
