[2026-01-24 00:05:35] 本次订阅抓取结果统计:
[2026-01-24 00:05:35] 共 47 条RSS, 成功抓取 42 条.
[2026-01-24 00:05:35] ✘ 有 5 条订阅解析失败:
[2026-01-24 00:05:35] - https://tumutanzi.com/feed
[2026-01-24 00:05:35] - https://suus.me/atom.xml
[2026-01-24 00:05:35] - https://sizheng.org/feed
[2026-01-24 00:05:35] - https://www.moraex.com/feed
[2026-01-24 00:05:35] - https://geekinney.com/index.xml
[2026-01-24 01:30:48] 抓取到的文章与现有数据相同，无需更新。
[2026-01-24 02:34:29] 本次订阅抓取结果统计:
[2026-01-24 02:34:29] 共 47 条RSS, 成功抓取 42 条.
[2026-01-24 02:34:29] ✘ 有 5 条订阅解析失败:
[2026-01-24 02:34:29] - https://tumutanzi.com/feed
[2026-01-24 02:34:29] - https://geekinney.com/index.xml
[2026-01-24 02:34:29] - https://suus.me/atom.xml
[2026-01-24 02:34:29] - https://sizheng.org/feed
[2026-01-24 02:34:29] - https://www.moraex.com/feed
[2026-01-24 03:29:26] 抓取到的文章与现有数据相同，无需更新。
[2026-01-24 04:12:44] 抓取到的文章与现有数据相同，无需更新。
[2026-01-24 05:03:25] 抓取到的文章与现有数据相同，无需更新。
[2026-01-24 06:01:48] 抓取到的文章与现有数据相同，无需更新。
[2026-01-24 07:02:40] 抓取到的文章与现有数据相同，无需更新。
[2026-01-24 08:01:53] 本次订阅抓取结果统计:
[2026-01-24 08:01:53] 共 47 条RSS, 成功抓取 42 条.
[2026-01-24 08:01:53] ✘ 有 5 条订阅解析失败:
[2026-01-24 08:01:53] - https://tumutanzi.com/feed
[2026-01-24 08:01:53] - https://geekinney.com/index.xml
[2026-01-24 08:01:53] - https://suus.me/atom.xml
[2026-01-24 08:01:53] - https://sizheng.org/feed
[2026-01-24 08:01:53] - https://www.moraex.com/feed
[2026-01-24 09:02:28] 本次订阅抓取结果统计:
[2026-01-24 09:02:28] 共 47 条RSS, 成功抓取 41 条.
[2026-01-24 09:02:28] ✘ 有 6 条订阅解析失败:
[2026-01-24 09:02:28] - https://tumutanzi.com/feed
[2026-01-24 09:02:28] - https://geekinney.com/index.xml
[2026-01-24 09:02:28] - https://suus.me/atom.xml
[2026-01-24 09:02:28] - https://sizheng.org/feed
[2026-01-24 09:02:28] - https://www.moraex.com/feed
[2026-01-24 09:02:28] - https://skywind.me/blog/feed
[2026-01-24 10:01:47] 本次订阅抓取结果统计:
[2026-01-24 10:01:47] 共 47 条RSS, 成功抓取 42 条.
[2026-01-24 10:01:47] ✘ 有 5 条订阅解析失败:
[2026-01-24 10:01:47] - https://tumutanzi.com/feed
[2026-01-24 10:01:47] - https://suus.me/atom.xml
[2026-01-24 10:01:47] - https://geekinney.com/index.xml
[2026-01-24 10:01:47] - https://sizheng.org/feed
[2026-01-24 10:01:47] - https://www.moraex.com/feed
[2026-01-24 10:13:42] 本次订阅抓取结果统计:
[2026-01-24 10:13:42] 共 47 条RSS, 成功抓取 42 条.
[2026-01-24 10:13:42] ✘ 有 5 条订阅解析失败:
[2026-01-24 10:13:42] - https://tumutanzi.com/feed
[2026-01-24 10:13:42] - https://suus.me/atom.xml
[2026-01-24 10:13:42] - https://geekinney.com/index.xml
[2026-01-24 10:13:42] - https://sizheng.org/feed
[2026-01-24 10:13:42] - https://www.moraex.com/feed
[2026-01-24 10:22:24] [WARN] 加载头像映射失败: failed to parse avatar map JSON: unexpected end of JSON input
