[2026-03-03 00:07:08] 抓取到的文章与现有数据相同，无需更新。
[2026-03-03 01:31:36] 本次订阅抓取结果统计:
[2026-03-03 01:31:36] 共 47 条RSS, 成功抓取 40 条.
[2026-03-03 01:31:36] ✘ 有 7 条订阅解析失败:
[2026-03-03 01:31:36] - https://tumutanzi.com/feed
[2026-03-03 01:31:36] - https://geekinney.com/index.xml
[2026-03-03 01:31:36] - https://suus.me/atom.xml
[2026-03-03 01:31:36] - https://shuiba.co/feed
[2026-03-03 01:31:36] - https://www.moraex.com/feed
[2026-03-03 01:31:36] - https://sizheng.org/feed
[2026-03-03 01:31:36] - https://ilogs.cn/feed/
[2026-03-03 02:56:50] 本次订阅抓取结果统计:
[2026-03-03 02:56:50] 共 47 条RSS, 成功抓取 40 条.
[2026-03-03 02:56:50] ✘ 有 7 条订阅解析失败:
[2026-03-03 02:56:50] - https://tumutanzi.com/feed
[2026-03-03 02:56:50] - https://geekinney.com/index.xml
[2026-03-03 02:56:50] - https://suus.me/atom.xml
[2026-03-03 02:56:50] - https://shuiba.co/feed
[2026-03-03 02:56:50] - https://www.moraex.com/feed
[2026-03-03 02:56:50] - https://sizheng.org/feed
[2026-03-03 02:56:50] - https://www.mrhe.net/feed
[2026-03-03 03:46:47] 抓取到的文章与现有数据相同，无需更新。
[2026-03-03 04:31:53] 抓取到的文章与现有数据相同，无需更新。
[2026-03-03 05:20:29] 本次订阅抓取结果统计:
[2026-03-03 05:20:29] 共 47 条RSS, 成功抓取 41 条.
[2026-03-03 05:20:29] ✘ 有 6 条订阅解析失败:
[2026-03-03 05:20:29] - https://tumutanzi.com/feed
[2026-03-03 05:20:29] - https://geekinney.com/index.xml
[2026-03-03 05:20:29] - https://suus.me/atom.xml
[2026-03-03 05:20:29] - https://shuiba.co/feed
[2026-03-03 05:20:29] - https://sizheng.org/feed
[2026-03-03 05:20:29] - https://www.moraex.com/feed
