[2026-02-12 00:06:19] 抓取到的文章与现有数据相同，无需更新。
[2026-02-12 01:31:24] 抓取到的文章与现有数据相同，无需更新。
[2026-02-12 02:58:19] 抓取到的文章与现有数据相同，无需更新。
[2026-02-12 03:56:20] 抓取到的文章与现有数据相同，无需更新。
[2026-02-12 04:39:21] 抓取到的文章与现有数据相同，无需更新。
[2026-02-12 05:28:33] 抓取到的文章与现有数据相同，无需更新。
[2026-02-12 06:19:15] 抓取到的文章与现有数据相同，无需更新。
[2026-02-12 07:20:13] 抓取到的文章与现有数据相同，无需更新。
[2026-02-12 08:09:02] 本次订阅抓取结果统计:
[2026-02-12 08:09:02] 共 47 条RSS, 成功抓取 41 条.
[2026-02-12 08:09:02] ✘ 有 6 条订阅解析失败:
[2026-02-12 08:09:02] - https://tumutanzi.com/feed
[2026-02-12 08:09:02] - https://geekinney.com/index.xml
[2026-02-12 08:09:02] - https://suus.me/atom.xml
[2026-02-12 08:09:02] - https://shuiba.co/feed
[2026-02-12 08:09:02] - https://www.moraex.com/feed
[2026-02-12 08:09:02] - https://sizheng.org/feed
[2026-02-12 09:14:33] 抓取到的文章与现有数据相同，无需更新。
[2026-02-12 10:14:06] 抓取到的文章与现有数据相同，无需更新。
[2026-02-12 11:14:22] 抓取到的文章与现有数据相同，无需更新。
[2026-02-12 12:07:57] 抓取到的文章与现有数据相同，无需更新。
[2026-02-12 13:28:15] 本次订阅抓取结果统计:
[2026-02-12 13:28:15] 共 47 条RSS, 成功抓取 41 条.
[2026-02-12 13:28:15] ✘ 有 6 条订阅解析失败:
[2026-02-12 13:28:15] - https://tumutanzi.com/feed
[2026-02-12 13:28:15] - https://geekinney.com/index.xml
[2026-02-12 13:28:15] - https://suus.me/atom.xml
[2026-02-12 13:28:15] - https://shuiba.co/feed
[2026-02-12 13:28:15] - https://www.moraex.com/feed
[2026-02-12 13:28:15] - https://sizheng.org/feed
[2026-02-12 14:18:37] 抓取到的文章与现有数据相同，无需更新。
[2026-02-12 15:15:07] 抓取到的文章与现有数据相同，无需更新。
[2026-02-12 16:15:37] 抓取到的文章与现有数据相同，无需更新。
[2026-02-12 17:20:05] 抓取到的文章与现有数据相同，无需更新。
[2026-02-12 18:14:44] 抓取到的文章与现有数据相同，无需更新。
[2026-02-12 19:21:56] 抓取到的文章与现有数据相同，无需更新。
[2026-02-12 20:06:17] 抓取到的文章与现有数据相同，无需更新。
