[2026-03-11 00:04:24] 抓取到的文章与现有数据相同，无需更新。
[2026-03-11 01:30:39] 抓取到的文章与现有数据相同，无需更新。
[2026-03-11 02:51:17] 本次订阅抓取结果统计:
[2026-03-11 02:51:17] 共 47 条RSS, 成功抓取 41 条.
[2026-03-11 02:51:17] ✘ 有 6 条订阅解析失败:
[2026-03-11 02:51:17] - https://tumutanzi.com/feed
[2026-03-11 02:51:17] - https://geekinney.com/index.xml
[2026-03-11 02:51:17] - https://suus.me/atom.xml
[2026-03-11 02:51:17] - https://shuiba.co/feed
[2026-03-11 02:51:17] - https://sizheng.org/feed
[2026-03-11 02:51:17] - https://www.moraex.com/feed
[2026-03-11 03:43:39] 抓取到的文章与现有数据相同，无需更新。
[2026-03-11 04:31:02] 抓取到的文章与现有数据相同，无需更新。
[2026-03-11 05:20:18] 抓取到的文章与现有数据相同，无需更新。
[2026-03-11 06:11:29] 抓取到的文章与现有数据相同，无需更新。
[2026-03-11 07:16:03] 本次订阅抓取结果统计:
[2026-03-11 07:16:03] 共 47 条RSS, 成功抓取 41 条.
[2026-03-11 07:16:03] ✘ 有 6 条订阅解析失败:
[2026-03-11 07:16:03] - https://tumutanzi.com/feed
[2026-03-11 07:16:03] - https://geekinney.com/index.xml
[2026-03-11 07:16:03] - https://suus.me/atom.xml
[2026-03-11 07:16:03] - https://shuiba.co/feed
[2026-03-11 07:16:03] - https://sizheng.org/feed
[2026-03-11 07:16:03] - https://www.moraex.com/feed
[2026-03-11 08:07:25] 本次订阅抓取结果统计:
[2026-03-11 08:07:25] 共 47 条RSS, 成功抓取 41 条.
[2026-03-11 08:07:25] ✘ 有 6 条订阅解析失败:
[2026-03-11 08:07:25] - https://tumutanzi.com/feed
[2026-03-11 08:07:25] - https://geekinney.com/index.xml
[2026-03-11 08:07:25] - https://suus.me/atom.xml
[2026-03-11 08:07:25] - https://shuiba.co/feed
[2026-03-11 08:07:25] - https://www.moraex.com/feed
[2026-03-11 08:07:25] - https://sizheng.org/feed
[2026-03-11 09:11:29] 抓取到的文章与现有数据相同，无需更新。
[2026-03-11 10:10:59] 抓取到的文章与现有数据相同，无需更新。
[2026-03-11 11:10:43] 本次订阅抓取结果统计:
[2026-03-11 11:10:43] 共 47 条RSS, 成功抓取 41 条.
[2026-03-11 11:10:43] ✘ 有 6 条订阅解析失败:
[2026-03-11 11:10:43] - https://tumutanzi.com/feed
[2026-03-11 11:10:43] - https://suus.me/atom.xml
[2026-03-11 11:10:43] - https://geekinney.com/index.xml
[2026-03-11 11:10:43] - https://shuiba.co/feed
[2026-03-11 11:10:43] - https://sizheng.org/feed
[2026-03-11 11:10:43] - https://www.moraex.com/feed
[2026-03-11 12:05:46] 抓取到的文章与现有数据相同，无需更新。
[2026-03-11 13:25:54] 抓取到的文章与现有数据相同，无需更新。
[2026-03-11 14:16:24] 抓取到的文章与现有数据相同，无需更新。
