[2026-02-17 00:07:08] 本次订阅抓取结果统计:
[2026-02-17 00:07:08] 共 47 条RSS, 成功抓取 41 条.
[2026-02-17 00:07:08] ✘ 有 6 条订阅解析失败:
[2026-02-17 00:07:08] - https://tumutanzi.com/feed
[2026-02-17 00:07:08] - https://suus.me/atom.xml
[2026-02-17 00:07:08] - https://geekinney.com/index.xml
[2026-02-17 00:07:08] - https://shuiba.co/feed
[2026-02-17 00:07:08] - https://www.moraex.com/feed
[2026-02-17 00:07:08] - https://sizheng.org/feed
[2026-02-17 01:31:26] 抓取到的文章与现有数据相同，无需更新。
[2026-02-17 02:55:58] 抓取到的文章与现有数据相同，无需更新。
[2026-02-17 03:47:23] 本次订阅抓取结果统计:
[2026-02-17 03:47:23] 共 47 条RSS, 成功抓取 41 条.
[2026-02-17 03:47:23] ✘ 有 6 条订阅解析失败:
[2026-02-17 03:47:23] - https://tumutanzi.com/feed
[2026-02-17 03:47:23] - https://suus.me/atom.xml
[2026-02-17 03:47:23] - https://geekinney.com/index.xml
[2026-02-17 03:47:23] - https://shuiba.co/feed
[2026-02-17 03:47:23] - https://www.moraex.com/feed
[2026-02-17 03:47:23] - https://sizheng.org/feed
[2026-02-17 04:34:16] 本次订阅抓取结果统计:
[2026-02-17 04:34:16] 共 47 条RSS, 成功抓取 41 条.
[2026-02-17 04:34:16] ✘ 有 6 条订阅解析失败:
[2026-02-17 04:34:16] - https://tumutanzi.com/feed
[2026-02-17 04:34:16] - https://suus.me/atom.xml
[2026-02-17 04:34:16] - https://geekinney.com/index.xml
[2026-02-17 04:34:16] - https://shuiba.co/feed
[2026-02-17 04:34:16] - https://sizheng.org/feed
[2026-02-17 04:34:16] - https://www.moraex.com/feed
[2026-02-17 05:26:48] 本次订阅抓取结果统计:
[2026-02-17 05:26:48] 共 47 条RSS, 成功抓取 38 条.
[2026-02-17 05:26:48] ✘ 有 9 条订阅解析失败:
[2026-02-17 05:26:48] - https://tumutanzi.com/feed
[2026-02-17 05:26:48] - https://suus.me/atom.xml
[2026-02-17 05:26:48] - https://geekinney.com/index.xml
[2026-02-17 05:26:48] - https://leixus.cn/index.php/feed/
[2026-02-17 05:26:48] - https://www.luzhaojun.com/feed
[2026-02-17 05:26:48] - https://shuiba.co/feed
[2026-02-17 05:26:48] - https://www.moraex.com/feed
[2026-02-17 05:26:48] - https://sizheng.org/feed
[2026-02-17 05:26:48] - https://freemind.pluskid.org/rss.xml
[2026-02-17 06:16:17] [ERROR] 拉取RSS链接失败: /home/runner/work/rss-lhasa/rss-lhasa/feed_fetcher.go:53 => 无法获取RSS列表文件: https://lhasa-1253887673.cos.ap-shanghai.myqcloud.com/lhasaRSS/rss.txt | 原因: Get "https://lhasa-1253887673.cos.ap-shanghai.myqcloud.com/lhasaRSS/rss.txt": net/http: TLS handshake timeout
[2026-02-17 07:19:15] 本次订阅抓取结果统计:
[2026-02-17 07:19:15] 共 47 条RSS, 成功抓取 41 条.
[2026-02-17 07:19:15] ✘ 有 6 条订阅解析失败:
[2026-02-17 07:19:15] - https://tumutanzi.com/feed
[2026-02-17 07:19:15] - https://suus.me/atom.xml
[2026-02-17 07:19:15] - https://geekinney.com/index.xml
[2026-02-17 07:19:15] - https://shuiba.co/feed
[2026-02-17 07:19:15] - https://sizheng.org/feed
[2026-02-17 07:19:15] - https://www.moraex.com/feed
[2026-02-17 08:10:01] 抓取到的文章与现有数据相同，无需更新。
