[2026-03-02 00:05:20] 本次订阅抓取结果统计:
[2026-03-02 00:05:20] 共 47 条RSS, 成功抓取 41 条.
[2026-03-02 00:05:20] ✘ 有 6 条订阅解析失败:
[2026-03-02 00:05:20] - https://tumutanzi.com/feed
[2026-03-02 00:05:20] - https://geekinney.com/index.xml
[2026-03-02 00:05:20] - https://suus.me/atom.xml
[2026-03-02 00:05:20] - https://shuiba.co/feed
[2026-03-02 00:05:20] - https://sizheng.org/feed
[2026-03-02 00:05:20] - https://www.moraex.com/feed
[2026-03-02 01:31:01] 抓取到的文章与现有数据相同，无需更新。
[2026-03-02 02:53:48] 本次订阅抓取结果统计:
[2026-03-02 02:53:48] 共 47 条RSS, 成功抓取 41 条.
[2026-03-02 02:53:48] ✘ 有 6 条订阅解析失败:
[2026-03-02 02:53:48] - https://tumutanzi.com/feed
[2026-03-02 02:53:48] - https://geekinney.com/index.xml
[2026-03-02 02:53:48] - https://suus.me/atom.xml
[2026-03-02 02:53:48] - https://shuiba.co/feed
[2026-03-02 02:53:48] - https://sizheng.org/feed
[2026-03-02 02:53:48] - https://www.moraex.com/feed
[2026-03-02 03:45:05] 本次订阅抓取结果统计:
[2026-03-02 03:45:05] 共 47 条RSS, 成功抓取 41 条.
[2026-03-02 03:45:05] ✘ 有 6 条订阅解析失败:
[2026-03-02 03:45:05] - https://tumutanzi.com/feed
[2026-03-02 03:45:05] - https://geekinney.com/index.xml
[2026-03-02 03:45:05] - https://suus.me/atom.xml
[2026-03-02 03:45:05] - https://shuiba.co/feed
[2026-03-02 03:45:05] - https://www.moraex.com/feed
[2026-03-02 03:45:05] - https://sizheng.org/feed
[2026-03-02 04:32:03] 抓取到的文章与现有数据相同，无需更新。
[2026-03-02 05:21:54] 本次订阅抓取结果统计:
[2026-03-02 05:21:54] 共 47 条RSS, 成功抓取 41 条.
[2026-03-02 05:21:54] ✘ 有 6 条订阅解析失败:
[2026-03-02 05:21:54] - https://tumutanzi.com/feed
[2026-03-02 05:21:54] - https://suus.me/atom.xml
[2026-03-02 05:21:54] - https://geekinney.com/index.xml
[2026-03-02 05:21:54] - https://shuiba.co/feed
[2026-03-02 05:21:54] - https://sizheng.org/feed
[2026-03-02 05:21:54] - https://www.moraex.com/feed
[2026-03-02 06:14:09] 抓取到的文章与现有数据相同，无需更新。
[2026-03-02 07:18:59] 抓取到的文章与现有数据相同，无需更新。
[2026-03-02 08:08:12] 本次订阅抓取结果统计:
[2026-03-02 08:08:12] 共 47 条RSS, 成功抓取 41 条.
[2026-03-02 08:08:12] ✘ 有 6 条订阅解析失败:
[2026-03-02 08:08:12] - https://tumutanzi.com/feed
[2026-03-02 08:08:12] - https://suus.me/atom.xml
[2026-03-02 08:08:12] - https://geekinney.com/index.xml
[2026-03-02 08:08:12] - https://shuiba.co/feed
[2026-03-02 08:08:12] - https://www.moraex.com/feed
[2026-03-02 08:08:12] - https://sizheng.org/feed
[2026-03-02 09:12:53] 抓取到的文章与现有数据相同，无需更新。
[2026-03-02 10:13:44] 抓取到的文章与现有数据相同，无需更新。
[2026-03-02 11:12:04] 抓取到的文章与现有数据相同，无需更新。
[2026-03-02 12:05:35] 抓取到的文章与现有数据相同，无需更新。
[2026-03-02 13:24:16] 抓取到的文章与现有数据相同，无需更新。
[2026-03-02 14:13:57] [ERROR] 拉取RSS链接失败: /home/runner/work/rss-lhasa/rss-lhasa/feed_fetcher.go:53 => 无法获取RSS列表文件: https://lhasa-1253887673.cos.ap-shanghai.myqcloud.com/lhasaRSS/rss.txt | 原因: Get "https://lhasa-1253887673.cos.ap-shanghai.myqcloud.com/lhasaRSS/rss.txt": net/http: TLS handshake timeout
[2026-03-02 16:09:06] 抓取到的文章与现有数据相同，无需更新。
[2026-03-02 17:14:19] 抓取到的文章与现有数据相同，无需更新。
[2026-03-02 18:08:25] 抓取到的文章与现有数据相同，无需更新。
[2026-03-02 19:13:23] 本次订阅抓取结果统计:
[2026-03-02 19:13:23] 共 47 条RSS, 成功抓取 39 条.
[2026-03-02 19:13:23] ✘ 有 8 条订阅解析失败:
[2026-03-02 19:13:23] - https://tumutanzi.com/feed
[2026-03-02 19:13:23] - https://geekinney.com/index.xml
[2026-03-02 19:13:23] - https://suus.me/atom.xml
[2026-03-02 19:13:23] - https://leixus.cn/index.php/feed/
[2026-03-02 19:13:23] - https://shuiba.co/feed
[2026-03-02 19:13:23] - https://www.luzhaojun.com/feed
[2026-03-02 19:13:23] - https://www.moraex.com/feed
[2026-03-02 19:13:23] - https://sizheng.org/feed
