[2026-01-18 00:05:07] 抓取到的文章与现有数据相同，无需更新。
[2026-01-18 01:30:18] 抓取到的文章与现有数据相同，无需更新。
[2026-01-18 02:43:36] 抓取到的文章与现有数据相同，无需更新。
[2026-01-18 03:31:12] 本次订阅抓取结果统计:
[2026-01-18 03:31:12] 共 44 条RSS, 成功抓取 38 条.
[2026-01-18 03:31:12] ✘ 有 6 条订阅解析失败:
[2026-01-18 03:31:12] - https://tumutanzi.com/feed
[2026-01-18 03:31:12] - https://oba.by/feed
[2026-01-18 03:31:12] - https://suus.me/atom.xml
[2026-01-18 03:31:12] - https://geekinney.com/index.xml
[2026-01-18 03:31:12] - https://sizheng.org/feed
[2026-01-18 03:31:12] - https://www.moraex.com/feed
[2026-01-18 04:17:40] 本次订阅抓取结果统计:
[2026-01-18 04:17:40] 共 44 条RSS, 成功抓取 37 条.
[2026-01-18 04:17:40] ✘ 有 7 条订阅解析失败:
[2026-01-18 04:17:40] - https://tumutanzi.com/feed
[2026-01-18 04:17:40] - https://oba.by/feed
[2026-01-18 04:17:40] - https://geekinney.com/index.xml
[2026-01-18 04:17:40] - https://suus.me/atom.xml
[2026-01-18 04:17:40] - https://www.moraex.com/feed
[2026-01-18 04:17:40] - https://sizheng.org/feed
[2026-01-18 04:17:40] - https://skywind.me/blog/feed
[2026-01-18 05:04:23] 本次订阅抓取结果统计:
[2026-01-18 05:04:23] 共 44 条RSS, 成功抓取 38 条.
[2026-01-18 05:04:23] ✘ 有 6 条订阅解析失败:
[2026-01-18 05:04:23] - https://tumutanzi.com/feed
[2026-01-18 05:04:23] - https://oba.by/feed
[2026-01-18 05:04:23] - https://geekinney.com/index.xml
[2026-01-18 05:04:23] - https://suus.me/atom.xml
[2026-01-18 05:04:23] - https://sizheng.org/feed
[2026-01-18 05:04:23] - https://www.moraex.com/feed
[2026-01-18 06:01:55] 抓取到的文章与现有数据相同，无需更新。
[2026-01-18 07:02:27] 抓取到的文章与现有数据相同，无需更新。
[2026-01-18 08:01:49] 抓取到的文章与现有数据相同，无需更新。
[2026-01-18 09:01:53] 抓取到的文章与现有数据相同，无需更新。
[2026-01-18 10:01:48] 抓取到的文章与现有数据相同，无需更新。
[2026-01-18 11:01:36] 抓取到的文章与现有数据相同，无需更新。
[2026-01-18 12:02:45] 抓取到的文章与现有数据相同，无需更新。
[2026-01-18 13:10:08] 本次订阅抓取结果统计:
[2026-01-18 13:10:08] 共 44 条RSS, 成功抓取 38 条.
[2026-01-18 13:10:08] ✘ 有 6 条订阅解析失败:
[2026-01-18 13:10:08] - https://tumutanzi.com/feed
[2026-01-18 13:10:08] - https://oba.by/feed
[2026-01-18 13:10:08] - https://suus.me/atom.xml
[2026-01-18 13:10:08] - https://geekinney.com/index.xml
[2026-01-18 13:10:08] - https://sizheng.org/feed
[2026-01-18 13:10:08] - https://www.moraex.com/feed
[2026-01-18 14:01:50] 抓取到的文章与现有数据相同，无需更新。
[2026-01-18 15:01:49] 抓取到的文章与现有数据相同，无需更新。
[2026-01-18 16:02:33] 本次订阅抓取结果统计:
[2026-01-18 16:02:33] 共 44 条RSS, 成功抓取 35 条.
[2026-01-18 16:02:33] ✘ 有 9 条订阅解析失败:
[2026-01-18 16:02:33] - https://tumutanzi.com/feed
[2026-01-18 16:02:33] - https://geekinney.com/index.xml
[2026-01-18 16:02:33] - https://suus.me/atom.xml
[2026-01-18 16:02:33] - https://oba.by/feed
[2026-01-18 16:02:33] - https://leixus.cn/index.php/feed/
[2026-01-18 16:02:33] - https://www.luzhaojun.com/feed
[2026-01-18 16:02:33] - https://www.moraex.com/feed
[2026-01-18 16:02:33] - https://sizheng.org/feed
[2026-01-18 16:02:33] - https://freemind.pluskid.org/rss.xml
[2026-01-18 17:02:20] 本次订阅抓取结果统计:
[2026-01-18 17:02:20] 共 44 条RSS, 成功抓取 37 条.
[2026-01-18 17:02:20] ✘ 有 7 条订阅解析失败:
[2026-01-18 17:02:20] - https://tumutanzi.com/feed
[2026-01-18 17:02:20] - https://oba.by/feed
[2026-01-18 17:02:20] - https://geekinney.com/index.xml
[2026-01-18 17:02:20] - https://suus.me/atom.xml
[2026-01-18 17:02:20] - https://www.moraex.com/feed
[2026-01-18 17:02:20] - https://sizheng.org/feed
[2026-01-18 17:02:20] - https://skywind.me/blog/feed
[2026-01-18 18:02:57] 抓取到的文章与现有数据相同，无需更新。
[2026-01-18 19:01:30] 本次订阅抓取结果统计:
[2026-01-18 19:01:30] 共 44 条RSS, 成功抓取 38 条.
[2026-01-18 19:01:30] ✘ 有 6 条订阅解析失败:
[2026-01-18 19:01:30] - https://tumutanzi.com/feed
[2026-01-18 19:01:30] - https://oba.by/feed
[2026-01-18 19:01:30] - https://suus.me/atom.xml
[2026-01-18 19:01:30] - https://geekinney.com/index.xml
[2026-01-18 19:01:30] - https://sizheng.org/feed
[2026-01-18 19:01:30] - https://www.moraex.com/feed
[2026-01-18 20:01:44] 抓取到的文章与现有数据相同，无需更新。
[2026-01-18 21:01:54] [WARN] 加载头像映射失败: failed to fetch avatar map: Get "https://cos.lhasa.icu/lhasaRSS/avatar.json": context deadline exceeded (Client.Timeout exceeded while awaiting headers)
[2026-01-18 21:02:55] 本次订阅抓取结果统计:
[2026-01-18 21:02:55] 共 44 条RSS, 成功抓取 34 条.
[2026-01-18 21:02:55] ✘ 有 10 条订阅解析失败:
[2026-01-18 21:02:55] - https://tumutanzi.com/feed
[2026-01-18 21:02:55] - https://geekinney.com/index.xml
[2026-01-18 21:02:55] - https://suus.me/atom.xml
[2026-01-18 21:02:55] - https://sizheng.org/feed
[2026-01-18 21:02:55] - https://oba.by/feed
[2026-01-18 21:02:55] - https://xyzbz.cn/feed
[2026-01-18 21:02:55] - https://www.laomuzhu.cn/feed/
[2026-01-18 21:02:55] - https://www.moraex.com/feed
[2026-01-18 21:02:55] - https://bluehe.cn/rss.xml
[2026-01-18 21:02:55] - https://ilogs.cn/feed/
[2026-01-18 21:02:55] ✘ 有 1 条订阅头像字段为空, 已使用默认头像:
[2026-01-18 21:02:55] - https://mayx.eu.org/atom.xml
[2026-01-18 21:02:55] ✘ 有 5 条订阅头像无法访问, 已使用默认头像:
[2026-01-18 21:02:55] - https://laike9m.com/blog/rss/
[2026-01-18 21:02:55] - https://skywind.me/blog/feed
[2026-01-18 21:02:55] - https://www.mrhe.net/feed
[2026-01-18 21:02:55] - https://byvoid.com/zhs/feed.xml
[2026-01-18 21:02:55] - https://blog.fueis.com/feed
[2026-01-18 22:01:45] 本次订阅抓取结果统计:
[2026-01-18 22:01:45] 共 44 条RSS, 成功抓取 38 条.
[2026-01-18 22:01:45] ✘ 有 6 条订阅解析失败:
[2026-01-18 22:01:45] - https://tumutanzi.com/feed
[2026-01-18 22:01:45] - https://suus.me/atom.xml
[2026-01-18 22:01:45] - https://oba.by/feed
[2026-01-18 22:01:45] - https://geekinney.com/index.xml
[2026-01-18 22:01:45] - https://sizheng.org/feed
[2026-01-18 22:01:45] - https://www.moraex.com/feed
