[2026-02-20 00:06:25] 抓取到的文章与现有数据相同，无需更新。
[2026-02-20 01:31:00] 抓取到的文章与现有数据相同，无需更新。
[2026-02-20 02:54:28] 抓取到的文章与现有数据相同，无需更新。
[2026-02-20 03:46:28] 抓取到的文章与现有数据相同，无需更新。
[2026-02-20 04:31:52] 抓取到的文章与现有数据相同，无需更新。
[2026-02-20 05:22:52] 抓取到的文章与现有数据相同，无需更新。
[2026-02-20 06:15:16] 本次订阅抓取结果统计:
[2026-02-20 06:15:16] 共 47 条RSS, 成功抓取 40 条.
[2026-02-20 06:15:16] ✘ 有 7 条订阅解析失败:
[2026-02-20 06:15:16] - https://tumutanzi.com/feed
[2026-02-20 06:15:16] - https://suus.me/atom.xml
[2026-02-20 06:15:16] - https://geekinney.com/index.xml
[2026-02-20 06:15:16] - https://shuiba.co/feed
[2026-02-20 06:15:16] - https://www.moraex.com/feed
[2026-02-20 06:15:16] - https://sizheng.org/feed
[2026-02-20 06:15:16] - https://freemind.pluskid.org/rss.xml
[2026-02-20 07:18:10] 本次订阅抓取结果统计:
[2026-02-20 07:18:10] 共 47 条RSS, 成功抓取 41 条.
[2026-02-20 07:18:10] ✘ 有 6 条订阅解析失败:
[2026-02-20 07:18:10] - https://tumutanzi.com/feed
[2026-02-20 07:18:10] - https://geekinney.com/index.xml
[2026-02-20 07:18:10] - https://suus.me/atom.xml
[2026-02-20 07:18:10] - https://shuiba.co/feed
[2026-02-20 07:18:10] - https://sizheng.org/feed
[2026-02-20 07:18:10] - https://www.moraex.com/feed
[2026-02-20 08:09:04] 本次订阅抓取结果统计:
[2026-02-20 08:09:04] 共 47 条RSS, 成功抓取 40 条.
[2026-02-20 08:09:04] ✘ 有 7 条订阅解析失败:
[2026-02-20 08:09:04] - https://tumutanzi.com/feed
[2026-02-20 08:09:04] - https://suus.me/atom.xml
[2026-02-20 08:09:04] - https://geekinney.com/index.xml
[2026-02-20 08:09:04] - https://www.moraex.com/feed
[2026-02-20 08:09:04] - https://shuiba.co/feed
[2026-02-20 08:09:04] - https://sizheng.org/feed
[2026-02-20 08:09:04] - https://xyzbz.cn/feed
[2026-02-20 09:11:04] 本次订阅抓取结果统计:
[2026-02-20 09:11:04] 共 47 条RSS, 成功抓取 41 条.
[2026-02-20 09:11:04] ✘ 有 6 条订阅解析失败:
[2026-02-20 09:11:04] - https://tumutanzi.com/feed
[2026-02-20 09:11:04] - https://suus.me/atom.xml
[2026-02-20 09:11:04] - https://geekinney.com/index.xml
[2026-02-20 09:11:04] - https://shuiba.co/feed
[2026-02-20 09:11:04] - https://sizheng.org/feed
[2026-02-20 09:11:04] - https://www.moraex.com/feed
[2026-02-20 10:09:32] 抓取到的文章与现有数据相同，无需更新。
[2026-02-20 11:09:11] 抓取到的文章与现有数据相同，无需更新。
[2026-02-20 12:05:09] 抓取到的文章与现有数据相同，无需更新。
[2026-02-20 13:23:49] 抓取到的文章与现有数据相同，无需更新。
[2026-02-20 14:14:04] 本次订阅抓取结果统计:
[2026-02-20 14:14:04] 共 47 条RSS, 成功抓取 41 条.
[2026-02-20 14:14:04] ✘ 有 6 条订阅解析失败:
[2026-02-20 14:14:04] - https://tumutanzi.com/feed
[2026-02-20 14:14:04] - https://geekinney.com/index.xml
[2026-02-20 14:14:04] - https://suus.me/atom.xml
[2026-02-20 14:14:04] - https://shuiba.co/feed
[2026-02-20 14:14:04] - https://sizheng.org/feed
[2026-02-20 14:14:04] - https://www.moraex.com/feed
[2026-02-20 15:11:56] 抓取到的文章与现有数据相同，无需更新。
