[2026-02-01 00:06:03] 抓取到的文章与现有数据相同，无需更新。
[2026-02-01 01:31:22] 抓取到的文章与现有数据相同，无需更新。
[2026-02-01 02:58:50] 抓取到的文章与现有数据相同，无需更新。
[2026-02-01 04:02:58] 本次订阅抓取结果统计:
[2026-02-01 04:02:58] 共 47 条RSS, 成功抓取 42 条.
[2026-02-01 04:02:58] ✘ 有 5 条订阅解析失败:
[2026-02-01 04:02:58] - https://tumutanzi.com/feed
[2026-02-01 04:02:58] - https://geekinney.com/index.xml
[2026-02-01 04:02:58] - https://suus.me/atom.xml
[2026-02-01 04:02:58] - https://sizheng.org/feed
[2026-02-01 04:02:58] - https://www.moraex.com/feed
[2026-02-01 05:27:05] 本次订阅抓取结果统计:
[2026-02-01 05:27:05] 共 47 条RSS, 成功抓取 42 条.
[2026-02-01 05:27:05] ✘ 有 5 条订阅解析失败:
[2026-02-01 05:27:05] - https://tumutanzi.com/feed
[2026-02-01 05:27:05] - https://geekinney.com/index.xml
[2026-02-01 05:27:05] - https://suus.me/atom.xml
[2026-02-01 05:27:05] - https://sizheng.org/feed
[2026-02-01 05:27:05] - https://www.moraex.com/feed
[2026-02-01 06:13:40] 抓取到的文章与现有数据相同，无需更新。
[2026-02-01 07:13:23] 抓取到的文章与现有数据相同，无需更新。
[2026-02-01 08:06:09] 本次订阅抓取结果统计:
[2026-02-01 08:06:09] 共 47 条RSS, 成功抓取 41 条.
[2026-02-01 08:06:09] ✘ 有 6 条订阅解析失败:
[2026-02-01 08:06:09] - https://tumutanzi.com/feed
[2026-02-01 08:06:09] - https://geekinney.com/index.xml
[2026-02-01 08:06:09] - https://suus.me/atom.xml
[2026-02-01 08:06:09] - https://sizheng.org/feed
[2026-02-01 08:06:09] - https://www.moraex.com/feed
[2026-02-01 08:06:09] - https://blog.codingnow.com/atom.xml
[2026-02-01 09:05:53] 本次订阅抓取结果统计:
[2026-02-01 09:05:53] 共 47 条RSS, 成功抓取 42 条.
[2026-02-01 09:05:53] ✘ 有 5 条订阅解析失败:
[2026-02-01 09:05:53] - https://tumutanzi.com/feed
[2026-02-01 09:05:53] - https://geekinney.com/index.xml
[2026-02-01 09:05:53] - https://suus.me/atom.xml
[2026-02-01 09:05:53] - https://sizheng.org/feed
[2026-02-01 09:05:53] - https://www.moraex.com/feed
[2026-02-01 10:02:58] 抓取到的文章与现有数据相同，无需更新。
[2026-02-01 11:03:53] 抓取到的文章与现有数据相同，无需更新。
[2026-02-01 12:02:50] 抓取到的文章与现有数据相同，无需更新。
[2026-02-01 13:16:36] 抓取到的文章与现有数据相同，无需更新。
