[2026-01-01 00:01:26] 本次订阅抓取结果统计:
[2026-01-01 00:01:26] 共 37 条RSS, 成功抓取 33 条.
[2026-01-01 00:01:26] ✘ 有 4 条订阅解析失败:
[2026-01-01 00:01:26] - https://tumutanzi.com/feed
[2026-01-01 00:01:26] - https://suus.me/atom.xml
[2026-01-01 00:01:26] - https://geekinney.com/index.xml
[2026-01-01 00:01:26] - https://www.moraex.com/feed
[2026-01-01 00:05:44] 本次订阅抓取结果统计:
[2026-01-01 00:05:44] 共 37 条RSS, 成功抓取 32 条.
[2026-01-01 00:05:44] ✘ 有 5 条订阅解析失败:
[2026-01-01 00:05:44] - https://tumutanzi.com/feed
[2026-01-01 00:05:44] - https://suus.me/atom.xml
[2026-01-01 00:05:44] - https://geekinney.com/index.xml
[2026-01-01 00:05:44] - https://www.moraex.com/feed
[2026-01-01 00:05:44] - https://skywind.me/blog/feed
[2026-01-01 00:24:46] 本次订阅抓取结果统计:
[2026-01-01 00:24:46] 共 39 条RSS, 成功抓取 35 条.
[2026-01-01 00:24:46] ✘ 有 4 条订阅解析失败:
[2026-01-01 00:24:46] - https://tumutanzi.com/feed
[2026-01-01 00:24:46] - https://suus.me/atom.xml
[2026-01-01 00:24:46] - https://geekinney.com/index.xml
[2026-01-01 00:24:46] - https://www.moraex.com/feed
