[2026-01-29 00:05:39] 抓取到的文章与现有数据相同，无需更新。
[2026-01-29 01:30:31] 抓取到的文章与现有数据相同，无需更新。
[2026-01-29 02:52:15] 抓取到的文章与现有数据相同，无需更新。
[2026-01-29 03:44:27] [WARN] 加载头像映射失败: failed to fetch avatar map: Get "https://cos.lhasa.icu/lhasaRSS/avatar.json": context deadline exceeded (Client.Timeout exceeded while awaiting headers)
[2026-01-29 03:45:08] 本次订阅抓取结果统计:
[2026-01-29 03:45:08] 共 47 条RSS, 成功抓取 42 条.
[2026-01-29 03:45:08] ✘ 有 5 条订阅解析失败:
[2026-01-29 03:45:08] - https://tumutanzi.com/feed
[2026-01-29 03:45:08] - https://suus.me/atom.xml
[2026-01-29 03:45:08] - https://geekinney.com/index.xml
[2026-01-29 03:45:08] - https://sizheng.org/feed
[2026-01-29 03:45:08] - https://www.moraex.com/feed
[2026-01-29 03:45:08] ✘ 有 1 条订阅头像字段为空, 已使用默认头像:
[2026-01-29 03:45:08] - https://mayx.eu.org/atom.xml
[2026-01-29 03:45:08] ✘ 有 5 条订阅头像无法访问, 已使用默认头像:
[2026-01-29 03:45:08] - https://laike9m.com/blog/rss/
[2026-01-29 03:45:08] - https://skywind.me/blog/feed
[2026-01-29 03:45:08] - https://www.mrhe.net/feed
[2026-01-29 03:45:08] - https://byvoid.com/zhs/feed.xml
[2026-01-29 03:45:08] - https://zhongxiaojie.com/feed
[2026-01-29 04:29:12] 本次订阅抓取结果统计:
[2026-01-29 04:29:12] 共 47 条RSS, 成功抓取 42 条.
[2026-01-29 04:29:12] ✘ 有 5 条订阅解析失败:
[2026-01-29 04:29:12] - https://tumutanzi.com/feed
[2026-01-29 04:29:12] - https://geekinney.com/index.xml
[2026-01-29 04:29:12] - https://suus.me/atom.xml
[2026-01-29 04:29:12] - https://www.moraex.com/feed
[2026-01-29 04:29:12] - https://sizheng.org/feed
[2026-01-29 05:16:56] 抓取到的文章与现有数据相同，无需更新。
[2026-01-29 06:10:27] 抓取到的文章与现有数据相同，无需更新。
[2026-01-29 07:14:52] 抓取到的文章与现有数据相同，无需更新。
[2026-01-29 08:06:34] 抓取到的文章与现有数据相同，无需更新。
