[2026-05-17 00:19:33] 抓取到的文章与现有数据相同，无需更新。
[2026-05-17 01:32:37] 抓取到的文章与现有数据相同，无需更新。
[2026-05-17 03:00:20] 抓取到的文章与现有数据相同，无需更新。
[2026-05-17 04:31:36] 抓取到的文章与现有数据相同，无需更新。
[2026-05-17 06:04:52] 抓取到的文章与现有数据相同，无需更新。
[2026-05-17 07:50:19] 本次订阅抓取结果统计:
[2026-05-17 07:50:19] 共 49 条RSS, 成功抓取 38 条.
[2026-05-17 07:50:19] ✘ 有 11 条订阅解析失败:
[2026-05-17 07:50:19] - https://tumutanzi.com/feed
[2026-05-17 07:50:19] - https://geekinney.com/index.xml
[2026-05-17 07:50:19] - https://suus.me/atom.xml
[2026-05-17 07:50:19] - https://www.shephe.com/feed
[2026-05-17 07:50:19] - https://ilogs.cn/feed/
[2026-05-17 07:50:19] - https://shuiba.co/feed
[2026-05-17 07:50:19] - https://writings.howsoonisnow.org/blog/feed/feed.xml
[2026-05-17 07:50:19] - https://www.moraex.com/feed
[2026-05-17 07:50:19] - http://www.cyys.net/wp/feed
[2026-05-17 07:50:19] - https://sizheng.org/feed
[2026-05-17 07:50:19] - https://blog.fooleap.org/atom.xml
[2026-05-17 07:50:19] ✘ 有 1 条订阅头像字段为空, 已使用默认头像:
[2026-05-17 07:50:19] - https://jt26wzz.com/rss.xml
[2026-05-17 08:39:49] 本次订阅抓取结果统计:
[2026-05-17 08:39:49] 共 49 条RSS, 成功抓取 39 条.
[2026-05-17 08:39:49] ✘ 有 10 条订阅解析失败:
[2026-05-17 08:39:49] - https://tumutanzi.com/feed
[2026-05-17 08:39:49] - https://geekinney.com/index.xml
[2026-05-17 08:39:49] - https://suus.me/atom.xml
[2026-05-17 08:39:49] - https://ilogs.cn/feed/
[2026-05-17 08:39:49] - https://shuiba.co/feed
[2026-05-17 08:39:49] - https://www.moraex.com/feed
[2026-05-17 08:39:49] - https://writings.howsoonisnow.org/blog/feed/feed.xml
[2026-05-17 08:39:49] - http://www.cyys.net/wp/feed
[2026-05-17 08:39:49] - https://sizheng.org/feed
[2026-05-17 08:39:49] - https://www.shephe.com/feed
[2026-05-17 08:39:49] ✘ 有 1 条订阅头像字段为空, 已使用默认头像:
[2026-05-17 08:39:49] - https://jt26wzz.com/rss.xml
[2026-05-17 09:31:04] 抓取到的文章与现有数据相同，无需更新。
[2026-05-17 10:27:42] 抓取到的文章与现有数据相同，无需更新。
[2026-05-17 11:24:00] 抓取到的文章与现有数据相同，无需更新。
