[2026-06-26 00:27:25] 本次订阅抓取结果统计:
[2026-06-26 00:27:25] 共 54 条RSS, 成功抓取 42 条.
[2026-06-26 00:27:25] ✘ 有 12 条订阅解析失败:
[2026-06-26 00:27:25] - https://geekinney.com/index.xml
[2026-06-26 00:27:25] - https://tumutanzi.com/feed
[2026-06-26 00:27:25] - https://suus.me/atom.xml
[2026-06-26 00:27:25] - https://www.shephe.com/feed
[2026-06-26 00:27:25] - https://bluehe.cn/rss.xml
[2026-06-26 00:27:25] - https://leixus.cn/index.php/feed/
[2026-06-26 00:27:25] - https://ilogs.cn/feed/
[2026-06-26 00:27:25] - https://www.moraex.com/feed
[2026-06-26 00:27:25] - https://writings.howsoonisnow.org/blog/feed/feed.xml
[2026-06-26 00:27:25] - https://sizheng.org/feed
[2026-06-26 00:27:25] - https://4op.top/index.xml
[2026-06-26 00:27:25] - https://ayayy.com/feed/
[2026-06-26 00:27:25] ✘ 有 1 条订阅头像字段为空, 已使用默认头像:
[2026-06-26 00:27:25] - https://jt26wzz.com/rss.xml
[2026-06-26 01:40:00] 本次订阅抓取结果统计:
[2026-06-26 01:40:00] 共 54 条RSS, 成功抓取 44 条.
[2026-06-26 01:40:00] ✘ 有 10 条订阅解析失败:
[2026-06-26 01:40:00] - https://geekinney.com/index.xml
[2026-06-26 01:40:00] - https://suus.me/atom.xml
[2026-06-26 01:40:00] - https://bluehe.cn/rss.xml
[2026-06-26 01:40:00] - https://www.shephe.com/feed
[2026-06-26 01:40:00] - https://writings.howsoonisnow.org/blog/feed/feed.xml
[2026-06-26 01:40:00] - https://ilogs.cn/feed/
[2026-06-26 01:40:00] - https://www.moraex.com/feed
[2026-06-26 01:40:00] - https://sizheng.org/feed
[2026-06-26 01:40:00] - https://4op.top/index.xml
[2026-06-26 01:40:00] - https://ayayy.com/feed/
[2026-06-26 01:40:00] ✘ 有 1 条订阅头像字段为空, 已使用默认头像:
[2026-06-26 01:40:00] - https://jt26wzz.com/rss.xml
[2026-06-26 03:00:54] 本次订阅抓取结果统计:
[2026-06-26 03:00:54] 共 54 条RSS, 成功抓取 44 条.
[2026-06-26 03:00:54] ✘ 有 10 条订阅解析失败:
[2026-06-26 03:00:54] - https://geekinney.com/index.xml
[2026-06-26 03:00:54] - https://suus.me/atom.xml
[2026-06-26 03:00:54] - https://bluehe.cn/rss.xml
[2026-06-26 03:00:54] - https://ilogs.cn/feed/
[2026-06-26 03:00:54] - https://www.shephe.com/feed
[2026-06-26 03:00:54] - https://www.moraex.com/feed
[2026-06-26 03:00:54] - https://writings.howsoonisnow.org/blog/feed/feed.xml
[2026-06-26 03:00:54] - https://sizheng.org/feed
[2026-06-26 03:00:54] - https://4op.top/index.xml
[2026-06-26 03:00:54] - https://ayayy.com/feed/
[2026-06-26 03:00:54] ✘ 有 1 条订阅头像字段为空, 已使用默认头像:
[2026-06-26 03:00:54] - https://jt26wzz.com/rss.xml
[2026-06-26 05:22:51] 本次订阅抓取结果统计:
[2026-06-26 05:22:51] 共 54 条RSS, 成功抓取 43 条.
[2026-06-26 05:22:51] ✘ 有 11 条订阅解析失败:
[2026-06-26 05:22:51] - https://geekinney.com/index.xml
[2026-06-26 05:22:51] - https://suus.me/atom.xml
[2026-06-26 05:22:51] - https://www.shephe.com/feed
[2026-06-26 05:22:51] - https://bluehe.cn/rss.xml
[2026-06-26 05:22:51] - https://ilogs.cn/feed/
[2026-06-26 05:22:51] - https://www.moraex.com/feed
[2026-06-26 05:22:51] - https://writings.howsoonisnow.org/blog/feed/feed.xml
[2026-06-26 05:22:51] - https://sizheng.org/feed
[2026-06-26 05:22:51] - https://4op.top/index.xml
[2026-06-26 05:22:51] - https://ayayy.com/feed/
[2026-06-26 05:22:51] - https://tumutanzi.com/feed
[2026-06-26 05:22:51] ✘ 有 1 条订阅头像字段为空, 已使用默认头像:
[2026-06-26 05:22:51] - https://jt26wzz.com/rss.xml
[2026-06-26 07:11:01] 本次订阅抓取结果统计:
[2026-06-26 07:11:01] 共 54 条RSS, 成功抓取 42 条.
[2026-06-26 07:11:01] ✘ 有 12 条订阅解析失败:
[2026-06-26 07:11:01] - https://geekinney.com/index.xml
[2026-06-26 07:11:01] - https://suus.me/atom.xml
[2026-06-26 07:11:01] - https://leixus.cn/index.php/feed/
[2026-06-26 07:11:01] - https://bluehe.cn/rss.xml
[2026-06-26 07:11:01] - https://www.shephe.com/feed
[2026-06-26 07:11:01] - https://ilogs.cn/feed/
[2026-06-26 07:11:01] - https://www.moraex.com/feed
[2026-06-26 07:11:01] - https://writings.howsoonisnow.org/blog/feed/feed.xml
[2026-06-26 07:11:01] - https://sizheng.org/feed
[2026-06-26 07:11:01] - https://4op.top/index.xml
[2026-06-26 07:11:01] - https://ayayy.com/feed/
[2026-06-26 07:11:01] - https://tumutanzi.com/feed
[2026-06-26 07:11:01] ✘ 有 1 条订阅头像字段为空, 已使用默认头像:
[2026-06-26 07:11:01] - https://jt26wzz.com/rss.xml
[2026-06-26 09:00:40] 本次订阅抓取结果统计:
[2026-06-26 09:00:40] 共 54 条RSS, 成功抓取 44 条.
[2026-06-26 09:00:40] ✘ 有 10 条订阅解析失败:
[2026-06-26 09:00:40] - https://geekinney.com/index.xml
[2026-06-26 09:00:40] - https://suus.me/atom.xml
[2026-06-26 09:00:40] - https://bluehe.cn/rss.xml
[2026-06-26 09:00:40] - https://www.shephe.com/feed
[2026-06-26 09:00:40] - https://ilogs.cn/feed/
[2026-06-26 09:00:40] - https://www.moraex.com/feed
[2026-06-26 09:00:40] - https://writings.howsoonisnow.org/blog/feed/feed.xml
[2026-06-26 09:00:40] - https://sizheng.org/feed
[2026-06-26 09:00:40] - https://4op.top/index.xml
[2026-06-26 09:00:40] - https://ayayy.com/feed/
[2026-06-26 09:00:40] ✘ 有 1 条订阅头像字段为空, 已使用默认头像:
[2026-06-26 09:00:40] - https://jt26wzz.com/rss.xml
