[2026-03-26 00:09:44] 抓取到的文章与现有数据相同，无需更新。
[2026-03-26 01:31:35] 抓取到的文章与现有数据相同，无需更新。
[2026-03-26 02:58:57] 本次订阅抓取结果统计:
[2026-03-26 02:58:57] 共 46 条RSS, 成功抓取 39 条.
[2026-03-26 02:58:57] ✘ 有 7 条订阅解析失败:
[2026-03-26 02:58:57] - https://tumutanzi.com/feed
[2026-03-26 02:58:57] - https://geekinney.com/index.xml
[2026-03-26 02:58:57] - https://suus.me/atom.xml
[2026-03-26 02:58:57] - https://shuiba.co/feed
[2026-03-26 02:58:57] - https://www.moraex.com/feed
[2026-03-26 02:58:57] - https://sizheng.org/feed
[2026-03-26 02:58:57] - https://ilogs.cn/feed/
[2026-03-26 04:01:35] 本次订阅抓取结果统计:
[2026-03-26 04:01:35] 共 46 条RSS, 成功抓取 40 条.
[2026-03-26 04:01:35] ✘ 有 6 条订阅解析失败:
[2026-03-26 04:01:35] - https://tumutanzi.com/feed
[2026-03-26 04:01:35] - https://geekinney.com/index.xml
[2026-03-26 04:01:35] - https://suus.me/atom.xml
[2026-03-26 04:01:35] - https://shuiba.co/feed
[2026-03-26 04:01:35] - https://sizheng.org/feed
[2026-03-26 04:01:35] - https://www.moraex.com/feed
[2026-03-26 05:30:38] 抓取到的文章与现有数据相同，无需更新。
[2026-03-26 06:20:37] 抓取到的文章与现有数据相同，无需更新。
[2026-03-26 07:25:31] 抓取到的文章与现有数据相同，无需更新。
[2026-03-26 08:13:32] 本次订阅抓取结果统计:
[2026-03-26 08:13:32] 共 46 条RSS, 成功抓取 40 条.
[2026-03-26 08:13:32] ✘ 有 6 条订阅解析失败:
[2026-03-26 08:13:32] - https://tumutanzi.com/feed
[2026-03-26 08:13:32] - https://geekinney.com/index.xml
[2026-03-26 08:13:32] - https://suus.me/atom.xml
[2026-03-26 08:13:32] - https://shuiba.co/feed
[2026-03-26 08:13:32] - https://www.moraex.com/feed
[2026-03-26 08:13:32] - https://sizheng.org/feed
[2026-03-26 09:18:19] 抓取到的文章与现有数据相同，无需更新。
[2026-03-26 10:17:04] 抓取到的文章与现有数据相同，无需更新。
[2026-03-26 11:16:59] 抓取到的文章与现有数据相同，无需更新。
[2026-03-26 12:12:41] 本次订阅抓取结果统计:
[2026-03-26 12:12:41] 共 46 条RSS, 成功抓取 40 条.
[2026-03-26 12:12:41] ✘ 有 6 条订阅解析失败:
[2026-03-26 12:12:41] - https://tumutanzi.com/feed
[2026-03-26 12:12:41] - https://geekinney.com/index.xml
[2026-03-26 12:12:41] - https://suus.me/atom.xml
[2026-03-26 12:12:41] - https://shuiba.co/feed
[2026-03-26 12:12:41] - https://www.moraex.com/feed
[2026-03-26 12:12:41] - https://sizheng.org/feed
[2026-03-26 13:28:51] 抓取到的文章与现有数据相同，无需更新。
[2026-03-26 14:28:47] 抓取到的文章与现有数据相同，无需更新。
[2026-03-26 15:25:38] 抓取到的文章与现有数据相同，无需更新。
[2026-03-26 16:23:03] 本次订阅抓取结果统计:
[2026-03-26 16:23:03] 共 46 条RSS, 成功抓取 40 条.
[2026-03-26 16:23:03] ✘ 有 6 条订阅解析失败:
[2026-03-26 16:23:03] - https://tumutanzi.com/feed
[2026-03-26 16:23:03] - https://geekinney.com/index.xml
[2026-03-26 16:23:03] - https://suus.me/atom.xml
[2026-03-26 16:23:03] - https://shuiba.co/feed
[2026-03-26 16:23:03] - https://sizheng.org/feed
[2026-03-26 16:23:03] - https://www.moraex.com/feed
