[2026-07-11 01:23:25] 本次订阅抓取结果统计:
[2026-07-11 01:23:25] 共 54 条RSS, 成功抓取 44 条.
[2026-07-11 01:23:25] ✘ 有 10 条订阅解析失败:
[2026-07-11 01:23:25] - https://geekinney.com/index.xml
[2026-07-11 01:23:25] - https://xyzbz.cn/feed
[2026-07-11 01:23:25] - https://suus.me/atom.xml
[2026-07-11 01:23:25] - https://ilogs.cn/feed/
[2026-07-11 01:23:25] - https://writings.howsoonisnow.org/blog/feed/feed.xml
[2026-07-11 01:23:25] - https://www.moraex.com/feed
[2026-07-11 01:23:25] - https://sizheng.org/feed
[2026-07-11 01:23:25] - https://www.shephe.com/feed
[2026-07-11 01:23:25] - https://4op.top/index.xml
[2026-07-11 01:23:25] - https://ayayy.com/feed/
[2026-07-11 01:23:25] ✘ 有 1 条订阅头像字段为空, 已使用默认头像:
[2026-07-11 01:23:25] - https://jt26wzz.com/rss.xml
[2026-07-11 04:51:35] 本次订阅抓取结果统计:
[2026-07-11 04:51:35] 共 54 条RSS, 成功抓取 45 条.
[2026-07-11 04:51:35] ✘ 有 9 条订阅解析失败:
[2026-07-11 04:51:35] - https://geekinney.com/index.xml
[2026-07-11 04:51:35] - https://suus.me/atom.xml
[2026-07-11 04:51:35] - https://www.shephe.com/feed
[2026-07-11 04:51:35] - https://ilogs.cn/feed/
[2026-07-11 04:51:35] - https://writings.howsoonisnow.org/blog/feed/feed.xml
[2026-07-11 04:51:35] - https://www.moraex.com/feed
[2026-07-11 04:51:35] - https://sizheng.org/feed
[2026-07-11 04:51:35] - https://4op.top/index.xml
[2026-07-11 04:51:35] - https://ayayy.com/feed/
[2026-07-11 04:51:35] ✘ 有 1 条订阅头像字段为空, 已使用默认头像:
[2026-07-11 04:51:35] - https://jt26wzz.com/rss.xml
[2026-07-11 07:04:08] 抓取到的文章与现有数据相同，无需更新。
[2026-07-11 09:14:54] 抓取到的文章与现有数据相同，无需更新。
[2026-07-11 10:51:59] 本次订阅抓取结果统计:
[2026-07-11 10:51:59] 共 54 条RSS, 成功抓取 44 条.
[2026-07-11 10:51:59] ✘ 有 10 条订阅解析失败:
[2026-07-11 10:51:59] - https://geekinney.com/index.xml
[2026-07-11 10:51:59] - https://freemind.pluskid.org/rss.xml
[2026-07-11 10:51:59] - https://suus.me/atom.xml
[2026-07-11 10:51:59] - https://ilogs.cn/feed/
[2026-07-11 10:51:59] - https://www.shephe.com/feed
[2026-07-11 10:51:59] - https://writings.howsoonisnow.org/blog/feed/feed.xml
[2026-07-11 10:51:59] - https://www.moraex.com/feed
[2026-07-11 10:51:59] - https://sizheng.org/feed
[2026-07-11 10:51:59] - https://4op.top/index.xml
[2026-07-11 10:51:59] - https://ayayy.com/feed/
[2026-07-11 10:51:59] ✘ 有 1 条订阅头像字段为空, 已使用默认头像:
[2026-07-11 10:51:59] - https://jt26wzz.com/rss.xml
