[2026-02-16 00:06:42] 抓取到的文章与现有数据相同，无需更新。
[2026-02-16 01:31:07] 本次订阅抓取结果统计:
[2026-02-16 01:31:07] 共 47 条RSS, 成功抓取 41 条.
[2026-02-16 01:31:07] ✘ 有 6 条订阅解析失败:
[2026-02-16 01:31:07] - https://tumutanzi.com/feed
[2026-02-16 01:31:07] - https://suus.me/atom.xml
[2026-02-16 01:31:07] - https://geekinney.com/index.xml
[2026-02-16 01:31:07] - https://shuiba.co/feed
[2026-02-16 01:31:07] - https://www.moraex.com/feed
[2026-02-16 01:31:07] - https://sizheng.org/feed
[2026-02-16 02:57:21] 抓取到的文章与现有数据相同，无需更新。
[2026-02-16 03:53:37] 本次订阅抓取结果统计:
[2026-02-16 03:53:37] 共 47 条RSS, 成功抓取 39 条.
[2026-02-16 03:53:37] ✘ 有 8 条订阅解析失败:
[2026-02-16 03:53:37] - https://tumutanzi.com/feed
[2026-02-16 03:53:37] - https://suus.me/atom.xml
[2026-02-16 03:53:37] - https://geekinney.com/index.xml
[2026-02-16 03:53:37] - https://leixus.cn/index.php/feed/
[2026-02-16 03:53:37] - https://www.luzhaojun.com/feed
[2026-02-16 03:53:37] - https://www.moraex.com/feed
[2026-02-16 03:53:37] - https://shuiba.co/feed
[2026-02-16 03:53:37] - https://sizheng.org/feed
[2026-02-16 04:39:43] 本次订阅抓取结果统计:
[2026-02-16 04:39:43] 共 47 条RSS, 成功抓取 41 条.
[2026-02-16 04:39:43] ✘ 有 6 条订阅解析失败:
[2026-02-16 04:39:43] - https://tumutanzi.com/feed
[2026-02-16 04:39:43] - https://suus.me/atom.xml
[2026-02-16 04:39:43] - https://geekinney.com/index.xml
[2026-02-16 04:39:43] - https://shuiba.co/feed
[2026-02-16 04:39:43] - https://www.moraex.com/feed
[2026-02-16 04:39:43] - https://sizheng.org/feed
[2026-02-16 05:28:57] 本次订阅抓取结果统计:
[2026-02-16 05:28:57] 共 47 条RSS, 成功抓取 41 条.
[2026-02-16 05:28:57] ✘ 有 6 条订阅解析失败:
[2026-02-16 05:28:57] - https://tumutanzi.com/feed
[2026-02-16 05:28:57] - https://suus.me/atom.xml
[2026-02-16 05:28:57] - https://geekinney.com/index.xml
[2026-02-16 05:28:57] - https://shuiba.co/feed
[2026-02-16 05:28:57] - https://sizheng.org/feed
[2026-02-16 05:28:57] - https://www.moraex.com/feed
[2026-02-16 06:19:10] 本次订阅抓取结果统计:
[2026-02-16 06:19:10] 共 47 条RSS, 成功抓取 41 条.
[2026-02-16 06:19:10] ✘ 有 6 条订阅解析失败:
[2026-02-16 06:19:10] - https://tumutanzi.com/feed
[2026-02-16 06:19:10] - https://suus.me/atom.xml
[2026-02-16 06:19:10] - https://geekinney.com/index.xml
[2026-02-16 06:19:10] - https://shuiba.co/feed
[2026-02-16 06:19:10] - https://sizheng.org/feed
[2026-02-16 06:19:10] - https://www.moraex.com/feed
[2026-02-16 07:21:44] 抓取到的文章与现有数据相同，无需更新。
[2026-02-16 08:09:44] 抓取到的文章与现有数据相同，无需更新。
[2026-02-16 09:14:34] 本次订阅抓取结果统计:
[2026-02-16 09:14:34] 共 47 条RSS, 成功抓取 41 条.
[2026-02-16 09:14:34] ✘ 有 6 条订阅解析失败:
[2026-02-16 09:14:34] - https://tumutanzi.com/feed
[2026-02-16 09:14:34] - https://suus.me/atom.xml
[2026-02-16 09:14:34] - https://geekinney.com/index.xml
[2026-02-16 09:14:34] - https://shuiba.co/feed
[2026-02-16 09:14:34] - https://www.moraex.com/feed
[2026-02-16 09:14:34] - https://sizheng.org/feed
