[2026-06-22 00:28:07] 本次订阅抓取结果统计:
[2026-06-22 00:28:07] 共 54 条RSS, 成功抓取 42 条.
[2026-06-22 00:28:07] ✘ 有 12 条订阅解析失败:
[2026-06-22 00:28:07] - https://geekinney.com/index.xml
[2026-06-22 00:28:07] - https://tumutanzi.com/feed
[2026-06-22 00:28:07] - https://suus.me/atom.xml
[2026-06-22 00:28:07] - https://www.shephe.com/feed
[2026-06-22 00:28:07] - https://bluehe.cn/rss.xml
[2026-06-22 00:28:07] - https://leixus.cn/index.php/feed/
[2026-06-22 00:28:07] - https://ilogs.cn/feed/
[2026-06-22 00:28:07] - https://www.moraex.com/feed
[2026-06-22 00:28:07] - https://writings.howsoonisnow.org/blog/feed/feed.xml
[2026-06-22 00:28:07] - https://sizheng.org/feed
[2026-06-22 00:28:07] - https://4op.top/index.xml
[2026-06-22 00:28:07] - https://ayayy.com/feed/
[2026-06-22 00:28:07] ✘ 有 1 条订阅头像字段为空, 已使用默认头像:
[2026-06-22 00:28:07] - https://jt26wzz.com/rss.xml
[2026-06-22 01:47:16] 本次订阅抓取结果统计:
[2026-06-22 01:47:16] 共 54 条RSS, 成功抓取 41 条.
[2026-06-22 01:47:16] ✘ 有 13 条订阅解析失败:
[2026-06-22 01:47:16] - https://tumutanzi.com/feed
[2026-06-22 01:47:16] - https://geekinney.com/index.xml
[2026-06-22 01:47:16] - https://freemind.pluskid.org/rss.xml
[2026-06-22 01:47:16] - https://suus.me/atom.xml
[2026-06-22 01:47:16] - https://www.shephe.com/feed
[2026-06-22 01:47:16] - https://leixus.cn/index.php/feed/
[2026-06-22 01:47:16] - https://bluehe.cn/rss.xml
[2026-06-22 01:47:16] - https://ilogs.cn/feed/
[2026-06-22 01:47:16] - https://writings.howsoonisnow.org/blog/feed/feed.xml
[2026-06-22 01:47:16] - https://sizheng.org/feed
[2026-06-22 01:47:16] - https://www.moraex.com/feed
[2026-06-22 01:47:16] - https://4op.top/index.xml
[2026-06-22 01:47:16] - https://ayayy.com/feed/
[2026-06-22 01:47:16] ✘ 有 1 条订阅头像字段为空, 已使用默认头像:
[2026-06-22 01:47:16] - https://jt26wzz.com/rss.xml
[2026-06-22 03:02:19] 本次订阅抓取结果统计:
[2026-06-22 03:02:19] 共 54 条RSS, 成功抓取 44 条.
[2026-06-22 03:02:19] ✘ 有 10 条订阅解析失败:
[2026-06-22 03:02:19] - https://geekinney.com/index.xml
[2026-06-22 03:02:19] - https://suus.me/atom.xml
[2026-06-22 03:02:19] - https://www.shephe.com/feed
[2026-06-22 03:02:19] - https://bluehe.cn/rss.xml
[2026-06-22 03:02:19] - https://ilogs.cn/feed/
[2026-06-22 03:02:19] - https://writings.howsoonisnow.org/blog/feed/feed.xml
[2026-06-22 03:02:19] - https://sizheng.org/feed
[2026-06-22 03:02:19] - https://www.moraex.com/feed
[2026-06-22 03:02:19] - https://4op.top/index.xml
[2026-06-22 03:02:19] - https://ayayy.com/feed/
[2026-06-22 03:02:19] ✘ 有 1 条订阅头像字段为空, 已使用默认头像:
[2026-06-22 03:02:19] - https://jt26wzz.com/rss.xml
[2026-06-22 05:44:16] 本次订阅抓取结果统计:
[2026-06-22 05:44:16] 共 54 条RSS, 成功抓取 44 条.
[2026-06-22 05:44:16] ✘ 有 10 条订阅解析失败:
[2026-06-22 05:44:16] - https://geekinney.com/index.xml
[2026-06-22 05:44:16] - https://suus.me/atom.xml
[2026-06-22 05:44:16] - https://bluehe.cn/rss.xml
[2026-06-22 05:44:16] - https://www.shephe.com/feed
[2026-06-22 05:44:16] - https://ilogs.cn/feed/
[2026-06-22 05:44:16] - https://writings.howsoonisnow.org/blog/feed/feed.xml
[2026-06-22 05:44:16] - https://www.moraex.com/feed
[2026-06-22 05:44:16] - https://sizheng.org/feed
[2026-06-22 05:44:16] - https://4op.top/index.xml
[2026-06-22 05:44:16] - https://ayayy.com/feed/
[2026-06-22 05:44:16] ✘ 有 1 条订阅头像字段为空, 已使用默认头像:
[2026-06-22 05:44:16] - https://jt26wzz.com/rss.xml
[2026-06-22 07:48:50] 本次订阅抓取结果统计:
[2026-06-22 07:48:50] 共 54 条RSS, 成功抓取 44 条.
[2026-06-22 07:48:50] ✘ 有 10 条订阅解析失败:
[2026-06-22 07:48:50] - https://geekinney.com/index.xml
[2026-06-22 07:48:50] - https://suus.me/atom.xml
[2026-06-22 07:48:50] - https://bluehe.cn/rss.xml
[2026-06-22 07:48:50] - https://ilogs.cn/feed/
[2026-06-22 07:48:50] - https://www.shephe.com/feed
[2026-06-22 07:48:50] - https://writings.howsoonisnow.org/blog/feed/feed.xml
[2026-06-22 07:48:50] - https://sizheng.org/feed
[2026-06-22 07:48:50] - https://www.moraex.com/feed
[2026-06-22 07:48:50] - https://4op.top/index.xml
[2026-06-22 07:48:50] - https://ayayy.com/feed/
[2026-06-22 07:48:50] ✘ 有 1 条订阅头像字段为空, 已使用默认头像:
[2026-06-22 07:48:50] - https://jt26wzz.com/rss.xml
[2026-06-22 09:55:29] 抓取到的文章与现有数据相同，无需更新。
[2026-06-22 11:59:56] 抓取到的文章与现有数据相同，无需更新。
