[2026-02-23 00:06:25] 本次订阅抓取结果统计:
[2026-02-23 00:06:25] 共 47 条RSS, 成功抓取 39 条.
[2026-02-23 00:06:25] ✘ 有 8 条订阅解析失败:
[2026-02-23 00:06:25] - https://tumutanzi.com/feed
[2026-02-23 00:06:25] - https://suus.me/atom.xml
[2026-02-23 00:06:25] - https://geekinney.com/index.xml
[2026-02-23 00:06:25] - https://leixus.cn/index.php/feed/
[2026-02-23 00:06:25] - https://www.luzhaojun.com/feed
[2026-02-23 00:06:25] - https://shuiba.co/feed
[2026-02-23 00:06:25] - https://www.moraex.com/feed
[2026-02-23 00:06:25] - https://sizheng.org/feed
[2026-02-23 01:31:01] 本次订阅抓取结果统计:
[2026-02-23 01:31:01] 共 47 条RSS, 成功抓取 41 条.
[2026-02-23 01:31:01] ✘ 有 6 条订阅解析失败:
[2026-02-23 01:31:01] - https://tumutanzi.com/feed
[2026-02-23 01:31:01] - https://suus.me/atom.xml
[2026-02-23 01:31:01] - https://geekinney.com/index.xml
[2026-02-23 01:31:01] - https://shuiba.co/feed
[2026-02-23 01:31:01] - https://sizheng.org/feed
[2026-02-23 01:31:01] - https://www.moraex.com/feed
[2026-02-23 02:57:33] 抓取到的文章与现有数据相同，无需更新。
[2026-02-23 03:53:04] 抓取到的文章与现有数据相同，无需更新。
[2026-02-23 04:38:32] 抓取到的文章与现有数据相同，无需更新。
[2026-02-23 05:28:41] 抓取到的文章与现有数据相同，无需更新。
[2026-02-23 06:18:57] 抓取到的文章与现有数据相同，无需更新。
[2026-02-23 07:21:55] 抓取到的文章与现有数据相同，无需更新。
[2026-02-23 08:10:22] 抓取到的文章与现有数据相同，无需更新。
[2026-02-23 09:15:02] 抓取到的文章与现有数据相同，无需更新。
[2026-02-23 10:16:40] 抓取到的文章与现有数据相同，无需更新。
[2026-02-23 11:14:22] 抓取到的文章与现有数据相同，无需更新。
[2026-02-23 12:07:10] 抓取到的文章与现有数据相同，无需更新。
[2026-02-23 13:27:44] 本次订阅抓取结果统计:
[2026-02-23 13:27:44] 共 47 条RSS, 成功抓取 41 条.
[2026-02-23 13:27:44] ✘ 有 6 条订阅解析失败:
[2026-02-23 13:27:44] - https://tumutanzi.com/feed
[2026-02-23 13:27:44] - https://geekinney.com/index.xml
[2026-02-23 13:27:44] - https://suus.me/atom.xml
[2026-02-23 13:27:44] - https://shuiba.co/feed
[2026-02-23 13:27:44] - https://www.moraex.com/feed
[2026-02-23 13:27:44] - https://sizheng.org/feed
[2026-02-23 14:17:36] 抓取到的文章与现有数据相同，无需更新。
[2026-02-23 15:14:50] 本次订阅抓取结果统计:
[2026-02-23 15:14:50] 共 47 条RSS, 成功抓取 41 条.
[2026-02-23 15:14:50] ✘ 有 6 条订阅解析失败:
[2026-02-23 15:14:50] - https://tumutanzi.com/feed
[2026-02-23 15:14:50] - https://geekinney.com/index.xml
[2026-02-23 15:14:50] - https://suus.me/atom.xml
[2026-02-23 15:14:50] - https://shuiba.co/feed
[2026-02-23 15:14:50] - https://www.moraex.com/feed
[2026-02-23 15:14:50] - https://sizheng.org/feed
[2026-02-23 16:14:54] 抓取到的文章与现有数据相同，无需更新。
[2026-02-23 17:21:47] 本次订阅抓取结果统计:
[2026-02-23 17:21:47] 共 47 条RSS, 成功抓取 41 条.
[2026-02-23 17:21:47] ✘ 有 6 条订阅解析失败:
[2026-02-23 17:21:47] - https://tumutanzi.com/feed
[2026-02-23 17:21:47] - https://geekinney.com/index.xml
[2026-02-23 17:21:47] - https://suus.me/atom.xml
[2026-02-23 17:21:47] - https://shuiba.co/feed
[2026-02-23 17:21:47] - https://sizheng.org/feed
[2026-02-23 17:21:47] - https://www.moraex.com/feed
[2026-02-23 18:16:59] 抓取到的文章与现有数据相同，无需更新。
