[2026-05-15 00:20:36] 抓取到的文章与现有数据相同，无需更新。
[2026-05-15 01:33:52] 抓取到的文章与现有数据相同，无需更新。
[2026-05-15 03:01:21] 抓取到的文章与现有数据相同，无需更新。
[2026-05-15 04:29:29] [WARN] 加载头像映射失败: failed to fetch avatar map: Get "https://cos.lhasa.icu/lhasaRSS/avatar.json": context deadline exceeded (Client.Timeout exceeded while awaiting headers)
[2026-05-15 04:33:33] 本次订阅抓取结果统计:
[2026-05-15 04:33:33] 共 49 条RSS, 成功抓取 34 条.
[2026-05-15 04:33:33] ✘ 有 15 条订阅解析失败:
[2026-05-15 04:33:33] - https://tumutanzi.com/feed
[2026-05-15 04:33:33] - https://geekinney.com/index.xml
[2026-05-15 04:33:33] - https://suus.me/atom.xml
[2026-05-15 04:33:33] - https://www.shephe.com/feed
[2026-05-15 04:33:33] - https://shuiba.co/feed
[2026-05-15 04:33:33] - https://writings.howsoonisnow.org/blog/feed/feed.xml
[2026-05-15 04:33:33] - http://www.cyys.net/wp/feed
[2026-05-15 04:33:33] - https://sizheng.org/feed
[2026-05-15 04:33:33] - https://zhongxiaojie.com/feed
[2026-05-15 04:33:33] - https://xyzbz.cn/feed
[2026-05-15 04:33:33] - https://www.mrhe.net/feed
[2026-05-15 04:33:33] - https://www.laomuzhu.cn/feed/
[2026-05-15 04:33:33] - https://www.moraex.com/feed
[2026-05-15 04:33:33] - https://bluehe.cn/rss.xml
[2026-05-15 04:33:33] - https://ilogs.cn/feed/
[2026-05-15 04:33:33] ✘ 有 1 条订阅头像字段为空, 已使用默认头像:
[2026-05-15 04:33:33] - https://mayx.eu.org/atom.xml
[2026-05-15 04:33:33] ✘ 有 4 条订阅头像无法访问, 已使用默认头像:
[2026-05-15 04:33:33] - https://laike9m.com/blog/rss/
[2026-05-15 04:33:33] - https://skywind.me/blog/feed
[2026-05-15 04:33:33] - https://byvoid.com/zhs/feed.xml
[2026-05-15 04:33:33] - https://blog.fueis.com/feed
