[2026-06-28 00:23:42] 本次订阅抓取结果统计:
[2026-06-28 00:23:42] 共 54 条RSS, 成功抓取 45 条.
[2026-06-28 00:23:42] ✘ 有 9 条订阅解析失败:
[2026-06-28 00:23:42] - https://geekinney.com/index.xml
[2026-06-28 00:23:42] - https://suus.me/atom.xml
[2026-06-28 00:23:42] - https://www.shephe.com/feed
[2026-06-28 00:23:42] - https://ilogs.cn/feed/
[2026-06-28 00:23:42] - https://www.moraex.com/feed
[2026-06-28 00:23:42] - https://writings.howsoonisnow.org/blog/feed/feed.xml
[2026-06-28 00:23:42] - https://sizheng.org/feed
[2026-06-28 00:23:42] - https://4op.top/index.xml
[2026-06-28 00:23:42] - https://ayayy.com/feed/
[2026-06-28 00:23:42] ✘ 有 1 条订阅头像字段为空, 已使用默认头像:
[2026-06-28 00:23:42] - https://jt26wzz.com/rss.xml
[2026-06-28 01:39:26] 本次订阅抓取结果统计:
[2026-06-28 01:39:26] 共 54 条RSS, 成功抓取 43 条.
[2026-06-28 01:39:26] ✘ 有 11 条订阅解析失败:
[2026-06-28 01:39:26] - https://geekinney.com/index.xml
[2026-06-28 01:39:26] - https://suus.me/atom.xml
[2026-06-28 01:39:26] - https://www.shephe.com/feed
[2026-06-28 01:39:26] - https://bluehe.cn/rss.xml
[2026-06-28 01:39:26] - https://ilogs.cn/feed/
[2026-06-28 01:39:26] - https://writings.howsoonisnow.org/blog/feed/feed.xml
[2026-06-28 01:39:26] - https://www.moraex.com/feed
[2026-06-28 01:39:26] - https://sizheng.org/feed
[2026-06-28 01:39:26] - https://4op.top/index.xml
[2026-06-28 01:39:26] - https://ayayy.com/feed/
[2026-06-28 01:39:26] - https://xyzbz.cn/feed
[2026-06-28 01:39:26] ✘ 有 1 条订阅头像字段为空, 已使用默认头像:
[2026-06-28 01:39:26] - https://jt26wzz.com/rss.xml
[2026-06-28 03:01:06] 本次订阅抓取结果统计:
[2026-06-28 03:01:06] 共 54 条RSS, 成功抓取 42 条.
[2026-06-28 03:01:06] ✘ 有 12 条订阅解析失败:
[2026-06-28 03:01:06] - https://geekinney.com/index.xml
[2026-06-28 03:01:06] - https://tumutanzi.com/feed
[2026-06-28 03:01:06] - https://suus.me/atom.xml
[2026-06-28 03:01:06] - https://www.shephe.com/feed
[2026-06-28 03:01:06] - https://leixus.cn/index.php/feed/
[2026-06-28 03:01:06] - https://bluehe.cn/rss.xml
[2026-06-28 03:01:06] - https://ilogs.cn/feed/
[2026-06-28 03:01:06] - https://www.moraex.com/feed
[2026-06-28 03:01:06] - https://writings.howsoonisnow.org/blog/feed/feed.xml
[2026-06-28 03:01:06] - https://sizheng.org/feed
[2026-06-28 03:01:06] - https://4op.top/index.xml
[2026-06-28 03:01:06] - https://ayayy.com/feed/
[2026-06-28 03:01:06] ✘ 有 1 条订阅头像字段为空, 已使用默认头像:
[2026-06-28 03:01:06] - https://jt26wzz.com/rss.xml
[2026-06-28 05:27:05] 抓取到的文章与现有数据相同，无需更新。
[2026-06-28 07:15:23] 抓取到的文章与现有数据相同，无需更新。
[2026-06-28 08:59:04] [WARN] 加载头像映射失败: failed to fetch avatar map: Get "https://cos.lhasa.icu/lhasaRSS/avatar.json": context deadline exceeded (Client.Timeout exceeded while awaiting headers)
[2026-06-28 08:59:21] 本次订阅抓取结果统计:
[2026-06-28 08:59:21] 共 54 条RSS, 成功抓取 44 条.
[2026-06-28 08:59:21] ✘ 有 10 条订阅解析失败:
[2026-06-28 08:59:21] - https://geekinney.com/index.xml
[2026-06-28 08:59:21] - https://suus.me/atom.xml
[2026-06-28 08:59:21] - https://www.shephe.com/feed
[2026-06-28 08:59:21] - https://bluehe.cn/rss.xml
[2026-06-28 08:59:21] - https://ilogs.cn/feed/
[2026-06-28 08:59:21] - https://writings.howsoonisnow.org/blog/feed/feed.xml
[2026-06-28 08:59:21] - https://www.moraex.com/feed
[2026-06-28 08:59:21] - https://sizheng.org/feed
[2026-06-28 08:59:21] - https://4op.top/index.xml
[2026-06-28 08:59:21] - https://ayayy.com/feed/
[2026-06-28 08:59:21] ✘ 有 1 条订阅头像字段为空, 已使用默认头像:
[2026-06-28 08:59:21] - https://mayx.eu.org/atom.xml
[2026-06-28 08:59:21] ✘ 有 4 条订阅头像无法访问, 已使用默认头像:
[2026-06-28 08:59:21] - https://laike9m.com/blog/rss/
[2026-06-28 08:59:21] - https://skywind.me/blog/feed
[2026-06-28 08:59:21] - https://xyzbz.cn/feed
[2026-06-28 08:59:21] - https://byvoid.com/zhs/feed.xml
[2026-06-28 10:03:53] 本次订阅抓取结果统计:
[2026-06-28 10:03:53] 共 54 条RSS, 成功抓取 44 条.
[2026-06-28 10:03:53] ✘ 有 10 条订阅解析失败:
[2026-06-28 10:03:53] - https://geekinney.com/index.xml
[2026-06-28 10:03:53] - https://suus.me/atom.xml
[2026-06-28 10:03:53] - https://www.shephe.com/feed
[2026-06-28 10:03:53] - https://bluehe.cn/rss.xml
[2026-06-28 10:03:53] - https://ilogs.cn/feed/
[2026-06-28 10:03:53] - https://writings.howsoonisnow.org/blog/feed/feed.xml
[2026-06-28 10:03:53] - https://www.moraex.com/feed
[2026-06-28 10:03:53] - https://sizheng.org/feed
[2026-06-28 10:03:53] - https://4op.top/index.xml
[2026-06-28 10:03:53] - https://ayayy.com/feed/
[2026-06-28 10:03:53] ✘ 有 1 条订阅头像字段为空, 已使用默认头像:
[2026-06-28 10:03:53] - https://jt26wzz.com/rss.xml
[2026-06-28 11:31:33] 本次订阅抓取结果统计:
[2026-06-28 11:31:33] 共 54 条RSS, 成功抓取 42 条.
[2026-06-28 11:31:33] ✘ 有 12 条订阅解析失败:
[2026-06-28 11:31:33] - https://geekinney.com/index.xml
[2026-06-28 11:31:33] - https://tumutanzi.com/feed
[2026-06-28 11:31:33] - https://suus.me/atom.xml
[2026-06-28 11:31:33] - https://www.shephe.com/feed
[2026-06-28 11:31:33] - https://leixus.cn/index.php/feed/
[2026-06-28 11:31:33] - https://bluehe.cn/rss.xml
[2026-06-28 11:31:33] - https://ilogs.cn/feed/
[2026-06-28 11:31:33] - https://writings.howsoonisnow.org/blog/feed/feed.xml
[2026-06-28 11:31:33] - https://www.moraex.com/feed
[2026-06-28 11:31:33] - https://sizheng.org/feed
[2026-06-28 11:31:33] - https://4op.top/index.xml
[2026-06-28 11:31:33] - https://ayayy.com/feed/
[2026-06-28 11:31:33] ✘ 有 1 条订阅头像字段为空, 已使用默认头像:
[2026-06-28 11:31:33] - https://jt26wzz.com/rss.xml
[2026-06-28 12:22:37] 本次订阅抓取结果统计:
[2026-06-28 12:22:37] 共 54 条RSS, 成功抓取 44 条.
[2026-06-28 12:22:37] ✘ 有 10 条订阅解析失败:
[2026-06-28 12:22:37] - https://geekinney.com/index.xml
[2026-06-28 12:22:37] - https://suus.me/atom.xml
[2026-06-28 12:22:37] - https://bluehe.cn/rss.xml
[2026-06-28 12:22:37] - https://ilogs.cn/feed/
[2026-06-28 12:22:37] - https://www.shephe.com/feed
[2026-06-28 12:22:37] - https://www.moraex.com/feed
[2026-06-28 12:22:37] - https://writings.howsoonisnow.org/blog/feed/feed.xml
[2026-06-28 12:22:37] - https://sizheng.org/feed
[2026-06-28 12:22:37] - https://4op.top/index.xml
[2026-06-28 12:22:37] - https://ayayy.com/feed/
[2026-06-28 12:22:37] ✘ 有 1 条订阅头像字段为空, 已使用默认头像:
[2026-06-28 12:22:37] - https://jt26wzz.com/rss.xml
[2026-06-28 13:30:12] 本次订阅抓取结果统计:
[2026-06-28 13:30:12] 共 54 条RSS, 成功抓取 44 条.
[2026-06-28 13:30:12] ✘ 有 10 条订阅解析失败:
[2026-06-28 13:30:12] - https://geekinney.com/index.xml
[2026-06-28 13:30:12] - https://suus.me/atom.xml
[2026-06-28 13:30:12] - https://bluehe.cn/rss.xml
[2026-06-28 13:30:12] - https://ilogs.cn/feed/
[2026-06-28 13:30:12] - https://www.moraex.com/feed
[2026-06-28 13:30:12] - https://www.shephe.com/feed
[2026-06-28 13:30:12] - https://writings.howsoonisnow.org/blog/feed/feed.xml
[2026-06-28 13:30:12] - https://sizheng.org/feed
[2026-06-28 13:30:12] - https://4op.top/index.xml
[2026-06-28 13:30:12] - https://ayayy.com/feed/
[2026-06-28 13:30:12] ✘ 有 1 条订阅头像字段为空, 已使用默认头像:
[2026-06-28 13:30:12] - https://jt26wzz.com/rss.xml
[2026-06-28 14:31:50] 抓取到的文章与现有数据相同，无需更新。
[2026-06-28 15:25:58] 抓取到的文章与现有数据相同，无需更新。
