[2026-01-16 00:04:28] [WARN] 加载头像映射失败: failed to fetch avatar map: Get "https://cos.lhasa.icu/lhasaRSS/avatar.json": tls: failed to verify certificate: x509: certificate has expired or is not yet valid: current time 2026-01-16T00:04:28Z is after 2026-01-15T23:59:59Z
[2026-01-16 00:05:26] 本次订阅抓取结果统计:
[2026-01-16 00:05:26] 共 43 条RSS, 成功抓取 37 条.
[2026-01-16 00:05:26] ✘ 有 6 条订阅解析失败:
[2026-01-16 00:05:26] - https://tumutanzi.com/feed
[2026-01-16 00:05:26] - https://oba.by/feed
[2026-01-16 00:05:26] - https://geekinney.com/index.xml
[2026-01-16 00:05:26] - https://suus.me/atom.xml
[2026-01-16 00:05:26] - https://www.moraex.com/feed
[2026-01-16 00:05:26] - https://skywind.me/blog/feed
[2026-01-16 00:05:26] ✘ 有 1 条订阅头像字段为空, 已使用默认头像:
[2026-01-16 00:05:26] - https://mayx.eu.org/atom.xml
[2026-01-16 00:05:26] ✘ 有 3 条订阅头像无法访问, 已使用默认头像:
[2026-01-16 00:05:26] - https://laike9m.com/blog/rss/
[2026-01-16 00:05:26] - https://byvoid.com/zhs/feed.xml
[2026-01-16 00:05:26] - https://www.mrhe.net/feed
[2026-01-16 01:29:56] [WARN] 加载头像映射失败: failed to fetch avatar map: Get "https://cos.lhasa.icu/lhasaRSS/avatar.json": tls: failed to verify certificate: x509: certificate has expired or is not yet valid: current time 2026-01-16T01:29:55Z is after 2026-01-15T23:59:59Z
[2026-01-16 01:30:52] 抓取到的文章与现有数据相同，无需更新。
[2026-01-16 02:36:59] [WARN] 加载头像映射失败: failed to fetch avatar map: Get "https://cos.lhasa.icu/lhasaRSS/avatar.json": tls: failed to verify certificate: x509: certificate has expired or is not yet valid: current time 2026-01-16T02:36:59Z is after 2026-01-15T23:59:59Z
[2026-01-16 02:37:18] 本次订阅抓取结果统计:
[2026-01-16 02:37:18] 共 43 条RSS, 成功抓取 38 条.
[2026-01-16 02:37:18] ✘ 有 5 条订阅解析失败:
[2026-01-16 02:37:18] - https://tumutanzi.com/feed
[2026-01-16 02:37:18] - https://oba.by/feed
[2026-01-16 02:37:18] - https://suus.me/atom.xml
[2026-01-16 02:37:18] - https://geekinney.com/index.xml
[2026-01-16 02:37:18] - https://www.moraex.com/feed
[2026-01-16 02:37:18] ✘ 有 1 条订阅头像字段为空, 已使用默认头像:
[2026-01-16 02:37:18] - https://mayx.eu.org/atom.xml
[2026-01-16 02:37:18] ✘ 有 4 条订阅头像无法访问, 已使用默认头像:
[2026-01-16 02:37:18] - https://laike9m.com/blog/rss/
[2026-01-16 02:37:18] - https://skywind.me/blog/feed
[2026-01-16 02:37:18] - https://www.mrhe.net/feed
[2026-01-16 02:37:18] - https://byvoid.com/zhs/feed.xml
