[2026-02-25 00:08:16] 抓取到的文章与现有数据相同，无需更新。
[2026-02-25 01:31:11] 抓取到的文章与现有数据相同，无需更新。
[2026-02-25 02:56:46] 抓取到的文章与现有数据相同，无需更新。
[2026-02-25 03:48:47] 抓取到的文章与现有数据相同，无需更新。
[2026-02-25 04:35:39] 抓取到的文章与现有数据相同，无需更新。
[2026-02-25 05:27:25] 本次订阅抓取结果统计:
[2026-02-25 05:27:25] 共 47 条RSS, 成功抓取 41 条.
[2026-02-25 05:27:25] ✘ 有 6 条订阅解析失败:
[2026-02-25 05:27:25] - https://tumutanzi.com/feed
[2026-02-25 05:27:25] - https://suus.me/atom.xml
[2026-02-25 05:27:25] - https://geekinney.com/index.xml
[2026-02-25 05:27:25] - https://shuiba.co/feed
[2026-02-25 05:27:25] - https://sizheng.org/feed
[2026-02-25 05:27:25] - https://www.moraex.com/feed
[2026-02-25 06:19:52] 本次订阅抓取结果统计:
[2026-02-25 06:19:52] 共 47 条RSS, 成功抓取 41 条.
[2026-02-25 06:19:52] ✘ 有 6 条订阅解析失败:
[2026-02-25 06:19:52] - https://tumutanzi.com/feed
[2026-02-25 06:19:52] - https://geekinney.com/index.xml
[2026-02-25 06:19:52] - https://suus.me/atom.xml
[2026-02-25 06:19:52] - https://shuiba.co/feed
[2026-02-25 06:19:52] - https://sizheng.org/feed
[2026-02-25 06:19:52] - https://www.moraex.com/feed
[2026-02-25 07:20:00] 抓取到的文章与现有数据相同，无需更新。
[2026-02-25 08:11:18] 本次订阅抓取结果统计:
[2026-02-25 08:11:18] 共 47 条RSS, 成功抓取 40 条.
[2026-02-25 08:11:18] ✘ 有 7 条订阅解析失败:
[2026-02-25 08:11:18] - https://tumutanzi.com/feed
[2026-02-25 08:11:18] - https://suus.me/atom.xml
[2026-02-25 08:11:18] - https://geekinney.com/index.xml
[2026-02-25 08:11:18] - https://shuiba.co/feed
[2026-02-25 08:11:18] - https://www.moraex.com/feed
[2026-02-25 08:11:18] - https://sizheng.org/feed
[2026-02-25 08:11:18] - https://freemind.pluskid.org/rss.xml
[2026-02-25 09:15:09] 本次订阅抓取结果统计:
[2026-02-25 09:15:09] 共 47 条RSS, 成功抓取 41 条.
[2026-02-25 09:15:09] ✘ 有 6 条订阅解析失败:
[2026-02-25 09:15:09] - https://tumutanzi.com/feed
[2026-02-25 09:15:09] - https://suus.me/atom.xml
[2026-02-25 09:15:09] - https://geekinney.com/index.xml
[2026-02-25 09:15:09] - https://shuiba.co/feed
[2026-02-25 09:15:09] - https://www.moraex.com/feed
[2026-02-25 09:15:09] - https://sizheng.org/feed
[2026-02-25 10:15:54] 抓取到的文章与现有数据相同，无需更新。
[2026-02-25 11:14:48] 抓取到的文章与现有数据相同，无需更新。
[2026-02-25 12:07:37] 抓取到的文章与现有数据相同，无需更新。
[2026-02-25 13:27:58] 抓取到的文章与现有数据相同，无需更新。
[2026-02-25 14:18:19] 抓取到的文章与现有数据相同，无需更新。
[2026-02-25 15:17:17] 抓取到的文章与现有数据相同，无需更新。
[2026-02-25 16:21:59] 抓取到的文章与现有数据相同，无需更新。
[2026-02-25 17:21:57] 本次订阅抓取结果统计:
[2026-02-25 17:21:57] 共 47 条RSS, 成功抓取 40 条.
[2026-02-25 17:21:57] ✘ 有 7 条订阅解析失败:
[2026-02-25 17:21:57] - https://tumutanzi.com/feed
[2026-02-25 17:21:57] - https://geekinney.com/index.xml
[2026-02-25 17:21:57] - https://suus.me/atom.xml
[2026-02-25 17:21:57] - https://shuiba.co/feed
[2026-02-25 17:21:57] - https://www.moraex.com/feed
[2026-02-25 17:21:57] - https://sizheng.org/feed
[2026-02-25 17:21:57] - https://freemind.pluskid.org/rss.xml
[2026-02-25 18:19:14] 本次订阅抓取结果统计:
[2026-02-25 18:19:14] 共 47 条RSS, 成功抓取 40 条.
[2026-02-25 18:19:14] ✘ 有 7 条订阅解析失败:
[2026-02-25 18:19:14] - https://tumutanzi.com/feed
[2026-02-25 18:19:14] - https://geekinney.com/index.xml
[2026-02-25 18:19:14] - https://suus.me/atom.xml
[2026-02-25 18:19:14] - https://shuiba.co/feed
[2026-02-25 18:19:14] - https://sizheng.org/feed
[2026-02-25 18:19:14] - https://www.moraex.com/feed
[2026-02-25 18:19:14] - http://www.auiou.com/feed/
[2026-02-25 19:21:11] 本次订阅抓取结果统计:
[2026-02-25 19:21:11] 共 47 条RSS, 成功抓取 41 条.
[2026-02-25 19:21:11] ✘ 有 6 条订阅解析失败:
[2026-02-25 19:21:11] - https://tumutanzi.com/feed
[2026-02-25 19:21:11] - https://geekinney.com/index.xml
[2026-02-25 19:21:11] - https://suus.me/atom.xml
[2026-02-25 19:21:11] - https://shuiba.co/feed
[2026-02-25 19:21:11] - https://www.moraex.com/feed
[2026-02-25 19:21:11] - https://sizheng.org/feed
[2026-02-25 20:07:21] 抓取到的文章与现有数据相同，无需更新。
[2026-02-25 21:07:31] 抓取到的文章与现有数据相同，无需更新。
[2026-02-25 22:04:41] 本次订阅抓取结果统计:
[2026-02-25 22:04:41] 共 47 条RSS, 成功抓取 39 条.
[2026-02-25 22:04:41] ✘ 有 8 条订阅解析失败:
[2026-02-25 22:04:41] - https://tumutanzi.com/feed
[2026-02-25 22:04:41] - https://geekinney.com/index.xml
[2026-02-25 22:04:41] - https://suus.me/atom.xml
[2026-02-25 22:04:41] - https://leixus.cn/index.php/feed/
[2026-02-25 22:04:41] - https://www.luzhaojun.com/feed
[2026-02-25 22:04:41] - https://shuiba.co/feed
[2026-02-25 22:04:41] - https://www.moraex.com/feed
[2026-02-25 22:04:41] - https://sizheng.org/feed
[2026-02-25 23:07:22] 本次订阅抓取结果统计:
[2026-02-25 23:07:22] 共 47 条RSS, 成功抓取 41 条.
[2026-02-25 23:07:22] ✘ 有 6 条订阅解析失败:
[2026-02-25 23:07:22] - https://tumutanzi.com/feed
[2026-02-25 23:07:22] - https://geekinney.com/index.xml
[2026-02-25 23:07:22] - https://suus.me/atom.xml
[2026-02-25 23:07:22] - https://shuiba.co/feed
[2026-02-25 23:07:22] - https://www.moraex.com/feed
[2026-02-25 23:07:22] - https://sizheng.org/feed
