[2026-03-19 00:08:31] 抓取到的文章与现有数据相同，无需更新。
[2026-03-19 01:32:35] 抓取到的文章与现有数据相同，无需更新。
[2026-03-19 02:59:40] 本次订阅抓取结果统计:
[2026-03-19 02:59:40] 共 47 条RSS, 成功抓取 40 条.
[2026-03-19 02:59:40] ✘ 有 7 条订阅解析失败:
[2026-03-19 02:59:40] - https://tumutanzi.com/feed
[2026-03-19 02:59:40] - https://geekinney.com/index.xml
[2026-03-19 02:59:40] - https://suus.me/atom.xml
[2026-03-19 02:59:40] - https://shuiba.co/feed
[2026-03-19 02:59:40] - https://sizheng.org/feed
[2026-03-19 02:59:40] - https://www.moraex.com/feed
[2026-03-19 02:59:40] - https://note.redcha.cn/rss.xml
[2026-03-19 03:56:06] 抓取到的文章与现有数据相同，无需更新。
[2026-03-19 04:38:15] 抓取到的文章与现有数据相同，无需更新。
[2026-03-19 05:28:31] 抓取到的文章与现有数据相同，无需更新。
[2026-03-19 06:18:06] 抓取到的文章与现有数据相同，无需更新。
[2026-03-19 07:20:32] 抓取到的文章与现有数据相同，无需更新。
[2026-03-19 08:08:31] [ERROR] 拉取RSS链接失败: /home/runner/work/rss-lhasa/rss-lhasa/feed_fetcher.go:53 => 无法获取RSS列表文件: https://lhasa-1253887673.cos.ap-shanghai.myqcloud.com/lhasaRSS/rss.txt | 原因: Get "https://lhasa-1253887673.cos.ap-shanghai.myqcloud.com/lhasaRSS/rss.txt": net/http: TLS handshake timeout
[2026-03-19 09:13:43] 本次订阅抓取结果统计:
[2026-03-19 09:13:43] 共 47 条RSS, 成功抓取 40 条.
[2026-03-19 09:13:43] ✘ 有 7 条订阅解析失败:
[2026-03-19 09:13:43] - https://tumutanzi.com/feed
[2026-03-19 09:13:43] - https://geekinney.com/index.xml
[2026-03-19 09:13:43] - https://suus.me/atom.xml
[2026-03-19 09:13:43] - https://shuiba.co/feed
[2026-03-19 09:13:43] - https://www.moraex.com/feed
[2026-03-19 09:13:43] - https://sizheng.org/feed
[2026-03-19 09:13:43] - https://note.redcha.cn/rss.xml
[2026-03-19 10:12:39] 抓取到的文章与现有数据相同，无需更新。
[2026-03-19 11:12:47] 抓取到的文章与现有数据相同，无需更新。
[2026-03-19 12:07:41] 抓取到的文章与现有数据相同，无需更新。
[2026-03-19 13:28:14] 抓取到的文章与现有数据相同，无需更新。
