[2026-07-03 02:31:28] 本次订阅抓取结果统计:
[2026-07-03 02:31:28] 共 54 条RSS, 成功抓取 43 条.
[2026-07-03 02:31:28] ✘ 有 11 条订阅解析失败:
[2026-07-03 02:31:28] - https://geekinney.com/index.xml
[2026-07-03 02:31:28] - https://tumutanzi.com/feed
[2026-07-03 02:31:28] - https://suus.me/atom.xml
[2026-07-03 02:31:28] - https://leixus.cn/index.php/feed/
[2026-07-03 02:31:28] - https://www.shephe.com/feed
[2026-07-03 02:31:28] - https://ilogs.cn/feed/
[2026-07-03 02:31:28] - https://www.moraex.com/feed
[2026-07-03 02:31:28] - https://writings.howsoonisnow.org/blog/feed/feed.xml
[2026-07-03 02:31:28] - https://sizheng.org/feed
[2026-07-03 02:31:28] - https://4op.top/index.xml
[2026-07-03 02:31:28] - https://ayayy.com/feed/
[2026-07-03 02:31:28] ✘ 有 1 条订阅头像字段为空, 已使用默认头像:
[2026-07-03 02:31:28] - https://jt26wzz.com/rss.xml
[2026-07-03 06:19:45] 本次订阅抓取结果统计:
[2026-07-03 06:19:45] 共 54 条RSS, 成功抓取 45 条.
[2026-07-03 06:19:45] ✘ 有 9 条订阅解析失败:
[2026-07-03 06:19:45] - https://geekinney.com/index.xml
[2026-07-03 06:19:45] - https://suus.me/atom.xml
[2026-07-03 06:19:45] - https://ilogs.cn/feed/
[2026-07-03 06:19:45] - https://www.shephe.com/feed
[2026-07-03 06:19:45] - https://writings.howsoonisnow.org/blog/feed/feed.xml
[2026-07-03 06:19:45] - https://sizheng.org/feed
[2026-07-03 06:19:45] - https://www.moraex.com/feed
[2026-07-03 06:19:45] - https://4op.top/index.xml
[2026-07-03 06:19:45] - https://ayayy.com/feed/
[2026-07-03 06:19:45] ✘ 有 1 条订阅头像字段为空, 已使用默认头像:
[2026-07-03 06:19:45] - https://jt26wzz.com/rss.xml
