[2026-04-21 00:14:32] 抓取到的文章与现有数据相同，无需更新。
[2026-04-21 01:31:30] 抓取到的文章与现有数据相同，无需更新。
[2026-04-21 02:59:12] 抓取到的文章与现有数据相同，无需更新。
[2026-04-21 04:08:23] 本次订阅抓取结果统计:
[2026-04-21 04:08:23] 共 47 条RSS, 成功抓取 37 条.
[2026-04-21 04:08:23] ✘ 有 10 条订阅解析失败:
[2026-04-21 04:08:23] - https://tumutanzi.com/feed
[2026-04-21 04:08:23] - https://geekinney.com/index.xml
[2026-04-21 04:08:23] - https://suus.me/atom.xml
[2026-04-21 04:08:23] - https://www.mrhe.net/feed
[2026-04-21 04:08:23] - https://ilogs.cn/feed/
[2026-04-21 04:08:23] - https://shuiba.co/feed
[2026-04-21 04:08:23] - https://www.shephe.com/feed
[2026-04-21 04:08:23] - https://www.moraex.com/feed
[2026-04-21 04:08:23] - https://sizheng.org/feed
[2026-04-21 04:08:23] - https://freemind.pluskid.org/rss.xml
[2026-04-21 05:41:51] 本次订阅抓取结果统计:
[2026-04-21 05:41:51] 共 47 条RSS, 成功抓取 38 条.
[2026-04-21 05:41:51] ✘ 有 9 条订阅解析失败:
[2026-04-21 05:41:51] - https://tumutanzi.com/feed
[2026-04-21 05:41:51] - https://geekinney.com/index.xml
[2026-04-21 05:41:51] - https://suus.me/atom.xml
[2026-04-21 05:41:51] - https://www.mrhe.net/feed
[2026-04-21 05:41:51] - https://ilogs.cn/feed/
[2026-04-21 05:41:51] - https://shuiba.co/feed
[2026-04-21 05:41:51] - https://www.shephe.com/feed
[2026-04-21 05:41:51] - https://www.moraex.com/feed
[2026-04-21 05:41:51] - https://sizheng.org/feed
[2026-04-21 06:32:09] 抓取到的文章与现有数据相同，无需更新。
[2026-04-21 07:30:47] 抓取到的文章与现有数据相同，无需更新。
[2026-04-21 08:31:41] 抓取到的文章与现有数据相同，无需更新。
[2026-04-21 09:29:38] 抓取到的文章与现有数据相同，无需更新。
[2026-04-21 10:27:27] 抓取到的文章与现有数据相同，无需更新。
[2026-04-21 11:23:32] 抓取到的文章与现有数据相同，无需更新。
[2026-04-21 12:15:37] 抓取到的文章与现有数据相同，无需更新。
[2026-04-21 13:30:03] 抓取到的文章与现有数据相同，无需更新。
[2026-04-21 14:31:31] 抓取到的文章与现有数据相同，无需更新。
[2026-04-21 15:25:27] 抓取到的文章与现有数据相同，无需更新。
[2026-04-21 16:21:48] 抓取到的文章与现有数据相同，无需更新。
[2026-04-21 17:19:23] 抓取到的文章与现有数据相同，无需更新。
[2026-04-21 18:17:43] 抓取到的文章与现有数据相同，无需更新。
[2026-04-21 19:25:43] 抓取到的文章与现有数据相同，无需更新。
[2026-04-21 20:15:08] 抓取到的文章与现有数据相同，无需更新。
[2026-04-21 21:13:48] 本次订阅抓取结果统计:
[2026-04-21 21:13:48] 共 47 条RSS, 成功抓取 37 条.
[2026-04-21 21:13:48] ✘ 有 10 条订阅解析失败:
[2026-04-21 21:13:48] - https://tumutanzi.com/feed
[2026-04-21 21:13:48] - https://geekinney.com/index.xml
[2026-04-21 21:13:48] - https://freemind.pluskid.org/rss.xml
[2026-04-21 21:13:48] - https://suus.me/atom.xml
[2026-04-21 21:13:48] - https://www.shephe.com/feed
[2026-04-21 21:13:48] - https://www.mrhe.net/feed
[2026-04-21 21:13:48] - https://shuiba.co/feed
[2026-04-21 21:13:48] - https://ilogs.cn/feed/
[2026-04-21 21:13:48] - https://sizheng.org/feed
[2026-04-21 21:13:48] - https://www.moraex.com/feed
[2026-04-21 22:12:34] 本次订阅抓取结果统计:
[2026-04-21 22:12:34] 共 47 条RSS, 成功抓取 38 条.
[2026-04-21 22:12:34] ✘ 有 9 条订阅解析失败:
[2026-04-21 22:12:34] - https://tumutanzi.com/feed
[2026-04-21 22:12:34] - https://geekinney.com/index.xml
[2026-04-21 22:12:34] - https://suus.me/atom.xml
[2026-04-21 22:12:34] - https://www.mrhe.net/feed
[2026-04-21 22:12:34] - https://www.shephe.com/feed
[2026-04-21 22:12:34] - https://ilogs.cn/feed/
[2026-04-21 22:12:34] - https://shuiba.co/feed
[2026-04-21 22:12:34] - https://sizheng.org/feed
[2026-04-21 22:12:34] - https://www.moraex.com/feed
