[2026-02-06 00:05:11] 抓取到的文章与现有数据相同，无需更新。
[2026-02-06 01:31:00] 抓取到的文章与现有数据相同，无需更新。
[2026-02-06 02:54:10] 抓取到的文章与现有数据相同，无需更新。
[2026-02-06 03:45:43] 抓取到的文章与现有数据相同，无需更新。
[2026-02-06 04:31:45] 本次订阅抓取结果统计:
[2026-02-06 04:31:45] 共 47 条RSS, 成功抓取 42 条.
[2026-02-06 04:31:45] ✘ 有 5 条订阅解析失败:
[2026-02-06 04:31:45] - https://tumutanzi.com/feed
[2026-02-06 04:31:45] - https://suus.me/atom.xml
[2026-02-06 04:31:45] - https://geekinney.com/index.xml
[2026-02-06 04:31:45] - https://www.moraex.com/feed
[2026-02-06 04:31:45] - https://sizheng.org/feed
[2026-02-06 05:22:12] 本次订阅抓取结果统计:
[2026-02-06 05:22:12] 共 47 条RSS, 成功抓取 41 条.
[2026-02-06 05:22:12] ✘ 有 6 条订阅解析失败:
[2026-02-06 05:22:12] - https://tumutanzi.com/feed
[2026-02-06 05:22:12] - https://suus.me/atom.xml
[2026-02-06 05:22:12] - https://geekinney.com/index.xml
[2026-02-06 05:22:12] - https://shuiba.co/feed
[2026-02-06 05:22:12] - https://www.moraex.com/feed
[2026-02-06 05:22:12] - https://sizheng.org/feed
[2026-02-06 06:14:07] 本次订阅抓取结果统计:
[2026-02-06 06:14:07] 共 47 条RSS, 成功抓取 41 条.
[2026-02-06 06:14:07] ✘ 有 6 条订阅解析失败:
[2026-02-06 06:14:07] - https://tumutanzi.com/feed
[2026-02-06 06:14:07] - https://suus.me/atom.xml
[2026-02-06 06:14:07] - https://geekinney.com/index.xml
[2026-02-06 06:14:07] - https://shuiba.co/feed
[2026-02-06 06:14:07] - https://www.moraex.com/feed
[2026-02-06 06:14:07] - https://sizheng.org/feed
[2026-02-06 07:17:15] 抓取到的文章与现有数据相同，无需更新。
[2026-02-06 08:08:23] 抓取到的文章与现有数据相同，无需更新。
[2026-02-06 09:12:26] 抓取到的文章与现有数据相同，无需更新。
[2026-02-06 10:11:24] 抓取到的文章与现有数据相同，无需更新。
[2026-02-06 11:10:22] 抓取到的文章与现有数据相同，无需更新。
[2026-02-06 12:05:28] 本次订阅抓取结果统计:
[2026-02-06 12:05:28] 共 47 条RSS, 成功抓取 41 条.
[2026-02-06 12:05:28] ✘ 有 6 条订阅解析失败:
[2026-02-06 12:05:28] - https://tumutanzi.com/feed
[2026-02-06 12:05:28] - https://geekinney.com/index.xml
[2026-02-06 12:05:28] - https://suus.me/atom.xml
[2026-02-06 12:05:28] - https://shuiba.co/feed
[2026-02-06 12:05:28] - https://www.moraex.com/feed
[2026-02-06 12:05:28] - https://sizheng.org/feed
[2026-02-06 13:24:25] 抓取到的文章与现有数据相同，无需更新。
[2026-02-06 14:13:46] 抓取到的文章与现有数据相同，无需更新。
[2026-02-06 15:12:33] 抓取到的文章与现有数据相同，无需更新。
[2026-02-06 16:10:02] 本次订阅抓取结果统计:
[2026-02-06 16:10:02] 共 47 条RSS, 成功抓取 39 条.
[2026-02-06 16:10:02] ✘ 有 8 条订阅解析失败:
[2026-02-06 16:10:02] - https://tumutanzi.com/feed
[2026-02-06 16:10:02] - https://suus.me/atom.xml
[2026-02-06 16:10:02] - https://geekinney.com/index.xml
[2026-02-06 16:10:02] - https://leixus.cn/index.php/feed/
[2026-02-06 16:10:02] - https://www.luzhaojun.com/feed
[2026-02-06 16:10:02] - https://shuiba.co/feed
[2026-02-06 16:10:02] - https://www.moraex.com/feed
[2026-02-06 16:10:02] - https://sizheng.org/feed
[2026-02-06 17:14:38] 本次订阅抓取结果统计:
[2026-02-06 17:14:38] 共 47 条RSS, 成功抓取 38 条.
[2026-02-06 17:14:38] ✘ 有 9 条订阅解析失败:
[2026-02-06 17:14:38] - https://tumutanzi.com/feed
[2026-02-06 17:14:38] - https://suus.me/atom.xml
[2026-02-06 17:14:38] - https://geekinney.com/index.xml
[2026-02-06 17:14:38] - https://leixus.cn/index.php/feed/
[2026-02-06 17:14:38] - https://www.luzhaojun.com/feed
[2026-02-06 17:14:38] - https://www.moraex.com/feed
[2026-02-06 17:14:38] - https://shuiba.co/feed
[2026-02-06 17:14:38] - https://sizheng.org/feed
[2026-02-06 17:14:38] - https://freemind.pluskid.org/rss.xml
[2026-02-06 18:10:31] 本次订阅抓取结果统计:
[2026-02-06 18:10:31] 共 47 条RSS, 成功抓取 41 条.
[2026-02-06 18:10:31] ✘ 有 6 条订阅解析失败:
[2026-02-06 18:10:31] - https://tumutanzi.com/feed
[2026-02-06 18:10:31] - https://geekinney.com/index.xml
[2026-02-06 18:10:31] - https://suus.me/atom.xml
[2026-02-06 18:10:31] - https://shuiba.co/feed
[2026-02-06 18:10:31] - https://sizheng.org/feed
[2026-02-06 18:10:31] - https://www.moraex.com/feed
[2026-02-06 19:14:27] 抓取到的文章与现有数据相同，无需更新。
[2026-02-06 20:04:32] 抓取到的文章与现有数据相同，无需更新。
[2026-02-06 21:05:56] 抓取到的文章与现有数据相同，无需更新。
[2026-02-06 22:02:00] 抓取到的文章与现有数据相同，无需更新。
