[2026-01-14 00:05:09] 抓取到的文章与现有数据相同，无需更新。
[2026-01-14 01:30:32] 本次订阅抓取结果统计:
[2026-01-14 01:30:32] 共 43 条RSS, 成功抓取 38 条.
[2026-01-14 01:30:32] ✘ 有 5 条订阅解析失败:
[2026-01-14 01:30:32] - https://tumutanzi.com/feed
[2026-01-14 01:30:32] - https://oba.by/feed
[2026-01-14 01:30:32] - https://suus.me/atom.xml
[2026-01-14 01:30:32] - https://geekinney.com/index.xml
[2026-01-14 01:30:32] - https://www.moraex.com/feed
[2026-01-14 02:41:24] 本次订阅抓取结果统计:
[2026-01-14 02:41:24] 共 43 条RSS, 成功抓取 37 条.
[2026-01-14 02:41:24] ✘ 有 6 条订阅解析失败:
[2026-01-14 02:41:24] - https://tumutanzi.com/feed
[2026-01-14 02:41:24] - https://oba.by/feed
[2026-01-14 02:41:24] - https://geekinney.com/index.xml
[2026-01-14 02:41:24] - https://suus.me/atom.xml
[2026-01-14 02:41:24] - https://www.moraex.com/feed
[2026-01-14 02:41:24] - https://skywind.me/blog/feed
[2026-01-14 03:31:51] 抓取到的文章与现有数据相同，无需更新。
[2026-01-14 04:19:48] 本次订阅抓取结果统计:
[2026-01-14 04:19:48] 共 43 条RSS, 成功抓取 38 条.
[2026-01-14 04:19:48] ✘ 有 5 条订阅解析失败:
[2026-01-14 04:19:48] - https://tumutanzi.com/feed
[2026-01-14 04:19:48] - https://oba.by/feed
[2026-01-14 04:19:48] - https://geekinney.com/index.xml
[2026-01-14 04:19:48] - https://suus.me/atom.xml
[2026-01-14 04:19:48] - https://www.moraex.com/feed
