[2026-05-09 00:19:44] 抓取到的文章与现有数据相同，无需更新。
[2026-05-09 01:32:16] 抓取到的文章与现有数据相同，无需更新。
[2026-05-09 03:00:40] 本次订阅抓取结果统计:
[2026-05-09 03:00:40] 共 48 条RSS, 成功抓取 38 条.
[2026-05-09 03:00:40] ✘ 有 10 条订阅解析失败:
[2026-05-09 03:00:40] - https://tumutanzi.com/feed
[2026-05-09 03:00:40] - https://geekinney.com/index.xml
[2026-05-09 03:00:40] - https://suus.me/atom.xml
[2026-05-09 03:00:40] - https://www.shephe.com/feed
[2026-05-09 03:00:40] - https://leixus.cn/index.php/feed/
[2026-05-09 03:00:40] - https://ilogs.cn/feed/
[2026-05-09 03:00:40] - https://shuiba.co/feed
[2026-05-09 03:00:40] - https://www.moraex.com/feed
[2026-05-09 03:00:40] - https://sizheng.org/feed
[2026-05-09 03:00:40] - http://www.cyys.net/wp/feed
[2026-05-09 03:00:40] ✘ 有 1 条订阅头像字段为空, 已使用默认头像:
[2026-05-09 03:00:40] - https://jt26wzz.com/rss.xml
[2026-05-09 04:15:23] 本次订阅抓取结果统计:
[2026-05-09 04:15:23] 共 48 条RSS, 成功抓取 40 条.
[2026-05-09 04:15:23] ✘ 有 8 条订阅解析失败:
[2026-05-09 04:15:23] - https://tumutanzi.com/feed
[2026-05-09 04:15:23] - https://geekinney.com/index.xml
[2026-05-09 04:15:23] - https://suus.me/atom.xml
[2026-05-09 04:15:23] - https://ilogs.cn/feed/
[2026-05-09 04:15:23] - https://shuiba.co/feed
[2026-05-09 04:15:23] - https://www.shephe.com/feed
[2026-05-09 04:15:23] - https://www.moraex.com/feed
[2026-05-09 04:15:23] - https://sizheng.org/feed
[2026-05-09 04:15:23] ✘ 有 1 条订阅头像字段为空, 已使用默认头像:
[2026-05-09 04:15:23] - https://jt26wzz.com/rss.xml
[2026-05-09 05:54:26] 抓取到的文章与现有数据相同，无需更新。
[2026-05-09 06:38:25] 抓取到的文章与现有数据相同，无需更新。
[2026-05-09 07:31:32] 抓取到的文章与现有数据相同，无需更新。
[2026-05-09 08:29:23] 抓取到的文章与现有数据相同，无需更新。
[2026-05-09 09:28:08] 抓取到的文章与现有数据相同，无需更新。
[2026-05-09 10:20:37] 本次订阅抓取结果统计:
[2026-05-09 10:20:37] 共 48 条RSS, 成功抓取 39 条.
[2026-05-09 10:20:37] ✘ 有 9 条订阅解析失败:
[2026-05-09 10:20:37] - https://tumutanzi.com/feed
[2026-05-09 10:20:37] - https://geekinney.com/index.xml
[2026-05-09 10:20:37] - https://suus.me/atom.xml
[2026-05-09 10:20:37] - https://ilogs.cn/feed/
[2026-05-09 10:20:37] - https://shuiba.co/feed
[2026-05-09 10:20:37] - https://www.shephe.com/feed
[2026-05-09 10:20:37] - https://www.moraex.com/feed
[2026-05-09 10:20:37] - https://sizheng.org/feed
[2026-05-09 10:20:37] - https://note.redcha.cn/rss.xml
[2026-05-09 10:20:37] ✘ 有 1 条订阅头像字段为空, 已使用默认头像:
[2026-05-09 10:20:37] - https://jt26wzz.com/rss.xml
[2026-05-09 11:16:37] [WARN] 加载头像映射失败: failed to fetch avatar map: Get "https://cos.lhasa.icu/lhasaRSS/avatar.json": context deadline exceeded (Client.Timeout exceeded while awaiting headers)
[2026-05-09 11:18:11] 本次订阅抓取结果统计:
[2026-05-09 11:18:11] 共 48 条RSS, 成功抓取 39 条.
[2026-05-09 11:18:11] ✘ 有 9 条订阅解析失败:
[2026-05-09 11:18:11] - https://tumutanzi.com/feed
[2026-05-09 11:18:11] - https://geekinney.com/index.xml
[2026-05-09 11:18:11] - https://suus.me/atom.xml
[2026-05-09 11:18:11] - https://shuiba.co/feed
[2026-05-09 11:18:11] - https://ilogs.cn/feed/
[2026-05-09 11:18:11] - https://www.moraex.com/feed
[2026-05-09 11:18:11] - https://sizheng.org/feed
[2026-05-09 11:18:11] - https://www.shephe.com/feed
[2026-05-09 11:18:11] - https://note.redcha.cn/rss.xml
[2026-05-09 11:18:11] ✘ 有 1 条订阅头像字段为空, 已使用默认头像:
[2026-05-09 11:18:11] - https://mayx.eu.org/atom.xml
[2026-05-09 11:18:11] ✘ 有 4 条订阅头像无法访问, 已使用默认头像:
[2026-05-09 11:18:11] - https://laike9m.com/blog/rss/
[2026-05-09 11:18:11] - https://skywind.me/blog/feed
[2026-05-09 11:18:11] - https://xyzbz.cn/feed
[2026-05-09 11:18:11] - https://byvoid.com/zhs/feed.xml
[2026-05-09 12:15:18] 本次订阅抓取结果统计:
[2026-05-09 12:15:18] 共 48 条RSS, 成功抓取 39 条.
[2026-05-09 12:15:18] ✘ 有 9 条订阅解析失败:
[2026-05-09 12:15:18] - https://tumutanzi.com/feed
[2026-05-09 12:15:18] - https://geekinney.com/index.xml
[2026-05-09 12:15:18] - https://suus.me/atom.xml
[2026-05-09 12:15:18] - https://www.shephe.com/feed
[2026-05-09 12:15:18] - https://ilogs.cn/feed/
[2026-05-09 12:15:18] - https://shuiba.co/feed
[2026-05-09 12:15:18] - https://sizheng.org/feed
[2026-05-09 12:15:18] - https://www.moraex.com/feed
[2026-05-09 12:15:18] - https://note.redcha.cn/rss.xml
[2026-05-09 12:15:18] ✘ 有 1 条订阅头像字段为空, 已使用默认头像:
[2026-05-09 12:15:18] - https://jt26wzz.com/rss.xml
[2026-05-09 13:28:47] 本次订阅抓取结果统计:
[2026-05-09 13:28:47] 共 48 条RSS, 成功抓取 40 条.
[2026-05-09 13:28:47] ✘ 有 8 条订阅解析失败:
[2026-05-09 13:28:47] - https://tumutanzi.com/feed
[2026-05-09 13:28:47] - https://geekinney.com/index.xml
[2026-05-09 13:28:47] - https://suus.me/atom.xml
[2026-05-09 13:28:47] - https://www.shephe.com/feed
[2026-05-09 13:28:47] - https://ilogs.cn/feed/
[2026-05-09 13:28:47] - https://shuiba.co/feed
[2026-05-09 13:28:47] - https://www.moraex.com/feed
[2026-05-09 13:28:47] - https://sizheng.org/feed
[2026-05-09 13:28:47] ✘ 有 1 条订阅头像字段为空, 已使用默认头像:
[2026-05-09 13:28:47] - https://jt26wzz.com/rss.xml
[2026-05-09 13:50:54] 本次订阅抓取结果统计:
[2026-05-09 13:50:54] 共 49 条RSS, 成功抓取 41 条.
[2026-05-09 13:50:54] ✘ 有 8 条订阅解析失败:
[2026-05-09 13:50:54] - https://tumutanzi.com/feed
[2026-05-09 13:50:54] - https://geekinney.com/index.xml
[2026-05-09 13:50:54] - https://suus.me/atom.xml
[2026-05-09 13:50:54] - https://www.shephe.com/feed
[2026-05-09 13:50:54] - https://ilogs.cn/feed/
[2026-05-09 13:50:54] - https://shuiba.co/feed
[2026-05-09 13:50:54] - https://www.moraex.com/feed
[2026-05-09 13:50:54] - https://sizheng.org/feed
[2026-05-09 13:50:54] ✘ 有 2 条订阅头像字段为空, 已使用默认头像:
[2026-05-09 13:50:54] - https://david-smith.org/atom.xml
[2026-05-09 13:50:54] - https://jt26wzz.com/rss.xml
[2026-05-09 14:21:24] 抓取到的文章与现有数据相同，无需更新。
[2026-05-09 15:17:06] 抓取到的文章与现有数据相同，无需更新。
[2026-05-09 16:14:47] 抓取到的文章与现有数据相同，无需更新。
[2026-05-09 17:17:21] 抓取到的文章与现有数据相同，无需更新。
[2026-05-09 18:14:45] 本次订阅抓取结果统计:
[2026-05-09 18:14:45] 共 49 条RSS, 成功抓取 40 条.
[2026-05-09 18:14:45] ✘ 有 9 条订阅解析失败:
[2026-05-09 18:14:45] - https://tumutanzi.com/feed
[2026-05-09 18:14:45] - https://geekinney.com/index.xml
[2026-05-09 18:14:45] - https://suus.me/atom.xml
[2026-05-09 18:14:45] - https://www.shephe.com/feed
[2026-05-09 18:14:45] - https://ilogs.cn/feed/
[2026-05-09 18:14:45] - https://shuiba.co/feed
[2026-05-09 18:14:45] - https://writings.howsoonisnow.org/blog/feed/feed.xml
[2026-05-09 18:14:45] - https://www.moraex.com/feed
[2026-05-09 18:14:45] - https://sizheng.org/feed
[2026-05-09 18:14:45] ✘ 有 1 条订阅头像字段为空, 已使用默认头像:
[2026-05-09 18:14:45] - https://jt26wzz.com/rss.xml
[2026-05-09 19:22:55] 抓取到的文章与现有数据相同，无需更新。
