[2026-07-13 01:26:37] 抓取到的文章与现有数据相同，无需更新。
[2026-07-13 05:22:36] 抓取到的文章与现有数据相同，无需更新。
[2026-07-13 08:42:52] 本次订阅抓取结果统计:
[2026-07-13 08:42:52] 共 54 条RSS, 成功抓取 45 条.
[2026-07-13 08:42:52] ✘ 有 9 条订阅解析失败:
[2026-07-13 08:42:52] - https://geekinney.com/index.xml
[2026-07-13 08:42:52] - https://suus.me/atom.xml
[2026-07-13 08:42:52] - https://ilogs.cn/feed/
[2026-07-13 08:42:52] - https://www.moraex.com/feed
[2026-07-13 08:42:52] - https://writings.howsoonisnow.org/blog/feed/feed.xml
[2026-07-13 08:42:52] - https://sizheng.org/feed
[2026-07-13 08:42:52] - https://www.shephe.com/feed
[2026-07-13 08:42:52] - https://4op.top/index.xml
[2026-07-13 08:42:52] - https://ayayy.com/feed/
[2026-07-13 08:42:52] ✘ 有 1 条订阅头像字段为空, 已使用默认头像:
[2026-07-13 08:42:52] - https://jt26wzz.com/rss.xml
[2026-07-13 11:48:37] 抓取到的文章与现有数据相同，无需更新。
[2026-07-13 13:58:13] 抓取到的文章与现有数据相同，无需更新。
[2026-07-13 16:27:12] 抓取到的文章与现有数据相同，无需更新。
[2026-07-13 18:25:06] 抓取到的文章与现有数据相同，无需更新。
[2026-07-13 20:06:26] 本次订阅抓取结果统计:
[2026-07-13 20:06:26] 共 54 条RSS, 成功抓取 44 条.
[2026-07-13 20:06:26] ✘ 有 10 条订阅解析失败:
[2026-07-13 20:06:26] - https://geekinney.com/index.xml
[2026-07-13 20:06:26] - https://suus.me/atom.xml
[2026-07-13 20:06:26] - https://www.shephe.com/feed
[2026-07-13 20:06:26] - https://ilogs.cn/feed/
[2026-07-13 20:06:26] - https://writings.howsoonisnow.org/blog/feed/feed.xml
[2026-07-13 20:06:26] - https://www.moraex.com/feed
[2026-07-13 20:06:26] - https://sizheng.org/feed
[2026-07-13 20:06:26] - https://4op.top/index.xml
[2026-07-13 20:06:26] - https://ayayy.com/feed/
[2026-07-13 20:06:26] - https://www.mrhe.net/feed
[2026-07-13 20:06:26] ✘ 有 1 条订阅头像字段为空, 已使用默认头像:
[2026-07-13 20:06:26] - https://jt26wzz.com/rss.xml
[2026-07-13 21:42:23] 本次订阅抓取结果统计:
[2026-07-13 21:42:23] 共 54 条RSS, 成功抓取 45 条.
[2026-07-13 21:42:23] ✘ 有 9 条订阅解析失败:
[2026-07-13 21:42:23] - https://geekinney.com/index.xml
[2026-07-13 21:42:23] - https://suus.me/atom.xml
[2026-07-13 21:42:23] - https://ilogs.cn/feed/
[2026-07-13 21:42:23] - https://www.shephe.com/feed
[2026-07-13 21:42:23] - https://writings.howsoonisnow.org/blog/feed/feed.xml
[2026-07-13 21:42:23] - https://sizheng.org/feed
[2026-07-13 21:42:23] - https://www.moraex.com/feed
[2026-07-13 21:42:23] - https://4op.top/index.xml
[2026-07-13 21:42:23] - https://ayayy.com/feed/
[2026-07-13 21:42:23] ✘ 有 1 条订阅头像字段为空, 已使用默认头像:
[2026-07-13 21:42:23] - https://jt26wzz.com/rss.xml
[2026-07-13 22:42:34] 抓取到的文章与现有数据相同，无需更新。
