[2026-06-06 00:25:26] 本次订阅抓取结果统计:
[2026-06-06 00:25:26] 共 52 条RSS, 成功抓取 40 条.
[2026-06-06 00:25:26] ✘ 有 12 条订阅解析失败:
[2026-06-06 00:25:26] - https://tumutanzi.com/feed
[2026-06-06 00:25:26] - https://geekinney.com/index.xml
[2026-06-06 00:25:26] - https://suus.me/atom.xml
[2026-06-06 00:25:26] - https://www.shephe.com/feed
[2026-06-06 00:25:26] - https://innei.in/feed
[2026-06-06 00:25:26] - https://ilogs.cn/feed/
[2026-06-06 00:25:26] - https://shuiba.co/feed
[2026-06-06 00:25:26] - https://writings.howsoonisnow.org/blog/feed/feed.xml
[2026-06-06 00:25:26] - https://www.moraex.com/feed
[2026-06-06 00:25:26] - https://sizheng.org/feed
[2026-06-06 00:25:26] - https://4op.top/index.xml
[2026-06-06 00:25:26] - https://blog.gankudadiz.com/feed
[2026-06-06 00:25:26] ✘ 有 1 条订阅头像字段为空, 已使用默认头像:
[2026-06-06 00:25:26] - https://jt26wzz.com/rss.xml
[2026-06-06 01:36:34] 抓取到的文章与现有数据相同，无需更新。
[2026-06-06 03:00:59] 抓取到的文章与现有数据相同，无需更新。
[2026-06-06 04:30:12] 抓取到的文章与现有数据相同，无需更新。
[2026-06-06 06:10:48] 抓取到的文章与现有数据相同，无需更新。
[2026-06-06 07:55:54] 抓取到的文章与现有数据相同，无需更新。
[2026-06-06 08:50:24] 抓取到的文章与现有数据相同，无需更新。
[2026-06-06 09:38:56] 抓取到的文章与现有数据相同，无需更新。
[2026-06-06 10:35:59] 抓取到的文章与现有数据相同，无需更新。
[2026-06-06 11:29:31] 抓取到的文章与现有数据相同，无需更新。
