[2026-04-22 00:11:17] 本次订阅抓取结果统计:
[2026-04-22 00:11:17] 共 47 条RSS, 成功抓取 38 条.
[2026-04-22 00:11:17] ✘ 有 9 条订阅解析失败:
[2026-04-22 00:11:17] - https://tumutanzi.com/feed
[2026-04-22 00:11:17] - https://geekinney.com/index.xml
[2026-04-22 00:11:17] - https://suus.me/atom.xml
[2026-04-22 00:11:17] - https://www.shephe.com/feed
[2026-04-22 00:11:17] - https://www.mrhe.net/feed
[2026-04-22 00:11:17] - https://ilogs.cn/feed/
[2026-04-22 00:11:17] - https://shuiba.co/feed
[2026-04-22 00:11:17] - https://www.moraex.com/feed
[2026-04-22 00:11:17] - https://sizheng.org/feed
[2026-04-22 01:31:25] 本次订阅抓取结果统计:
[2026-04-22 01:31:25] 共 47 条RSS, 成功抓取 38 条.
[2026-04-22 01:31:25] ✘ 有 9 条订阅解析失败:
[2026-04-22 01:31:25] - https://tumutanzi.com/feed
[2026-04-22 01:31:25] - https://geekinney.com/index.xml
[2026-04-22 01:31:25] - https://suus.me/atom.xml
[2026-04-22 01:31:25] - https://www.mrhe.net/feed
[2026-04-22 01:31:25] - https://ilogs.cn/feed/
[2026-04-22 01:31:25] - https://www.shephe.com/feed
[2026-04-22 01:31:25] - https://shuiba.co/feed
[2026-04-22 01:31:25] - https://www.moraex.com/feed
[2026-04-22 01:31:25] - https://sizheng.org/feed
[2026-04-22 02:59:18] 抓取到的文章与现有数据相同，无需更新。
[2026-04-22 04:06:38] 抓取到的文章与现有数据相同，无需更新。
[2026-04-22 05:41:06] 抓取到的文章与现有数据相同，无需更新。
[2026-04-22 06:32:12] 抓取到的文章与现有数据相同，无需更新。
[2026-04-22 07:30:25] 抓取到的文章与现有数据相同，无需更新。
[2026-04-22 08:30:13] 抓取到的文章与现有数据相同，无需更新。
[2026-04-22 09:28:48] 抓取到的文章与现有数据相同，无需更新。
[2026-04-22 10:26:47] 抓取到的文章与现有数据相同，无需更新。
[2026-04-22 11:22:24] 抓取到的文章与现有数据相同，无需更新。
