[2026-06-08 00:27:27] 抓取到的文章与现有数据相同，无需更新。
[2026-06-08 01:43:34] 抓取到的文章与现有数据相同，无需更新。
[2026-06-08 03:02:14] 本次订阅抓取结果统计:
[2026-06-08 03:02:14] 共 52 条RSS, 成功抓取 39 条.
[2026-06-08 03:02:14] ✘ 有 13 条订阅解析失败:
[2026-06-08 03:02:14] - https://tumutanzi.com/feed
[2026-06-08 03:02:14] - https://geekinney.com/index.xml
[2026-06-08 03:02:14] - https://suus.me/atom.xml
[2026-06-08 03:02:14] - https://leixus.cn/index.php/feed/
[2026-06-08 03:02:14] - https://www.shephe.com/feed
[2026-06-08 03:02:14] - https://ilogs.cn/feed/
[2026-06-08 03:02:14] - https://innei.in/feed
[2026-06-08 03:02:14] - https://shuiba.co/feed
[2026-06-08 03:02:14] - https://www.moraex.com/feed
[2026-06-08 03:02:14] - https://writings.howsoonisnow.org/blog/feed/feed.xml
[2026-06-08 03:02:14] - https://sizheng.org/feed
[2026-06-08 03:02:14] - https://4op.top/index.xml
[2026-06-08 03:02:14] - https://blog.gankudadiz.com/feed
[2026-06-08 03:02:14] ✘ 有 1 条订阅头像字段为空, 已使用默认头像:
[2026-06-08 03:02:14] - https://jt26wzz.com/rss.xml
[2026-06-08 05:30:51] 本次订阅抓取结果统计:
[2026-06-08 05:30:51] 共 52 条RSS, 成功抓取 37 条.
[2026-06-08 05:30:51] ✘ 有 15 条订阅解析失败:
[2026-06-08 05:30:51] - https://tumutanzi.com/feed
[2026-06-08 05:30:51] - https://geekinney.com/index.xml
[2026-06-08 05:30:51] - https://suus.me/atom.xml
[2026-06-08 05:30:51] - https://leixus.cn/index.php/feed/
[2026-06-08 05:30:51] - https://www.shephe.com/feed
[2026-06-08 05:30:51] - https://ilogs.cn/feed/
[2026-06-08 05:30:51] - https://innei.in/feed
[2026-06-08 05:30:51] - https://www.moraex.com/feed
[2026-06-08 05:30:51] - https://shuiba.co/feed
[2026-06-08 05:30:51] - https://blog.fueis.com/feed
[2026-06-08 05:30:51] - https://writings.howsoonisnow.org/blog/feed/feed.xml
[2026-06-08 05:30:51] - https://sizheng.org/feed
[2026-06-08 05:30:51] - https://4op.top/index.xml
[2026-06-08 05:30:51] - https://xyzbz.cn/feed
[2026-06-08 05:30:51] - https://blog.gankudadiz.com/feed
[2026-06-08 05:30:51] ✘ 有 1 条订阅头像字段为空, 已使用默认头像:
[2026-06-08 05:30:51] - https://jt26wzz.com/rss.xml
