[2026-03-20 00:08:41] 抓取到的文章与现有数据相同，无需更新。
[2026-03-20 01:32:21] 本次订阅抓取结果统计:
[2026-03-20 01:32:21] 共 47 条RSS, 成功抓取 40 条.
[2026-03-20 01:32:21] ✘ 有 7 条订阅解析失败:
[2026-03-20 01:32:21] - https://tumutanzi.com/feed
[2026-03-20 01:32:21] - https://geekinney.com/index.xml
[2026-03-20 01:32:21] - https://suus.me/atom.xml
[2026-03-20 01:32:21] - https://shuiba.co/feed
[2026-03-20 01:32:21] - https://www.moraex.com/feed
[2026-03-20 01:32:21] - https://sizheng.org/feed
[2026-03-20 01:32:21] - https://note.redcha.cn/rss.xml
[2026-03-20 02:55:13] 抓取到的文章与现有数据相同，无需更新。
[2026-03-20 03:46:30] 抓取到的文章与现有数据相同，无需更新。
[2026-03-20 04:32:51] 本次订阅抓取结果统计:
[2026-03-20 04:32:51] 共 47 条RSS, 成功抓取 40 条.
[2026-03-20 04:32:51] ✘ 有 7 条订阅解析失败:
[2026-03-20 04:32:51] - https://tumutanzi.com/feed
[2026-03-20 04:32:51] - https://geekinney.com/index.xml
[2026-03-20 04:32:51] - https://suus.me/atom.xml
[2026-03-20 04:32:51] - https://shuiba.co/feed
[2026-03-20 04:32:51] - https://sizheng.org/feed
[2026-03-20 04:32:51] - https://www.moraex.com/feed
[2026-03-20 04:32:51] - https://note.redcha.cn/rss.xml
[2026-03-20 05:23:01] 抓取到的文章与现有数据相同，无需更新。
[2026-03-20 06:15:06] 本次订阅抓取结果统计:
[2026-03-20 06:15:06] 共 47 条RSS, 成功抓取 38 条.
[2026-03-20 06:15:06] ✘ 有 9 条订阅解析失败:
[2026-03-20 06:15:06] - https://tumutanzi.com/feed
[2026-03-20 06:15:06] - https://geekinney.com/index.xml
[2026-03-20 06:15:06] - https://suus.me/atom.xml
[2026-03-20 06:15:06] - https://leixus.cn/index.php/feed/
[2026-03-20 06:15:06] - https://www.luzhaojun.com/feed
[2026-03-20 06:15:06] - https://shuiba.co/feed
[2026-03-20 06:15:06] - https://www.moraex.com/feed
[2026-03-20 06:15:06] - https://sizheng.org/feed
[2026-03-20 06:15:06] - https://note.redcha.cn/rss.xml
[2026-03-20 07:18:20] 本次订阅抓取结果统计:
[2026-03-20 07:18:20] 共 47 条RSS, 成功抓取 40 条.
[2026-03-20 07:18:20] ✘ 有 7 条订阅解析失败:
[2026-03-20 07:18:20] - https://tumutanzi.com/feed
[2026-03-20 07:18:20] - https://geekinney.com/index.xml
[2026-03-20 07:18:20] - https://suus.me/atom.xml
[2026-03-20 07:18:20] - https://shuiba.co/feed
[2026-03-20 07:18:20] - https://sizheng.org/feed
[2026-03-20 07:18:20] - https://www.moraex.com/feed
[2026-03-20 07:18:20] - https://note.redcha.cn/rss.xml
