[2026-04-11 00:10:01] 抓取到的文章与现有数据相同，无需更新。
[2026-04-11 01:31:02] 抓取到的文章与现有数据相同，无需更新。
[2026-04-11 02:58:08] 本次订阅抓取结果统计:
[2026-04-11 02:58:08] 共 46 条RSS, 成功抓取 39 条.
[2026-04-11 02:58:08] ✘ 有 7 条订阅解析失败:
[2026-04-11 02:58:08] - https://tumutanzi.com/feed
[2026-04-11 02:58:08] - https://geekinney.com/index.xml
[2026-04-11 02:58:08] - https://suus.me/atom.xml
[2026-04-11 02:58:08] - https://shuiba.co/feed
[2026-04-11 02:58:08] - https://ilogs.cn/feed/
[2026-04-11 02:58:08] - https://sizheng.org/feed
[2026-04-11 02:58:08] - https://www.moraex.com/feed
[2026-04-11 03:52:54] 抓取到的文章与现有数据相同，无需更新。
[2026-04-11 04:36:17] 抓取到的文章与现有数据相同，无需更新。
[2026-04-11 05:28:24] 抓取到的文章与现有数据相同，无需更新。
[2026-04-11 06:18:13] 抓取到的文章与现有数据相同，无需更新。
[2026-04-11 07:20:20] 抓取到的文章与现有数据相同，无需更新。
[2026-04-11 08:08:41] 抓取到的文章与现有数据相同，无需更新。
[2026-04-11 09:12:13] 抓取到的文章与现有数据相同，无需更新。
[2026-04-11 10:08:06] 抓取到的文章与现有数据相同，无需更新。
[2026-04-11 11:07:20] 抓取到的文章与现有数据相同，无需更新。
[2026-04-11 12:05:46] 抓取到的文章与现有数据相同，无需更新。
[2026-04-11 13:22:30] 抓取到的文章与现有数据相同，无需更新。
[2026-04-11 14:10:03] 抓取到的文章与现有数据相同，无需更新。
[2026-04-11 15:07:47] 抓取到的文章与现有数据相同，无需更新。
[2026-04-11 16:06:01] 抓取到的文章与现有数据相同，无需更新。
[2026-04-11 17:08:13] 抓取到的文章与现有数据相同，无需更新。
[2026-04-11 18:05:42] 抓取到的文章与现有数据相同，无需更新。
[2026-04-11 19:13:06] 抓取到的文章与现有数据相同，无需更新。
[2026-04-11 20:04:12] 抓取到的文章与现有数据相同，无需更新。
