[2026-03-22 00:06:15] 抓取到的文章与现有数据相同，无需更新。
[2026-03-22 01:31:04] 抓取到的文章与现有数据相同，无需更新。
[2026-03-22 02:58:19] 抓取到的文章与现有数据相同，无需更新。
[2026-03-22 03:52:27] 抓取到的文章与现有数据相同，无需更新。
[2026-03-22 04:35:43] 抓取到的文章与现有数据相同，无需更新。
[2026-03-22 05:24:25] 抓取到的文章与现有数据相同，无需更新。
[2026-03-22 06:13:05] 抓取到的文章与现有数据相同，无需更新。
[2026-03-22 07:14:20] 抓取到的文章与现有数据相同，无需更新。
[2026-03-22 08:03:54] 抓取到的文章与现有数据相同，无需更新。
[2026-03-22 09:06:22] 本次订阅抓取结果统计:
[2026-03-22 09:06:22] 共 46 条RSS, 成功抓取 40 条.
[2026-03-22 09:06:22] ✘ 有 6 条订阅解析失败:
[2026-03-22 09:06:22] - https://tumutanzi.com/feed
[2026-03-22 09:06:22] - https://geekinney.com/index.xml
[2026-03-22 09:06:22] - https://suus.me/atom.xml
[2026-03-22 09:06:22] - https://shuiba.co/feed
[2026-03-22 09:06:22] - https://sizheng.org/feed
[2026-03-22 09:06:22] - https://www.moraex.com/feed
[2026-03-22 10:03:33] 抓取到的文章与现有数据相同，无需更新。
[2026-03-22 11:03:53] 抓取到的文章与现有数据相同，无需更新。
[2026-03-22 12:02:50] 抓取到的文章与现有数据相同，无需更新。
[2026-03-22 13:16:50] 抓取到的文章与现有数据相同，无需更新。
[2026-03-22 14:05:55] 抓取到的文章与现有数据相同，无需更新。
[2026-03-22 15:04:10] 本次订阅抓取结果统计:
[2026-03-22 15:04:10] 共 46 条RSS, 成功抓取 40 条.
[2026-03-22 15:04:10] ✘ 有 6 条订阅解析失败:
[2026-03-22 15:04:10] - https://tumutanzi.com/feed
[2026-03-22 15:04:10] - https://geekinney.com/index.xml
[2026-03-22 15:04:10] - https://suus.me/atom.xml
[2026-03-22 15:04:10] - https://shuiba.co/feed
[2026-03-22 15:04:10] - https://sizheng.org/feed
[2026-03-22 15:04:10] - https://www.moraex.com/feed
[2026-03-22 16:03:25] 抓取到的文章与现有数据相同，无需更新。
[2026-03-22 17:04:20] 抓取到的文章与现有数据相同，无需更新。
[2026-03-22 18:03:24] 抓取到的文章与现有数据相同，无需更新。
[2026-03-22 19:07:00] 抓取到的文章与现有数据相同，无需更新。
