[2026-07-14 01:15:40] 本次订阅抓取结果统计:
[2026-07-14 01:15:40] 共 54 条RSS, 成功抓取 45 条.
[2026-07-14 01:15:40] ✘ 有 9 条订阅解析失败:
[2026-07-14 01:15:40] - https://geekinney.com/index.xml
[2026-07-14 01:15:40] - https://suus.me/atom.xml
[2026-07-14 01:15:40] - https://www.shephe.com/feed
[2026-07-14 01:15:40] - https://ilogs.cn/feed/
[2026-07-14 01:15:40] - https://www.moraex.com/feed
[2026-07-14 01:15:40] - https://writings.howsoonisnow.org/blog/feed/feed.xml
[2026-07-14 01:15:40] - https://sizheng.org/feed
[2026-07-14 01:15:40] - https://4op.top/index.xml
[2026-07-14 01:15:40] - https://ayayy.com/feed/
[2026-07-14 01:15:40] ✘ 有 1 条订阅头像字段为空, 已使用默认头像:
[2026-07-14 01:15:40] - https://jt26wzz.com/rss.xml
[2026-07-14 04:37:57] 本次订阅抓取结果统计:
[2026-07-14 04:37:57] 共 54 条RSS, 成功抓取 45 条.
[2026-07-14 04:37:57] ✘ 有 9 条订阅解析失败:
[2026-07-14 04:37:57] - https://geekinney.com/index.xml
[2026-07-14 04:37:57] - https://suus.me/atom.xml
[2026-07-14 04:37:57] - https://ilogs.cn/feed/
[2026-07-14 04:37:57] - https://writings.howsoonisnow.org/blog/feed/feed.xml
[2026-07-14 04:37:57] - https://www.moraex.com/feed
[2026-07-14 04:37:57] - https://sizheng.org/feed
[2026-07-14 04:37:57] - https://4op.top/index.xml
[2026-07-14 04:37:57] - https://ayayy.com/feed/
[2026-07-14 04:37:57] - https://www.shephe.com/feed
[2026-07-14 04:37:57] ✘ 有 1 条订阅头像字段为空, 已使用默认头像:
[2026-07-14 04:37:57] - https://jt26wzz.com/rss.xml
[2026-07-14 07:01:35] 抓取到的文章与现有数据相同，无需更新。
[2026-07-14 09:43:48] 抓取到的文章与现有数据相同，无需更新。
[2026-07-14 11:15:41] 抓取到的文章与现有数据相同，无需更新。
[2026-07-14 13:02:06] [WARN] 加载头像映射失败: failed to fetch avatar map: Get "https://cos.lhasa.icu/lhasaRSS/avatar.json": context deadline exceeded (Client.Timeout exceeded while awaiting headers)
[2026-07-14 13:02:24] 本次订阅抓取结果统计:
[2026-07-14 13:02:24] 共 54 条RSS, 成功抓取 45 条.
[2026-07-14 13:02:24] ✘ 有 9 条订阅解析失败:
[2026-07-14 13:02:24] - https://geekinney.com/index.xml
[2026-07-14 13:02:24] - https://suus.me/atom.xml
[2026-07-14 13:02:24] - https://ilogs.cn/feed/
[2026-07-14 13:02:24] - https://writings.howsoonisnow.org/blog/feed/feed.xml
[2026-07-14 13:02:24] - https://www.moraex.com/feed
[2026-07-14 13:02:24] - https://sizheng.org/feed
[2026-07-14 13:02:24] - https://4op.top/index.xml
[2026-07-14 13:02:24] - https://ayayy.com/feed/
[2026-07-14 13:02:24] - https://www.shephe.com/feed
[2026-07-14 13:02:24] ✘ 有 1 条订阅头像字段为空, 已使用默认头像:
[2026-07-14 13:02:24] - https://mayx.eu.org/atom.xml
[2026-07-14 13:02:24] ✘ 有 2 条订阅头像无法访问, 已使用默认头像:
[2026-07-14 13:02:24] - https://skywind.me/blog/feed
[2026-07-14 13:02:24] - https://laike9m.com/blog/rss/
[2026-07-14 15:14:34] 本次订阅抓取结果统计:
[2026-07-14 15:14:34] 共 54 条RSS, 成功抓取 45 条.
[2026-07-14 15:14:34] ✘ 有 9 条订阅解析失败:
[2026-07-14 15:14:34] - https://geekinney.com/index.xml
[2026-07-14 15:14:34] - https://suus.me/atom.xml
[2026-07-14 15:14:34] - https://ilogs.cn/feed/
[2026-07-14 15:14:34] - https://writings.howsoonisnow.org/blog/feed/feed.xml
[2026-07-14 15:14:34] - https://www.moraex.com/feed
[2026-07-14 15:14:34] - https://sizheng.org/feed
[2026-07-14 15:14:34] - https://4op.top/index.xml
[2026-07-14 15:14:34] - https://ayayy.com/feed/
[2026-07-14 15:14:34] - https://www.shephe.com/feed
[2026-07-14 15:14:34] ✘ 有 1 条订阅头像字段为空, 已使用默认头像:
[2026-07-14 15:14:34] - https://jt26wzz.com/rss.xml
[2026-07-14 16:59:54] 抓取到的文章与现有数据相同，无需更新。
[2026-07-14 18:02:13] 本次订阅抓取结果统计:
[2026-07-14 18:02:13] 共 54 条RSS, 成功抓取 43 条.
[2026-07-14 18:02:13] ✘ 有 11 条订阅解析失败:
[2026-07-14 18:02:13] - https://geekinney.com/index.xml
[2026-07-14 18:02:13] - https://tumutanzi.com/feed
[2026-07-14 18:02:13] - https://suus.me/atom.xml
[2026-07-14 18:02:13] - https://leixus.cn/index.php/feed/
[2026-07-14 18:02:13] - https://ilogs.cn/feed/
[2026-07-14 18:02:13] - https://www.moraex.com/feed
[2026-07-14 18:02:13] - https://writings.howsoonisnow.org/blog/feed/feed.xml
[2026-07-14 18:02:13] - https://sizheng.org/feed
[2026-07-14 18:02:13] - https://4op.top/index.xml
[2026-07-14 18:02:13] - https://ayayy.com/feed/
[2026-07-14 18:02:13] - https://www.shephe.com/feed
[2026-07-14 18:02:13] ✘ 有 1 条订阅头像字段为空, 已使用默认头像:
[2026-07-14 18:02:13] - https://jt26wzz.com/rss.xml
[2026-07-14 20:03:07] 本次订阅抓取结果统计:
[2026-07-14 20:03:07] 共 54 条RSS, 成功抓取 42 条.
[2026-07-14 20:03:07] ✘ 有 12 条订阅解析失败:
[2026-07-14 20:03:07] - https://geekinney.com/index.xml
[2026-07-14 20:03:07] - https://tumutanzi.com/feed
[2026-07-14 20:03:07] - https://freemind.pluskid.org/rss.xml
[2026-07-14 20:03:07] - https://suus.me/atom.xml
[2026-07-14 20:03:07] - https://leixus.cn/index.php/feed/
[2026-07-14 20:03:07] - https://ilogs.cn/feed/
[2026-07-14 20:03:07] - https://writings.howsoonisnow.org/blog/feed/feed.xml
[2026-07-14 20:03:07] - https://www.moraex.com/feed
[2026-07-14 20:03:07] - https://sizheng.org/feed
[2026-07-14 20:03:07] - https://4op.top/index.xml
[2026-07-14 20:03:07] - https://www.shephe.com/feed
[2026-07-14 20:03:07] - https://ayayy.com/feed/
[2026-07-14 20:03:07] ✘ 有 1 条订阅头像字段为空, 已使用默认头像:
[2026-07-14 20:03:07] - https://jt26wzz.com/rss.xml
