[2026-02-26 00:06:40] 本次订阅抓取结果统计:
[2026-02-26 00:06:40] 共 47 条RSS, 成功抓取 41 条.
[2026-02-26 00:06:40] ✘ 有 6 条订阅解析失败:
[2026-02-26 00:06:40] - https://tumutanzi.com/feed
[2026-02-26 00:06:40] - https://suus.me/atom.xml
[2026-02-26 00:06:40] - https://geekinney.com/index.xml
[2026-02-26 00:06:40] - https://shuiba.co/feed
[2026-02-26 00:06:40] - https://www.moraex.com/feed
[2026-02-26 00:06:40] - https://sizheng.org/feed
[2026-02-26 01:31:05] 抓取到的文章与现有数据相同，无需更新。
[2026-02-26 02:54:19] 抓取到的文章与现有数据相同，无需更新。
[2026-02-26 03:46:22] 抓取到的文章与现有数据相同，无需更新。
[2026-02-26 04:32:37] 抓取到的文章与现有数据相同，无需更新。
[2026-02-26 05:25:08] 抓取到的文章与现有数据相同，无需更新。
[2026-02-26 06:17:02] 抓取到的文章与现有数据相同，无需更新。
[2026-02-26 07:19:59] 本次订阅抓取结果统计:
[2026-02-26 07:19:59] 共 47 条RSS, 成功抓取 41 条.
[2026-02-26 07:19:59] ✘ 有 6 条订阅解析失败:
[2026-02-26 07:19:59] - https://tumutanzi.com/feed
[2026-02-26 07:19:59] - https://geekinney.com/index.xml
[2026-02-26 07:19:59] - https://suus.me/atom.xml
[2026-02-26 07:19:59] - https://shuiba.co/feed
[2026-02-26 07:19:59] - https://www.moraex.com/feed
[2026-02-26 07:19:59] - https://sizheng.org/feed
[2026-02-26 08:09:40] 抓取到的文章与现有数据相同，无需更新。
[2026-02-26 09:14:07] 抓取到的文章与现有数据相同，无需更新。
[2026-02-26 10:14:06] 抓取到的文章与现有数据相同，无需更新。
[2026-02-26 11:14:21] 抓取到的文章与现有数据相同，无需更新。
[2026-02-26 12:08:22] 抓取到的文章与现有数据相同，无需更新。
[2026-02-26 13:28:09] 抓取到的文章与现有数据相同，无需更新。
