[2026-05-22 00:26:29] 抓取到的文章与现有数据相同，无需更新。
[2026-05-22 01:36:52] 本次订阅抓取结果统计:
[2026-05-22 01:36:52] 共 49 条RSS, 成功抓取 40 条.
[2026-05-22 01:36:52] ✘ 有 9 条订阅解析失败:
[2026-05-22 01:36:52] - https://tumutanzi.com/feed
[2026-05-22 01:36:52] - https://geekinney.com/index.xml
[2026-05-22 01:36:52] - https://suus.me/atom.xml
[2026-05-22 01:36:52] - https://ilogs.cn/feed/
[2026-05-22 01:36:52] - https://www.shephe.com/feed
[2026-05-22 01:36:52] - https://shuiba.co/feed
[2026-05-22 01:36:52] - https://writings.howsoonisnow.org/blog/feed/feed.xml
[2026-05-22 01:36:52] - https://sizheng.org/feed
[2026-05-22 01:36:52] - https://www.moraex.com/feed
[2026-05-22 01:36:52] ✘ 有 1 条订阅头像字段为空, 已使用默认头像:
[2026-05-22 01:36:52] - https://jt26wzz.com/rss.xml
[2026-05-22 03:00:58] 抓取到的文章与现有数据相同，无需更新。
[2026-05-22 05:17:12] 本次订阅抓取结果统计:
[2026-05-22 05:17:12] 共 49 条RSS, 成功抓取 40 条.
[2026-05-22 05:17:12] ✘ 有 9 条订阅解析失败:
[2026-05-22 05:17:12] - https://tumutanzi.com/feed
[2026-05-22 05:17:12] - https://geekinney.com/index.xml
[2026-05-22 05:17:12] - https://suus.me/atom.xml
[2026-05-22 05:17:12] - https://www.shephe.com/feed
[2026-05-22 05:17:12] - https://ilogs.cn/feed/
[2026-05-22 05:17:12] - https://shuiba.co/feed
[2026-05-22 05:17:12] - https://writings.howsoonisnow.org/blog/feed/feed.xml
[2026-05-22 05:17:12] - https://www.moraex.com/feed
[2026-05-22 05:17:12] - https://sizheng.org/feed
[2026-05-22 05:17:12] ✘ 有 1 条订阅头像字段为空, 已使用默认头像:
[2026-05-22 05:17:12] - https://jt26wzz.com/rss.xml
[2026-05-22 07:05:03] 抓取到的文章与现有数据相同，无需更新。
[2026-05-22 09:00:14] 本次订阅抓取结果统计:
[2026-05-22 09:00:14] 共 49 条RSS, 成功抓取 40 条.
[2026-05-22 09:00:14] ✘ 有 9 条订阅解析失败:
[2026-05-22 09:00:14] - https://tumutanzi.com/feed
[2026-05-22 09:00:14] - https://geekinney.com/index.xml
[2026-05-22 09:00:14] - https://suus.me/atom.xml
[2026-05-22 09:00:14] - https://www.shephe.com/feed
[2026-05-22 09:00:14] - https://ilogs.cn/feed/
[2026-05-22 09:00:14] - https://shuiba.co/feed
[2026-05-22 09:00:14] - https://www.moraex.com/feed
[2026-05-22 09:00:14] - https://writings.howsoonisnow.org/blog/feed/feed.xml
[2026-05-22 09:00:14] - https://sizheng.org/feed
[2026-05-22 09:00:14] ✘ 有 1 条订阅头像字段为空, 已使用默认头像:
[2026-05-22 09:00:14] - https://jt26wzz.com/rss.xml
[2026-05-22 10:11:44] 抓取到的文章与现有数据相同，无需更新。
[2026-05-22 11:54:06] 抓取到的文章与现有数据相同，无需更新。
[2026-05-22 12:42:20] 抓取到的文章与现有数据相同，无需更新。
[2026-05-22 13:44:39] 本次订阅抓取结果统计:
[2026-05-22 13:44:39] 共 49 条RSS, 成功抓取 40 条.
[2026-05-22 13:44:39] ✘ 有 9 条订阅解析失败:
[2026-05-22 13:44:39] - https://tumutanzi.com/feed
[2026-05-22 13:44:39] - https://geekinney.com/index.xml
[2026-05-22 13:44:39] - https://suus.me/atom.xml
[2026-05-22 13:44:39] - https://ilogs.cn/feed/
[2026-05-22 13:44:39] - https://shuiba.co/feed
[2026-05-22 13:44:39] - https://www.shephe.com/feed
[2026-05-22 13:44:39] - https://www.moraex.com/feed
[2026-05-22 13:44:39] - https://writings.howsoonisnow.org/blog/feed/feed.xml
[2026-05-22 13:44:39] - https://sizheng.org/feed
[2026-05-22 13:44:39] ✘ 有 1 条订阅头像字段为空, 已使用默认头像:
[2026-05-22 13:44:39] - https://jt26wzz.com/rss.xml
[2026-05-22 14:58:19] 本次订阅抓取结果统计:
[2026-05-22 14:58:19] 共 49 条RSS, 成功抓取 40 条.
[2026-05-22 14:58:19] ✘ 有 9 条订阅解析失败:
[2026-05-22 14:58:19] - https://tumutanzi.com/feed
[2026-05-22 14:58:19] - https://geekinney.com/index.xml
[2026-05-22 14:58:19] - https://suus.me/atom.xml
[2026-05-22 14:58:19] - https://ilogs.cn/feed/
[2026-05-22 14:58:19] - https://shuiba.co/feed
[2026-05-22 14:58:19] - https://www.moraex.com/feed
[2026-05-22 14:58:19] - https://writings.howsoonisnow.org/blog/feed/feed.xml
[2026-05-22 14:58:19] - https://www.shephe.com/feed
[2026-05-22 14:58:19] - https://sizheng.org/feed
[2026-05-22 14:58:19] ✘ 有 1 条订阅头像字段为空, 已使用默认头像:
[2026-05-22 14:58:19] - https://jt26wzz.com/rss.xml
[2026-05-22 15:55:32] [WARN] 加载头像映射失败: failed to fetch avatar map: Get "https://cos.lhasa.icu/lhasaRSS/avatar.json": dial tcp 43.174.247.25:443: connect: connection refused
[2026-05-22 15:55:48] 本次订阅抓取结果统计:
[2026-05-22 15:55:48] 共 49 条RSS, 成功抓取 40 条.
[2026-05-22 15:55:48] ✘ 有 9 条订阅解析失败:
[2026-05-22 15:55:48] - https://tumutanzi.com/feed
[2026-05-22 15:55:48] - https://geekinney.com/index.xml
[2026-05-22 15:55:48] - https://suus.me/atom.xml
[2026-05-22 15:55:48] - https://ilogs.cn/feed/
[2026-05-22 15:55:48] - https://www.shephe.com/feed
[2026-05-22 15:55:48] - https://shuiba.co/feed
[2026-05-22 15:55:48] - https://www.moraex.com/feed
[2026-05-22 15:55:48] - https://writings.howsoonisnow.org/blog/feed/feed.xml
[2026-05-22 15:55:48] - https://sizheng.org/feed
[2026-05-22 15:55:48] ✘ 有 1 条订阅头像字段为空, 已使用默认头像:
[2026-05-22 15:55:48] - https://mayx.eu.org/atom.xml
[2026-05-22 15:55:48] ✘ 有 5 条订阅头像无法访问, 已使用默认头像:
[2026-05-22 15:55:48] - https://zhongxiaojie.com/feed
[2026-05-22 15:55:48] - https://laike9m.com/blog/rss/
[2026-05-22 15:55:48] - https://skywind.me/blog/feed
[2026-05-22 15:55:48] - https://xyzbz.cn/feed
[2026-05-22 15:55:48] - https://byvoid.com/zhs/feed.xml
