[2026-03-25 00:08:16] 抓取到的文章与现有数据相同，无需更新。
[2026-03-25 01:31:03] 抓取到的文章与现有数据相同，无需更新。
[2026-03-25 02:57:47] 本次订阅抓取结果统计:
[2026-03-25 02:57:47] 共 46 条RSS, 成功抓取 40 条.
[2026-03-25 02:57:47] ✘ 有 6 条订阅解析失败:
[2026-03-25 02:57:47] - https://tumutanzi.com/feed
[2026-03-25 02:57:47] - https://geekinney.com/index.xml
[2026-03-25 02:57:47] - https://suus.me/atom.xml
[2026-03-25 02:57:47] - https://shuiba.co/feed
[2026-03-25 02:57:47] - https://sizheng.org/feed
[2026-03-25 02:57:47] - https://www.moraex.com/feed
[2026-03-25 03:51:32] 本次订阅抓取结果统计:
[2026-03-25 03:51:32] 共 46 条RSS, 成功抓取 38 条.
[2026-03-25 03:51:32] ✘ 有 8 条订阅解析失败:
[2026-03-25 03:51:32] - https://tumutanzi.com/feed
[2026-03-25 03:51:32] - https://geekinney.com/index.xml
[2026-03-25 03:51:32] - https://suus.me/atom.xml
[2026-03-25 03:51:32] - https://shuiba.co/feed
[2026-03-25 03:51:32] - https://www.moraex.com/feed
[2026-03-25 03:51:32] - https://sizheng.org/feed
[2026-03-25 03:51:32] - https://yufan.me/feed
[2026-03-25 03:51:32] - https://note.redcha.cn/rss.xml
[2026-03-25 04:36:44] 本次订阅抓取结果统计:
[2026-03-25 04:36:44] 共 46 条RSS, 成功抓取 39 条.
[2026-03-25 04:36:44] ✘ 有 7 条订阅解析失败:
[2026-03-25 04:36:44] - https://tumutanzi.com/feed
[2026-03-25 04:36:44] - https://geekinney.com/index.xml
[2026-03-25 04:36:44] - https://suus.me/atom.xml
[2026-03-25 04:36:44] - https://shuiba.co/feed
[2026-03-25 04:36:44] - https://www.moraex.com/feed
[2026-03-25 04:36:44] - https://sizheng.org/feed
[2026-03-25 04:36:44] - https://note.redcha.cn/rss.xml
[2026-03-25 05:28:17] 本次订阅抓取结果统计:
[2026-03-25 05:28:17] 共 46 条RSS, 成功抓取 39 条.
[2026-03-25 05:28:17] ✘ 有 7 条订阅解析失败:
[2026-03-25 05:28:17] - https://tumutanzi.com/feed
[2026-03-25 05:28:17] - https://geekinney.com/index.xml
[2026-03-25 05:28:17] - https://suus.me/atom.xml
[2026-03-25 05:28:17] - https://shuiba.co/feed
[2026-03-25 05:28:17] - https://sizheng.org/feed
[2026-03-25 05:28:17] - https://www.moraex.com/feed
[2026-03-25 05:28:17] - https://freemind.pluskid.org/rss.xml
[2026-03-25 06:18:45] 本次订阅抓取结果统计:
[2026-03-25 06:18:45] 共 46 条RSS, 成功抓取 40 条.
[2026-03-25 06:18:45] ✘ 有 6 条订阅解析失败:
[2026-03-25 06:18:45] - https://tumutanzi.com/feed
[2026-03-25 06:18:45] - https://geekinney.com/index.xml
[2026-03-25 06:18:45] - https://suus.me/atom.xml
[2026-03-25 06:18:45] - https://shuiba.co/feed
[2026-03-25 06:18:45] - https://sizheng.org/feed
[2026-03-25 06:18:45] - https://www.moraex.com/feed
[2026-03-25 07:20:35] 抓取到的文章与现有数据相同，无需更新。
[2026-03-25 08:10:37] 本次订阅抓取结果统计:
[2026-03-25 08:10:37] 共 46 条RSS, 成功抓取 40 条.
[2026-03-25 08:10:37] ✘ 有 6 条订阅解析失败:
[2026-03-25 08:10:37] - https://tumutanzi.com/feed
[2026-03-25 08:10:37] - https://geekinney.com/index.xml
[2026-03-25 08:10:37] - https://suus.me/atom.xml
[2026-03-25 08:10:37] - https://shuiba.co/feed
[2026-03-25 08:10:37] - https://sizheng.org/feed
[2026-03-25 08:10:37] - https://www.moraex.com/feed
[2026-03-25 09:15:21] 本次订阅抓取结果统计:
[2026-03-25 09:15:21] 共 46 条RSS, 成功抓取 40 条.
[2026-03-25 09:15:21] ✘ 有 6 条订阅解析失败:
[2026-03-25 09:15:21] - https://tumutanzi.com/feed
[2026-03-25 09:15:21] - https://geekinney.com/index.xml
[2026-03-25 09:15:21] - https://suus.me/atom.xml
[2026-03-25 09:15:21] - https://shuiba.co/feed
[2026-03-25 09:15:21] - https://sizheng.org/feed
[2026-03-25 09:15:21] - https://www.moraex.com/feed
[2026-03-25 10:15:29] 本次订阅抓取结果统计:
[2026-03-25 10:15:29] 共 46 条RSS, 成功抓取 37 条.
[2026-03-25 10:15:29] ✘ 有 9 条订阅解析失败:
[2026-03-25 10:15:29] - https://tumutanzi.com/feed
[2026-03-25 10:15:29] - https://geekinney.com/index.xml
[2026-03-25 10:15:29] - https://suus.me/atom.xml
[2026-03-25 10:15:29] - https://leixus.cn/index.php/feed/
[2026-03-25 10:15:29] - https://shuiba.co/feed
[2026-03-25 10:15:29] - https://www.moraex.com/feed
[2026-03-25 10:15:29] - https://sizheng.org/feed
[2026-03-25 10:15:29] - https://freemind.pluskid.org/rss.xml
[2026-03-25 10:15:29] - http://www.cyys.net/wp/feed
[2026-03-25 11:13:57] 本次订阅抓取结果统计:
[2026-03-25 11:13:57] 共 46 条RSS, 成功抓取 40 条.
[2026-03-25 11:13:57] ✘ 有 6 条订阅解析失败:
[2026-03-25 11:13:57] - https://tumutanzi.com/feed
[2026-03-25 11:13:57] - https://geekinney.com/index.xml
[2026-03-25 11:13:57] - https://suus.me/atom.xml
[2026-03-25 11:13:57] - https://shuiba.co/feed
[2026-03-25 11:13:57] - https://sizheng.org/feed
[2026-03-25 11:13:57] - https://www.moraex.com/feed
[2026-03-25 12:09:42] 抓取到的文章与现有数据相同，无需更新。
[2026-03-25 13:29:23] 本次订阅抓取结果统计:
[2026-03-25 13:29:23] 共 46 条RSS, 成功抓取 39 条.
[2026-03-25 13:29:23] ✘ 有 7 条订阅解析失败:
[2026-03-25 13:29:23] - https://tumutanzi.com/feed
[2026-03-25 13:29:23] - https://geekinney.com/index.xml
[2026-03-25 13:29:23] - https://suus.me/atom.xml
[2026-03-25 13:29:23] - https://shuiba.co/feed
[2026-03-25 13:29:23] - https://sizheng.org/feed
[2026-03-25 13:29:23] - https://www.moraex.com/feed
[2026-03-25 13:29:23] - https://note.redcha.cn/rss.xml
