[2026-05-19 00:23:51] 抓取到的文章与现有数据相同，无需更新。
[2026-05-19 01:36:46] 抓取到的文章与现有数据相同，无需更新。
[2026-05-19 03:00:42] 本次订阅抓取结果统计:
[2026-05-19 03:00:42] 共 49 条RSS, 成功抓取 40 条.
[2026-05-19 03:00:42] ✘ 有 9 条订阅解析失败:
[2026-05-19 03:00:42] - https://tumutanzi.com/feed
[2026-05-19 03:00:42] - https://geekinney.com/index.xml
[2026-05-19 03:00:42] - https://suus.me/atom.xml
[2026-05-19 03:00:42] - https://www.shephe.com/feed
[2026-05-19 03:00:42] - https://ilogs.cn/feed/
[2026-05-19 03:00:42] - https://shuiba.co/feed
[2026-05-19 03:00:42] - https://writings.howsoonisnow.org/blog/feed/feed.xml
[2026-05-19 03:00:42] - https://www.moraex.com/feed
[2026-05-19 03:00:42] - https://sizheng.org/feed
[2026-05-19 03:00:42] ✘ 有 1 条订阅头像字段为空, 已使用默认头像:
[2026-05-19 03:00:42] - https://jt26wzz.com/rss.xml
[2026-05-19 04:32:30] 本次订阅抓取结果统计:
[2026-05-19 04:32:30] 共 49 条RSS, 成功抓取 40 条.
[2026-05-19 04:32:30] ✘ 有 9 条订阅解析失败:
[2026-05-19 04:32:30] - https://tumutanzi.com/feed
[2026-05-19 04:32:30] - https://geekinney.com/index.xml
[2026-05-19 04:32:30] - https://suus.me/atom.xml
[2026-05-19 04:32:30] - https://www.shephe.com/feed
[2026-05-19 04:32:30] - https://ilogs.cn/feed/
[2026-05-19 04:32:30] - https://shuiba.co/feed
[2026-05-19 04:32:30] - https://writings.howsoonisnow.org/blog/feed/feed.xml
[2026-05-19 04:32:30] - https://www.moraex.com/feed
[2026-05-19 04:32:30] - https://sizheng.org/feed
[2026-05-19 04:32:30] ✘ 有 1 条订阅头像字段为空, 已使用默认头像:
[2026-05-19 04:32:30] - https://jt26wzz.com/rss.xml
[2026-05-19 06:21:45] 抓取到的文章与现有数据相同，无需更新。
[2026-05-19 08:08:41] 抓取到的文章与现有数据相同，无需更新。
[2026-05-19 10:15:03] 本次订阅抓取结果统计:
[2026-05-19 10:15:03] 共 49 条RSS, 成功抓取 40 条.
[2026-05-19 10:15:03] ✘ 有 9 条订阅解析失败:
[2026-05-19 10:15:03] - https://tumutanzi.com/feed
[2026-05-19 10:15:03] - https://geekinney.com/index.xml
[2026-05-19 10:15:03] - https://suus.me/atom.xml
[2026-05-19 10:15:03] - https://www.shephe.com/feed
[2026-05-19 10:15:03] - https://ilogs.cn/feed/
[2026-05-19 10:15:03] - https://shuiba.co/feed
[2026-05-19 10:15:03] - https://writings.howsoonisnow.org/blog/feed/feed.xml
[2026-05-19 10:15:03] - https://sizheng.org/feed
[2026-05-19 10:15:03] - https://www.moraex.com/feed
[2026-05-19 10:15:03] ✘ 有 1 条订阅头像字段为空, 已使用默认头像:
[2026-05-19 10:15:03] - https://jt26wzz.com/rss.xml
[2026-05-19 12:00:42] 抓取到的文章与现有数据相同，无需更新。
[2026-05-19 13:25:18] 本次订阅抓取结果统计:
[2026-05-19 13:25:18] 共 49 条RSS, 成功抓取 40 条.
[2026-05-19 13:25:18] ✘ 有 9 条订阅解析失败:
[2026-05-19 13:25:18] - https://tumutanzi.com/feed
[2026-05-19 13:25:18] - https://geekinney.com/index.xml
[2026-05-19 13:25:18] - https://suus.me/atom.xml
[2026-05-19 13:25:18] - https://ilogs.cn/feed/
[2026-05-19 13:25:18] - https://shuiba.co/feed
[2026-05-19 13:25:18] - https://www.moraex.com/feed
[2026-05-19 13:25:18] - https://writings.howsoonisnow.org/blog/feed/feed.xml
[2026-05-19 13:25:18] - https://sizheng.org/feed
[2026-05-19 13:25:18] - https://www.shephe.com/feed
[2026-05-19 13:25:18] ✘ 有 1 条订阅头像字段为空, 已使用默认头像:
[2026-05-19 13:25:18] - https://jt26wzz.com/rss.xml
[2026-05-19 15:01:01] 抓取到的文章与现有数据相同，无需更新。
[2026-05-19 16:56:27] 抓取到的文章与现有数据相同，无需更新。
[2026-05-19 17:45:13] 抓取到的文章与现有数据相同，无需更新。
[2026-05-19 18:31:54] 抓取到的文章与现有数据相同，无需更新。
[2026-05-19 19:31:36] 抓取到的文章与现有数据相同，无需更新。
[2026-05-19 20:30:18] 抓取到的文章与现有数据相同，无需更新。
