[2026-06-17 00:29:45] 抓取到的文章与现有数据相同，无需更新。
[2026-06-17 01:47:03] 本次订阅抓取结果统计:
[2026-06-17 01:47:03] 共 54 条RSS, 成功抓取 44 条.
[2026-06-17 01:47:03] ✘ 有 10 条订阅解析失败:
[2026-06-17 01:47:03] - https://geekinney.com/index.xml
[2026-06-17 01:47:03] - https://suus.me/atom.xml
[2026-06-17 01:47:03] - https://bluehe.cn/rss.xml
[2026-06-17 01:47:03] - https://ilogs.cn/feed/
[2026-06-17 01:47:03] - https://www.shephe.com/feed
[2026-06-17 01:47:03] - https://writings.howsoonisnow.org/blog/feed/feed.xml
[2026-06-17 01:47:03] - https://www.moraex.com/feed
[2026-06-17 01:47:03] - https://sizheng.org/feed
[2026-06-17 01:47:03] - https://4op.top/index.xml
[2026-06-17 01:47:03] - https://ayayy.com/feed/
[2026-06-17 01:47:03] ✘ 有 1 条订阅头像字段为空, 已使用默认头像:
[2026-06-17 01:47:03] - https://jt26wzz.com/rss.xml
[2026-06-17 03:01:56] 抓取到的文章与现有数据相同，无需更新。
[2026-06-17 05:33:35] 抓取到的文章与现有数据相同，无需更新。
[2026-06-17 07:40:27] 抓取到的文章与现有数据相同，无需更新。
[2026-06-17 09:30:25] 抓取到的文章与现有数据相同，无需更新。
[2026-06-17 11:30:56] 本次订阅抓取结果统计:
[2026-06-17 11:30:56] 共 54 条RSS, 成功抓取 42 条.
[2026-06-17 11:30:56] ✘ 有 12 条订阅解析失败:
[2026-06-17 11:30:56] - https://geekinney.com/index.xml
[2026-06-17 11:30:56] - https://tumutanzi.com/feed
[2026-06-17 11:30:56] - https://suus.me/atom.xml
[2026-06-17 11:30:56] - https://leixus.cn/index.php/feed/
[2026-06-17 11:30:56] - https://bluehe.cn/rss.xml
[2026-06-17 11:30:56] - https://ilogs.cn/feed/
[2026-06-17 11:30:56] - https://www.shephe.com/feed
[2026-06-17 11:30:56] - https://www.moraex.com/feed
[2026-06-17 11:30:56] - https://writings.howsoonisnow.org/blog/feed/feed.xml
[2026-06-17 11:30:56] - https://sizheng.org/feed
[2026-06-17 11:30:56] - https://4op.top/index.xml
[2026-06-17 11:30:56] - https://ayayy.com/feed/
[2026-06-17 11:30:56] ✘ 有 1 条订阅头像字段为空, 已使用默认头像:
[2026-06-17 11:30:56] - https://jt26wzz.com/rss.xml
[2026-06-17 13:06:11] 本次订阅抓取结果统计:
[2026-06-17 13:06:11] 共 54 条RSS, 成功抓取 44 条.
[2026-06-17 13:06:11] ✘ 有 10 条订阅解析失败:
[2026-06-17 13:06:11] - https://geekinney.com/index.xml
[2026-06-17 13:06:11] - https://suus.me/atom.xml
[2026-06-17 13:06:11] - https://bluehe.cn/rss.xml
[2026-06-17 13:06:11] - https://ilogs.cn/feed/
[2026-06-17 13:06:11] - https://www.shephe.com/feed
[2026-06-17 13:06:11] - https://writings.howsoonisnow.org/blog/feed/feed.xml
[2026-06-17 13:06:11] - https://www.moraex.com/feed
[2026-06-17 13:06:11] - https://sizheng.org/feed
[2026-06-17 13:06:11] - https://4op.top/index.xml
[2026-06-17 13:06:11] - https://ayayy.com/feed/
[2026-06-17 13:06:11] ✘ 有 1 条订阅头像字段为空, 已使用默认头像:
[2026-06-17 13:06:11] - https://jt26wzz.com/rss.xml
[2026-06-17 15:01:38] 本次订阅抓取结果统计:
[2026-06-17 15:01:38] 共 54 条RSS, 成功抓取 44 条.
[2026-06-17 15:01:38] ✘ 有 10 条订阅解析失败:
[2026-06-17 15:01:38] - https://geekinney.com/index.xml
[2026-06-17 15:01:38] - https://suus.me/atom.xml
[2026-06-17 15:01:38] - https://bluehe.cn/rss.xml
[2026-06-17 15:01:38] - https://www.shephe.com/feed
[2026-06-17 15:01:38] - https://ilogs.cn/feed/
[2026-06-17 15:01:38] - https://writings.howsoonisnow.org/blog/feed/feed.xml
[2026-06-17 15:01:38] - https://www.moraex.com/feed
[2026-06-17 15:01:38] - https://sizheng.org/feed
[2026-06-17 15:01:38] - https://4op.top/index.xml
[2026-06-17 15:01:38] - https://ayayy.com/feed/
[2026-06-17 15:01:38] ✘ 有 1 条订阅头像字段为空, 已使用默认头像:
[2026-06-17 15:01:38] - https://jt26wzz.com/rss.xml
[2026-06-17 16:58:36] 抓取到的文章与现有数据相同，无需更新。
[2026-06-17 17:55:22] 抓取到的文章与现有数据相同，无需更新。
[2026-06-17 18:44:30] 抓取到的文章与现有数据相同，无需更新。
[2026-06-17 19:40:27] 抓取到的文章与现有数据相同，无需更新。
[2026-06-17 20:39:56] 本次订阅抓取结果统计:
[2026-06-17 20:39:56] 共 54 条RSS, 成功抓取 43 条.
[2026-06-17 20:39:56] ✘ 有 11 条订阅解析失败:
[2026-06-17 20:39:56] - https://geekinney.com/index.xml
[2026-06-17 20:39:56] - https://suus.me/atom.xml
[2026-06-17 20:39:56] - https://bluehe.cn/rss.xml
[2026-06-17 20:39:56] - https://www.shephe.com/feed
[2026-06-17 20:39:56] - https://ilogs.cn/feed/
[2026-06-17 20:39:56] - https://writings.howsoonisnow.org/blog/feed/feed.xml
[2026-06-17 20:39:56] - https://www.moraex.com/feed
[2026-06-17 20:39:56] - https://sizheng.org/feed
[2026-06-17 20:39:56] - https://4op.top/index.xml
[2026-06-17 20:39:56] - https://ayayy.com/feed/
[2026-06-17 20:39:56] - https://xyzbz.cn/feed
[2026-06-17 20:39:56] ✘ 有 1 条订阅头像字段为空, 已使用默认头像:
[2026-06-17 20:39:56] - https://jt26wzz.com/rss.xml
[2026-06-17 21:36:46] 本次订阅抓取结果统计:
[2026-06-17 21:36:46] 共 54 条RSS, 成功抓取 44 条.
[2026-06-17 21:36:46] ✘ 有 10 条订阅解析失败:
[2026-06-17 21:36:46] - https://geekinney.com/index.xml
[2026-06-17 21:36:46] - https://suus.me/atom.xml
[2026-06-17 21:36:46] - https://bluehe.cn/rss.xml
[2026-06-17 21:36:46] - https://www.shephe.com/feed
[2026-06-17 21:36:46] - https://ilogs.cn/feed/
[2026-06-17 21:36:46] - https://writings.howsoonisnow.org/blog/feed/feed.xml
[2026-06-17 21:36:46] - https://www.moraex.com/feed
[2026-06-17 21:36:46] - https://sizheng.org/feed
[2026-06-17 21:36:46] - https://4op.top/index.xml
[2026-06-17 21:36:46] - https://ayayy.com/feed/
[2026-06-17 21:36:46] ✘ 有 1 条订阅头像字段为空, 已使用默认头像:
[2026-06-17 21:36:46] - https://jt26wzz.com/rss.xml
[2026-06-17 22:31:31] 抓取到的文章与现有数据相同，无需更新。
