[2026-03-29 00:08:28] 抓取到的文章与现有数据相同，无需更新。
[2026-03-29 01:31:08] 本次订阅抓取结果统计:
[2026-03-29 01:31:08] 共 46 条RSS, 成功抓取 39 条.
[2026-03-29 01:31:08] ✘ 有 7 条订阅解析失败:
[2026-03-29 01:31:08] - https://tumutanzi.com/feed
[2026-03-29 01:31:08] - https://geekinney.com/index.xml
[2026-03-29 01:31:08] - https://suus.me/atom.xml
[2026-03-29 01:31:08] - https://ihaihe.cn/feed
[2026-03-29 01:31:08] - https://shuiba.co/feed
[2026-03-29 01:31:08] - https://www.moraex.com/feed
[2026-03-29 01:31:08] - https://sizheng.org/feed
[2026-03-29 02:58:53] 本次订阅抓取结果统计:
[2026-03-29 02:58:53] 共 46 条RSS, 成功抓取 40 条.
[2026-03-29 02:58:53] ✘ 有 6 条订阅解析失败:
[2026-03-29 02:58:53] - https://tumutanzi.com/feed
[2026-03-29 02:58:53] - https://geekinney.com/index.xml
[2026-03-29 02:58:53] - https://suus.me/atom.xml
[2026-03-29 02:58:53] - https://shuiba.co/feed
[2026-03-29 02:58:53] - https://www.moraex.com/feed
[2026-03-29 02:58:53] - https://sizheng.org/feed
[2026-03-29 04:04:04] 抓取到的文章与现有数据相同，无需更新。
[2026-03-29 05:31:27] 抓取到的文章与现有数据相同，无需更新。
[2026-03-29 06:19:46] 抓取到的文章与现有数据相同，无需更新。
[2026-03-29 07:20:52] 抓取到的文章与现有数据相同，无需更新。
