[2026-05-07 00:19:14] 抓取到的文章与现有数据相同，无需更新。
[2026-05-07 01:33:37] 抓取到的文章与现有数据相同，无需更新。
[2026-05-07 03:01:19] 本次订阅抓取结果统计:
[2026-05-07 03:01:19] 共 48 条RSS, 成功抓取 40 条.
[2026-05-07 03:01:19] ✘ 有 8 条订阅解析失败:
[2026-05-07 03:01:19] - https://tumutanzi.com/feed
[2026-05-07 03:01:19] - https://geekinney.com/index.xml
[2026-05-07 03:01:19] - https://suus.me/atom.xml
[2026-05-07 03:01:19] - https://ilogs.cn/feed/
[2026-05-07 03:01:19] - https://shuiba.co/feed
[2026-05-07 03:01:19] - https://www.moraex.com/feed
[2026-05-07 03:01:19] - https://sizheng.org/feed
[2026-05-07 03:01:19] - https://note.redcha.cn/rss.xml
[2026-05-07 03:01:19] ✘ 有 1 条订阅头像字段为空, 已使用默认头像:
[2026-05-07 03:01:19] - https://jt26wzz.com/rss.xml
[2026-05-07 04:23:48] 本次订阅抓取结果统计:
[2026-05-07 04:23:48] 共 48 条RSS, 成功抓取 40 条.
[2026-05-07 04:23:48] ✘ 有 8 条订阅解析失败:
[2026-05-07 04:23:48] - https://tumutanzi.com/feed
[2026-05-07 04:23:48] - https://geekinney.com/index.xml
[2026-05-07 04:23:48] - https://suus.me/atom.xml
[2026-05-07 04:23:48] - https://ilogs.cn/feed/
[2026-05-07 04:23:48] - https://shuiba.co/feed
[2026-05-07 04:23:48] - https://www.moraex.com/feed
[2026-05-07 04:23:48] - https://sizheng.org/feed
[2026-05-07 04:23:48] - https://note.redcha.cn/rss.xml
[2026-05-07 04:23:48] ✘ 有 1 条订阅头像字段为空, 已使用默认头像:
[2026-05-07 04:23:48] - https://jt26wzz.com/rss.xml
[2026-05-07 06:02:03] 抓取到的文章与现有数据相同，无需更新。
[2026-05-07 07:16:43] 本次订阅抓取结果统计:
[2026-05-07 07:16:43] 共 48 条RSS, 成功抓取 40 条.
[2026-05-07 07:16:43] ✘ 有 8 条订阅解析失败:
[2026-05-07 07:16:43] - https://tumutanzi.com/feed
[2026-05-07 07:16:43] - https://geekinney.com/index.xml
[2026-05-07 07:16:43] - https://suus.me/atom.xml
[2026-05-07 07:16:43] - https://ilogs.cn/feed/
[2026-05-07 07:16:43] - https://www.moraex.com/feed
[2026-05-07 07:16:43] - https://shuiba.co/feed
[2026-05-07 07:16:43] - https://sizheng.org/feed
[2026-05-07 07:16:43] - https://note.redcha.cn/rss.xml
[2026-05-07 07:16:43] ✘ 有 1 条订阅头像字段为空, 已使用默认头像:
[2026-05-07 07:16:43] - https://jt26wzz.com/rss.xml
[2026-05-07 08:51:50] 抓取到的文章与现有数据相同，无需更新。
[2026-05-07 09:50:06] 抓取到的文章与现有数据相同，无需更新。
[2026-05-07 10:44:01] 本次订阅抓取结果统计:
[2026-05-07 10:44:01] 共 48 条RSS, 成功抓取 40 条.
[2026-05-07 10:44:01] ✘ 有 8 条订阅解析失败:
[2026-05-07 10:44:01] - https://tumutanzi.com/feed
[2026-05-07 10:44:01] - https://geekinney.com/index.xml
[2026-05-07 10:44:01] - https://suus.me/atom.xml
[2026-05-07 10:44:01] - https://ilogs.cn/feed/
[2026-05-07 10:44:01] - https://shuiba.co/feed
[2026-05-07 10:44:01] - https://www.moraex.com/feed
[2026-05-07 10:44:01] - https://sizheng.org/feed
[2026-05-07 10:44:01] - https://note.redcha.cn/rss.xml
[2026-05-07 10:44:01] ✘ 有 1 条订阅头像字段为空, 已使用默认头像:
[2026-05-07 10:44:01] - https://jt26wzz.com/rss.xml
[2026-05-07 11:31:53] 抓取到的文章与现有数据相同，无需更新。
[2026-05-07 12:32:19] 抓取到的文章与现有数据相同，无需更新。
[2026-05-07 13:31:34] 抓取到的文章与现有数据相同，无需更新。
[2026-05-07 14:52:51] 本次订阅抓取结果统计:
[2026-05-07 14:52:51] 共 48 条RSS, 成功抓取 40 条.
[2026-05-07 14:52:51] ✘ 有 8 条订阅解析失败:
[2026-05-07 14:52:51] - https://tumutanzi.com/feed
[2026-05-07 14:52:51] - https://geekinney.com/index.xml
[2026-05-07 14:52:51] - https://suus.me/atom.xml
[2026-05-07 14:52:51] - https://ilogs.cn/feed/
[2026-05-07 14:52:51] - https://shuiba.co/feed
[2026-05-07 14:52:51] - https://www.moraex.com/feed
[2026-05-07 14:52:51] - https://sizheng.org/feed
[2026-05-07 14:52:51] - https://note.redcha.cn/rss.xml
[2026-05-07 14:52:51] ✘ 有 1 条订阅头像字段为空, 已使用默认头像:
[2026-05-07 14:52:51] - https://jt26wzz.com/rss.xml
[2026-05-07 15:43:49] 抓取到的文章与现有数据相同，无需更新。
[2026-05-07 16:31:45] 抓取到的文章与现有数据相同，无需更新。
[2026-05-07 17:31:34] 抓取到的文章与现有数据相同，无需更新。
[2026-05-07 18:29:32] 抓取到的文章与现有数据相同，无需更新。
[2026-05-07 19:30:38] 抓取到的文章与现有数据相同，无需更新。
[2026-05-07 20:25:07] 抓取到的文章与现有数据相同，无需更新。
