[2026-05-11 00:18:46] 抓取到的文章与现有数据相同，无需更新。
[2026-05-11 01:35:44] 抓取到的文章与现有数据相同，无需更新。
[2026-05-11 03:00:42] 抓取到的文章与现有数据相同，无需更新。
[2026-05-11 04:34:21] 抓取到的文章与现有数据相同，无需更新。
[2026-05-11 06:14:32] 本次订阅抓取结果统计:
[2026-05-11 06:14:32] 共 49 条RSS, 成功抓取 40 条.
[2026-05-11 06:14:32] ✘ 有 9 条订阅解析失败:
[2026-05-11 06:14:32] - https://tumutanzi.com/feed
[2026-05-11 06:14:32] - https://geekinney.com/index.xml
[2026-05-11 06:14:32] - https://suus.me/atom.xml
[2026-05-11 06:14:32] - https://www.shephe.com/feed
[2026-05-11 06:14:32] - https://ilogs.cn/feed/
[2026-05-11 06:14:32] - https://shuiba.co/feed
[2026-05-11 06:14:32] - https://writings.howsoonisnow.org/blog/feed/feed.xml
[2026-05-11 06:14:32] - https://www.moraex.com/feed
[2026-05-11 06:14:32] - https://sizheng.org/feed
[2026-05-11 06:14:32] ✘ 有 1 条订阅头像字段为空, 已使用默认头像:
[2026-05-11 06:14:32] - https://jt26wzz.com/rss.xml
[2026-05-11 08:07:50] 本次订阅抓取结果统计:
[2026-05-11 08:07:50] 共 49 条RSS, 成功抓取 40 条.
[2026-05-11 08:07:50] ✘ 有 9 条订阅解析失败:
[2026-05-11 08:07:50] - https://tumutanzi.com/feed
[2026-05-11 08:07:50] - https://geekinney.com/index.xml
[2026-05-11 08:07:50] - https://suus.me/atom.xml
[2026-05-11 08:07:50] - https://www.shephe.com/feed
[2026-05-11 08:07:50] - https://ilogs.cn/feed/
[2026-05-11 08:07:50] - https://shuiba.co/feed
[2026-05-11 08:07:50] - https://www.moraex.com/feed
[2026-05-11 08:07:50] - https://writings.howsoonisnow.org/blog/feed/feed.xml
[2026-05-11 08:07:50] - https://sizheng.org/feed
[2026-05-11 08:07:50] ✘ 有 1 条订阅头像字段为空, 已使用默认头像:
[2026-05-11 08:07:50] - https://jt26wzz.com/rss.xml
[2026-05-11 10:10:10] 抓取到的文章与现有数据相同，无需更新。
[2026-05-11 12:01:24] 抓取到的文章与现有数据相同，无需更新。
[2026-05-11 13:52:10] 抓取到的文章与现有数据相同，无需更新。
