[2026-06-20 00:26:14] 本次订阅抓取结果统计:
[2026-06-20 00:26:14] 共 54 条RSS, 成功抓取 44 条.
[2026-06-20 00:26:14] ✘ 有 10 条订阅解析失败:
[2026-06-20 00:26:14] - https://geekinney.com/index.xml
[2026-06-20 00:26:14] - https://suus.me/atom.xml
[2026-06-20 00:26:14] - https://bluehe.cn/rss.xml
[2026-06-20 00:26:14] - https://ilogs.cn/feed/
[2026-06-20 00:26:14] - https://www.moraex.com/feed
[2026-06-20 00:26:14] - https://writings.howsoonisnow.org/blog/feed/feed.xml
[2026-06-20 00:26:14] - https://sizheng.org/feed
[2026-06-20 00:26:14] - https://4op.top/index.xml
[2026-06-20 00:26:14] - https://www.shephe.com/feed
[2026-06-20 00:26:14] - https://ayayy.com/feed/
[2026-06-20 00:26:14] ✘ 有 1 条订阅头像字段为空, 已使用默认头像:
[2026-06-20 00:26:14] - https://jt26wzz.com/rss.xml
[2026-06-20 01:39:23] 抓取到的文章与现有数据相同，无需更新。
[2026-06-20 03:00:48] 抓取到的文章与现有数据相同，无需更新。
[2026-06-20 05:25:42] [WARN] 加载头像映射失败: failed to fetch avatar map, status code: 525
[2026-06-20 05:26:35] 本次订阅抓取结果统计:
[2026-06-20 05:26:35] 共 54 条RSS, 成功抓取 44 条.
[2026-06-20 05:26:35] ✘ 有 10 条订阅解析失败:
[2026-06-20 05:26:35] - https://geekinney.com/index.xml
[2026-06-20 05:26:35] - https://suus.me/atom.xml
[2026-06-20 05:26:35] - https://bluehe.cn/rss.xml
[2026-06-20 05:26:35] - https://writings.howsoonisnow.org/blog/feed/feed.xml
[2026-06-20 05:26:35] - https://ilogs.cn/feed/
[2026-06-20 05:26:35] - https://www.moraex.com/feed
[2026-06-20 05:26:35] - https://sizheng.org/feed
[2026-06-20 05:26:35] - https://4op.top/index.xml
[2026-06-20 05:26:35] - https://ayayy.com/feed/
[2026-06-20 05:26:35] - https://www.shephe.com/feed
[2026-06-20 05:26:35] ✘ 有 1 条订阅头像字段为空, 已使用默认头像:
[2026-06-20 05:26:35] - https://mayx.eu.org/atom.xml
[2026-06-20 05:26:35] ✘ 有 4 条订阅头像无法访问, 已使用默认头像:
[2026-06-20 05:26:35] - https://laike9m.com/blog/rss/
[2026-06-20 05:26:35] - https://skywind.me/blog/feed
[2026-06-20 05:26:35] - https://byvoid.com/zhs/feed.xml
[2026-06-20 05:26:35] - https://xyzbz.cn/feed
[2026-06-20 07:13:56] 本次订阅抓取结果统计:
[2026-06-20 07:13:56] 共 54 条RSS, 成功抓取 42 条.
[2026-06-20 07:13:56] ✘ 有 12 条订阅解析失败:
[2026-06-20 07:13:56] - https://geekinney.com/index.xml
[2026-06-20 07:13:56] - https://tumutanzi.com/feed
[2026-06-20 07:13:56] - https://suus.me/atom.xml
[2026-06-20 07:13:56] - https://bluehe.cn/rss.xml
[2026-06-20 07:13:56] - https://leixus.cn/index.php/feed/
[2026-06-20 07:13:56] - https://ilogs.cn/feed/
[2026-06-20 07:13:56] - https://writings.howsoonisnow.org/blog/feed/feed.xml
[2026-06-20 07:13:56] - https://www.moraex.com/feed
[2026-06-20 07:13:56] - https://sizheng.org/feed
[2026-06-20 07:13:56] - https://4op.top/index.xml
[2026-06-20 07:13:56] - https://www.shephe.com/feed
[2026-06-20 07:13:56] - https://ayayy.com/feed/
[2026-06-20 07:13:56] ✘ 有 1 条订阅头像字段为空, 已使用默认头像:
[2026-06-20 07:13:56] - https://jt26wzz.com/rss.xml
