[2026-04-28 00:17:32] 抓取到的文章与现有数据相同，无需更新。
[2026-04-28 01:32:05] 抓取到的文章与现有数据相同，无需更新。
[2026-04-28 03:00:01] 抓取到的文章与现有数据相同，无需更新。
[2026-04-28 04:22:21] 本次订阅抓取结果统计:
[2026-04-28 04:22:21] 共 47 条RSS, 成功抓取 38 条.
[2026-04-28 04:22:21] ✘ 有 9 条订阅解析失败:
[2026-04-28 04:22:21] - https://tumutanzi.com/feed
[2026-04-28 04:22:21] - https://geekinney.com/index.xml
[2026-04-28 04:22:21] - https://suus.me/atom.xml
[2026-04-28 04:22:21] - https://www.mrhe.net/feed
[2026-04-28 04:22:21] - https://www.shephe.com/feed
[2026-04-28 04:22:21] - https://ilogs.cn/feed/
[2026-04-28 04:22:21] - https://shuiba.co/feed
[2026-04-28 04:22:21] - https://www.moraex.com/feed
[2026-04-28 04:22:21] - https://sizheng.org/feed
[2026-04-28 06:00:19] 抓取到的文章与现有数据相同，无需更新。
[2026-04-28 07:09:01] 抓取到的文章与现有数据相同，无需更新。
[2026-04-28 08:44:49] 抓取到的文章与现有数据相同，无需更新。
[2026-04-28 09:43:44] 本次订阅抓取结果统计:
[2026-04-28 09:43:44] 共 47 条RSS, 成功抓取 38 条.
[2026-04-28 09:43:44] ✘ 有 9 条订阅解析失败:
[2026-04-28 09:43:44] - https://tumutanzi.com/feed
[2026-04-28 09:43:44] - https://geekinney.com/index.xml
[2026-04-28 09:43:44] - https://suus.me/atom.xml
[2026-04-28 09:43:44] - https://www.mrhe.net/feed
[2026-04-28 09:43:44] - https://www.shephe.com/feed
[2026-04-28 09:43:44] - https://ilogs.cn/feed/
[2026-04-28 09:43:44] - https://shuiba.co/feed
[2026-04-28 09:43:44] - https://www.moraex.com/feed
[2026-04-28 09:43:44] - https://sizheng.org/feed
[2026-04-28 10:37:23] 抓取到的文章与现有数据相同，无需更新。
[2026-04-28 11:31:27] 抓取到的文章与现有数据相同，无需更新。
