[2026-06-24 00:22:04] 本次订阅抓取结果统计:
[2026-06-24 00:22:04] 共 54 条RSS, 成功抓取 43 条.
[2026-06-24 00:22:04] ✘ 有 11 条订阅解析失败:
[2026-06-24 00:22:04] - https://geekinney.com/index.xml
[2026-06-24 00:22:04] - https://suus.me/atom.xml
[2026-06-24 00:22:04] - https://www.shephe.com/feed
[2026-06-24 00:22:04] - https://bluehe.cn/rss.xml
[2026-06-24 00:22:04] - https://ilogs.cn/feed/
[2026-06-24 00:22:04] - https://www.moraex.com/feed
[2026-06-24 00:22:04] - https://writings.howsoonisnow.org/blog/feed/feed.xml
[2026-06-24 00:22:04] - https://sizheng.org/feed
[2026-06-24 00:22:04] - https://4op.top/index.xml
[2026-06-24 00:22:04] - https://ayayy.com/feed/
[2026-06-24 00:22:04] - https://www.xiaoten.com/index.xml
[2026-06-24 00:22:04] ✘ 有 1 条订阅头像字段为空, 已使用默认头像:
[2026-06-24 00:22:04] - https://jt26wzz.com/rss.xml
[2026-06-24 01:35:35] 抓取到的文章与现有数据相同，无需更新。
[2026-06-24 03:01:03] 本次订阅抓取结果统计:
[2026-06-24 03:01:03] 共 54 条RSS, 成功抓取 41 条.
[2026-06-24 03:01:03] ✘ 有 13 条订阅解析失败:
[2026-06-24 03:01:03] - https://geekinney.com/index.xml
[2026-06-24 03:01:03] - https://tumutanzi.com/feed
[2026-06-24 03:01:03] - https://suus.me/atom.xml
[2026-06-24 03:01:03] - https://bluehe.cn/rss.xml
[2026-06-24 03:01:03] - https://www.shephe.com/feed
[2026-06-24 03:01:03] - https://leixus.cn/index.php/feed/
[2026-06-24 03:01:03] - https://ilogs.cn/feed/
[2026-06-24 03:01:03] - https://www.moraex.com/feed
[2026-06-24 03:01:03] - https://writings.howsoonisnow.org/blog/feed/feed.xml
[2026-06-24 03:01:03] - https://sizheng.org/feed
[2026-06-24 03:01:03] - https://4op.top/index.xml
[2026-06-24 03:01:03] - https://ayayy.com/feed/
[2026-06-24 03:01:03] - https://www.xiaoten.com/index.xml
[2026-06-24 03:01:03] ✘ 有 1 条订阅头像字段为空, 已使用默认头像:
[2026-06-24 03:01:03] - https://jt26wzz.com/rss.xml
[2026-06-24 04:33:12] 本次订阅抓取结果统计:
[2026-06-24 04:33:12] 共 54 条RSS, 成功抓取 43 条.
[2026-06-24 04:33:12] ✘ 有 11 条订阅解析失败:
[2026-06-24 04:33:12] - https://geekinney.com/index.xml
[2026-06-24 04:33:12] - https://suus.me/atom.xml
[2026-06-24 04:33:12] - https://bluehe.cn/rss.xml
[2026-06-24 04:33:12] - https://www.shephe.com/feed
[2026-06-24 04:33:12] - https://ilogs.cn/feed/
[2026-06-24 04:33:12] - https://writings.howsoonisnow.org/blog/feed/feed.xml
[2026-06-24 04:33:12] - https://sizheng.org/feed
[2026-06-24 04:33:12] - https://www.moraex.com/feed
[2026-06-24 04:33:12] - https://4op.top/index.xml
[2026-06-24 04:33:12] - https://ayayy.com/feed/
[2026-06-24 04:33:12] - https://www.xiaoten.com/index.xml
[2026-06-24 04:33:12] ✘ 有 1 条订阅头像字段为空, 已使用默认头像:
[2026-06-24 04:33:12] - https://jt26wzz.com/rss.xml
[2026-06-24 06:19:16] 抓取到的文章与现有数据相同，无需更新。
[2026-06-24 08:07:33] 本次订阅抓取结果统计:
[2026-06-24 08:07:33] 共 54 条RSS, 成功抓取 43 条.
[2026-06-24 08:07:33] ✘ 有 11 条订阅解析失败:
[2026-06-24 08:07:33] - https://geekinney.com/index.xml
[2026-06-24 08:07:33] - https://suus.me/atom.xml
[2026-06-24 08:07:33] - https://bluehe.cn/rss.xml
[2026-06-24 08:07:33] - https://www.shephe.com/feed
[2026-06-24 08:07:33] - https://ilogs.cn/feed/
[2026-06-24 08:07:33] - https://www.moraex.com/feed
[2026-06-24 08:07:33] - https://writings.howsoonisnow.org/blog/feed/feed.xml
[2026-06-24 08:07:33] - https://sizheng.org/feed
[2026-06-24 08:07:33] - https://4op.top/index.xml
[2026-06-24 08:07:33] - https://ayayy.com/feed/
[2026-06-24 08:07:33] - https://www.xiaoten.com/index.xml
[2026-06-24 08:07:33] ✘ 有 1 条订阅头像字段为空, 已使用默认头像:
[2026-06-24 08:07:33] - https://jt26wzz.com/rss.xml
[2026-06-24 10:03:40] 抓取到的文章与现有数据相同，无需更新。
[2026-06-24 11:53:55] 本次订阅抓取结果统计:
[2026-06-24 11:53:55] 共 54 条RSS, 成功抓取 44 条.
[2026-06-24 11:53:55] ✘ 有 10 条订阅解析失败:
[2026-06-24 11:53:55] - https://geekinney.com/index.xml
[2026-06-24 11:53:55] - https://suus.me/atom.xml
[2026-06-24 11:53:55] - https://bluehe.cn/rss.xml
[2026-06-24 11:53:55] - https://www.shephe.com/feed
[2026-06-24 11:53:55] - https://ilogs.cn/feed/
[2026-06-24 11:53:55] - https://writings.howsoonisnow.org/blog/feed/feed.xml
[2026-06-24 11:53:55] - https://www.moraex.com/feed
[2026-06-24 11:53:55] - https://sizheng.org/feed
[2026-06-24 11:53:55] - https://4op.top/index.xml
[2026-06-24 11:53:55] - https://ayayy.com/feed/
[2026-06-24 11:53:55] ✘ 有 1 条订阅头像字段为空, 已使用默认头像:
[2026-06-24 11:53:55] - https://jt26wzz.com/rss.xml
[2026-06-24 12:38:37] 抓取到的文章与现有数据相同，无需更新。
[2026-06-24 13:40:56] 本次订阅抓取结果统计:
[2026-06-24 13:40:56] 共 54 条RSS, 成功抓取 42 条.
[2026-06-24 13:40:56] ✘ 有 12 条订阅解析失败:
[2026-06-24 13:40:56] - https://geekinney.com/index.xml
[2026-06-24 13:40:56] - https://tumutanzi.com/feed
[2026-06-24 13:40:56] - https://suus.me/atom.xml
[2026-06-24 13:40:56] - https://bluehe.cn/rss.xml
[2026-06-24 13:40:56] - https://leixus.cn/index.php/feed/
[2026-06-24 13:40:56] - https://ilogs.cn/feed/
[2026-06-24 13:40:56] - https://www.moraex.com/feed
[2026-06-24 13:40:56] - https://writings.howsoonisnow.org/blog/feed/feed.xml
[2026-06-24 13:40:56] - https://www.shephe.com/feed
[2026-06-24 13:40:56] - https://sizheng.org/feed
[2026-06-24 13:40:56] - https://4op.top/index.xml
[2026-06-24 13:40:56] - https://ayayy.com/feed/
[2026-06-24 13:40:56] ✘ 有 1 条订阅头像字段为空, 已使用默认头像:
[2026-06-24 13:40:56] - https://jt26wzz.com/rss.xml
[2026-06-24 14:53:43] 本次订阅抓取结果统计:
[2026-06-24 14:53:43] 共 54 条RSS, 成功抓取 44 条.
[2026-06-24 14:53:43] ✘ 有 10 条订阅解析失败:
[2026-06-24 14:53:43] - https://geekinney.com/index.xml
[2026-06-24 14:53:43] - https://suus.me/atom.xml
[2026-06-24 14:53:43] - https://bluehe.cn/rss.xml
[2026-06-24 14:53:43] - https://ilogs.cn/feed/
[2026-06-24 14:53:43] - https://writings.howsoonisnow.org/blog/feed/feed.xml
[2026-06-24 14:53:43] - https://www.shephe.com/feed
[2026-06-24 14:53:43] - https://www.moraex.com/feed
[2026-06-24 14:53:43] - https://sizheng.org/feed
[2026-06-24 14:53:43] - https://4op.top/index.xml
[2026-06-24 14:53:43] - https://ayayy.com/feed/
[2026-06-24 14:53:43] ✘ 有 1 条订阅头像字段为空, 已使用默认头像:
[2026-06-24 14:53:43] - https://jt26wzz.com/rss.xml
[2026-06-24 15:44:09] 抓取到的文章与现有数据相同，无需更新。
[2026-06-24 16:40:29] 抓取到的文章与现有数据相同，无需更新。
