[2026-05-25 00:22:47] 抓取到的文章与现有数据相同，无需更新。
[2026-05-25 01:38:52] 抓取到的文章与现有数据相同，无需更新。
[2026-05-25 03:01:08] 抓取到的文章与现有数据相同，无需更新。
[2026-05-25 05:28:00] 本次订阅抓取结果统计:
[2026-05-25 05:28:00] 共 49 条RSS, 成功抓取 39 条.
[2026-05-25 05:28:00] ✘ 有 10 条订阅解析失败:
[2026-05-25 05:28:00] - https://tumutanzi.com/feed
[2026-05-25 05:28:00] - https://geekinney.com/index.xml
[2026-05-25 05:28:00] - https://suus.me/atom.xml
[2026-05-25 05:28:00] - https://innei.in/feed
[2026-05-25 05:28:00] - https://ilogs.cn/feed/
[2026-05-25 05:28:00] - https://www.shephe.com/feed
[2026-05-25 05:28:00] - https://shuiba.co/feed
[2026-05-25 05:28:00] - https://writings.howsoonisnow.org/blog/feed/feed.xml
[2026-05-25 05:28:00] - https://www.moraex.com/feed
[2026-05-25 05:28:00] - https://sizheng.org/feed
[2026-05-25 05:28:00] ✘ 有 1 条订阅头像字段为空, 已使用默认头像:
[2026-05-25 05:28:00] - https://jt26wzz.com/rss.xml
[2026-05-25 07:24:33] 抓取到的文章与现有数据相同，无需更新。
[2026-05-25 09:14:15] 抓取到的文章与现有数据相同，无需更新。
[2026-05-25 11:18:58] 抓取到的文章与现有数据相同，无需更新。
[2026-05-25 13:00:48] 本次订阅抓取结果统计:
[2026-05-25 13:00:48] 共 49 条RSS, 成功抓取 39 条.
[2026-05-25 13:00:48] ✘ 有 10 条订阅解析失败:
[2026-05-25 13:00:48] - https://tumutanzi.com/feed
[2026-05-25 13:00:48] - https://geekinney.com/index.xml
[2026-05-25 13:00:48] - https://suus.me/atom.xml
[2026-05-25 13:00:48] - https://www.shephe.com/feed
[2026-05-25 13:00:48] - https://www.moraex.com/feed
[2026-05-25 13:00:48] - https://ilogs.cn/feed/
[2026-05-25 13:00:48] - https://innei.in/feed
[2026-05-25 13:00:48] - https://shuiba.co/feed
[2026-05-25 13:00:48] - https://writings.howsoonisnow.org/blog/feed/feed.xml
[2026-05-25 13:00:48] - https://sizheng.org/feed
[2026-05-25 13:00:48] ✘ 有 1 条订阅头像字段为空, 已使用默认头像:
[2026-05-25 13:00:48] - https://jt26wzz.com/rss.xml
[2026-05-25 14:07:06] 本次订阅抓取结果统计:
[2026-05-25 14:07:06] 共 49 条RSS, 成功抓取 39 条.
[2026-05-25 14:07:06] ✘ 有 10 条订阅解析失败:
[2026-05-25 14:07:06] - https://tumutanzi.com/feed
[2026-05-25 14:07:06] - https://geekinney.com/index.xml
[2026-05-25 14:07:06] - https://suus.me/atom.xml
[2026-05-25 14:07:06] - https://innei.in/feed
[2026-05-25 14:07:06] - https://ilogs.cn/feed/
[2026-05-25 14:07:06] - https://www.shephe.com/feed
[2026-05-25 14:07:06] - https://shuiba.co/feed
[2026-05-25 14:07:06] - https://writings.howsoonisnow.org/blog/feed/feed.xml
[2026-05-25 14:07:06] - https://www.moraex.com/feed
[2026-05-25 14:07:06] - https://sizheng.org/feed
[2026-05-25 14:07:06] ✘ 有 1 条订阅头像字段为空, 已使用默认头像:
[2026-05-25 14:07:06] - https://jt26wzz.com/rss.xml
[2026-05-25 15:56:34] 抓取到的文章与现有数据相同，无需更新。
[2026-05-25 16:42:37] [WARN] 加载头像映射失败: failed to fetch avatar map: Get "https://cos.lhasa.icu/lhasaRSS/avatar.json": context deadline exceeded (Client.Timeout exceeded while awaiting headers)
[2026-05-25 16:43:39] 本次订阅抓取结果统计:
[2026-05-25 16:43:39] 共 49 条RSS, 成功抓取 34 条.
[2026-05-25 16:43:39] ✘ 有 15 条订阅解析失败:
[2026-05-25 16:43:39] - https://tumutanzi.com/feed
[2026-05-25 16:43:39] - https://geekinney.com/index.xml
[2026-05-25 16:43:39] - https://suus.me/atom.xml
[2026-05-25 16:43:39] - https://www.shephe.com/feed
[2026-05-25 16:43:39] - https://innei.in/feed
[2026-05-25 16:43:39] - https://shuiba.co/feed
[2026-05-25 16:43:39] - https://writings.howsoonisnow.org/blog/feed/feed.xml
[2026-05-25 16:43:39] - https://sizheng.org/feed
[2026-05-25 16:43:39] - https://zhongxiaojie.com/feed
[2026-05-25 16:43:39] - https://xyzbz.cn/feed
[2026-05-25 16:43:39] - https://www.mrhe.net/feed
[2026-05-25 16:43:39] - https://www.laomuzhu.cn/feed/
[2026-05-25 16:43:39] - https://www.moraex.com/feed
[2026-05-25 16:43:39] - https://bluehe.cn/rss.xml
[2026-05-25 16:43:39] - https://ilogs.cn/feed/
[2026-05-25 16:43:39] ✘ 有 1 条订阅头像字段为空, 已使用默认头像:
[2026-05-25 16:43:39] - https://mayx.eu.org/atom.xml
[2026-05-25 16:43:39] ✘ 有 4 条订阅头像无法访问, 已使用默认头像:
[2026-05-25 16:43:39] - https://laike9m.com/blog/rss/
[2026-05-25 16:43:39] - https://skywind.me/blog/feed
[2026-05-25 16:43:39] - https://byvoid.com/zhs/feed.xml
[2026-05-25 16:43:39] - https://blog.fueis.com/feed
[2026-05-25 17:30:26] 本次订阅抓取结果统计:
[2026-05-25 17:30:26] 共 49 条RSS, 成功抓取 39 条.
[2026-05-25 17:30:26] ✘ 有 10 条订阅解析失败:
[2026-05-25 17:30:26] - https://tumutanzi.com/feed
[2026-05-25 17:30:26] - https://geekinney.com/index.xml
[2026-05-25 17:30:26] - https://suus.me/atom.xml
[2026-05-25 17:30:26] - https://innei.in/feed
[2026-05-25 17:30:26] - https://ilogs.cn/feed/
[2026-05-25 17:30:26] - https://www.shephe.com/feed
[2026-05-25 17:30:26] - https://www.moraex.com/feed
[2026-05-25 17:30:26] - https://shuiba.co/feed
[2026-05-25 17:30:26] - https://writings.howsoonisnow.org/blog/feed/feed.xml
[2026-05-25 17:30:26] - https://sizheng.org/feed
[2026-05-25 17:30:26] ✘ 有 1 条订阅头像字段为空, 已使用默认头像:
[2026-05-25 17:30:26] - https://jt26wzz.com/rss.xml
[2026-05-25 18:28:47] 抓取到的文章与现有数据相同，无需更新。
[2026-05-25 19:29:31] 抓取到的文章与现有数据相同，无需更新。
