[2026-07-04 01:45:49] 抓取到的文章与现有数据相同，无需更新。
[2026-07-04 05:34:43] 本次订阅抓取结果统计:
[2026-07-04 05:34:43] 共 54 条RSS, 成功抓取 45 条.
[2026-07-04 05:34:43] ✘ 有 9 条订阅解析失败:
[2026-07-04 05:34:43] - https://geekinney.com/index.xml
[2026-07-04 05:34:43] - https://suus.me/atom.xml
[2026-07-04 05:34:43] - https://www.shephe.com/feed
[2026-07-04 05:34:43] - https://ilogs.cn/feed/
[2026-07-04 05:34:43] - https://writings.howsoonisnow.org/blog/feed/feed.xml
[2026-07-04 05:34:43] - https://www.moraex.com/feed
[2026-07-04 05:34:43] - https://sizheng.org/feed
[2026-07-04 05:34:43] - https://4op.top/index.xml
[2026-07-04 05:34:43] - https://ayayy.com/feed/
[2026-07-04 05:34:43] ✘ 有 1 条订阅头像字段为空, 已使用默认头像:
[2026-07-04 05:34:43] - https://jt26wzz.com/rss.xml
[2026-07-04 08:20:05] 本次订阅抓取结果统计:
[2026-07-04 08:20:05] 共 54 条RSS, 成功抓取 44 条.
[2026-07-04 08:20:05] ✘ 有 10 条订阅解析失败:
[2026-07-04 08:20:05] - https://geekinney.com/index.xml
[2026-07-04 08:20:05] - https://suus.me/atom.xml
[2026-07-04 08:20:05] - https://ilogs.cn/feed/
[2026-07-04 08:20:05] - https://www.shephe.com/feed
[2026-07-04 08:20:05] - https://writings.howsoonisnow.org/blog/feed/feed.xml
[2026-07-04 08:20:05] - https://www.moraex.com/feed
[2026-07-04 08:20:05] - https://sizheng.org/feed
[2026-07-04 08:20:05] - https://4op.top/index.xml
[2026-07-04 08:20:05] - https://ayayy.com/feed/
[2026-07-04 08:20:05] - http://www.cyys.net/wp/feed
[2026-07-04 08:20:05] ✘ 有 1 条订阅头像字段为空, 已使用默认头像:
[2026-07-04 08:20:05] - https://jt26wzz.com/rss.xml
[2026-07-04 10:47:51] 抓取到的文章与现有数据相同，无需更新。
[2026-07-04 12:00:38] 本次订阅抓取结果统计:
[2026-07-04 12:00:38] 共 54 条RSS, 成功抓取 43 条.
[2026-07-04 12:00:38] ✘ 有 11 条订阅解析失败:
[2026-07-04 12:00:38] - https://geekinney.com/index.xml
[2026-07-04 12:00:38] - https://suus.me/atom.xml
[2026-07-04 12:00:38] - https://ilogs.cn/feed/
[2026-07-04 12:00:38] - https://www.shephe.com/feed
[2026-07-04 12:00:38] - https://writings.howsoonisnow.org/blog/feed/feed.xml
[2026-07-04 12:00:38] - https://www.moraex.com/feed
[2026-07-04 12:00:38] - https://sizheng.org/feed
[2026-07-04 12:00:38] - https://4op.top/index.xml
[2026-07-04 12:00:38] - https://note.redcha.cn/rss.xml
[2026-07-04 12:00:38] - https://ayayy.com/feed/
[2026-07-04 12:00:38] - http://www.cyys.net/wp/feed
[2026-07-04 12:00:38] ✘ 有 1 条订阅头像字段为空, 已使用默认头像:
[2026-07-04 12:00:38] - https://jt26wzz.com/rss.xml
