[2026-03-27 00:08:39] 本次订阅抓取结果统计:
[2026-03-27 00:08:39] 共 46 条RSS, 成功抓取 40 条.
[2026-03-27 00:08:39] ✘ 有 6 条订阅解析失败:
[2026-03-27 00:08:39] - https://tumutanzi.com/feed
[2026-03-27 00:08:39] - https://geekinney.com/index.xml
[2026-03-27 00:08:39] - https://suus.me/atom.xml
[2026-03-27 00:08:39] - https://shuiba.co/feed
[2026-03-27 00:08:39] - https://www.moraex.com/feed
[2026-03-27 00:08:39] - https://sizheng.org/feed
[2026-03-27 01:31:26] 抓取到的文章与现有数据相同，无需更新。
[2026-03-27 02:58:48] 抓取到的文章与现有数据相同，无需更新。
[2026-03-27 04:01:16] 本次订阅抓取结果统计:
[2026-03-27 04:01:16] 共 46 条RSS, 成功抓取 40 条.
[2026-03-27 04:01:16] ✘ 有 6 条订阅解析失败:
[2026-03-27 04:01:16] - https://tumutanzi.com/feed
[2026-03-27 04:01:16] - https://geekinney.com/index.xml
[2026-03-27 04:01:16] - https://suus.me/atom.xml
[2026-03-27 04:01:16] - https://shuiba.co/feed
[2026-03-27 04:01:16] - https://www.moraex.com/feed
[2026-03-27 04:01:16] - https://sizheng.org/feed
[2026-03-27 05:31:17] 本次订阅抓取结果统计:
[2026-03-27 05:31:17] 共 46 条RSS, 成功抓取 40 条.
[2026-03-27 05:31:17] ✘ 有 6 条订阅解析失败:
[2026-03-27 05:31:17] - https://tumutanzi.com/feed
[2026-03-27 05:31:17] - https://geekinney.com/index.xml
[2026-03-27 05:31:17] - https://suus.me/atom.xml
[2026-03-27 05:31:17] - https://shuiba.co/feed
[2026-03-27 05:31:17] - https://www.moraex.com/feed
[2026-03-27 05:31:17] - https://sizheng.org/feed
[2026-03-27 06:21:11] 抓取到的文章与现有数据相同，无需更新。
[2026-03-27 07:23:58] 抓取到的文章与现有数据相同，无需更新。
