[2026-06-16 00:34:52] 抓取到的文章与现有数据相同，无需更新。
[2026-06-16 01:50:17] 抓取到的文章与现有数据相同，无需更新。
[2026-06-16 03:02:38] 本次订阅抓取结果统计:
[2026-06-16 03:02:38] 共 54 条RSS, 成功抓取 41 条.
[2026-06-16 03:02:38] ✘ 有 13 条订阅解析失败:
[2026-06-16 03:02:38] - https://geekinney.com/index.xml
[2026-06-16 03:02:38] - https://tumutanzi.com/feed
[2026-06-16 03:02:38] - https://suus.me/atom.xml
[2026-06-16 03:02:38] - https://bluehe.cn/rss.xml
[2026-06-16 03:02:38] - https://www.shephe.com/feed
[2026-06-16 03:02:38] - https://leixus.cn/index.php/feed/
[2026-06-16 03:02:38] - https://ilogs.cn/feed/
[2026-06-16 03:02:38] - https://www.moraex.com/feed
[2026-06-16 03:02:38] - https://writings.howsoonisnow.org/blog/feed/feed.xml
[2026-06-16 03:02:38] - https://sizheng.org/feed
[2026-06-16 03:02:38] - https://4op.top/index.xml
[2026-06-16 03:02:38] - https://ayayy.com/feed/
[2026-06-16 03:02:38] - https://blog.gankudadiz.com/feed
[2026-06-16 03:02:38] ✘ 有 1 条订阅头像字段为空, 已使用默认头像:
[2026-06-16 03:02:38] - https://jt26wzz.com/rss.xml
[2026-06-16 05:45:39] [ERROR] 拉取RSS链接失败: /home/runner/work/rss-lhasa/rss-lhasa/feed_fetcher.go:53 => 无法获取RSS列表文件: https://lhasa-1253887673.cos.ap-shanghai.myqcloud.com/lhasaRSS/rss.txt | 原因: Get "https://lhasa-1253887673.cos.ap-shanghai.myqcloud.com/lhasaRSS/rss.txt": net/http: TLS handshake timeout
[2026-06-16 07:48:47] 本次订阅抓取结果统计:
[2026-06-16 07:48:47] 共 54 条RSS, 成功抓取 44 条.
[2026-06-16 07:48:47] ✘ 有 10 条订阅解析失败:
[2026-06-16 07:48:47] - https://geekinney.com/index.xml
[2026-06-16 07:48:47] - https://suus.me/atom.xml
[2026-06-16 07:48:47] - https://bluehe.cn/rss.xml
[2026-06-16 07:48:47] - https://www.shephe.com/feed
[2026-06-16 07:48:47] - https://ilogs.cn/feed/
[2026-06-16 07:48:47] - https://writings.howsoonisnow.org/blog/feed/feed.xml
[2026-06-16 07:48:47] - https://www.moraex.com/feed
[2026-06-16 07:48:47] - https://sizheng.org/feed
[2026-06-16 07:48:47] - https://4op.top/index.xml
[2026-06-16 07:48:47] - https://ayayy.com/feed/
[2026-06-16 07:48:47] ✘ 有 1 条订阅头像字段为空, 已使用默认头像:
[2026-06-16 07:48:47] - https://jt26wzz.com/rss.xml
[2026-06-16 09:42:40] 本次订阅抓取结果统计:
[2026-06-16 09:42:40] 共 54 条RSS, 成功抓取 43 条.
[2026-06-16 09:42:40] ✘ 有 11 条订阅解析失败:
[2026-06-16 09:42:40] - https://geekinney.com/index.xml
[2026-06-16 09:42:40] - https://suus.me/atom.xml
[2026-06-16 09:42:40] - https://bluehe.cn/rss.xml
[2026-06-16 09:42:40] - https://www.shephe.com/feed
[2026-06-16 09:42:40] - https://ilogs.cn/feed/
[2026-06-16 09:42:40] - https://writings.howsoonisnow.org/blog/feed/feed.xml
[2026-06-16 09:42:40] - https://www.moraex.com/feed
[2026-06-16 09:42:40] - https://sizheng.org/feed
[2026-06-16 09:42:40] - https://4op.top/index.xml
[2026-06-16 09:42:40] - https://ayayy.com/feed/
[2026-06-16 09:42:40] - https://note.redcha.cn/rss.xml
[2026-06-16 09:42:40] ✘ 有 1 条订阅头像字段为空, 已使用默认头像:
[2026-06-16 09:42:40] - https://jt26wzz.com/rss.xml
[2026-06-16 11:43:43] 本次订阅抓取结果统计:
[2026-06-16 11:43:43] 共 54 条RSS, 成功抓取 44 条.
[2026-06-16 11:43:43] ✘ 有 10 条订阅解析失败:
[2026-06-16 11:43:43] - https://geekinney.com/index.xml
[2026-06-16 11:43:43] - https://suus.me/atom.xml
[2026-06-16 11:43:43] - https://bluehe.cn/rss.xml
[2026-06-16 11:43:43] - https://www.shephe.com/feed
[2026-06-16 11:43:43] - https://ilogs.cn/feed/
[2026-06-16 11:43:43] - https://www.moraex.com/feed
[2026-06-16 11:43:43] - https://writings.howsoonisnow.org/blog/feed/feed.xml
[2026-06-16 11:43:43] - https://sizheng.org/feed
[2026-06-16 11:43:43] - https://4op.top/index.xml
[2026-06-16 11:43:43] - https://ayayy.com/feed/
[2026-06-16 11:43:43] ✘ 有 1 条订阅头像字段为空, 已使用默认头像:
[2026-06-16 11:43:43] - https://jt26wzz.com/rss.xml
[2026-06-16 13:31:28] [WARN] 加载头像映射失败: failed to fetch avatar map: Get "https://cos.lhasa.icu/lhasaRSS/avatar.json": context deadline exceeded (Client.Timeout exceeded while awaiting headers)
[2026-06-16 13:32:32] 本次订阅抓取结果统计:
[2026-06-16 13:32:32] 共 54 条RSS, 成功抓取 36 条.
[2026-06-16 13:32:32] ✘ 有 18 条订阅解析失败:
[2026-06-16 13:32:32] - https://geekinney.com/index.xml
[2026-06-16 13:32:32] - https://tumutanzi.com/feed
[2026-06-16 13:32:32] - https://freemind.pluskid.org/rss.xml
[2026-06-16 13:32:32] - https://suus.me/atom.xml
[2026-06-16 13:32:32] - https://www.shephe.com/feed
[2026-06-16 13:32:32] - https://leixus.cn/index.php/feed/
[2026-06-16 13:32:32] - https://bluehe.cn/rss.xml
[2026-06-16 13:32:32] - https://writings.howsoonisnow.org/blog/feed/feed.xml
[2026-06-16 13:32:32] - https://sizheng.org/feed
[2026-06-16 13:32:32] - https://ayayy.com/feed/
[2026-06-16 13:32:32] - https://4op.top/index.xml
[2026-06-16 13:32:32] - https://zhongxiaojie.com/feed
[2026-06-16 13:32:32] - https://xyzbz.cn/feed
[2026-06-16 13:32:32] - https://www.mrhe.net/feed
[2026-06-16 13:32:32] - https://www.laomuzhu.cn/feed/
[2026-06-16 13:32:32] - https://www.moraex.com/feed
[2026-06-16 13:32:32] - https://ilogs.cn/feed/
[2026-06-16 13:32:32] - https://usj.cc/rss.xml
[2026-06-16 13:32:32] ✘ 有 1 条订阅头像字段为空, 已使用默认头像:
[2026-06-16 13:32:32] - https://mayx.eu.org/atom.xml
[2026-06-16 13:32:32] ✘ 有 6 条订阅头像无法访问, 已使用默认头像:
[2026-06-16 13:32:32] - https://skywind.me/blog/feed
[2026-06-16 13:32:32] - https://laike9m.com/blog/rss/
[2026-06-16 13:32:32] - https://lenciel.com/feed.xml
[2026-06-16 13:32:32] - https://byvoid.com/zhs/feed.xml
[2026-06-16 13:32:32] - https://shuiba.co/feed
[2026-06-16 13:32:32] - https://blog.fueis.com/feed
[2026-06-16 15:36:31] 本次订阅抓取结果统计:
[2026-06-16 15:36:31] 共 54 条RSS, 成功抓取 43 条.
[2026-06-16 15:36:31] ✘ 有 11 条订阅解析失败:
[2026-06-16 15:36:31] - https://geekinney.com/index.xml
[2026-06-16 15:36:31] - https://suus.me/atom.xml
[2026-06-16 15:36:31] - https://bluehe.cn/rss.xml
[2026-06-16 15:36:31] - https://ilogs.cn/feed/
[2026-06-16 15:36:31] - https://writings.howsoonisnow.org/blog/feed/feed.xml
[2026-06-16 15:36:31] - https://www.shephe.com/feed
[2026-06-16 15:36:31] - https://www.moraex.com/feed
[2026-06-16 15:36:31] - https://sizheng.org/feed
[2026-06-16 15:36:31] - https://4op.top/index.xml
[2026-06-16 15:36:31] - https://ayayy.com/feed/
[2026-06-16 15:36:31] - https://note.redcha.cn/rss.xml
[2026-06-16 15:36:31] ✘ 有 1 条订阅头像字段为空, 已使用默认头像:
[2026-06-16 15:36:31] - https://jt26wzz.com/rss.xml
[2026-06-16 17:38:34] 本次订阅抓取结果统计:
[2026-06-16 17:38:34] 共 54 条RSS, 成功抓取 44 条.
[2026-06-16 17:38:34] ✘ 有 10 条订阅解析失败:
[2026-06-16 17:38:34] - https://geekinney.com/index.xml
[2026-06-16 17:38:34] - https://suus.me/atom.xml
[2026-06-16 17:38:34] - https://bluehe.cn/rss.xml
[2026-06-16 17:38:34] - https://www.shephe.com/feed
[2026-06-16 17:38:34] - https://ilogs.cn/feed/
[2026-06-16 17:38:34] - https://writings.howsoonisnow.org/blog/feed/feed.xml
[2026-06-16 17:38:34] - https://www.moraex.com/feed
[2026-06-16 17:38:34] - https://sizheng.org/feed
[2026-06-16 17:38:34] - https://4op.top/index.xml
[2026-06-16 17:38:34] - https://ayayy.com/feed/
[2026-06-16 17:38:34] ✘ 有 1 条订阅头像字段为空, 已使用默认头像:
[2026-06-16 17:38:34] - https://jt26wzz.com/rss.xml
