[2026-01-05 00:05:50] 抓取到的文章与现有数据相同，无需更新。
[2026-01-05 01:30:34] 抓取到的文章与现有数据相同，无需更新。
[2026-01-05 02:44:29] 抓取到的文章与现有数据相同，无需更新。
[2026-01-05 03:34:14] 抓取到的文章与现有数据相同，无需更新。
[2026-01-05 04:25:38] 本次订阅抓取结果统计:
[2026-01-05 04:25:38] 共 42 条RSS, 成功抓取 37 条.
[2026-01-05 04:25:38] ✘ 有 5 条订阅解析失败:
[2026-01-05 04:25:38] - https://tumutanzi.com/feed
[2026-01-05 04:25:38] - https://geekinney.com/index.xml
[2026-01-05 04:25:38] - https://suus.me/atom.xml
[2026-01-05 04:25:38] - https://www.moraex.com/feed
[2026-01-05 04:25:38] - https://skywind.me/blog/feed
[2026-01-05 05:13:33] 本次订阅抓取结果统计:
[2026-01-05 05:13:33] 共 42 条RSS, 成功抓取 37 条.
[2026-01-05 05:13:33] ✘ 有 5 条订阅解析失败:
[2026-01-05 05:13:33] - https://tumutanzi.com/feed
[2026-01-05 05:13:33] - https://suus.me/atom.xml
[2026-01-05 05:13:33] - https://geekinney.com/index.xml
[2026-01-05 05:13:33] - https://www.moraex.com/feed
[2026-01-05 05:13:33] - https://note.redcha.cn/rss.xml
[2026-01-05 06:04:52] 本次订阅抓取结果统计:
[2026-01-05 06:04:52] 共 42 条RSS, 成功抓取 38 条.
[2026-01-05 06:04:52] ✘ 有 4 条订阅解析失败:
[2026-01-05 06:04:52] - https://tumutanzi.com/feed
[2026-01-05 06:04:52] - https://geekinney.com/index.xml
[2026-01-05 06:04:52] - https://suus.me/atom.xml
[2026-01-05 06:04:52] - https://www.moraex.com/feed
[2026-01-05 07:08:10] 本次订阅抓取结果统计:
[2026-01-05 07:08:10] 共 42 条RSS, 成功抓取 38 条.
[2026-01-05 07:08:10] ✘ 有 4 条订阅解析失败:
[2026-01-05 07:08:10] - https://tumutanzi.com/feed
[2026-01-05 07:08:10] - https://suus.me/atom.xml
[2026-01-05 07:08:10] - https://geekinney.com/index.xml
[2026-01-05 07:08:10] - https://www.moraex.com/feed
[2026-01-05 08:03:11] 本次订阅抓取结果统计:
[2026-01-05 08:03:11] 共 42 条RSS, 成功抓取 37 条.
[2026-01-05 08:03:11] ✘ 有 5 条订阅解析失败:
[2026-01-05 08:03:11] - https://tumutanzi.com/feed
[2026-01-05 08:03:11] - https://suus.me/atom.xml
[2026-01-05 08:03:11] - https://geekinney.com/index.xml
[2026-01-05 08:03:11] - https://www.moraex.com/feed
[2026-01-05 08:03:11] - https://note.redcha.cn/rss.xml
[2026-01-05 09:06:56] 本次订阅抓取结果统计:
[2026-01-05 09:06:56] 共 42 条RSS, 成功抓取 37 条.
[2026-01-05 09:06:56] ✘ 有 5 条订阅解析失败:
[2026-01-05 09:06:56] - https://tumutanzi.com/feed
[2026-01-05 09:06:56] - https://suus.me/atom.xml
[2026-01-05 09:06:56] - https://geekinney.com/index.xml
[2026-01-05 09:06:56] - https://www.moraex.com/feed
[2026-01-05 09:06:56] - https://note.redcha.cn/rss.xml
[2026-01-05 10:05:03] 本次订阅抓取结果统计:
[2026-01-05 10:05:03] 共 42 条RSS, 成功抓取 37 条.
[2026-01-05 10:05:03] ✘ 有 5 条订阅解析失败:
[2026-01-05 10:05:03] - https://tumutanzi.com/feed
[2026-01-05 10:05:03] - https://geekinney.com/index.xml
[2026-01-05 10:05:03] - https://suus.me/atom.xml
[2026-01-05 10:05:03] - https://www.moraex.com/feed
[2026-01-05 10:05:03] - https://ihaihe.cn/feed
