[2026-07-10 01:58:52] 抓取到的文章与现有数据相同，无需更新。
[2026-07-10 06:00:52] 本次订阅抓取结果统计:
[2026-07-10 06:00:52] 共 54 条RSS, 成功抓取 44 条.
[2026-07-10 06:00:52] ✘ 有 10 条订阅解析失败:
[2026-07-10 06:00:52] - https://geekinney.com/index.xml
[2026-07-10 06:00:52] - https://suus.me/atom.xml
[2026-07-10 06:00:52] - https://ilogs.cn/feed/
[2026-07-10 06:00:52] - https://www.shephe.com/feed
[2026-07-10 06:00:52] - https://writings.howsoonisnow.org/blog/feed/feed.xml
[2026-07-10 06:00:52] - https://www.moraex.com/feed
[2026-07-10 06:00:52] - https://sizheng.org/feed
[2026-07-10 06:00:52] - https://4op.top/index.xml
[2026-07-10 06:00:52] - https://ayayy.com/feed/
[2026-07-10 06:00:52] - https://zhongxiaojie.com/feed
[2026-07-10 06:00:52] ✘ 有 1 条订阅头像字段为空, 已使用默认头像:
[2026-07-10 06:00:52] - https://jt26wzz.com/rss.xml
[2026-07-10 09:36:51] 本次订阅抓取结果统计:
[2026-07-10 09:36:51] 共 54 条RSS, 成功抓取 45 条.
[2026-07-10 09:36:51] ✘ 有 9 条订阅解析失败:
[2026-07-10 09:36:51] - https://geekinney.com/index.xml
[2026-07-10 09:36:51] - https://suus.me/atom.xml
[2026-07-10 09:36:51] - https://ilogs.cn/feed/
[2026-07-10 09:36:51] - https://writings.howsoonisnow.org/blog/feed/feed.xml
[2026-07-10 09:36:51] - https://www.shephe.com/feed
[2026-07-10 09:36:51] - https://www.moraex.com/feed
[2026-07-10 09:36:51] - https://sizheng.org/feed
[2026-07-10 09:36:51] - https://4op.top/index.xml
[2026-07-10 09:36:51] - https://ayayy.com/feed/
[2026-07-10 09:36:51] ✘ 有 1 条订阅头像字段为空, 已使用默认头像:
[2026-07-10 09:36:51] - https://jt26wzz.com/rss.xml
[2026-07-10 12:17:45] 抓取到的文章与现有数据相同，无需更新。
