[2026-03-14 00:08:01] 本次订阅抓取结果统计:
[2026-03-14 00:08:01] 共 47 条RSS, 成功抓取 41 条.
[2026-03-14 00:08:01] ✘ 有 6 条订阅解析失败:
[2026-03-14 00:08:01] - https://tumutanzi.com/feed
[2026-03-14 00:08:01] - https://geekinney.com/index.xml
[2026-03-14 00:08:01] - https://suus.me/atom.xml
[2026-03-14 00:08:01] - https://shuiba.co/feed
[2026-03-14 00:08:01] - https://sizheng.org/feed
[2026-03-14 00:08:01] - https://www.moraex.com/feed
[2026-03-14 01:30:42] 抓取到的文章与现有数据相同，无需更新。
[2026-03-14 02:51:54] 本次订阅抓取结果统计:
[2026-03-14 02:51:54] 共 47 条RSS, 成功抓取 41 条.
[2026-03-14 02:51:54] ✘ 有 6 条订阅解析失败:
[2026-03-14 02:51:54] - https://tumutanzi.com/feed
[2026-03-14 02:51:54] - https://geekinney.com/index.xml
[2026-03-14 02:51:54] - https://suus.me/atom.xml
[2026-03-14 02:51:54] - https://shuiba.co/feed
[2026-03-14 02:51:54] - https://www.moraex.com/feed
[2026-03-14 02:51:54] - https://sizheng.org/feed
[2026-03-14 03:44:28] 抓取到的文章与现有数据相同，无需更新。
[2026-03-14 04:30:33] [WARN] 加载头像映射失败: failed to fetch avatar map: Get "https://cos.lhasa.icu/lhasaRSS/avatar.json": context deadline exceeded (Client.Timeout exceeded while awaiting headers)
[2026-03-14 04:30:57] 本次订阅抓取结果统计:
[2026-03-14 04:30:57] 共 47 条RSS, 成功抓取 41 条.
[2026-03-14 04:30:57] ✘ 有 6 条订阅解析失败:
[2026-03-14 04:30:57] - https://tumutanzi.com/feed
[2026-03-14 04:30:57] - https://geekinney.com/index.xml
[2026-03-14 04:30:57] - https://suus.me/atom.xml
[2026-03-14 04:30:57] - https://shuiba.co/feed
[2026-03-14 04:30:57] - https://www.moraex.com/feed
[2026-03-14 04:30:57] - https://sizheng.org/feed
[2026-03-14 04:30:57] ✘ 有 1 条订阅头像字段为空, 已使用默认头像:
[2026-03-14 04:30:57] - https://mayx.eu.org/atom.xml
[2026-03-14 04:30:57] ✘ 有 4 条订阅头像无法访问, 已使用默认头像:
[2026-03-14 04:30:57] - https://laike9m.com/blog/rss/
[2026-03-14 04:30:57] - https://skywind.me/blog/feed
[2026-03-14 04:30:57] - https://www.mrhe.net/feed
[2026-03-14 04:30:57] - https://byvoid.com/zhs/feed.xml
[2026-03-14 05:18:59] 本次订阅抓取结果统计:
[2026-03-14 05:18:59] 共 47 条RSS, 成功抓取 41 条.
[2026-03-14 05:18:59] ✘ 有 6 条订阅解析失败:
[2026-03-14 05:18:59] - https://tumutanzi.com/feed
[2026-03-14 05:18:59] - https://geekinney.com/index.xml
[2026-03-14 05:18:59] - https://suus.me/atom.xml
[2026-03-14 05:18:59] - https://shuiba.co/feed
[2026-03-14 05:18:59] - https://www.moraex.com/feed
[2026-03-14 05:18:59] - https://sizheng.org/feed
[2026-03-14 06:10:10] 抓取到的文章与现有数据相同，无需更新。
[2026-03-14 07:13:21] 抓取到的文章与现有数据相同，无需更新。
