[2026-06-02 00:30:21] 抓取到的文章与现有数据相同，无需更新。
[2026-06-02 01:46:17] 本次订阅抓取结果统计:
[2026-06-02 01:46:17] 共 51 条RSS, 成功抓取 38 条.
[2026-06-02 01:46:17] ✘ 有 13 条订阅解析失败:
[2026-06-02 01:46:17] - https://tumutanzi.com/feed
[2026-06-02 01:46:17] - https://geekinney.com/index.xml
[2026-06-02 01:46:17] - https://suus.me/atom.xml
[2026-06-02 01:46:17] - https://leixus.cn/index.php/feed/
[2026-06-02 01:46:17] - https://innei.in/feed
[2026-06-02 01:46:17] - https://www.shephe.com/feed
[2026-06-02 01:46:17] - https://ilogs.cn/feed/
[2026-06-02 01:46:17] - https://shuiba.co/feed
[2026-06-02 01:46:17] - https://www.moraex.com/feed
[2026-06-02 01:46:17] - https://writings.howsoonisnow.org/blog/feed/feed.xml
[2026-06-02 01:46:17] - https://sizheng.org/feed
[2026-06-02 01:46:17] - https://4op.top/index.xml
[2026-06-02 01:46:17] - https://note.redcha.cn/rss.xml
[2026-06-02 01:46:17] ✘ 有 1 条订阅头像字段为空, 已使用默认头像:
[2026-06-02 01:46:17] - https://jt26wzz.com/rss.xml
[2026-06-02 03:01:16] [WARN] 加载头像映射失败: failed to fetch avatar map: Get "https://cos.lhasa.icu/lhasaRSS/avatar.json": dial tcp 43.174.247.25:443: connect: connection refused
[2026-06-02 03:01:49] 本次订阅抓取结果统计:
[2026-06-02 03:01:49] 共 51 条RSS, 成功抓取 36 条.
[2026-06-02 03:01:49] ✘ 有 15 条订阅解析失败:
[2026-06-02 03:01:49] - https://tumutanzi.com/feed
[2026-06-02 03:01:49] - https://zhongxiaojie.com/feed
[2026-06-02 03:01:49] - https://geekinney.com/index.xml
[2026-06-02 03:01:49] - https://suus.me/atom.xml
[2026-06-02 03:01:49] - https://www.mrhe.net/feed
[2026-06-02 03:01:49] - https://www.laomuzhu.cn/feed/
[2026-06-02 03:01:49] - https://www.shephe.com/feed
[2026-06-02 03:01:49] - https://innei.in/feed
[2026-06-02 03:01:49] - https://ilogs.cn/feed/
[2026-06-02 03:01:49] - https://shuiba.co/feed
[2026-06-02 03:01:49] - https://writings.howsoonisnow.org/blog/feed/feed.xml
[2026-06-02 03:01:49] - https://www.moraex.com/feed
[2026-06-02 03:01:49] - https://sizheng.org/feed
[2026-06-02 03:01:49] - https://4op.top/index.xml
[2026-06-02 03:01:49] - https://note.redcha.cn/rss.xml
[2026-06-02 03:01:49] ✘ 有 1 条订阅头像字段为空, 已使用默认头像:
[2026-06-02 03:01:49] - https://mayx.eu.org/atom.xml
[2026-06-02 03:01:49] ✘ 有 4 条订阅头像无法访问, 已使用默认头像:
[2026-06-02 03:01:49] - https://laike9m.com/blog/rss/
[2026-06-02 03:01:49] - https://skywind.me/blog/feed
[2026-06-02 03:01:49] - https://xyzbz.cn/feed
[2026-06-02 03:01:49] - https://byvoid.com/zhs/feed.xml
[2026-06-02 05:31:39] 本次订阅抓取结果统计:
[2026-06-02 05:31:39] 共 51 条RSS, 成功抓取 39 条.
[2026-06-02 05:31:39] ✘ 有 12 条订阅解析失败:
[2026-06-02 05:31:39] - https://tumutanzi.com/feed
[2026-06-02 05:31:39] - https://geekinney.com/index.xml
[2026-06-02 05:31:39] - https://suus.me/atom.xml
[2026-06-02 05:31:39] - https://www.shephe.com/feed
[2026-06-02 05:31:39] - https://innei.in/feed
[2026-06-02 05:31:39] - https://shuiba.co/feed
[2026-06-02 05:31:39] - https://ilogs.cn/feed/
[2026-06-02 05:31:39] - https://www.moraex.com/feed
[2026-06-02 05:31:39] - https://writings.howsoonisnow.org/blog/feed/feed.xml
[2026-06-02 05:31:39] - https://4op.top/index.xml
[2026-06-02 05:31:39] - https://sizheng.org/feed
[2026-06-02 05:31:39] - https://note.redcha.cn/rss.xml
[2026-06-02 05:31:39] ✘ 有 1 条订阅头像字段为空, 已使用默认头像:
[2026-06-02 05:31:39] - https://jt26wzz.com/rss.xml
[2026-06-02 07:30:24] 本次订阅抓取结果统计:
[2026-06-02 07:30:24] 共 51 条RSS, 成功抓取 39 条.
[2026-06-02 07:30:24] ✘ 有 12 条订阅解析失败:
[2026-06-02 07:30:24] - https://tumutanzi.com/feed
[2026-06-02 07:30:24] - https://geekinney.com/index.xml
[2026-06-02 07:30:24] - https://suus.me/atom.xml
[2026-06-02 07:30:24] - https://innei.in/feed
[2026-06-02 07:30:24] - https://shuiba.co/feed
[2026-06-02 07:30:24] - https://ilogs.cn/feed/
[2026-06-02 07:30:24] - https://www.moraex.com/feed
[2026-06-02 07:30:24] - https://writings.howsoonisnow.org/blog/feed/feed.xml
[2026-06-02 07:30:24] - https://www.shephe.com/feed
[2026-06-02 07:30:24] - https://sizheng.org/feed
[2026-06-02 07:30:24] - https://4op.top/index.xml
[2026-06-02 07:30:24] - https://note.redcha.cn/rss.xml
[2026-06-02 07:30:24] ✘ 有 1 条订阅头像字段为空, 已使用默认头像:
[2026-06-02 07:30:24] - https://jt26wzz.com/rss.xml
[2026-06-02 09:22:20] 本次订阅抓取结果统计:
[2026-06-02 09:22:20] 共 51 条RSS, 成功抓取 38 条.
[2026-06-02 09:22:20] ✘ 有 13 条订阅解析失败:
[2026-06-02 09:22:20] - https://tumutanzi.com/feed
[2026-06-02 09:22:20] - https://geekinney.com/index.xml
[2026-06-02 09:22:20] - https://suus.me/atom.xml
[2026-06-02 09:22:20] - https://ilogs.cn/feed/
[2026-06-02 09:22:20] - https://innei.in/feed
[2026-06-02 09:22:20] - https://www.shephe.com/feed
[2026-06-02 09:22:20] - https://shuiba.co/feed
[2026-06-02 09:22:20] - https://writings.howsoonisnow.org/blog/feed/feed.xml
[2026-06-02 09:22:20] - https://www.moraex.com/feed
[2026-06-02 09:22:20] - https://sizheng.org/feed
[2026-06-02 09:22:20] - https://4op.top/index.xml
[2026-06-02 09:22:20] - https://feng.pub/feed
[2026-06-02 09:22:20] - https://note.redcha.cn/rss.xml
[2026-06-02 09:22:20] ✘ 有 1 条订阅头像字段为空, 已使用默认头像:
[2026-06-02 09:22:20] - https://jt26wzz.com/rss.xml
