[2026-04-18 00:12:09] 本次订阅抓取结果统计:
[2026-04-18 00:12:09] 共 47 条RSS, 成功抓取 37 条.
[2026-04-18 00:12:09] ✘ 有 10 条订阅解析失败:
[2026-04-18 00:12:09] - https://tumutanzi.com/feed
[2026-04-18 00:12:09] - https://geekinney.com/index.xml
[2026-04-18 00:12:09] - https://freemind.pluskid.org/rss.xml
[2026-04-18 00:12:09] - https://suus.me/atom.xml
[2026-04-18 00:12:09] - https://www.mrhe.net/feed
[2026-04-18 00:12:09] - https://www.shephe.com/feed
[2026-04-18 00:12:09] - https://ilogs.cn/feed/
[2026-04-18 00:12:09] - https://shuiba.co/feed
[2026-04-18 00:12:09] - https://sizheng.org/feed
[2026-04-18 00:12:09] - https://www.moraex.com/feed
[2026-04-18 01:31:25] 抓取到的文章与现有数据相同，无需更新。
[2026-04-18 03:00:32] 抓取到的文章与现有数据相同，无需更新。
[2026-04-18 04:00:51] 抓取到的文章与现有数据相同，无需更新。
[2026-04-18 04:55:44] 抓取到的文章与现有数据相同，无需更新。
[2026-04-18 05:31:23] 抓取到的文章与现有数据相同，无需更新。
[2026-04-18 06:21:39] 抓取到的文章与现有数据相同，无需更新。
[2026-04-18 07:26:44] 本次订阅抓取结果统计:
[2026-04-18 07:26:44] 共 47 条RSS, 成功抓取 36 条.
[2026-04-18 07:26:44] ✘ 有 11 条订阅解析失败:
[2026-04-18 07:26:44] - https://tumutanzi.com/feed
[2026-04-18 07:26:44] - https://geekinney.com/index.xml
[2026-04-18 07:26:44] - https://freemind.pluskid.org/rss.xml
[2026-04-18 07:26:44] - https://suus.me/atom.xml
[2026-04-18 07:26:44] - https://www.mrhe.net/feed
[2026-04-18 07:26:44] - https://www.shephe.com/feed
[2026-04-18 07:26:44] - https://ilogs.cn/feed/
[2026-04-18 07:26:44] - https://shuiba.co/feed
[2026-04-18 07:26:44] - https://www.moraex.com/feed
[2026-04-18 07:26:44] - https://sizheng.org/feed
[2026-04-18 07:26:44] - https://yufan.me/feed
[2026-04-18 08:10:58] 本次订阅抓取结果统计:
[2026-04-18 08:10:58] 共 47 条RSS, 成功抓取 37 条.
[2026-04-18 08:10:58] ✘ 有 10 条订阅解析失败:
[2026-04-18 08:10:58] - https://tumutanzi.com/feed
[2026-04-18 08:10:58] - https://geekinney.com/index.xml
[2026-04-18 08:10:58] - https://freemind.pluskid.org/rss.xml
[2026-04-18 08:10:58] - https://suus.me/atom.xml
[2026-04-18 08:10:58] - https://www.mrhe.net/feed
[2026-04-18 08:10:58] - https://ilogs.cn/feed/
[2026-04-18 08:10:58] - https://shuiba.co/feed
[2026-04-18 08:10:58] - https://www.moraex.com/feed
[2026-04-18 08:10:58] - https://www.shephe.com/feed
[2026-04-18 08:10:58] - https://sizheng.org/feed
[2026-04-18 09:14:04] 抓取到的文章与现有数据相同，无需更新。
[2026-04-18 10:12:07] 抓取到的文章与现有数据相同，无需更新。
[2026-04-18 11:11:14] 抓取到的文章与现有数据相同，无需更新。
[2026-04-18 12:07:50] 本次订阅抓取结果统计:
[2026-04-18 12:07:50] 共 47 条RSS, 成功抓取 36 条.
[2026-04-18 12:07:50] ✘ 有 11 条订阅解析失败:
[2026-04-18 12:07:50] - https://tumutanzi.com/feed
[2026-04-18 12:07:50] - https://geekinney.com/index.xml
[2026-04-18 12:07:50] - https://freemind.pluskid.org/rss.xml
[2026-04-18 12:07:50] - https://suus.me/atom.xml
[2026-04-18 12:07:50] - https://www.mrhe.net/feed
[2026-04-18 12:07:50] - https://ilogs.cn/feed/
[2026-04-18 12:07:50] - https://shuiba.co/feed
[2026-04-18 12:07:50] - https://www.moraex.com/feed
[2026-04-18 12:07:50] - https://sizheng.org/feed
[2026-04-18 12:07:50] - https://www.shephe.com/feed
[2026-04-18 12:07:50] - https://yufan.me/feed
[2026-04-18 13:26:41] 本次订阅抓取结果统计:
[2026-04-18 13:26:41] 共 47 条RSS, 成功抓取 36 条.
[2026-04-18 13:26:41] ✘ 有 11 条订阅解析失败:
[2026-04-18 13:26:41] - https://tumutanzi.com/feed
[2026-04-18 13:26:41] - https://geekinney.com/index.xml
[2026-04-18 13:26:41] - https://freemind.pluskid.org/rss.xml
[2026-04-18 13:26:41] - https://suus.me/atom.xml
[2026-04-18 13:26:41] - https://www.mrhe.net/feed
[2026-04-18 13:26:41] - https://leixus.cn/index.php/feed/
[2026-04-18 13:26:41] - https://ilogs.cn/feed/
[2026-04-18 13:26:41] - https://shuiba.co/feed
[2026-04-18 13:26:41] - https://sizheng.org/feed
[2026-04-18 13:26:41] - https://www.moraex.com/feed
[2026-04-18 13:26:41] - https://www.shephe.com/feed
[2026-04-18 14:15:21] 本次订阅抓取结果统计:
[2026-04-18 14:15:21] 共 47 条RSS, 成功抓取 36 条.
[2026-04-18 14:15:21] ✘ 有 11 条订阅解析失败:
[2026-04-18 14:15:21] - https://tumutanzi.com/feed
[2026-04-18 14:15:21] - https://geekinney.com/index.xml
[2026-04-18 14:15:21] - https://suus.me/atom.xml
[2026-04-18 14:15:21] - https://freemind.pluskid.org/rss.xml
[2026-04-18 14:15:21] - https://www.mrhe.net/feed
[2026-04-18 14:15:21] - https://ilogs.cn/feed/
[2026-04-18 14:15:21] - https://www.shephe.com/feed
[2026-04-18 14:15:21] - https://shuiba.co/feed
[2026-04-18 14:15:21] - https://www.moraex.com/feed
[2026-04-18 14:15:21] - https://sizheng.org/feed
[2026-04-18 14:15:21] - https://yufan.me/feed
[2026-04-18 15:13:45] 抓取到的文章与现有数据相同，无需更新。
[2026-04-18 16:09:17] 本次订阅抓取结果统计:
[2026-04-18 16:09:17] 共 47 条RSS, 成功抓取 37 条.
[2026-04-18 16:09:17] ✘ 有 10 条订阅解析失败:
[2026-04-18 16:09:17] - https://tumutanzi.com/feed
[2026-04-18 16:09:17] - https://geekinney.com/index.xml
[2026-04-18 16:09:17] - https://freemind.pluskid.org/rss.xml
[2026-04-18 16:09:17] - https://suus.me/atom.xml
[2026-04-18 16:09:17] - https://www.mrhe.net/feed
[2026-04-18 16:09:17] - https://www.shephe.com/feed
[2026-04-18 16:09:17] - https://ilogs.cn/feed/
[2026-04-18 16:09:17] - https://shuiba.co/feed
[2026-04-18 16:09:17] - https://sizheng.org/feed
[2026-04-18 16:09:17] - https://www.moraex.com/feed
[2026-04-18 17:12:49] 本次订阅抓取结果统计:
[2026-04-18 17:12:49] 共 47 条RSS, 成功抓取 36 条.
[2026-04-18 17:12:49] ✘ 有 11 条订阅解析失败:
[2026-04-18 17:12:49] - https://tumutanzi.com/feed
[2026-04-18 17:12:49] - https://geekinney.com/index.xml
[2026-04-18 17:12:49] - https://freemind.pluskid.org/rss.xml
[2026-04-18 17:12:49] - https://suus.me/atom.xml
[2026-04-18 17:12:49] - https://www.mrhe.net/feed
[2026-04-18 17:12:49] - https://ilogs.cn/feed/
[2026-04-18 17:12:49] - https://shuiba.co/feed
[2026-04-18 17:12:49] - https://www.moraex.com/feed
[2026-04-18 17:12:49] - https://www.shephe.com/feed
[2026-04-18 17:12:49] - https://sizheng.org/feed
[2026-04-18 17:12:49] - https://yufan.me/feed
[2026-04-18 18:09:09] 本次订阅抓取结果统计:
[2026-04-18 18:09:09] 共 47 条RSS, 成功抓取 37 条.
[2026-04-18 18:09:09] ✘ 有 10 条订阅解析失败:
[2026-04-18 18:09:09] - https://tumutanzi.com/feed
[2026-04-18 18:09:09] - https://geekinney.com/index.xml
[2026-04-18 18:09:09] - https://freemind.pluskid.org/rss.xml
[2026-04-18 18:09:09] - https://suus.me/atom.xml
[2026-04-18 18:09:09] - https://www.shephe.com/feed
[2026-04-18 18:09:09] - https://www.mrhe.net/feed
[2026-04-18 18:09:09] - https://ilogs.cn/feed/
[2026-04-18 18:09:09] - https://shuiba.co/feed
[2026-04-18 18:09:09] - https://sizheng.org/feed
[2026-04-18 18:09:09] - https://www.moraex.com/feed
[2026-04-18 19:15:12] 抓取到的文章与现有数据相同，无需更新。
[2026-04-18 20:06:53] 抓取到的文章与现有数据相同，无需更新。
[2026-04-18 21:07:56] 抓取到的文章与现有数据相同，无需更新。
