[2026-02-21 00:06:58] 抓取到的文章与现有数据相同，无需更新。
[2026-02-21 01:30:57] 抓取到的文章与现有数据相同，无需更新。
[2026-02-21 02:50:29] 抓取到的文章与现有数据相同，无需更新。
[2026-02-21 03:43:39] 本次订阅抓取结果统计:
[2026-02-21 03:43:39] 共 47 条RSS, 成功抓取 40 条.
[2026-02-21 03:43:39] ✘ 有 7 条订阅解析失败:
[2026-02-21 03:43:39] - https://tumutanzi.com/feed
[2026-02-21 03:43:39] - https://suus.me/atom.xml
[2026-02-21 03:43:39] - https://geekinney.com/index.xml
[2026-02-21 03:43:39] - https://shuiba.co/feed
[2026-02-21 03:43:39] - https://www.moraex.com/feed
[2026-02-21 03:43:39] - https://sizheng.org/feed
[2026-02-21 03:43:39] - https://freemind.pluskid.org/rss.xml
[2026-02-21 04:29:02] 本次订阅抓取结果统计:
[2026-02-21 04:29:02] 共 47 条RSS, 成功抓取 41 条.
[2026-02-21 04:29:02] ✘ 有 6 条订阅解析失败:
[2026-02-21 04:29:02] - https://tumutanzi.com/feed
[2026-02-21 04:29:02] - https://suus.me/atom.xml
[2026-02-21 04:29:02] - https://geekinney.com/index.xml
[2026-02-21 04:29:02] - https://shuiba.co/feed
[2026-02-21 04:29:02] - https://www.moraex.com/feed
[2026-02-21 04:29:02] - https://sizheng.org/feed
[2026-02-21 05:16:56] 本次订阅抓取结果统计:
[2026-02-21 05:16:56] 共 47 条RSS, 成功抓取 41 条.
[2026-02-21 05:16:56] ✘ 有 6 条订阅解析失败:
[2026-02-21 05:16:56] - https://tumutanzi.com/feed
[2026-02-21 05:16:56] - https://geekinney.com/index.xml
[2026-02-21 05:16:56] - https://suus.me/atom.xml
[2026-02-21 05:16:56] - https://shuiba.co/feed
[2026-02-21 05:16:56] - https://www.moraex.com/feed
[2026-02-21 05:16:56] - https://sizheng.org/feed
[2026-02-21 06:08:23] 抓取到的文章与现有数据相同，无需更新。
[2026-02-21 07:10:51] 抓取到的文章与现有数据相同，无需更新。
