[2026-02-08 00:09:39] 抓取到的文章与现有数据相同，无需更新。
[2026-02-08 01:32:08] 抓取到的文章与现有数据相同，无需更新。
[2026-02-08 02:58:43] 抓取到的文章与现有数据相同，无需更新。
[2026-02-08 04:02:49] 本次订阅抓取结果统计:
[2026-02-08 04:02:49] 共 47 条RSS, 成功抓取 41 条.
[2026-02-08 04:02:49] ✘ 有 6 条订阅解析失败:
[2026-02-08 04:02:49] - https://tumutanzi.com/feed
[2026-02-08 04:02:49] - https://suus.me/atom.xml
[2026-02-08 04:02:49] - https://geekinney.com/index.xml
[2026-02-08 04:02:49] - https://shuiba.co/feed
[2026-02-08 04:02:49] - https://sizheng.org/feed
[2026-02-08 04:02:49] - https://www.moraex.com/feed
[2026-02-08 05:28:39] 本次订阅抓取结果统计:
[2026-02-08 05:28:39] 共 47 条RSS, 成功抓取 41 条.
[2026-02-08 05:28:39] ✘ 有 6 条订阅解析失败:
[2026-02-08 05:28:39] - https://tumutanzi.com/feed
[2026-02-08 05:28:39] - https://geekinney.com/index.xml
[2026-02-08 05:28:39] - https://suus.me/atom.xml
[2026-02-08 05:28:39] - https://www.moraex.com/feed
[2026-02-08 05:28:39] - https://shuiba.co/feed
[2026-02-08 05:28:39] - https://sizheng.org/feed
[2026-02-08 06:13:40] 抓取到的文章与现有数据相同，无需更新。
[2026-02-08 07:13:56] 本次订阅抓取结果统计:
[2026-02-08 07:13:56] 共 47 条RSS, 成功抓取 41 条.
[2026-02-08 07:13:56] ✘ 有 6 条订阅解析失败:
[2026-02-08 07:13:56] - https://tumutanzi.com/feed
[2026-02-08 07:13:56] - https://suus.me/atom.xml
[2026-02-08 07:13:56] - https://geekinney.com/index.xml
[2026-02-08 07:13:56] - https://shuiba.co/feed
[2026-02-08 07:13:56] - https://sizheng.org/feed
[2026-02-08 07:13:56] - https://www.moraex.com/feed
[2026-02-08 08:03:57] 本次订阅抓取结果统计:
[2026-02-08 08:03:57] 共 47 条RSS, 成功抓取 41 条.
[2026-02-08 08:03:57] ✘ 有 6 条订阅解析失败:
[2026-02-08 08:03:57] - https://tumutanzi.com/feed
[2026-02-08 08:03:57] - https://suus.me/atom.xml
[2026-02-08 08:03:57] - https://geekinney.com/index.xml
[2026-02-08 08:03:57] - https://shuiba.co/feed
[2026-02-08 08:03:57] - https://www.moraex.com/feed
[2026-02-08 08:03:57] - https://sizheng.org/feed
[2026-02-08 09:05:49] 本次订阅抓取结果统计:
[2026-02-08 09:05:49] 共 47 条RSS, 成功抓取 41 条.
[2026-02-08 09:05:49] ✘ 有 6 条订阅解析失败:
[2026-02-08 09:05:49] - https://tumutanzi.com/feed
[2026-02-08 09:05:49] - https://geekinney.com/index.xml
[2026-02-08 09:05:49] - https://suus.me/atom.xml
[2026-02-08 09:05:49] - https://shuiba.co/feed
[2026-02-08 09:05:49] - https://sizheng.org/feed
[2026-02-08 09:05:49] - https://www.moraex.com/feed
[2026-02-08 10:02:46] 抓取到的文章与现有数据相同，无需更新。
[2026-02-08 11:03:52] 抓取到的文章与现有数据相同，无需更新。
[2026-02-08 12:02:55] 抓取到的文章与现有数据相同，无需更新。
[2026-02-08 13:16:44] 本次订阅抓取结果统计:
[2026-02-08 13:16:44] 共 47 条RSS, 成功抓取 41 条.
[2026-02-08 13:16:44] ✘ 有 6 条订阅解析失败:
[2026-02-08 13:16:44] - https://tumutanzi.com/feed
[2026-02-08 13:16:44] - https://geekinney.com/index.xml
[2026-02-08 13:16:44] - https://suus.me/atom.xml
[2026-02-08 13:16:44] - https://shuiba.co/feed
[2026-02-08 13:16:44] - https://sizheng.org/feed
[2026-02-08 13:16:44] - https://www.moraex.com/feed
