[2026-04-19 00:11:27] 抓取到的文章与现有数据相同，无需更新。
[2026-04-19 01:31:57] 抓取到的文章与现有数据相同，无需更新。
[2026-04-19 03:00:23] 本次订阅抓取结果统计:
[2026-04-19 03:00:23] 共 47 条RSS, 成功抓取 35 条.
[2026-04-19 03:00:23] ✘ 有 12 条订阅解析失败:
[2026-04-19 03:00:23] - https://tumutanzi.com/feed
[2026-04-19 03:00:23] - https://geekinney.com/index.xml
[2026-04-19 03:00:23] - https://freemind.pluskid.org/rss.xml
[2026-04-19 03:00:23] - https://suus.me/atom.xml
[2026-04-19 03:00:23] - https://www.mrhe.net/feed
[2026-04-19 03:00:23] - https://leixus.cn/index.php/feed/
[2026-04-19 03:00:23] - https://www.shephe.com/feed
[2026-04-19 03:00:23] - https://ilogs.cn/feed/
[2026-04-19 03:00:23] - https://shuiba.co/feed
[2026-04-19 03:00:23] - https://www.moraex.com/feed
[2026-04-19 03:00:23] - https://sizheng.org/feed
[2026-04-19 03:00:23] - http://www.cyys.net/wp/feed
[2026-04-19 04:11:36] 本次订阅抓取结果统计:
[2026-04-19 04:11:36] 共 47 条RSS, 成功抓取 36 条.
[2026-04-19 04:11:36] ✘ 有 11 条订阅解析失败:
[2026-04-19 04:11:36] - https://tumutanzi.com/feed
[2026-04-19 04:11:36] - https://geekinney.com/index.xml
[2026-04-19 04:11:36] - https://freemind.pluskid.org/rss.xml
[2026-04-19 04:11:36] - https://suus.me/atom.xml
[2026-04-19 04:11:36] - https://www.mrhe.net/feed
[2026-04-19 04:11:36] - https://www.shephe.com/feed
[2026-04-19 04:11:36] - https://ilogs.cn/feed/
[2026-04-19 04:11:36] - https://shuiba.co/feed
[2026-04-19 04:11:36] - https://www.moraex.com/feed
[2026-04-19 04:11:36] - https://sizheng.org/feed
[2026-04-19 04:11:36] - https://yufan.me/feed
[2026-04-19 05:41:53] 本次订阅抓取结果统计:
[2026-04-19 05:41:53] 共 47 条RSS, 成功抓取 37 条.
[2026-04-19 05:41:53] ✘ 有 10 条订阅解析失败:
[2026-04-19 05:41:53] - https://tumutanzi.com/feed
[2026-04-19 05:41:53] - https://geekinney.com/index.xml
[2026-04-19 05:41:53] - https://freemind.pluskid.org/rss.xml
[2026-04-19 05:41:53] - https://suus.me/atom.xml
[2026-04-19 05:41:53] - https://www.mrhe.net/feed
[2026-04-19 05:41:53] - https://ilogs.cn/feed/
[2026-04-19 05:41:53] - https://shuiba.co/feed
[2026-04-19 05:41:53] - https://www.shephe.com/feed
[2026-04-19 05:41:53] - https://www.moraex.com/feed
[2026-04-19 05:41:53] - https://sizheng.org/feed
[2026-04-19 06:30:00] 抓取到的文章与现有数据相同，无需更新。
[2026-04-19 07:28:37] 抓取到的文章与现有数据相同，无需更新。
[2026-04-19 08:16:57] 本次订阅抓取结果统计:
[2026-04-19 08:16:57] 共 47 条RSS, 成功抓取 36 条.
[2026-04-19 08:16:57] ✘ 有 11 条订阅解析失败:
[2026-04-19 08:16:57] - https://tumutanzi.com/feed
[2026-04-19 08:16:57] - https://geekinney.com/index.xml
[2026-04-19 08:16:57] - https://freemind.pluskid.org/rss.xml
[2026-04-19 08:16:57] - https://suus.me/atom.xml
[2026-04-19 08:16:57] - https://www.mrhe.net/feed
[2026-04-19 08:16:57] - https://leixus.cn/index.php/feed/
[2026-04-19 08:16:57] - https://ilogs.cn/feed/
[2026-04-19 08:16:57] - https://www.shephe.com/feed
[2026-04-19 08:16:57] - https://shuiba.co/feed
[2026-04-19 08:16:57] - https://www.moraex.com/feed
[2026-04-19 08:16:57] - https://sizheng.org/feed
[2026-04-19 09:14:12] 本次订阅抓取结果统计:
[2026-04-19 09:14:12] 共 47 条RSS, 成功抓取 37 条.
[2026-04-19 09:14:12] ✘ 有 10 条订阅解析失败:
[2026-04-19 09:14:12] - https://tumutanzi.com/feed
[2026-04-19 09:14:12] - https://geekinney.com/index.xml
[2026-04-19 09:14:12] - https://suus.me/atom.xml
[2026-04-19 09:14:12] - https://freemind.pluskid.org/rss.xml
[2026-04-19 09:14:12] - https://www.mrhe.net/feed
[2026-04-19 09:14:12] - https://www.shephe.com/feed
[2026-04-19 09:14:12] - https://shuiba.co/feed
[2026-04-19 09:14:12] - https://ilogs.cn/feed/
[2026-04-19 09:14:12] - https://www.moraex.com/feed
[2026-04-19 09:14:12] - https://sizheng.org/feed
[2026-04-19 10:11:56] 抓取到的文章与现有数据相同，无需更新。
[2026-04-19 11:11:55] 抓取到的文章与现有数据相同，无需更新。
[2026-04-19 12:06:14] 抓取到的文章与现有数据相同，无需更新。
[2026-04-19 13:24:49] 抓取到的文章与现有数据相同，无需更新。
[2026-04-19 14:12:40] 抓取到的文章与现有数据相同，无需更新。
[2026-04-19 15:11:37] 抓取到的文章与现有数据相同，无需更新。
