[2026-06-03 00:34:10] 本次订阅抓取结果统计:
[2026-06-03 00:34:10] 共 51 条RSS, 成功抓取 38 条.
[2026-06-03 00:34:10] ✘ 有 13 条订阅解析失败:
[2026-06-03 00:34:10] - https://tumutanzi.com/feed
[2026-06-03 00:34:10] - https://geekinney.com/index.xml
[2026-06-03 00:34:10] - https://suus.me/atom.xml
[2026-06-03 00:34:10] - https://leixus.cn/index.php/feed/
[2026-06-03 00:34:10] - https://www.shephe.com/feed
[2026-06-03 00:34:10] - https://innei.in/feed
[2026-06-03 00:34:10] - https://shuiba.co/feed
[2026-06-03 00:34:10] - https://ilogs.cn/feed/
[2026-06-03 00:34:10] - https://www.moraex.com/feed
[2026-06-03 00:34:10] - https://writings.howsoonisnow.org/blog/feed/feed.xml
[2026-06-03 00:34:10] - https://sizheng.org/feed
[2026-06-03 00:34:10] - https://4op.top/index.xml
[2026-06-03 00:34:10] - https://note.redcha.cn/rss.xml
[2026-06-03 00:34:10] ✘ 有 1 条订阅头像字段为空, 已使用默认头像:
[2026-06-03 00:34:10] - https://jt26wzz.com/rss.xml
[2026-06-03 01:51:32] 本次订阅抓取结果统计:
[2026-06-03 01:51:32] 共 51 条RSS, 成功抓取 37 条.
[2026-06-03 01:51:32] ✘ 有 14 条订阅解析失败:
[2026-06-03 01:51:32] - https://tumutanzi.com/feed
[2026-06-03 01:51:32] - https://geekinney.com/index.xml
[2026-06-03 01:51:32] - https://suus.me/atom.xml
[2026-06-03 01:51:32] - https://leixus.cn/index.php/feed/
[2026-06-03 01:51:32] - https://www.moraex.com/feed
[2026-06-03 01:51:32] - https://www.shephe.com/feed
[2026-06-03 01:51:32] - https://innei.in/feed
[2026-06-03 01:51:32] - https://shuiba.co/feed
[2026-06-03 01:51:32] - https://ilogs.cn/feed/
[2026-06-03 01:51:32] - https://writings.howsoonisnow.org/blog/feed/feed.xml
[2026-06-03 01:51:32] - https://sizheng.org/feed
[2026-06-03 01:51:32] - https://4op.top/index.xml
[2026-06-03 01:51:32] - https://skywind.me/blog/feed
[2026-06-03 01:51:32] - https://note.redcha.cn/rss.xml
[2026-06-03 01:51:32] ✘ 有 1 条订阅头像字段为空, 已使用默认头像:
[2026-06-03 01:51:32] - https://jt26wzz.com/rss.xml
[2026-06-03 03:02:16] 本次订阅抓取结果统计:
[2026-06-03 03:02:16] 共 51 条RSS, 成功抓取 39 条.
[2026-06-03 03:02:16] ✘ 有 12 条订阅解析失败:
[2026-06-03 03:02:16] - https://tumutanzi.com/feed
[2026-06-03 03:02:16] - https://geekinney.com/index.xml
[2026-06-03 03:02:16] - https://suus.me/atom.xml
[2026-06-03 03:02:16] - https://ilogs.cn/feed/
[2026-06-03 03:02:16] - https://www.shephe.com/feed
[2026-06-03 03:02:16] - https://innei.in/feed
[2026-06-03 03:02:16] - https://shuiba.co/feed
[2026-06-03 03:02:16] - https://writings.howsoonisnow.org/blog/feed/feed.xml
[2026-06-03 03:02:16] - https://www.moraex.com/feed
[2026-06-03 03:02:16] - https://sizheng.org/feed
[2026-06-03 03:02:16] - https://4op.top/index.xml
[2026-06-03 03:02:16] - https://note.redcha.cn/rss.xml
[2026-06-03 03:02:16] ✘ 有 1 条订阅头像字段为空, 已使用默认头像:
[2026-06-03 03:02:16] - https://jt26wzz.com/rss.xml
[2026-06-03 05:35:42] 本次订阅抓取结果统计:
[2026-06-03 05:35:42] 共 51 条RSS, 成功抓取 38 条.
[2026-06-03 05:35:42] ✘ 有 13 条订阅解析失败:
[2026-06-03 05:35:42] - https://tumutanzi.com/feed
[2026-06-03 05:35:42] - https://geekinney.com/index.xml
[2026-06-03 05:35:42] - https://suus.me/atom.xml
[2026-06-03 05:35:42] - https://leixus.cn/index.php/feed/
[2026-06-03 05:35:42] - https://ilogs.cn/feed/
[2026-06-03 05:35:42] - https://innei.in/feed
[2026-06-03 05:35:42] - https://www.moraex.com/feed
[2026-06-03 05:35:42] - https://shuiba.co/feed
[2026-06-03 05:35:42] - https://writings.howsoonisnow.org/blog/feed/feed.xml
[2026-06-03 05:35:42] - https://sizheng.org/feed
[2026-06-03 05:35:42] - https://www.shephe.com/feed
[2026-06-03 05:35:42] - https://4op.top/index.xml
[2026-06-03 05:35:42] - https://note.redcha.cn/rss.xml
[2026-06-03 05:35:42] ✘ 有 1 条订阅头像字段为空, 已使用默认头像:
[2026-06-03 05:35:42] - https://jt26wzz.com/rss.xml
[2026-06-03 07:34:22] 本次订阅抓取结果统计:
[2026-06-03 07:34:22] 共 51 条RSS, 成功抓取 39 条.
[2026-06-03 07:34:22] ✘ 有 12 条订阅解析失败:
[2026-06-03 07:34:22] - https://tumutanzi.com/feed
[2026-06-03 07:34:22] - https://geekinney.com/index.xml
[2026-06-03 07:34:22] - https://suus.me/atom.xml
[2026-06-03 07:34:22] - https://www.shephe.com/feed
[2026-06-03 07:34:22] - https://ilogs.cn/feed/
[2026-06-03 07:34:22] - https://innei.in/feed
[2026-06-03 07:34:22] - https://shuiba.co/feed
[2026-06-03 07:34:22] - https://www.moraex.com/feed
[2026-06-03 07:34:22] - https://writings.howsoonisnow.org/blog/feed/feed.xml
[2026-06-03 07:34:22] - https://sizheng.org/feed
[2026-06-03 07:34:22] - https://4op.top/index.xml
[2026-06-03 07:34:22] - https://note.redcha.cn/rss.xml
[2026-06-03 07:34:22] ✘ 有 1 条订阅头像字段为空, 已使用默认头像:
[2026-06-03 07:34:22] - https://jt26wzz.com/rss.xml
[2026-06-03 09:30:26] 本次订阅抓取结果统计:
[2026-06-03 09:30:26] 共 51 条RSS, 成功抓取 37 条.
[2026-06-03 09:30:26] ✘ 有 14 条订阅解析失败:
[2026-06-03 09:30:26] - https://tumutanzi.com/feed
[2026-06-03 09:30:26] - https://geekinney.com/index.xml
[2026-06-03 09:30:26] - https://suus.me/atom.xml
[2026-06-03 09:30:26] - https://www.shephe.com/feed
[2026-06-03 09:30:26] - https://leixus.cn/index.php/feed/
[2026-06-03 09:30:26] - https://innei.in/feed
[2026-06-03 09:30:26] - https://ilogs.cn/feed/
[2026-06-03 09:30:26] - https://shuiba.co/feed
[2026-06-03 09:30:26] - https://www.moraex.com/feed
[2026-06-03 09:30:26] - https://writings.howsoonisnow.org/blog/feed/feed.xml
[2026-06-03 09:30:26] - https://sizheng.org/feed
[2026-06-03 09:30:26] - https://4op.top/index.xml
[2026-06-03 09:30:26] - https://note.redcha.cn/rss.xml
[2026-06-03 09:30:26] - https://blog.fooleap.org/atom.xml
[2026-06-03 09:30:26] ✘ 有 1 条订阅头像字段为空, 已使用默认头像:
[2026-06-03 09:30:26] - https://jt26wzz.com/rss.xml
[2026-06-03 11:33:18] 本次订阅抓取结果统计:
[2026-06-03 11:33:18] 共 51 条RSS, 成功抓取 38 条.
[2026-06-03 11:33:18] ✘ 有 13 条订阅解析失败:
[2026-06-03 11:33:18] - https://tumutanzi.com/feed
[2026-06-03 11:33:18] - https://geekinney.com/index.xml
[2026-06-03 11:33:18] - https://suus.me/atom.xml
[2026-06-03 11:33:18] - https://www.shephe.com/feed
[2026-06-03 11:33:18] - https://leixus.cn/index.php/feed/
[2026-06-03 11:33:18] - https://innei.in/feed
[2026-06-03 11:33:18] - https://ilogs.cn/feed/
[2026-06-03 11:33:18] - https://shuiba.co/feed
[2026-06-03 11:33:18] - https://writings.howsoonisnow.org/blog/feed/feed.xml
[2026-06-03 11:33:18] - https://www.moraex.com/feed
[2026-06-03 11:33:18] - https://sizheng.org/feed
[2026-06-03 11:33:18] - https://4op.top/index.xml
[2026-06-03 11:33:18] - https://note.redcha.cn/rss.xml
[2026-06-03 11:33:18] ✘ 有 1 条订阅头像字段为空, 已使用默认头像:
[2026-06-03 11:33:18] - https://jt26wzz.com/rss.xml
[2026-06-03 13:26:50] 本次订阅抓取结果统计:
[2026-06-03 13:26:50] 共 51 条RSS, 成功抓取 37 条.
[2026-06-03 13:26:50] ✘ 有 14 条订阅解析失败:
[2026-06-03 13:26:50] - https://tumutanzi.com/feed
[2026-06-03 13:26:50] - https://geekinney.com/index.xml
[2026-06-03 13:26:50] - https://suus.me/atom.xml
[2026-06-03 13:26:50] - https://leixus.cn/index.php/feed/
[2026-06-03 13:26:50] - https://www.shephe.com/feed
[2026-06-03 13:26:50] - https://ilogs.cn/feed/
[2026-06-03 13:26:50] - https://innei.in/feed
[2026-06-03 13:26:50] - https://shuiba.co/feed
[2026-06-03 13:26:50] - https://writings.howsoonisnow.org/blog/feed/feed.xml
[2026-06-03 13:26:50] - https://www.moraex.com/feed
[2026-06-03 13:26:50] - https://blog.fueis.com/feed
[2026-06-03 13:26:50] - https://sizheng.org/feed
[2026-06-03 13:26:50] - https://4op.top/index.xml
[2026-06-03 13:26:50] - https://note.redcha.cn/rss.xml
[2026-06-03 13:26:50] ✘ 有 1 条订阅头像字段为空, 已使用默认头像:
[2026-06-03 13:26:50] - https://jt26wzz.com/rss.xml
[2026-06-03 15:29:29] 本次订阅抓取结果统计:
[2026-06-03 15:29:29] 共 51 条RSS, 成功抓取 39 条.
[2026-06-03 15:29:29] ✘ 有 12 条订阅解析失败:
[2026-06-03 15:29:29] - https://tumutanzi.com/feed
[2026-06-03 15:29:29] - https://geekinney.com/index.xml
[2026-06-03 15:29:29] - https://suus.me/atom.xml
[2026-06-03 15:29:29] - https://ilogs.cn/feed/
[2026-06-03 15:29:29] - https://innei.in/feed
[2026-06-03 15:29:29] - https://www.shephe.com/feed
[2026-06-03 15:29:29] - https://shuiba.co/feed
[2026-06-03 15:29:29] - https://www.moraex.com/feed
[2026-06-03 15:29:29] - https://writings.howsoonisnow.org/blog/feed/feed.xml
[2026-06-03 15:29:29] - https://sizheng.org/feed
[2026-06-03 15:29:29] - https://4op.top/index.xml
[2026-06-03 15:29:29] - https://note.redcha.cn/rss.xml
[2026-06-03 15:29:29] ✘ 有 1 条订阅头像字段为空, 已使用默认头像:
[2026-06-03 15:29:29] - https://jt26wzz.com/rss.xml
[2026-06-03 17:35:47] 本次订阅抓取结果统计:
[2026-06-03 17:35:47] 共 51 条RSS, 成功抓取 39 条.
[2026-06-03 17:35:47] ✘ 有 12 条订阅解析失败:
[2026-06-03 17:35:47] - https://tumutanzi.com/feed
[2026-06-03 17:35:47] - https://geekinney.com/index.xml
[2026-06-03 17:35:47] - https://suus.me/atom.xml
[2026-06-03 17:35:47] - https://www.shephe.com/feed
[2026-06-03 17:35:47] - https://innei.in/feed
[2026-06-03 17:35:47] - https://ilogs.cn/feed/
[2026-06-03 17:35:47] - https://shuiba.co/feed
[2026-06-03 17:35:47] - https://www.moraex.com/feed
[2026-06-03 17:35:47] - https://writings.howsoonisnow.org/blog/feed/feed.xml
[2026-06-03 17:35:47] - https://sizheng.org/feed
[2026-06-03 17:35:47] - https://4op.top/index.xml
[2026-06-03 17:35:47] - https://note.redcha.cn/rss.xml
[2026-06-03 17:35:47] ✘ 有 1 条订阅头像字段为空, 已使用默认头像:
[2026-06-03 17:35:47] - https://jt26wzz.com/rss.xml
[2026-06-03 19:11:58] 本次订阅抓取结果统计:
[2026-06-03 19:11:58] 共 51 条RSS, 成功抓取 38 条.
[2026-06-03 19:11:58] ✘ 有 13 条订阅解析失败:
[2026-06-03 19:11:58] - https://tumutanzi.com/feed
[2026-06-03 19:11:58] - https://geekinney.com/index.xml
[2026-06-03 19:11:58] - https://suus.me/atom.xml
[2026-06-03 19:11:58] - https://www.shephe.com/feed
[2026-06-03 19:11:58] - https://leixus.cn/index.php/feed/
[2026-06-03 19:11:58] - https://ilogs.cn/feed/
[2026-06-03 19:11:58] - https://innei.in/feed
[2026-06-03 19:11:58] - https://www.moraex.com/feed
[2026-06-03 19:11:58] - https://shuiba.co/feed
[2026-06-03 19:11:58] - https://writings.howsoonisnow.org/blog/feed/feed.xml
[2026-06-03 19:11:58] - https://sizheng.org/feed
[2026-06-03 19:11:58] - https://4op.top/index.xml
[2026-06-03 19:11:58] - https://note.redcha.cn/rss.xml
[2026-06-03 19:11:58] ✘ 有 1 条订阅头像字段为空, 已使用默认头像:
[2026-06-03 19:11:58] - https://jt26wzz.com/rss.xml
[2026-06-03 21:00:02] 本次订阅抓取结果统计:
[2026-06-03 21:00:02] 共 51 条RSS, 成功抓取 38 条.
[2026-06-03 21:00:02] ✘ 有 13 条订阅解析失败:
[2026-06-03 21:00:02] - https://tumutanzi.com/feed
[2026-06-03 21:00:02] - https://geekinney.com/index.xml
[2026-06-03 21:00:02] - https://suus.me/atom.xml
[2026-06-03 21:00:02] - https://www.shephe.com/feed
[2026-06-03 21:00:02] - https://ilogs.cn/feed/
[2026-06-03 21:00:02] - https://innei.in/feed
[2026-06-03 21:00:02] - https://shuiba.co/feed
[2026-06-03 21:00:02] - https://writings.howsoonisnow.org/blog/feed/feed.xml
[2026-06-03 21:00:02] - https://www.moraex.com/feed
[2026-06-03 21:00:02] - https://sizheng.org/feed
[2026-06-03 21:00:02] - https://note.redcha.cn/rss.xml
[2026-06-03 21:00:02] - https://4op.top/index.xml
[2026-06-03 21:00:02] - https://blog.fooleap.org/atom.xml
[2026-06-03 21:00:02] ✘ 有 1 条订阅头像字段为空, 已使用默认头像:
[2026-06-03 21:00:02] - https://jt26wzz.com/rss.xml
