[2026-02-07 00:06:59] 抓取到的文章与现有数据相同，无需更新。
[2026-02-07 01:30:21] 抓取到的文章与现有数据相同，无需更新。
[2026-02-07 02:51:25] 抓取到的文章与现有数据相同，无需更新。
[2026-02-07 03:43:55] 本次订阅抓取结果统计:
[2026-02-07 03:43:55] 共 47 条RSS, 成功抓取 41 条.
[2026-02-07 03:43:55] ✘ 有 6 条订阅解析失败:
[2026-02-07 03:43:55] - https://tumutanzi.com/feed
[2026-02-07 03:43:55] - https://geekinney.com/index.xml
[2026-02-07 03:43:55] - https://suus.me/atom.xml
[2026-02-07 03:43:55] - https://shuiba.co/feed
[2026-02-07 03:43:55] - https://www.moraex.com/feed
[2026-02-07 03:43:55] - https://sizheng.org/feed
[2026-02-07 04:30:01] 本次订阅抓取结果统计:
[2026-02-07 04:30:01] 共 47 条RSS, 成功抓取 40 条.
[2026-02-07 04:30:01] ✘ 有 7 条订阅解析失败:
[2026-02-07 04:30:01] - https://tumutanzi.com/feed
[2026-02-07 04:30:01] - https://suus.me/atom.xml
[2026-02-07 04:30:01] - https://geekinney.com/index.xml
[2026-02-07 04:30:01] - https://shuiba.co/feed
[2026-02-07 04:30:01] - https://www.moraex.com/feed
[2026-02-07 04:30:01] - https://sizheng.org/feed
[2026-02-07 04:30:01] - https://freemind.pluskid.org/rss.xml
[2026-02-07 05:16:07] 本次订阅抓取结果统计:
[2026-02-07 05:16:07] 共 47 条RSS, 成功抓取 41 条.
[2026-02-07 05:16:07] ✘ 有 6 条订阅解析失败:
[2026-02-07 05:16:07] - https://tumutanzi.com/feed
[2026-02-07 05:16:07] - https://suus.me/atom.xml
[2026-02-07 05:16:07] - https://geekinney.com/index.xml
[2026-02-07 05:16:07] - https://shuiba.co/feed
[2026-02-07 05:16:07] - https://www.moraex.com/feed
[2026-02-07 05:16:07] - https://sizheng.org/feed
[2026-02-07 06:08:59] 抓取到的文章与现有数据相同，无需更新。
[2026-02-07 07:11:43] 抓取到的文章与现有数据相同，无需更新。
[2026-02-07 08:03:29] 抓取到的文章与现有数据相同，无需更新。
[2026-02-07 09:05:13] 本次订阅抓取结果统计:
[2026-02-07 09:05:13] 共 47 条RSS, 成功抓取 40 条.
[2026-02-07 09:05:13] ✘ 有 7 条订阅解析失败:
[2026-02-07 09:05:13] - https://tumutanzi.com/feed
[2026-02-07 09:05:13] - https://geekinney.com/index.xml
[2026-02-07 09:05:13] - https://suus.me/atom.xml
[2026-02-07 09:05:13] - https://zhongxiaojie.com/feed
[2026-02-07 09:05:13] - https://shuiba.co/feed
[2026-02-07 09:05:13] - https://sizheng.org/feed
[2026-02-07 09:05:13] - https://www.moraex.com/feed
[2026-02-07 10:03:11] 本次订阅抓取结果统计:
[2026-02-07 10:03:11] 共 47 条RSS, 成功抓取 41 条.
[2026-02-07 10:03:11] ✘ 有 6 条订阅解析失败:
[2026-02-07 10:03:11] - https://tumutanzi.com/feed
[2026-02-07 10:03:11] - https://suus.me/atom.xml
[2026-02-07 10:03:11] - https://geekinney.com/index.xml
[2026-02-07 10:03:11] - https://shuiba.co/feed
[2026-02-07 10:03:11] - https://www.moraex.com/feed
[2026-02-07 10:03:11] - https://sizheng.org/feed
[2026-02-07 11:03:30] 抓取到的文章与现有数据相同，无需更新。
[2026-02-07 12:02:24] 抓取到的文章与现有数据相同，无需更新。
[2026-02-07 13:16:41] 抓取到的文章与现有数据相同，无需更新。
[2026-02-07 14:05:16] 本次订阅抓取结果统计:
[2026-02-07 14:05:16] 共 47 条RSS, 成功抓取 41 条.
[2026-02-07 14:05:16] ✘ 有 6 条订阅解析失败:
[2026-02-07 14:05:16] - https://tumutanzi.com/feed
[2026-02-07 14:05:16] - https://geekinney.com/index.xml
[2026-02-07 14:05:16] - https://suus.me/atom.xml
[2026-02-07 14:05:16] - https://shuiba.co/feed
[2026-02-07 14:05:16] - https://www.moraex.com/feed
[2026-02-07 14:05:16] - https://sizheng.org/feed
[2026-02-07 15:03:40] 抓取到的文章与现有数据相同，无需更新。
[2026-02-07 16:03:12] 抓取到的文章与现有数据相同，无需更新。
[2026-02-07 17:05:22] 抓取到的文章与现有数据相同，无需更新。
[2026-02-07 18:03:11] 抓取到的文章与现有数据相同，无需更新。
[2026-02-07 19:06:22] 本次订阅抓取结果统计:
[2026-02-07 19:06:22] 共 47 条RSS, 成功抓取 39 条.
[2026-02-07 19:06:22] ✘ 有 8 条订阅解析失败:
[2026-02-07 19:06:22] - https://tumutanzi.com/feed
[2026-02-07 19:06:22] - https://geekinney.com/index.xml
[2026-02-07 19:06:22] - https://suus.me/atom.xml
[2026-02-07 19:06:22] - https://leixus.cn/index.php/feed/
[2026-02-07 19:06:22] - https://shuiba.co/feed
[2026-02-07 19:06:22] - https://www.moraex.com/feed
[2026-02-07 19:06:22] - https://sizheng.org/feed
[2026-02-07 19:06:22] - https://www.luzhaojun.com/feed
[2026-02-07 20:01:56] 本次订阅抓取结果统计:
[2026-02-07 20:01:56] 共 47 条RSS, 成功抓取 41 条.
[2026-02-07 20:01:56] ✘ 有 6 条订阅解析失败:
[2026-02-07 20:01:56] - https://tumutanzi.com/feed
[2026-02-07 20:01:56] - https://geekinney.com/index.xml
[2026-02-07 20:01:56] - https://suus.me/atom.xml
[2026-02-07 20:01:56] - https://shuiba.co/feed
[2026-02-07 20:01:56] - https://www.moraex.com/feed
[2026-02-07 20:01:56] - https://sizheng.org/feed
[2026-02-07 21:04:58] 抓取到的文章与现有数据相同，无需更新。
