[2026-01-08 00:05:37] 本次订阅抓取结果统计:
[2026-01-08 00:05:37] 共 43 条RSS, 成功抓取 38 条.
[2026-01-08 00:05:37] ✘ 有 5 条订阅解析失败:
[2026-01-08 00:05:37] - https://tumutanzi.com/feed
[2026-01-08 00:05:37] - https://suus.me/atom.xml
[2026-01-08 00:05:37] - https://geekinney.com/index.xml
[2026-01-08 00:05:37] - https://www.moraex.com/feed
[2026-01-08 00:05:37] - https://skywind.me/blog/feed
[2026-01-08 01:29:45] 本次订阅抓取结果统计:
[2026-01-08 01:29:45] 共 43 条RSS, 成功抓取 39 条.
[2026-01-08 01:29:45] ✘ 有 4 条订阅解析失败:
[2026-01-08 01:29:45] - https://tumutanzi.com/feed
[2026-01-08 01:29:45] - https://suus.me/atom.xml
[2026-01-08 01:29:45] - https://geekinney.com/index.xml
[2026-01-08 01:29:45] - https://www.moraex.com/feed
[2026-01-08 02:36:13] 抓取到的文章与现有数据相同，无需更新。
[2026-01-08 03:29:44] 本次订阅抓取结果统计:
[2026-01-08 03:29:44] 共 43 条RSS, 成功抓取 39 条.
[2026-01-08 03:29:44] ✘ 有 4 条订阅解析失败:
[2026-01-08 03:29:44] - https://tumutanzi.com/feed
[2026-01-08 03:29:44] - https://suus.me/atom.xml
[2026-01-08 03:29:44] - https://geekinney.com/index.xml
[2026-01-08 03:29:44] - https://www.moraex.com/feed
[2026-01-08 04:14:59] 抓取到的文章与现有数据相同，无需更新。
[2026-01-08 05:04:20] 抓取到的文章与现有数据相同，无需更新。
[2026-01-08 06:02:04] 抓取到的文章与现有数据相同，无需更新。
[2026-01-08 07:04:49] 本次订阅抓取结果统计:
[2026-01-08 07:04:49] 共 43 条RSS, 成功抓取 39 条.
[2026-01-08 07:04:49] ✘ 有 4 条订阅解析失败:
[2026-01-08 07:04:49] - https://tumutanzi.com/feed
[2026-01-08 07:04:49] - https://geekinney.com/index.xml
[2026-01-08 07:04:49] - https://suus.me/atom.xml
[2026-01-08 07:04:49] - https://www.moraex.com/feed
[2026-01-08 08:02:33] 本次订阅抓取结果统计:
[2026-01-08 08:02:33] 共 43 条RSS, 成功抓取 38 条.
[2026-01-08 08:02:33] ✘ 有 5 条订阅解析失败:
[2026-01-08 08:02:33] - https://tumutanzi.com/feed
[2026-01-08 08:02:33] - https://suus.me/atom.xml
[2026-01-08 08:02:33] - https://geekinney.com/index.xml
[2026-01-08 08:02:33] - https://www.moraex.com/feed
[2026-01-08 08:02:33] - https://skywind.me/blog/feed
