[2026-01-21 00:05:32] 本次订阅抓取结果统计:
[2026-01-21 00:05:32] 共 45 条RSS, 成功抓取 38 条.
[2026-01-21 00:05:32] ✘ 有 7 条订阅解析失败:
[2026-01-21 00:05:32] - https://tumutanzi.com/feed
[2026-01-21 00:05:32] - https://oba.by/feed
[2026-01-21 00:05:32] - https://geekinney.com/index.xml
[2026-01-21 00:05:32] - https://suus.me/atom.xml
[2026-01-21 00:05:32] - https://sizheng.org/feed
[2026-01-21 00:05:32] - https://www.moraex.com/feed
[2026-01-21 00:05:32] - https://skywind.me/blog/feed
[2026-01-21 01:30:23] 本次订阅抓取结果统计:
[2026-01-21 01:30:23] 共 45 条RSS, 成功抓取 39 条.
[2026-01-21 01:30:23] ✘ 有 6 条订阅解析失败:
[2026-01-21 01:30:23] - https://tumutanzi.com/feed
[2026-01-21 01:30:23] - https://oba.by/feed
[2026-01-21 01:30:23] - https://geekinney.com/index.xml
[2026-01-21 01:30:23] - https://suus.me/atom.xml
[2026-01-21 01:30:23] - https://www.moraex.com/feed
[2026-01-21 01:30:23] - https://sizheng.org/feed
[2026-01-21 02:39:18] 本次订阅抓取结果统计:
[2026-01-21 02:39:18] 共 45 条RSS, 成功抓取 36 条.
[2026-01-21 02:39:18] ✘ 有 9 条订阅解析失败:
[2026-01-21 02:39:18] - https://tumutanzi.com/feed
[2026-01-21 02:39:18] - https://oba.by/feed
[2026-01-21 02:39:18] - https://suus.me/atom.xml
[2026-01-21 02:39:18] - https://geekinney.com/index.xml
[2026-01-21 02:39:18] - https://www.luzhaojun.com/feed
[2026-01-21 02:39:18] - https://leixus.cn/index.php/feed/
[2026-01-21 02:39:18] - https://www.moraex.com/feed
[2026-01-21 02:39:18] - https://sizheng.org/feed
[2026-01-21 02:39:18] - http://www.cyys.net/wp/feed
[2026-01-21 03:30:22] 本次订阅抓取结果统计:
[2026-01-21 03:30:22] 共 45 条RSS, 成功抓取 39 条.
[2026-01-21 03:30:22] ✘ 有 6 条订阅解析失败:
[2026-01-21 03:30:22] - https://tumutanzi.com/feed
[2026-01-21 03:30:22] - https://oba.by/feed
[2026-01-21 03:30:22] - https://suus.me/atom.xml
[2026-01-21 03:30:22] - https://geekinney.com/index.xml
[2026-01-21 03:30:22] - https://www.moraex.com/feed
[2026-01-21 03:30:22] - https://sizheng.org/feed
[2026-01-21 04:18:03] 抓取到的文章与现有数据相同，无需更新。
[2026-01-21 05:07:30] 抓取到的文章与现有数据相同，无需更新。
[2026-01-21 06:02:46] 抓取到的文章与现有数据相同，无需更新。
[2026-01-21 07:07:04] 抓取到的文章与现有数据相同，无需更新。
