[2026-01-11 00:04:53] 抓取到的文章与现有数据相同，无需更新。
[2026-01-11 01:30:37] 抓取到的文章与现有数据相同，无需更新。
[2026-01-11 02:44:39] 本次订阅抓取结果统计:
[2026-01-11 02:44:39] 共 43 条RSS, 成功抓取 37 条.
[2026-01-11 02:44:39] ✘ 有 6 条订阅解析失败:
[2026-01-11 02:44:39] - https://tumutanzi.com/feed
[2026-01-11 02:44:39] - https://oba.by/feed
[2026-01-11 02:44:39] - https://suus.me/atom.xml
[2026-01-11 02:44:39] - https://geekinney.com/index.xml
[2026-01-11 02:44:39] - https://www.moraex.com/feed
[2026-01-11 02:44:39] - https://www.mrhe.net/feed
[2026-01-11 03:32:19] 抓取到的文章与现有数据相同，无需更新。
[2026-01-11 04:19:53] 本次订阅抓取结果统计:
[2026-01-11 04:19:53] 共 43 条RSS, 成功抓取 38 条.
[2026-01-11 04:19:53] ✘ 有 5 条订阅解析失败:
[2026-01-11 04:19:53] - https://tumutanzi.com/feed
[2026-01-11 04:19:53] - https://oba.by/feed
[2026-01-11 04:19:53] - https://geekinney.com/index.xml
[2026-01-11 04:19:53] - https://suus.me/atom.xml
[2026-01-11 04:19:53] - https://www.moraex.com/feed
[2026-01-11 05:06:18] 抓取到的文章与现有数据相同，无需更新。
[2026-01-11 06:02:37] 本次订阅抓取结果统计:
[2026-01-11 06:02:37] 共 43 条RSS, 成功抓取 37 条.
[2026-01-11 06:02:37] ✘ 有 6 条订阅解析失败:
[2026-01-11 06:02:37] - https://tumutanzi.com/feed
[2026-01-11 06:02:37] - https://oba.by/feed
[2026-01-11 06:02:37] - https://geekinney.com/index.xml
[2026-01-11 06:02:37] - https://suus.me/atom.xml
[2026-01-11 06:02:37] - https://www.moraex.com/feed
[2026-01-11 06:02:37] - https://skywind.me/blog/feed
[2026-01-11 07:03:08] 本次订阅抓取结果统计:
[2026-01-11 07:03:08] 共 43 条RSS, 成功抓取 38 条.
[2026-01-11 07:03:08] ✘ 有 5 条订阅解析失败:
[2026-01-11 07:03:08] - https://tumutanzi.com/feed
[2026-01-11 07:03:08] - https://oba.by/feed
[2026-01-11 07:03:08] - https://geekinney.com/index.xml
[2026-01-11 07:03:08] - https://suus.me/atom.xml
[2026-01-11 07:03:08] - https://www.moraex.com/feed
[2026-01-11 08:02:59] 本次订阅抓取结果统计:
[2026-01-11 08:02:59] 共 43 条RSS, 成功抓取 38 条.
[2026-01-11 08:02:59] ✘ 有 5 条订阅解析失败:
[2026-01-11 08:02:59] - https://tumutanzi.com/feed
[2026-01-11 08:02:59] - https://oba.by/feed
[2026-01-11 08:02:59] - https://geekinney.com/index.xml
[2026-01-11 08:02:59] - https://suus.me/atom.xml
[2026-01-11 08:02:59] - https://www.moraex.com/feed
[2026-01-11 09:01:44] 抓取到的文章与现有数据相同，无需更新。
[2026-01-11 10:02:22] 抓取到的文章与现有数据相同，无需更新。
[2026-01-11 11:01:41] 抓取到的文章与现有数据相同，无需更新。
[2026-01-11 12:02:41] 抓取到的文章与现有数据相同，无需更新。
[2026-01-11 13:11:46] 抓取到的文章与现有数据相同，无需更新。
