[2026-06-27 00:25:30] 抓取到的文章与现有数据相同，无需更新。
[2026-06-27 01:36:01] 抓取到的文章与现有数据相同，无需更新。
[2026-06-27 03:00:27] 本次订阅抓取结果统计:
[2026-06-27 03:00:27] 共 54 条RSS, 成功抓取 42 条.
[2026-06-27 03:00:27] ✘ 有 12 条订阅解析失败:
[2026-06-27 03:00:27] - https://geekinney.com/index.xml
[2026-06-27 03:00:27] - https://tumutanzi.com/feed
[2026-06-27 03:00:27] - https://suus.me/atom.xml
[2026-06-27 03:00:27] - https://www.shephe.com/feed
[2026-06-27 03:00:27] - https://bluehe.cn/rss.xml
[2026-06-27 03:00:27] - https://leixus.cn/index.php/feed/
[2026-06-27 03:00:27] - https://ilogs.cn/feed/
[2026-06-27 03:00:27] - https://writings.howsoonisnow.org/blog/feed/feed.xml
[2026-06-27 03:00:27] - https://www.moraex.com/feed
[2026-06-27 03:00:27] - https://sizheng.org/feed
[2026-06-27 03:00:27] - https://4op.top/index.xml
[2026-06-27 03:00:27] - https://ayayy.com/feed/
[2026-06-27 03:00:27] ✘ 有 1 条订阅头像字段为空, 已使用默认头像:
[2026-06-27 03:00:27] - https://jt26wzz.com/rss.xml
[2026-06-27 04:27:57] 本次订阅抓取结果统计:
[2026-06-27 04:27:57] 共 54 条RSS, 成功抓取 44 条.
[2026-06-27 04:27:57] ✘ 有 10 条订阅解析失败:
[2026-06-27 04:27:57] - https://geekinney.com/index.xml
[2026-06-27 04:27:57] - https://suus.me/atom.xml
[2026-06-27 04:27:57] - https://www.shephe.com/feed
[2026-06-27 04:27:57] - https://bluehe.cn/rss.xml
[2026-06-27 04:27:57] - https://ilogs.cn/feed/
[2026-06-27 04:27:57] - https://writings.howsoonisnow.org/blog/feed/feed.xml
[2026-06-27 04:27:57] - https://www.moraex.com/feed
[2026-06-27 04:27:57] - https://sizheng.org/feed
[2026-06-27 04:27:57] - https://4op.top/index.xml
[2026-06-27 04:27:57] - https://ayayy.com/feed/
[2026-06-27 04:27:57] ✘ 有 1 条订阅头像字段为空, 已使用默认头像:
[2026-06-27 04:27:57] - https://jt26wzz.com/rss.xml
[2026-06-27 06:10:35] 抓取到的文章与现有数据相同，无需更新。
[2026-06-27 07:56:13] 本次订阅抓取结果统计:
[2026-06-27 07:56:13] 共 54 条RSS, 成功抓取 42 条.
[2026-06-27 07:56:13] ✘ 有 12 条订阅解析失败:
[2026-06-27 07:56:13] - https://geekinney.com/index.xml
[2026-06-27 07:56:13] - https://tumutanzi.com/feed
[2026-06-27 07:56:13] - https://suus.me/atom.xml
[2026-06-27 07:56:13] - https://bluehe.cn/rss.xml
[2026-06-27 07:56:13] - https://leixus.cn/index.php/feed/
[2026-06-27 07:56:13] - https://www.shephe.com/feed
[2026-06-27 07:56:13] - https://ilogs.cn/feed/
[2026-06-27 07:56:13] - https://www.moraex.com/feed
[2026-06-27 07:56:13] - https://writings.howsoonisnow.org/blog/feed/feed.xml
[2026-06-27 07:56:13] - https://sizheng.org/feed
[2026-06-27 07:56:13] - https://4op.top/index.xml
[2026-06-27 07:56:13] - https://ayayy.com/feed/
[2026-06-27 07:56:13] ✘ 有 1 条订阅头像字段为空, 已使用默认头像:
[2026-06-27 07:56:13] - https://jt26wzz.com/rss.xml
