[2026-01-12 00:04:51] 抓取到的文章与现有数据相同，无需更新。
[2026-01-12 01:30:15] 抓取到的文章与现有数据相同，无需更新。
[2026-01-12 02:41:37] 本次订阅抓取结果统计:
[2026-01-12 02:41:37] 共 43 条RSS, 成功抓取 38 条.
[2026-01-12 02:41:37] ✘ 有 5 条订阅解析失败:
[2026-01-12 02:41:37] - https://tumutanzi.com/feed
[2026-01-12 02:41:37] - https://oba.by/feed
[2026-01-12 02:41:37] - https://suus.me/atom.xml
[2026-01-12 02:41:37] - https://geekinney.com/index.xml
[2026-01-12 02:41:37] - https://www.moraex.com/feed
[2026-01-12 03:31:19] 本次订阅抓取结果统计:
[2026-01-12 03:31:19] 共 43 条RSS, 成功抓取 38 条.
[2026-01-12 03:31:19] ✘ 有 5 条订阅解析失败:
[2026-01-12 03:31:19] - https://tumutanzi.com/feed
[2026-01-12 03:31:19] - https://oba.by/feed
[2026-01-12 03:31:19] - https://geekinney.com/index.xml
[2026-01-12 03:31:19] - https://suus.me/atom.xml
[2026-01-12 03:31:19] - https://www.moraex.com/feed
[2026-01-12 04:21:04] 抓取到的文章与现有数据相同，无需更新。
[2026-01-12 05:08:39] 抓取到的文章与现有数据相同，无需更新。
[2026-01-12 06:03:07] [WARN] 加载头像映射失败: failed to fetch avatar map: Get "https://cos.lhasa.icu/lhasaRSS/avatar.json": context deadline exceeded (Client.Timeout exceeded while awaiting headers)
[2026-01-12 06:04:09] 本次订阅抓取结果统计:
[2026-01-12 06:04:09] 共 43 条RSS, 成功抓取 34 条.
[2026-01-12 06:04:09] ✘ 有 9 条订阅解析失败:
[2026-01-12 06:04:09] - https://tumutanzi.com/feed
[2026-01-12 06:04:09] - https://geekinney.com/index.xml
[2026-01-12 06:04:09] - https://suus.me/atom.xml
[2026-01-12 06:04:09] - https://oba.by/feed
[2026-01-12 06:04:09] - https://xyzbz.cn/feed
[2026-01-12 06:04:09] - https://www.laomuzhu.cn/feed/
[2026-01-12 06:04:09] - https://www.moraex.com/feed
[2026-01-12 06:04:09] - https://bluehe.cn/rss.xml
[2026-01-12 06:04:09] - https://ilogs.cn/feed/
[2026-01-12 06:04:09] ✘ 有 1 条订阅头像字段为空, 已使用默认头像:
[2026-01-12 06:04:09] - https://mayx.eu.org/atom.xml
[2026-01-12 06:04:09] ✘ 有 5 条订阅头像无法访问, 已使用默认头像:
[2026-01-12 06:04:09] - https://laike9m.com/blog/rss/
[2026-01-12 06:04:09] - https://skywind.me/blog/feed
[2026-01-12 06:04:09] - https://www.mrhe.net/feed
[2026-01-12 06:04:09] - https://byvoid.com/zhs/feed.xml
[2026-01-12 06:04:09] - https://blog.fueis.com/feed
[2026-01-12 07:06:43] 本次订阅抓取结果统计:
[2026-01-12 07:06:43] 共 43 条RSS, 成功抓取 38 条.
[2026-01-12 07:06:43] ✘ 有 5 条订阅解析失败:
[2026-01-12 07:06:43] - https://tumutanzi.com/feed
[2026-01-12 07:06:43] - https://oba.by/feed
[2026-01-12 07:06:43] - https://geekinney.com/index.xml
[2026-01-12 07:06:43] - https://suus.me/atom.xml
[2026-01-12 07:06:43] - https://www.moraex.com/feed
[2026-01-12 08:02:05] 抓取到的文章与现有数据相同，无需更新。
[2026-01-12 09:06:07] 本次订阅抓取结果统计:
[2026-01-12 09:06:07] 共 43 条RSS, 成功抓取 37 条.
[2026-01-12 09:06:07] ✘ 有 6 条订阅解析失败:
[2026-01-12 09:06:07] - https://tumutanzi.com/feed
[2026-01-12 09:06:07] - https://oba.by/feed
[2026-01-12 09:06:07] - https://geekinney.com/index.xml
[2026-01-12 09:06:07] - https://suus.me/atom.xml
[2026-01-12 09:06:07] - https://www.moraex.com/feed
[2026-01-12 09:06:07] - https://skywind.me/blog/feed
[2026-01-12 10:03:01] 本次订阅抓取结果统计:
[2026-01-12 10:03:01] 共 43 条RSS, 成功抓取 38 条.
[2026-01-12 10:03:01] ✘ 有 5 条订阅解析失败:
[2026-01-12 10:03:01] - https://tumutanzi.com/feed
[2026-01-12 10:03:01] - https://oba.by/feed
[2026-01-12 10:03:01] - https://geekinney.com/index.xml
[2026-01-12 10:03:01] - https://suus.me/atom.xml
[2026-01-12 10:03:01] - https://www.moraex.com/feed
[2026-01-12 11:02:25] 抓取到的文章与现有数据相同，无需更新。
[2026-01-12 12:02:54] 本次订阅抓取结果统计:
[2026-01-12 12:02:54] 共 43 条RSS, 成功抓取 37 条.
[2026-01-12 12:02:54] ✘ 有 6 条订阅解析失败:
[2026-01-12 12:02:54] - https://tumutanzi.com/feed
[2026-01-12 12:02:54] - https://oba.by/feed
[2026-01-12 12:02:54] - https://geekinney.com/index.xml
[2026-01-12 12:02:54] - https://suus.me/atom.xml
[2026-01-12 12:02:54] - https://www.moraex.com/feed
[2026-01-12 12:02:54] - https://www.shephe.com/feed
[2026-01-12 13:15:23] 本次订阅抓取结果统计:
[2026-01-12 13:15:23] 共 43 条RSS, 成功抓取 38 条.
[2026-01-12 13:15:23] ✘ 有 5 条订阅解析失败:
[2026-01-12 13:15:23] - https://tumutanzi.com/feed
[2026-01-12 13:15:23] - https://oba.by/feed
[2026-01-12 13:15:23] - https://geekinney.com/index.xml
[2026-01-12 13:15:23] - https://suus.me/atom.xml
[2026-01-12 13:15:23] - https://www.moraex.com/feed
