[2026-02-28 00:05:12] 抓取到的文章与现有数据相同，无需更新。
[2026-02-28 01:30:25] 本次订阅抓取结果统计:
[2026-02-28 01:30:25] 共 47 条RSS, 成功抓取 41 条.
[2026-02-28 01:30:25] ✘ 有 6 条订阅解析失败:
[2026-02-28 01:30:25] - https://tumutanzi.com/feed
[2026-02-28 01:30:25] - https://geekinney.com/index.xml
[2026-02-28 01:30:25] - https://suus.me/atom.xml
[2026-02-28 01:30:25] - https://shuiba.co/feed
[2026-02-28 01:30:25] - https://sizheng.org/feed
[2026-02-28 01:30:25] - https://www.moraex.com/feed
[2026-02-28 02:45:26] 本次订阅抓取结果统计:
[2026-02-28 02:45:26] 共 47 条RSS, 成功抓取 41 条.
[2026-02-28 02:45:26] ✘ 有 6 条订阅解析失败:
[2026-02-28 02:45:26] - https://tumutanzi.com/feed
[2026-02-28 02:45:26] - https://geekinney.com/index.xml
[2026-02-28 02:45:26] - https://suus.me/atom.xml
[2026-02-28 02:45:26] - https://shuiba.co/feed
[2026-02-28 02:45:26] - https://www.moraex.com/feed
[2026-02-28 02:45:26] - https://sizheng.org/feed
[2026-02-28 03:34:05] 抓取到的文章与现有数据相同，无需更新。
[2026-02-28 04:23:39] 抓取到的文章与现有数据相同，无需更新。
[2026-02-28 05:10:54] 本次订阅抓取结果统计:
[2026-02-28 05:10:54] 共 47 条RSS, 成功抓取 41 条.
[2026-02-28 05:10:54] ✘ 有 6 条订阅解析失败:
[2026-02-28 05:10:54] - https://tumutanzi.com/feed
[2026-02-28 05:10:54] - https://geekinney.com/index.xml
[2026-02-28 05:10:54] - https://suus.me/atom.xml
[2026-02-28 05:10:54] - https://shuiba.co/feed
[2026-02-28 05:10:54] - https://sizheng.org/feed
[2026-02-28 05:10:54] - https://www.moraex.com/feed
[2026-02-28 06:05:37] 本次订阅抓取结果统计:
[2026-02-28 06:05:37] 共 47 条RSS, 成功抓取 40 条.
[2026-02-28 06:05:37] ✘ 有 7 条订阅解析失败:
[2026-02-28 06:05:37] - https://tumutanzi.com/feed
[2026-02-28 06:05:37] - https://geekinney.com/index.xml
[2026-02-28 06:05:37] - https://suus.me/atom.xml
[2026-02-28 06:05:37] - https://shuiba.co/feed
[2026-02-28 06:05:37] - https://sizheng.org/feed
[2026-02-28 06:05:37] - https://www.moraex.com/feed
[2026-02-28 06:05:37] - http://www.cyys.net/wp/feed
[2026-02-28 07:06:34] 本次订阅抓取结果统计:
[2026-02-28 07:06:34] 共 47 条RSS, 成功抓取 40 条.
[2026-02-28 07:06:34] ✘ 有 7 条订阅解析失败:
[2026-02-28 07:06:34] - https://tumutanzi.com/feed
[2026-02-28 07:06:34] - https://geekinney.com/index.xml
[2026-02-28 07:06:34] - https://www.shephe.com/feed
[2026-02-28 07:06:34] - https://suus.me/atom.xml
[2026-02-28 07:06:34] - https://shuiba.co/feed
[2026-02-28 07:06:34] - https://sizheng.org/feed
[2026-02-28 07:06:34] - https://www.moraex.com/feed
[2026-02-28 08:02:20] 抓取到的文章与现有数据相同，无需更新。
[2026-02-28 09:04:03] 本次订阅抓取结果统计:
[2026-02-28 09:04:03] 共 47 条RSS, 成功抓取 41 条.
[2026-02-28 09:04:03] ✘ 有 6 条订阅解析失败:
[2026-02-28 09:04:03] - https://tumutanzi.com/feed
[2026-02-28 09:04:03] - https://geekinney.com/index.xml
[2026-02-28 09:04:03] - https://suus.me/atom.xml
[2026-02-28 09:04:03] - https://shuiba.co/feed
[2026-02-28 09:04:03] - https://sizheng.org/feed
[2026-02-28 09:04:03] - https://www.moraex.com/feed
[2026-02-28 10:01:57] 抓取到的文章与现有数据相同，无需更新。
