[2026-06-21 00:27:07] 抓取到的文章与现有数据相同，无需更新。
[2026-06-21 01:46:21] 抓取到的文章与现有数据相同，无需更新。
[2026-06-21 03:02:07] 抓取到的文章与现有数据相同，无需更新。
[2026-06-21 05:32:32] 本次订阅抓取结果统计:
[2026-06-21 05:32:32] 共 54 条RSS, 成功抓取 44 条.
[2026-06-21 05:32:32] ✘ 有 10 条订阅解析失败:
[2026-06-21 05:32:32] - https://geekinney.com/index.xml
[2026-06-21 05:32:32] - https://suus.me/atom.xml
[2026-06-21 05:32:32] - https://www.shephe.com/feed
[2026-06-21 05:32:32] - https://bluehe.cn/rss.xml
[2026-06-21 05:32:32] - https://ilogs.cn/feed/
[2026-06-21 05:32:32] - https://www.moraex.com/feed
[2026-06-21 05:32:32] - https://writings.howsoonisnow.org/blog/feed/feed.xml
[2026-06-21 05:32:32] - https://sizheng.org/feed
[2026-06-21 05:32:32] - https://4op.top/index.xml
[2026-06-21 05:32:32] - https://ayayy.com/feed/
[2026-06-21 05:32:32] ✘ 有 1 条订阅头像字段为空, 已使用默认头像:
[2026-06-21 05:32:32] - https://jt26wzz.com/rss.xml
[2026-06-21 07:31:33] 抓取到的文章与现有数据相同，无需更新。
[2026-06-21 09:11:14] 抓取到的文章与现有数据相同，无需更新。
[2026-06-21 11:01:30] 本次订阅抓取结果统计:
[2026-06-21 11:01:30] 共 54 条RSS, 成功抓取 43 条.
[2026-06-21 11:01:30] ✘ 有 11 条订阅解析失败:
[2026-06-21 11:01:30] - https://geekinney.com/index.xml
[2026-06-21 11:01:30] - https://suus.me/atom.xml
[2026-06-21 11:01:30] - https://bluehe.cn/rss.xml
[2026-06-21 11:01:30] - https://www.shephe.com/feed
[2026-06-21 11:01:30] - https://ilogs.cn/feed/
[2026-06-21 11:01:30] - https://writings.howsoonisnow.org/blog/feed/feed.xml
[2026-06-21 11:01:30] - https://www.moraex.com/feed
[2026-06-21 11:01:30] - https://sizheng.org/feed
[2026-06-21 11:01:30] - https://4op.top/index.xml
[2026-06-21 11:01:30] - https://ayayy.com/feed/
[2026-06-21 11:01:30] - https://freemind.pluskid.org/rss.xml
[2026-06-21 11:01:30] ✘ 有 1 条订阅头像字段为空, 已使用默认头像:
[2026-06-21 11:01:30] - https://jt26wzz.com/rss.xml
[2026-06-21 12:34:28] 本次订阅抓取结果统计:
[2026-06-21 12:34:28] 共 54 条RSS, 成功抓取 42 条.
[2026-06-21 12:34:28] ✘ 有 12 条订阅解析失败:
[2026-06-21 12:34:28] - https://geekinney.com/index.xml
[2026-06-21 12:34:28] - https://tumutanzi.com/feed
[2026-06-21 12:34:28] - https://suus.me/atom.xml
[2026-06-21 12:34:28] - https://leixus.cn/index.php/feed/
[2026-06-21 12:34:28] - https://bluehe.cn/rss.xml
[2026-06-21 12:34:28] - https://www.shephe.com/feed
[2026-06-21 12:34:28] - https://www.moraex.com/feed
[2026-06-21 12:34:28] - https://writings.howsoonisnow.org/blog/feed/feed.xml
[2026-06-21 12:34:28] - https://ilogs.cn/feed/
[2026-06-21 12:34:28] - https://sizheng.org/feed
[2026-06-21 12:34:28] - https://4op.top/index.xml
[2026-06-21 12:34:28] - https://ayayy.com/feed/
[2026-06-21 12:34:28] ✘ 有 1 条订阅头像字段为空, 已使用默认头像:
[2026-06-21 12:34:28] - https://jt26wzz.com/rss.xml
[2026-06-21 13:31:51] 本次订阅抓取结果统计:
[2026-06-21 13:31:51] 共 54 条RSS, 成功抓取 44 条.
[2026-06-21 13:31:51] ✘ 有 10 条订阅解析失败:
[2026-06-21 13:31:51] - https://geekinney.com/index.xml
[2026-06-21 13:31:51] - https://suus.me/atom.xml
[2026-06-21 13:31:51] - https://bluehe.cn/rss.xml
[2026-06-21 13:31:51] - https://ilogs.cn/feed/
[2026-06-21 13:31:51] - https://writings.howsoonisnow.org/blog/feed/feed.xml
[2026-06-21 13:31:51] - https://sizheng.org/feed
[2026-06-21 13:31:51] - https://www.moraex.com/feed
[2026-06-21 13:31:51] - https://www.shephe.com/feed
[2026-06-21 13:31:51] - https://4op.top/index.xml
[2026-06-21 13:31:51] - https://ayayy.com/feed/
[2026-06-21 13:31:51] ✘ 有 1 条订阅头像字段为空, 已使用默认头像:
[2026-06-21 13:31:51] - https://jt26wzz.com/rss.xml
[2026-06-21 14:44:07] 抓取到的文章与现有数据相同，无需更新。
[2026-06-21 15:32:30] 抓取到的文章与现有数据相同，无需更新。
[2026-06-21 16:30:13] 本次订阅抓取结果统计:
[2026-06-21 16:30:13] 共 54 条RSS, 成功抓取 42 条.
[2026-06-21 16:30:13] ✘ 有 12 条订阅解析失败:
[2026-06-21 16:30:13] - https://tumutanzi.com/feed
[2026-06-21 16:30:13] - https://geekinney.com/index.xml
[2026-06-21 16:30:13] - https://suus.me/atom.xml
[2026-06-21 16:30:13] - https://leixus.cn/index.php/feed/
[2026-06-21 16:30:13] - https://bluehe.cn/rss.xml
[2026-06-21 16:30:13] - https://ilogs.cn/feed/
[2026-06-21 16:30:13] - https://www.shephe.com/feed
[2026-06-21 16:30:13] - https://www.moraex.com/feed
[2026-06-21 16:30:13] - https://writings.howsoonisnow.org/blog/feed/feed.xml
[2026-06-21 16:30:13] - https://sizheng.org/feed
[2026-06-21 16:30:13] - https://4op.top/index.xml
[2026-06-21 16:30:13] - https://ayayy.com/feed/
[2026-06-21 16:30:13] ✘ 有 1 条订阅头像字段为空, 已使用默认头像:
[2026-06-21 16:30:13] - https://jt26wzz.com/rss.xml
[2026-06-21 17:29:24] 本次订阅抓取结果统计:
[2026-06-21 17:29:24] 共 54 条RSS, 成功抓取 44 条.
[2026-06-21 17:29:24] ✘ 有 10 条订阅解析失败:
[2026-06-21 17:29:24] - https://geekinney.com/index.xml
[2026-06-21 17:29:24] - https://suus.me/atom.xml
[2026-06-21 17:29:24] - https://bluehe.cn/rss.xml
[2026-06-21 17:29:24] - https://ilogs.cn/feed/
[2026-06-21 17:29:24] - https://writings.howsoonisnow.org/blog/feed/feed.xml
[2026-06-21 17:29:24] - https://www.shephe.com/feed
[2026-06-21 17:29:24] - https://www.moraex.com/feed
[2026-06-21 17:29:24] - https://sizheng.org/feed
[2026-06-21 17:29:24] - https://4op.top/index.xml
[2026-06-21 17:29:24] - https://ayayy.com/feed/
[2026-06-21 17:29:24] ✘ 有 1 条订阅头像字段为空, 已使用默认头像:
[2026-06-21 17:29:24] - https://jt26wzz.com/rss.xml
[2026-06-21 18:26:57] 本次订阅抓取结果统计:
[2026-06-21 18:26:57] 共 54 条RSS, 成功抓取 42 条.
[2026-06-21 18:26:57] ✘ 有 12 条订阅解析失败:
[2026-06-21 18:26:57] - https://geekinney.com/index.xml
[2026-06-21 18:26:57] - https://tumutanzi.com/feed
[2026-06-21 18:26:57] - https://suus.me/atom.xml
[2026-06-21 18:26:57] - https://www.shephe.com/feed
[2026-06-21 18:26:57] - https://bluehe.cn/rss.xml
[2026-06-21 18:26:57] - https://leixus.cn/index.php/feed/
[2026-06-21 18:26:57] - https://ilogs.cn/feed/
[2026-06-21 18:26:57] - https://writings.howsoonisnow.org/blog/feed/feed.xml
[2026-06-21 18:26:57] - https://www.moraex.com/feed
[2026-06-21 18:26:57] - https://sizheng.org/feed
[2026-06-21 18:26:57] - https://4op.top/index.xml
[2026-06-21 18:26:57] - https://ayayy.com/feed/
[2026-06-21 18:26:57] ✘ 有 1 条订阅头像字段为空, 已使用默认头像:
[2026-06-21 18:26:57] - https://jt26wzz.com/rss.xml
[2026-06-21 19:29:46] 本次订阅抓取结果统计:
[2026-06-21 19:29:46] 共 54 条RSS, 成功抓取 44 条.
[2026-06-21 19:29:46] ✘ 有 10 条订阅解析失败:
[2026-06-21 19:29:46] - https://geekinney.com/index.xml
[2026-06-21 19:29:46] - https://suus.me/atom.xml
[2026-06-21 19:29:46] - https://www.shephe.com/feed
[2026-06-21 19:29:46] - https://bluehe.cn/rss.xml
[2026-06-21 19:29:46] - https://ilogs.cn/feed/
[2026-06-21 19:29:46] - https://writings.howsoonisnow.org/blog/feed/feed.xml
[2026-06-21 19:29:46] - https://sizheng.org/feed
[2026-06-21 19:29:46] - https://www.moraex.com/feed
[2026-06-21 19:29:46] - https://4op.top/index.xml
[2026-06-21 19:29:46] - https://ayayy.com/feed/
[2026-06-21 19:29:46] ✘ 有 1 条订阅头像字段为空, 已使用默认头像:
[2026-06-21 19:29:46] - https://jt26wzz.com/rss.xml
[2026-06-21 20:28:26] 抓取到的文章与现有数据相同，无需更新。
