[2026-07-02 00:26:32] 本次订阅抓取结果统计:
[2026-07-02 00:26:32] 共 54 条RSS, 成功抓取 44 条.
[2026-07-02 00:26:32] ✘ 有 10 条订阅解析失败:
[2026-07-02 00:26:32] - https://geekinney.com/index.xml
[2026-07-02 00:26:32] - https://suus.me/atom.xml
[2026-07-02 00:26:32] - https://ilogs.cn/feed/
[2026-07-02 00:26:32] - https://www.moraex.com/feed
[2026-07-02 00:26:32] - https://writings.howsoonisnow.org/blog/feed/feed.xml
[2026-07-02 00:26:32] - https://sizheng.org/feed
[2026-07-02 00:26:32] - https://4op.top/index.xml
[2026-07-02 00:26:32] - https://ayayy.com/feed/
[2026-07-02 00:26:32] - https://www.shephe.com/feed
[2026-07-02 00:26:32] - https://note.redcha.cn/rss.xml
[2026-07-02 00:26:32] ✘ 有 1 条订阅头像字段为空, 已使用默认头像:
[2026-07-02 00:26:32] - https://jt26wzz.com/rss.xml
[2026-07-02 01:37:55] 抓取到的文章与现有数据相同，无需更新。
[2026-07-02 05:47:15] 本次订阅抓取结果统计:
[2026-07-02 05:47:15] 共 54 条RSS, 成功抓取 45 条.
[2026-07-02 05:47:15] ✘ 有 9 条订阅解析失败:
[2026-07-02 05:47:15] - https://geekinney.com/index.xml
[2026-07-02 05:47:15] - https://suus.me/atom.xml
[2026-07-02 05:47:15] - https://ilogs.cn/feed/
[2026-07-02 05:47:15] - https://writings.howsoonisnow.org/blog/feed/feed.xml
[2026-07-02 05:47:15] - https://www.moraex.com/feed
[2026-07-02 05:47:15] - https://sizheng.org/feed
[2026-07-02 05:47:15] - https://4op.top/index.xml
[2026-07-02 05:47:15] - https://www.shephe.com/feed
[2026-07-02 05:47:15] - https://ayayy.com/feed/
[2026-07-02 05:47:15] ✘ 有 1 条订阅头像字段为空, 已使用默认头像:
[2026-07-02 05:47:15] - https://jt26wzz.com/rss.xml
[2026-07-02 08:39:00] 本次订阅抓取结果统计:
[2026-07-02 08:39:00] 共 54 条RSS, 成功抓取 43 条.
[2026-07-02 08:39:00] ✘ 有 11 条订阅解析失败:
[2026-07-02 08:39:00] - https://geekinney.com/index.xml
[2026-07-02 08:39:00] - https://tumutanzi.com/feed
[2026-07-02 08:39:00] - https://suus.me/atom.xml
[2026-07-02 08:39:00] - https://leixus.cn/index.php/feed/
[2026-07-02 08:39:00] - https://ilogs.cn/feed/
[2026-07-02 08:39:00] - https://www.moraex.com/feed
[2026-07-02 08:39:00] - https://writings.howsoonisnow.org/blog/feed/feed.xml
[2026-07-02 08:39:00] - https://sizheng.org/feed
[2026-07-02 08:39:00] - https://4op.top/index.xml
[2026-07-02 08:39:00] - https://www.shephe.com/feed
[2026-07-02 08:39:00] - https://ayayy.com/feed/
[2026-07-02 08:39:00] ✘ 有 1 条订阅头像字段为空, 已使用默认头像:
[2026-07-02 08:39:00] - https://jt26wzz.com/rss.xml
[2026-07-02 11:25:08] 本次订阅抓取结果统计:
[2026-07-02 11:25:08] 共 54 条RSS, 成功抓取 44 条.
[2026-07-02 11:25:08] ✘ 有 10 条订阅解析失败:
[2026-07-02 11:25:08] - https://geekinney.com/index.xml
[2026-07-02 11:25:08] - https://suus.me/atom.xml
[2026-07-02 11:25:08] - https://ilogs.cn/feed/
[2026-07-02 11:25:08] - https://www.moraex.com/feed
[2026-07-02 11:25:08] - https://writings.howsoonisnow.org/blog/feed/feed.xml
[2026-07-02 11:25:08] - https://sizheng.org/feed
[2026-07-02 11:25:08] - https://4op.top/index.xml
[2026-07-02 11:25:08] - https://ayayy.com/feed/
[2026-07-02 11:25:08] - https://www.shephe.com/feed
[2026-07-02 11:25:08] - https://note.redcha.cn/rss.xml
[2026-07-02 11:25:08] ✘ 有 1 条订阅头像字段为空, 已使用默认头像:
[2026-07-02 11:25:08] - https://jt26wzz.com/rss.xml
[2026-07-02 13:25:51] 抓取到的文章与现有数据相同，无需更新。
[2026-07-02 15:58:21] 本次订阅抓取结果统计:
[2026-07-02 15:58:21] 共 54 条RSS, 成功抓取 43 条.
[2026-07-02 15:58:21] ✘ 有 11 条订阅解析失败:
[2026-07-02 15:58:21] - https://geekinney.com/index.xml
[2026-07-02 15:58:21] - https://tumutanzi.com/feed
[2026-07-02 15:58:21] - https://suus.me/atom.xml
[2026-07-02 15:58:21] - https://leixus.cn/index.php/feed/
[2026-07-02 15:58:21] - https://ilogs.cn/feed/
[2026-07-02 15:58:21] - https://www.moraex.com/feed
[2026-07-02 15:58:21] - https://writings.howsoonisnow.org/blog/feed/feed.xml
[2026-07-02 15:58:21] - https://www.shephe.com/feed
[2026-07-02 15:58:21] - https://sizheng.org/feed
[2026-07-02 15:58:21] - https://4op.top/index.xml
[2026-07-02 15:58:21] - https://ayayy.com/feed/
[2026-07-02 15:58:21] ✘ 有 1 条订阅头像字段为空, 已使用默认头像:
[2026-07-02 15:58:21] - https://jt26wzz.com/rss.xml
[2026-07-02 17:41:19] 本次订阅抓取结果统计:
[2026-07-02 17:41:19] 共 54 条RSS, 成功抓取 45 条.
[2026-07-02 17:41:19] ✘ 有 9 条订阅解析失败:
[2026-07-02 17:41:19] - https://geekinney.com/index.xml
[2026-07-02 17:41:19] - https://suus.me/atom.xml
[2026-07-02 17:41:19] - https://www.shephe.com/feed
[2026-07-02 17:41:19] - https://ilogs.cn/feed/
[2026-07-02 17:41:19] - https://writings.howsoonisnow.org/blog/feed/feed.xml
[2026-07-02 17:41:19] - https://www.moraex.com/feed
[2026-07-02 17:41:19] - https://sizheng.org/feed
[2026-07-02 17:41:19] - https://4op.top/index.xml
[2026-07-02 17:41:19] - https://ayayy.com/feed/
[2026-07-02 17:41:19] ✘ 有 1 条订阅头像字段为空, 已使用默认头像:
[2026-07-02 17:41:19] - https://jt26wzz.com/rss.xml
[2026-07-02 19:05:53] 本次订阅抓取结果统计:
[2026-07-02 19:05:53] 共 54 条RSS, 成功抓取 43 条.
[2026-07-02 19:05:53] ✘ 有 11 条订阅解析失败:
[2026-07-02 19:05:53] - https://tumutanzi.com/feed
[2026-07-02 19:05:53] - https://geekinney.com/index.xml
[2026-07-02 19:05:53] - https://suus.me/atom.xml
[2026-07-02 19:05:53] - https://www.shephe.com/feed
[2026-07-02 19:05:53] - https://leixus.cn/index.php/feed/
[2026-07-02 19:05:53] - https://ilogs.cn/feed/
[2026-07-02 19:05:53] - https://www.moraex.com/feed
[2026-07-02 19:05:53] - https://writings.howsoonisnow.org/blog/feed/feed.xml
[2026-07-02 19:05:53] - https://sizheng.org/feed
[2026-07-02 19:05:53] - https://4op.top/index.xml
[2026-07-02 19:05:53] - https://ayayy.com/feed/
[2026-07-02 19:05:53] ✘ 有 1 条订阅头像字段为空, 已使用默认头像:
[2026-07-02 19:05:53] - https://jt26wzz.com/rss.xml
[2026-07-02 20:50:17] 抓取到的文章与现有数据相同，无需更新。
[2026-07-02 21:56:56] 本次订阅抓取结果统计:
[2026-07-02 21:56:56] 共 54 条RSS, 成功抓取 45 条.
[2026-07-02 21:56:56] ✘ 有 9 条订阅解析失败:
[2026-07-02 21:56:56] - https://geekinney.com/index.xml
[2026-07-02 21:56:56] - https://suus.me/atom.xml
[2026-07-02 21:56:56] - https://www.shephe.com/feed
[2026-07-02 21:56:56] - https://ilogs.cn/feed/
[2026-07-02 21:56:56] - https://writings.howsoonisnow.org/blog/feed/feed.xml
[2026-07-02 21:56:56] - https://sizheng.org/feed
[2026-07-02 21:56:56] - https://www.moraex.com/feed
[2026-07-02 21:56:56] - https://4op.top/index.xml
[2026-07-02 21:56:56] - https://ayayy.com/feed/
[2026-07-02 21:56:56] ✘ 有 1 条订阅头像字段为空, 已使用默认头像:
[2026-07-02 21:56:56] - https://jt26wzz.com/rss.xml
[2026-07-02 22:57:25] 抓取到的文章与现有数据相同，无需更新。
[2026-07-02 23:58:22] 本次订阅抓取结果统计:
[2026-07-02 23:58:22] 共 54 条RSS, 成功抓取 43 条.
[2026-07-02 23:58:22] ✘ 有 11 条订阅解析失败:
[2026-07-02 23:58:22] - https://tumutanzi.com/feed
[2026-07-02 23:58:22] - https://geekinney.com/index.xml
[2026-07-02 23:58:22] - https://suus.me/atom.xml
[2026-07-02 23:58:22] - https://www.shephe.com/feed
[2026-07-02 23:58:22] - https://leixus.cn/index.php/feed/
[2026-07-02 23:58:22] - https://writings.howsoonisnow.org/blog/feed/feed.xml
[2026-07-02 23:58:22] - https://ilogs.cn/feed/
[2026-07-02 23:58:22] - https://www.moraex.com/feed
[2026-07-02 23:58:22] - https://sizheng.org/feed
[2026-07-02 23:58:22] - https://4op.top/index.xml
[2026-07-02 23:58:22] - https://ayayy.com/feed/
[2026-07-02 23:58:22] ✘ 有 1 条订阅头像字段为空, 已使用默认头像:
[2026-07-02 23:58:22] - https://jt26wzz.com/rss.xml
