[2026-06-09 00:22:54] 抓取到的文章与现有数据相同，无需更新。
[2026-06-09 01:34:33] 抓取到的文章与现有数据相同，无需更新。
[2026-06-09 03:00:29] [ERROR] 拉取RSS链接失败: /home/runner/work/rss-lhasa/rss-lhasa/feed_fetcher.go:53 => 无法获取RSS列表文件: https://lhasa-1253887673.cos.ap-shanghai.myqcloud.com/lhasaRSS/rss.txt | 原因: Get "https://lhasa-1253887673.cos.ap-shanghai.myqcloud.com/lhasaRSS/rss.txt": net/http: TLS handshake timeout
[2026-06-09 04:32:41] 本次订阅抓取结果统计:
[2026-06-09 04:32:41] 共 52 条RSS, 成功抓取 40 条.
[2026-06-09 04:32:41] ✘ 有 12 条订阅解析失败:
[2026-06-09 04:32:41] - https://tumutanzi.com/feed
[2026-06-09 04:32:41] - https://geekinney.com/index.xml
[2026-06-09 04:32:41] - https://suus.me/atom.xml
[2026-06-09 04:32:41] - https://www.shephe.com/feed
[2026-06-09 04:32:41] - https://innei.in/feed
[2026-06-09 04:32:41] - https://ilogs.cn/feed/
[2026-06-09 04:32:41] - https://shuiba.co/feed
[2026-06-09 04:32:41] - https://www.moraex.com/feed
[2026-06-09 04:32:41] - https://writings.howsoonisnow.org/blog/feed/feed.xml
[2026-06-09 04:32:41] - https://sizheng.org/feed
[2026-06-09 04:32:41] - https://4op.top/index.xml
[2026-06-09 04:32:41] - https://blog.gankudadiz.com/feed
[2026-06-09 04:32:41] ✘ 有 1 条订阅头像字段为空, 已使用默认头像:
[2026-06-09 04:32:41] - https://jt26wzz.com/rss.xml
[2026-06-09 06:21:09] [WARN] 加载头像映射失败: failed to fetch avatar map: Get "https://cos.lhasa.icu/lhasaRSS/avatar.json": dial tcp 43.174.247.25:443: connect: connection refused
