[2026-04-24 00:15:37] 抓取到的文章与现有数据相同，无需更新。
[2026-04-24 01:31:52] 抓取到的文章与现有数据相同，无需更新。
[2026-04-24 02:59:28] 抓取到的文章与现有数据相同，无需更新。
[2026-04-24 04:11:24] 抓取到的文章与现有数据相同，无需更新。
[2026-04-24 05:46:24] 抓取到的文章与现有数据相同，无需更新。
[2026-04-24 06:33:18] 抓取到的文章与现有数据相同，无需更新。
[2026-04-24 07:32:47] 本次订阅抓取结果统计:
[2026-04-24 07:32:47] 共 47 条RSS, 成功抓取 38 条.
[2026-04-24 07:32:47] ✘ 有 9 条订阅解析失败:
[2026-04-24 07:32:47] - https://tumutanzi.com/feed
[2026-04-24 07:32:47] - https://geekinney.com/index.xml
[2026-04-24 07:32:47] - https://suus.me/atom.xml
[2026-04-24 07:32:47] - https://www.mrhe.net/feed
[2026-04-24 07:32:47] - https://www.shephe.com/feed
[2026-04-24 07:32:47] - https://ilogs.cn/feed/
[2026-04-24 07:32:47] - https://shuiba.co/feed
[2026-04-24 07:32:47] - https://www.moraex.com/feed
[2026-04-24 07:32:47] - https://sizheng.org/feed
[2026-04-24 08:36:46] 抓取到的文章与现有数据相同，无需更新。
[2026-04-24 09:30:25] 抓取到的文章与现有数据相同，无需更新。
