[2026-04-03 00:09:31] 抓取到的文章与现有数据相同，无需更新。
[2026-04-03 01:30:46] 抓取到的文章与现有数据相同，无需更新。
[2026-04-03 03:00:58] 抓取到的文章与现有数据相同，无需更新。
[2026-04-03 03:59:34] 抓取到的文章与现有数据相同，无需更新。
[2026-04-03 04:53:43] 抓取到的文章与现有数据相同，无需更新。
[2026-04-03 05:30:45] 抓取到的文章与现有数据相同，无需更新。
[2026-04-03 06:21:05] 抓取到的文章与现有数据相同，无需更新。
[2026-04-03 07:25:14] [ERROR] 拉取RSS链接失败: /home/runner/work/rss-lhasa/rss-lhasa/feed_fetcher.go:53 => 无法获取RSS列表文件: https://lhasa-1253887673.cos.ap-shanghai.myqcloud.com/lhasaRSS/rss.txt | 原因: Get "https://lhasa-1253887673.cos.ap-shanghai.myqcloud.com/lhasaRSS/rss.txt": net/http: TLS handshake timeout
[2026-04-03 08:13:27] 本次订阅抓取结果统计:
[2026-04-03 08:13:27] 共 46 条RSS, 成功抓取 39 条.
[2026-04-03 08:13:27] ✘ 有 7 条订阅解析失败:
[2026-04-03 08:13:27] - https://tumutanzi.com/feed
[2026-04-03 08:13:27] - https://geekinney.com/index.xml
[2026-04-03 08:13:27] - https://suus.me/atom.xml
[2026-04-03 08:13:27] - https://shuiba.co/feed
[2026-04-03 08:13:27] - https://www.moraex.com/feed
[2026-04-03 08:13:27] - https://sizheng.org/feed
[2026-04-03 08:13:27] - https://note.redcha.cn/rss.xml
[2026-04-03 09:15:41] 本次订阅抓取结果统计:
[2026-04-03 09:15:41] 共 46 条RSS, 成功抓取 40 条.
[2026-04-03 09:15:41] ✘ 有 6 条订阅解析失败:
[2026-04-03 09:15:41] - https://tumutanzi.com/feed
[2026-04-03 09:15:41] - https://geekinney.com/index.xml
[2026-04-03 09:15:41] - https://suus.me/atom.xml
[2026-04-03 09:15:41] - https://shuiba.co/feed
[2026-04-03 09:15:41] - https://sizheng.org/feed
[2026-04-03 09:15:41] - https://www.moraex.com/feed
[2026-04-03 10:12:09] 抓取到的文章与现有数据相同，无需更新。
[2026-04-03 11:13:00] 抓取到的文章与现有数据相同，无需更新。
[2026-04-03 12:07:27] 抓取到的文章与现有数据相同，无需更新。
[2026-04-03 13:26:10] 抓取到的文章与现有数据相同，无需更新。
[2026-04-03 14:13:25] 抓取到的文章与现有数据相同，无需更新。
[2026-04-03 15:12:48] 本次订阅抓取结果统计:
[2026-04-03 15:12:48] 共 46 条RSS, 成功抓取 40 条.
[2026-04-03 15:12:48] ✘ 有 6 条订阅解析失败:
[2026-04-03 15:12:48] - https://tumutanzi.com/feed
[2026-04-03 15:12:48] - https://geekinney.com/index.xml
[2026-04-03 15:12:48] - https://suus.me/atom.xml
[2026-04-03 15:12:48] - https://shuiba.co/feed
[2026-04-03 15:12:48] - https://sizheng.org/feed
[2026-04-03 15:12:48] - https://www.moraex.com/feed
[2026-04-03 15:12:48] ✘ 有 1 条订阅头像无法访问, 已使用默认头像:
[2026-04-03 15:12:48] - https://writings.howsoonisnow.org/blog/feed/feed.xml
[2026-04-03 16:08:08] 抓取到的文章与现有数据相同，无需更新。
[2026-04-03 17:08:07] 抓取到的文章与现有数据相同，无需更新。
[2026-04-03 18:08:05] 抓取到的文章与现有数据相同，无需更新。
[2026-04-03 19:13:20] 抓取到的文章与现有数据相同，无需更新。
[2026-04-03 20:06:05] 抓取到的文章与现有数据相同，无需更新。
[2026-04-03 21:07:38] 抓取到的文章与现有数据相同，无需更新。
