[2026-05-01 00:18:34] 抓取到的文章与现有数据相同，无需更新。
[2026-05-01 01:32:42] 抓取到的文章与现有数据相同，无需更新。
[2026-05-01 03:00:21] 抓取到的文章与现有数据相同，无需更新。
[2026-05-01 04:30:43] 抓取到的文章与现有数据相同，无需更新。
[2026-05-01 06:01:14] 本次订阅抓取结果统计:
[2026-05-01 06:01:14] 共 47 条RSS, 成功抓取 37 条.
[2026-05-01 06:01:14] ✘ 有 10 条订阅解析失败:
[2026-05-01 06:01:14] - https://tumutanzi.com/feed
[2026-05-01 06:01:14] - https://geekinney.com/index.xml
[2026-05-01 06:01:14] - https://freemind.pluskid.org/rss.xml
[2026-05-01 06:01:14] - https://suus.me/atom.xml
[2026-05-01 06:01:14] - https://www.mrhe.net/feed
[2026-05-01 06:01:14] - https://www.shephe.com/feed
[2026-05-01 06:01:14] - https://ilogs.cn/feed/
[2026-05-01 06:01:14] - https://shuiba.co/feed
[2026-05-01 06:01:14] - https://sizheng.org/feed
[2026-05-01 06:01:14] - https://www.moraex.com/feed
[2026-05-01 07:43:22] 本次订阅抓取结果统计:
[2026-05-01 07:43:22] 共 47 条RSS, 成功抓取 38 条.
[2026-05-01 07:43:22] ✘ 有 9 条订阅解析失败:
[2026-05-01 07:43:22] - https://tumutanzi.com/feed
[2026-05-01 07:43:22] - https://geekinney.com/index.xml
[2026-05-01 07:43:22] - https://suus.me/atom.xml
[2026-05-01 07:43:22] - https://www.mrhe.net/feed
[2026-05-01 07:43:22] - https://www.shephe.com/feed
[2026-05-01 07:43:22] - https://ilogs.cn/feed/
[2026-05-01 07:43:22] - https://shuiba.co/feed
[2026-05-01 07:43:22] - https://www.moraex.com/feed
[2026-05-01 07:43:22] - https://sizheng.org/feed
[2026-05-01 08:35:20] 抓取到的文章与现有数据相同，无需更新。
[2026-05-01 09:30:48] 抓取到的文章与现有数据相同，无需更新。
[2026-05-01 10:28:20] 抓取到的文章与现有数据相同，无需更新。
[2026-05-01 11:23:07] 本次订阅抓取结果统计:
[2026-05-01 11:23:07] 共 47 条RSS, 成功抓取 38 条.
[2026-05-01 11:23:07] ✘ 有 9 条订阅解析失败:
[2026-05-01 11:23:07] - https://tumutanzi.com/feed
[2026-05-01 11:23:07] - https://geekinney.com/index.xml
[2026-05-01 11:23:07] - https://suus.me/atom.xml
[2026-05-01 11:23:07] - https://www.mrhe.net/feed
[2026-05-01 11:23:07] - https://www.shephe.com/feed
[2026-05-01 11:23:07] - https://ilogs.cn/feed/
[2026-05-01 11:23:07] - https://shuiba.co/feed
[2026-05-01 11:23:07] - https://sizheng.org/feed
[2026-05-01 11:23:07] - https://www.moraex.com/feed
[2026-05-01 12:14:28] 抓取到的文章与现有数据相同，无需更新。
