[2026-03-18 00:08:21] 抓取到的文章与现有数据相同，无需更新。
[2026-03-18 01:31:17] 本次订阅抓取结果统计:
[2026-03-18 01:31:17] 共 47 条RSS, 成功抓取 40 条.
[2026-03-18 01:31:17] ✘ 有 7 条订阅解析失败:
[2026-03-18 01:31:17] - https://tumutanzi.com/feed
[2026-03-18 01:31:17] - https://geekinney.com/index.xml
[2026-03-18 01:31:17] - https://suus.me/atom.xml
[2026-03-18 01:31:17] - https://shuiba.co/feed
[2026-03-18 01:31:17] - https://www.moraex.com/feed
[2026-03-18 01:31:17] - https://sizheng.org/feed
[2026-03-18 01:31:17] - https://www.mrhe.net/feed
[2026-03-18 02:58:03] 本次订阅抓取结果统计:
[2026-03-18 02:58:03] 共 47 条RSS, 成功抓取 41 条.
[2026-03-18 02:58:03] ✘ 有 6 条订阅解析失败:
[2026-03-18 02:58:03] - https://tumutanzi.com/feed
[2026-03-18 02:58:03] - https://geekinney.com/index.xml
[2026-03-18 02:58:03] - https://suus.me/atom.xml
[2026-03-18 02:58:03] - https://shuiba.co/feed
[2026-03-18 02:58:03] - https://sizheng.org/feed
[2026-03-18 02:58:03] - https://www.moraex.com/feed
[2026-03-18 03:54:18] 抓取到的文章与现有数据相同，无需更新。
[2026-03-18 04:37:27] 抓取到的文章与现有数据相同，无需更新。
[2026-03-18 05:31:08] 抓取到的文章与现有数据相同，无需更新。
[2026-03-18 06:19:54] 抓取到的文章与现有数据相同，无需更新。
[2026-03-18 07:23:59] 抓取到的文章与现有数据相同，无需更新。
[2026-03-18 08:09:38] 抓取到的文章与现有数据相同，无需更新。
[2026-03-18 09:16:19] 本次订阅抓取结果统计:
[2026-03-18 09:16:19] 共 47 条RSS, 成功抓取 40 条.
[2026-03-18 09:16:19] ✘ 有 7 条订阅解析失败:
[2026-03-18 09:16:19] - https://tumutanzi.com/feed
[2026-03-18 09:16:19] - https://geekinney.com/index.xml
[2026-03-18 09:16:19] - https://suus.me/atom.xml
[2026-03-18 09:16:19] - https://shuiba.co/feed
[2026-03-18 09:16:19] - https://sizheng.org/feed
[2026-03-18 09:16:19] - https://www.moraex.com/feed
[2026-03-18 09:16:19] - https://note.redcha.cn/rss.xml
[2026-03-18 10:17:34] 抓取到的文章与现有数据相同，无需更新。
[2026-03-18 11:16:03] 抓取到的文章与现有数据相同，无需更新。
