[2026-07-18 01:17:05] [WARN] 加载头像映射失败: failed to fetch avatar map: Get "https://cos.lhasa.icu/lhasaRSS/avatar.json": tls: failed to verify certificate: x509: certificate has expired or is not yet valid: current time 2026-07-18T01:17:05Z is after 2026-07-17T23:59:59Z
[2026-07-18 01:17:22] 本次订阅抓取结果统计:
[2026-07-18 01:17:22] 共 54 条RSS, 成功抓取 43 条.
[2026-07-18 01:17:22] ✘ 有 11 条订阅解析失败:
[2026-07-18 01:17:22] - https://geekinney.com/index.xml
[2026-07-18 01:17:22] - https://tumutanzi.com/feed
[2026-07-18 01:17:22] - https://suus.me/atom.xml
[2026-07-18 01:17:22] - https://leixus.cn/index.php/feed/
[2026-07-18 01:17:22] - https://www.moraex.com/feed
[2026-07-18 01:17:22] - https://ilogs.cn/feed/
[2026-07-18 01:17:22] - https://writings.howsoonisnow.org/blog/feed/feed.xml
[2026-07-18 01:17:22] - https://sizheng.org/feed
[2026-07-18 01:17:22] - https://4op.top/index.xml
[2026-07-18 01:17:22] - https://www.shephe.com/feed
[2026-07-18 01:17:22] - https://ayayy.com/feed/
[2026-07-18 01:17:22] ✘ 有 1 条订阅头像字段为空, 已使用默认头像:
[2026-07-18 01:17:22] - https://mayx.eu.org/atom.xml
[2026-07-18 01:17:22] ✘ 有 3 条订阅头像无法访问, 已使用默认头像:
[2026-07-18 01:17:22] - https://skywind.me/blog/feed
[2026-07-18 01:17:22] - https://laike9m.com/blog/rss/
[2026-07-18 01:17:22] - https://xyzbz.cn/feed
