[2026-06-13 00:30:37] 抓取到的文章与现有数据相同，无需更新。
[2026-06-13 01:41:18] 本次订阅抓取结果统计:
[2026-06-13 01:41:18] 共 54 条RSS, 成功抓取 41 条.
[2026-06-13 01:41:18] ✘ 有 13 条订阅解析失败:
[2026-06-13 01:41:18] - https://tumutanzi.com/feed
[2026-06-13 01:41:18] - https://geekinney.com/index.xml
[2026-06-13 01:41:18] - https://suus.me/atom.xml
[2026-06-13 01:41:18] - https://bluehe.cn/rss.xml
[2026-06-13 01:41:18] - https://www.shephe.com/feed
[2026-06-13 01:41:18] - https://shuiba.co/feed
[2026-06-13 01:41:18] - https://ilogs.cn/feed/
[2026-06-13 01:41:18] - https://writings.howsoonisnow.org/blog/feed/feed.xml
[2026-06-13 01:41:18] - https://www.moraex.com/feed
[2026-06-13 01:41:18] - https://sizheng.org/feed
[2026-06-13 01:41:18] - https://4op.top/index.xml
[2026-06-13 01:41:18] - https://ayayy.com/feed/
[2026-06-13 01:41:18] - https://blog.gankudadiz.com/feed
[2026-06-13 01:41:18] ✘ 有 1 条订阅头像字段为空, 已使用默认头像:
[2026-06-13 01:41:18] - https://jt26wzz.com/rss.xml
[2026-06-13 03:01:25] 本次订阅抓取结果统计:
[2026-06-13 03:01:25] 共 54 条RSS, 成功抓取 41 条.
[2026-06-13 03:01:25] ✘ 有 13 条订阅解析失败:
[2026-06-13 03:01:25] - https://tumutanzi.com/feed
[2026-06-13 03:01:25] - https://geekinney.com/index.xml
[2026-06-13 03:01:25] - https://suus.me/atom.xml
[2026-06-13 03:01:25] - https://bluehe.cn/rss.xml
[2026-06-13 03:01:25] - https://www.shephe.com/feed
[2026-06-13 03:01:25] - https://ilogs.cn/feed/
[2026-06-13 03:01:25] - https://shuiba.co/feed
[2026-06-13 03:01:25] - https://www.moraex.com/feed
[2026-06-13 03:01:25] - https://writings.howsoonisnow.org/blog/feed/feed.xml
[2026-06-13 03:01:25] - https://sizheng.org/feed
[2026-06-13 03:01:25] - https://4op.top/index.xml
[2026-06-13 03:01:25] - https://ayayy.com/feed/
[2026-06-13 03:01:25] - https://blog.gankudadiz.com/feed
[2026-06-13 03:01:25] ✘ 有 1 条订阅头像字段为空, 已使用默认头像:
[2026-06-13 03:01:25] - https://jt26wzz.com/rss.xml
[2026-06-13 05:27:41] 抓取到的文章与现有数据相同，无需更新。
[2026-06-13 07:12:37] 抓取到的文章与现有数据相同，无需更新。
