[2026-04-27 00:13:56] 抓取到的文章与现有数据相同，无需更新。
[2026-04-27 01:32:00] 抓取到的文章与现有数据相同，无需更新。
[2026-04-27 02:59:52] 本次订阅抓取结果统计:
[2026-04-27 02:59:52] 共 47 条RSS, 成功抓取 37 条.
[2026-04-27 02:59:52] ✘ 有 10 条订阅解析失败:
[2026-04-27 02:59:52] - https://tumutanzi.com/feed
[2026-04-27 02:59:52] - https://geekinney.com/index.xml
[2026-04-27 02:59:52] - https://freemind.pluskid.org/rss.xml
[2026-04-27 02:59:52] - https://suus.me/atom.xml
[2026-04-27 02:59:52] - https://www.mrhe.net/feed
[2026-04-27 02:59:52] - https://www.shephe.com/feed
[2026-04-27 02:59:52] - https://ilogs.cn/feed/
[2026-04-27 02:59:52] - https://shuiba.co/feed
[2026-04-27 02:59:52] - https://www.moraex.com/feed
[2026-04-27 02:59:52] - https://sizheng.org/feed
[2026-04-27 04:20:36] 本次订阅抓取结果统计:
[2026-04-27 04:20:36] 共 47 条RSS, 成功抓取 38 条.
[2026-04-27 04:20:36] ✘ 有 9 条订阅解析失败:
[2026-04-27 04:20:36] - https://tumutanzi.com/feed
[2026-04-27 04:20:36] - https://geekinney.com/index.xml
[2026-04-27 04:20:36] - https://suus.me/atom.xml
[2026-04-27 04:20:36] - https://www.mrhe.net/feed
[2026-04-27 04:20:36] - https://www.shephe.com/feed
[2026-04-27 04:20:36] - https://ilogs.cn/feed/
[2026-04-27 04:20:36] - https://shuiba.co/feed
[2026-04-27 04:20:36] - https://www.moraex.com/feed
[2026-04-27 04:20:36] - https://sizheng.org/feed
[2026-04-27 05:59:27] 抓取到的文章与现有数据相同，无需更新。
[2026-04-27 07:07:45] 抓取到的文章与现有数据相同，无需更新。
[2026-04-27 08:45:59] 本次订阅抓取结果统计:
[2026-04-27 08:45:59] 共 47 条RSS, 成功抓取 39 条.
[2026-04-27 08:45:59] ✘ 有 8 条订阅解析失败:
[2026-04-27 08:45:59] - https://tumutanzi.com/feed
[2026-04-27 08:45:59] - https://geekinney.com/index.xml
[2026-04-27 08:45:59] - https://suus.me/atom.xml
[2026-04-27 08:45:59] - https://www.mrhe.net/feed
[2026-04-27 08:45:59] - https://www.shephe.com/feed
[2026-04-27 08:45:59] - https://shuiba.co/feed
[2026-04-27 08:45:59] - https://www.moraex.com/feed
[2026-04-27 08:45:59] - https://sizheng.org/feed
[2026-04-27 09:41:42] 本次订阅抓取结果统计:
[2026-04-27 09:41:42] 共 47 条RSS, 成功抓取 38 条.
[2026-04-27 09:41:42] ✘ 有 9 条订阅解析失败:
[2026-04-27 09:41:42] - https://geekinney.com/index.xml
[2026-04-27 09:41:42] - https://tumutanzi.com/feed
[2026-04-27 09:41:42] - https://suus.me/atom.xml
[2026-04-27 09:41:42] - https://www.mrhe.net/feed
[2026-04-27 09:41:42] - https://www.shephe.com/feed
[2026-04-27 09:41:42] - https://shuiba.co/feed
[2026-04-27 09:41:42] - https://ilogs.cn/feed/
[2026-04-27 09:41:42] - https://sizheng.org/feed
[2026-04-27 09:41:42] - https://www.moraex.com/feed
[2026-04-27 10:36:32] 抓取到的文章与现有数据相同，无需更新。
[2026-04-27 11:31:23] 抓取到的文章与现有数据相同，无需更新。
[2026-04-27 12:25:31] 抓取到的文章与现有数据相同，无需更新。
[2026-04-27 13:30:56] 抓取到的文章与现有数据相同，无需更新。
[2026-04-27 14:38:04] 本次订阅抓取结果统计:
[2026-04-27 14:38:04] 共 47 条RSS, 成功抓取 38 条.
[2026-04-27 14:38:04] ✘ 有 9 条订阅解析失败:
[2026-04-27 14:38:04] - https://tumutanzi.com/feed
[2026-04-27 14:38:04] - https://geekinney.com/index.xml
[2026-04-27 14:38:04] - https://suus.me/atom.xml
[2026-04-27 14:38:04] - https://www.mrhe.net/feed
[2026-04-27 14:38:04] - https://ilogs.cn/feed/
[2026-04-27 14:38:04] - https://shuiba.co/feed
[2026-04-27 14:38:04] - https://www.moraex.com/feed
[2026-04-27 14:38:04] - https://www.shephe.com/feed
[2026-04-27 14:38:04] - https://sizheng.org/feed
[2026-04-27 15:31:15] 抓取到的文章与现有数据相同，无需更新。
[2026-04-27 16:29:24] 抓取到的文章与现有数据相同，无需更新。
[2026-04-27 17:28:19] 抓取到的文章与现有数据相同，无需更新。
[2026-04-27 18:22:25] [WARN] 加载头像映射失败: failed to fetch avatar map: Get "https://cos.lhasa.icu/lhasaRSS/avatar.json": context deadline exceeded (Client.Timeout exceeded while awaiting headers)
[2026-04-27 18:23:27] 本次订阅抓取结果统计:
[2026-04-27 18:23:27] 共 47 条RSS, 成功抓取 34 条.
[2026-04-27 18:23:27] ✘ 有 13 条订阅解析失败:
[2026-04-27 18:23:27] - https://tumutanzi.com/feed
[2026-04-27 18:23:27] - https://geekinney.com/index.xml
[2026-04-27 18:23:27] - https://suus.me/atom.xml
[2026-04-27 18:23:27] - https://www.shephe.com/feed
[2026-04-27 18:23:27] - https://shuiba.co/feed
[2026-04-27 18:23:27] - https://sizheng.org/feed
[2026-04-27 18:23:27] - https://zhongxiaojie.com/feed
[2026-04-27 18:23:27] - https://xyzbz.cn/feed
[2026-04-27 18:23:27] - https://www.mrhe.net/feed
[2026-04-27 18:23:27] - https://www.laomuzhu.cn/feed/
[2026-04-27 18:23:27] - https://www.moraex.com/feed
[2026-04-27 18:23:27] - https://bluehe.cn/rss.xml
[2026-04-27 18:23:27] - https://ilogs.cn/feed/
[2026-04-27 18:23:27] ✘ 有 1 条订阅头像字段为空, 已使用默认头像:
[2026-04-27 18:23:27] - https://mayx.eu.org/atom.xml
[2026-04-27 18:23:27] ✘ 有 4 条订阅头像无法访问, 已使用默认头像:
[2026-04-27 18:23:27] - https://laike9m.com/blog/rss/
[2026-04-27 18:23:27] - https://skywind.me/blog/feed
[2026-04-27 18:23:27] - https://byvoid.com/zhs/feed.xml
[2026-04-27 18:23:27] - https://blog.fueis.com/feed
[2026-04-27 19:29:03] 本次订阅抓取结果统计:
[2026-04-27 19:29:03] 共 47 条RSS, 成功抓取 38 条.
[2026-04-27 19:29:03] ✘ 有 9 条订阅解析失败:
[2026-04-27 19:29:03] - https://tumutanzi.com/feed
[2026-04-27 19:29:03] - https://geekinney.com/index.xml
[2026-04-27 19:29:03] - https://suus.me/atom.xml
[2026-04-27 19:29:03] - https://www.mrhe.net/feed
[2026-04-27 19:29:03] - https://www.shephe.com/feed
[2026-04-27 19:29:03] - https://ilogs.cn/feed/
[2026-04-27 19:29:03] - https://shuiba.co/feed
[2026-04-27 19:29:03] - https://www.moraex.com/feed
[2026-04-27 19:29:03] - https://sizheng.org/feed
[2026-04-27 20:20:52] 抓取到的文章与现有数据相同，无需更新。
[2026-04-27 21:19:52] 抓取到的文章与现有数据相同，无需更新。
[2026-04-27 22:14:10] 抓取到的文章与现有数据相同，无需更新。
