[2026-06-25 00:26:18] 本次订阅抓取结果统计:
[2026-06-25 00:26:18] 共 54 条RSS, 成功抓取 44 条.
[2026-06-25 00:26:18] ✘ 有 10 条订阅解析失败:
[2026-06-25 00:26:18] - https://geekinney.com/index.xml
[2026-06-25 00:26:18] - https://suus.me/atom.xml
[2026-06-25 00:26:18] - https://bluehe.cn/rss.xml
[2026-06-25 00:26:18] - https://www.shephe.com/feed
[2026-06-25 00:26:18] - https://ilogs.cn/feed/
[2026-06-25 00:26:18] - https://writings.howsoonisnow.org/blog/feed/feed.xml
[2026-06-25 00:26:18] - https://www.moraex.com/feed
[2026-06-25 00:26:18] - https://sizheng.org/feed
[2026-06-25 00:26:18] - https://4op.top/index.xml
[2026-06-25 00:26:18] - https://ayayy.com/feed/
[2026-06-25 00:26:18] ✘ 有 1 条订阅头像字段为空, 已使用默认头像:
[2026-06-25 00:26:18] - https://jt26wzz.com/rss.xml
[2026-06-25 01:37:54] 抓取到的文章与现有数据相同，无需更新。
[2026-06-25 03:00:40] 本次订阅抓取结果统计:
[2026-06-25 03:00:40] 共 54 条RSS, 成功抓取 44 条.
[2026-06-25 03:00:40] ✘ 有 10 条订阅解析失败:
[2026-06-25 03:00:40] - https://geekinney.com/index.xml
[2026-06-25 03:00:40] - https://suus.me/atom.xml
[2026-06-25 03:00:40] - https://bluehe.cn/rss.xml
[2026-06-25 03:00:40] - https://www.shephe.com/feed
[2026-06-25 03:00:40] - https://ilogs.cn/feed/
[2026-06-25 03:00:40] - https://writings.howsoonisnow.org/blog/feed/feed.xml
[2026-06-25 03:00:40] - https://www.moraex.com/feed
[2026-06-25 03:00:40] - https://sizheng.org/feed
[2026-06-25 03:00:40] - https://4op.top/index.xml
[2026-06-25 03:00:40] - https://ayayy.com/feed/
[2026-06-25 03:00:40] ✘ 有 1 条订阅头像字段为空, 已使用默认头像:
[2026-06-25 03:00:40] - https://jt26wzz.com/rss.xml
[2026-06-25 04:32:09] 抓取到的文章与现有数据相同，无需更新。
