[2026-02-24 00:07:37] 抓取到的文章与现有数据相同，无需更新。
[2026-02-24 01:31:04] 抓取到的文章与现有数据相同，无需更新。
[2026-02-24 02:55:53] 抓取到的文章与现有数据相同，无需更新。
[2026-02-24 03:47:16] 抓取到的文章与现有数据相同，无需更新。
[2026-02-24 04:33:40] 抓取到的文章与现有数据相同，无需更新。
[2026-02-24 05:27:02] 本次订阅抓取结果统计:
[2026-02-24 05:27:02] 共 47 条RSS, 成功抓取 40 条.
[2026-02-24 05:27:02] ✘ 有 7 条订阅解析失败:
[2026-02-24 05:27:02] - https://tumutanzi.com/feed
[2026-02-24 05:27:02] - https://geekinney.com/index.xml
[2026-02-24 05:27:02] - https://suus.me/atom.xml
[2026-02-24 05:27:02] - https://shuiba.co/feed
[2026-02-24 05:27:02] - https://www.moraex.com/feed
[2026-02-24 05:27:02] - https://sizheng.org/feed
[2026-02-24 05:27:02] - https://www.mrhe.net/feed
[2026-02-24 06:18:02] 抓取到的文章与现有数据相同，无需更新。
[2026-02-24 07:20:00] 抓取到的文章与现有数据相同，无需更新。
[2026-02-24 08:10:43] 抓取到的文章与现有数据相同，无需更新。
[2026-02-24 09:14:48] 本次订阅抓取结果统计:
[2026-02-24 09:14:48] 共 47 条RSS, 成功抓取 41 条.
[2026-02-24 09:14:48] ✘ 有 6 条订阅解析失败:
[2026-02-24 09:14:48] - https://tumutanzi.com/feed
[2026-02-24 09:14:48] - https://geekinney.com/index.xml
[2026-02-24 09:14:48] - https://suus.me/atom.xml
[2026-02-24 09:14:48] - https://shuiba.co/feed
[2026-02-24 09:14:48] - https://sizheng.org/feed
[2026-02-24 09:14:48] - https://www.moraex.com/feed
[2026-02-24 10:14:31] 抓取到的文章与现有数据相同，无需更新。
[2026-02-24 11:14:13] 抓取到的文章与现有数据相同，无需更新。
[2026-02-24 12:08:40] 抓取到的文章与现有数据相同，无需更新。
[2026-02-24 13:27:55] 抓取到的文章与现有数据相同，无需更新。
[2026-02-24 14:18:51] 抓取到的文章与现有数据相同，无需更新。
[2026-02-24 15:16:41] 抓取到的文章与现有数据相同，无需更新。
[2026-02-24 16:18:32] 抓取到的文章与现有数据相同，无需更新。
[2026-02-24 17:20:35] 抓取到的文章与现有数据相同，无需更新。
[2026-02-24 18:16:10] 抓取到的文章与现有数据相同，无需更新。
[2026-02-24 19:22:12] 抓取到的文章与现有数据相同，无需更新。
