[2026-02-27 00:07:28] 抓取到的文章与现有数据相同，无需更新。
[2026-02-27 01:30:52] 本次订阅抓取结果统计:
[2026-02-27 01:30:52] 共 47 条RSS, 成功抓取 41 条.
[2026-02-27 01:30:52] ✘ 有 6 条订阅解析失败:
[2026-02-27 01:30:52] - https://tumutanzi.com/feed
[2026-02-27 01:30:52] - https://geekinney.com/index.xml
[2026-02-27 01:30:52] - https://suus.me/atom.xml
[2026-02-27 01:30:52] - https://shuiba.co/feed
[2026-02-27 01:30:52] - https://sizheng.org/feed
[2026-02-27 01:30:52] - https://www.moraex.com/feed
[2026-02-27 02:53:05] 抓取到的文章与现有数据相同，无需更新。
[2026-02-27 03:44:41] 抓取到的文章与现有数据相同，无需更新。
[2026-02-27 04:31:30] 本次订阅抓取结果统计:
[2026-02-27 04:31:30] 共 47 条RSS, 成功抓取 40 条.
[2026-02-27 04:31:30] ✘ 有 7 条订阅解析失败:
[2026-02-27 04:31:30] - https://tumutanzi.com/feed
[2026-02-27 04:31:30] - https://suus.me/atom.xml
[2026-02-27 04:31:30] - https://geekinney.com/index.xml
[2026-02-27 04:31:30] - https://shuiba.co/feed
[2026-02-27 04:31:30] - https://sizheng.org/feed
[2026-02-27 04:31:30] - https://www.moraex.com/feed
[2026-02-27 04:31:30] - https://note.redcha.cn/rss.xml
[2026-02-27 05:21:23] 本次订阅抓取结果统计:
[2026-02-27 05:21:23] 共 47 条RSS, 成功抓取 41 条.
[2026-02-27 05:21:23] ✘ 有 6 条订阅解析失败:
[2026-02-27 05:21:23] - https://tumutanzi.com/feed
[2026-02-27 05:21:23] - https://geekinney.com/index.xml
[2026-02-27 05:21:23] - https://suus.me/atom.xml
[2026-02-27 05:21:23] - https://shuiba.co/feed
[2026-02-27 05:21:23] - https://sizheng.org/feed
[2026-02-27 05:21:23] - https://www.moraex.com/feed
