[2026-02-02 00:05:54] 本次订阅抓取结果统计:
[2026-02-02 00:05:54] 共 47 条RSS, 成功抓取 42 条.
[2026-02-02 00:05:54] ✘ 有 5 条订阅解析失败:
[2026-02-02 00:05:54] - https://tumutanzi.com/feed
[2026-02-02 00:05:54] - https://suus.me/atom.xml
[2026-02-02 00:05:54] - https://geekinney.com/index.xml
[2026-02-02 00:05:54] - https://sizheng.org/feed
[2026-02-02 00:05:54] - https://www.moraex.com/feed
[2026-02-02 01:31:12] 抓取到的文章与现有数据相同，无需更新。
[2026-02-02 02:57:38] 本次订阅抓取结果统计:
[2026-02-02 02:57:38] 共 47 条RSS, 成功抓取 41 条.
[2026-02-02 02:57:38] ✘ 有 6 条订阅解析失败:
[2026-02-02 02:57:38] - https://tumutanzi.com/feed
[2026-02-02 02:57:38] - https://suus.me/atom.xml
[2026-02-02 02:57:38] - https://geekinney.com/index.xml
[2026-02-02 02:57:38] - https://sizheng.org/feed
[2026-02-02 02:57:38] - https://www.moraex.com/feed
[2026-02-02 02:57:38] - https://note.redcha.cn/rss.xml
[2026-02-02 03:53:12] 本次订阅抓取结果统计:
[2026-02-02 03:53:12] 共 47 条RSS, 成功抓取 41 条.
[2026-02-02 03:53:12] ✘ 有 6 条订阅解析失败:
[2026-02-02 03:53:12] - https://tumutanzi.com/feed
[2026-02-02 03:53:12] - https://suus.me/atom.xml
[2026-02-02 03:53:12] - https://geekinney.com/index.xml
[2026-02-02 03:53:12] - https://sizheng.org/feed
[2026-02-02 03:53:12] - https://www.moraex.com/feed
[2026-02-02 03:53:12] - https://note.redcha.cn/rss.xml
