[2026-05-12 00:21:15] 抓取到的文章与现有数据相同，无需更新。
[2026-05-12 01:33:03] 抓取到的文章与现有数据相同，无需更新。
[2026-05-12 03:00:52] 本次订阅抓取结果统计:
[2026-05-12 03:00:52] 共 49 条RSS, 成功抓取 39 条.
[2026-05-12 03:00:52] ✘ 有 10 条订阅解析失败:
[2026-05-12 03:00:52] - https://tumutanzi.com/feed
[2026-05-12 03:00:52] - https://geekinney.com/index.xml
[2026-05-12 03:00:52] - https://suus.me/atom.xml
[2026-05-12 03:00:52] - https://www.shephe.com/feed
[2026-05-12 03:00:52] - https://ilogs.cn/feed/
[2026-05-12 03:00:52] - https://shuiba.co/feed
[2026-05-12 03:00:52] - https://writings.howsoonisnow.org/blog/feed/feed.xml
[2026-05-12 03:00:52] - https://www.moraex.com/feed
[2026-05-12 03:00:52] - https://sizheng.org/feed
[2026-05-12 03:00:52] - https://ayayy.com/feed/
[2026-05-12 03:00:52] ✘ 有 1 条订阅头像字段为空, 已使用默认头像:
[2026-05-12 03:00:52] - https://jt26wzz.com/rss.xml
[2026-05-12 04:23:53] 抓取到的文章与现有数据相同，无需更新。
[2026-05-12 06:01:41] 抓取到的文章与现有数据相同，无需更新。
[2026-05-12 07:55:33] 本次订阅抓取结果统计:
[2026-05-12 07:55:33] 共 49 条RSS, 成功抓取 39 条.
[2026-05-12 07:55:33] ✘ 有 10 条订阅解析失败:
[2026-05-12 07:55:33] - https://tumutanzi.com/feed
[2026-05-12 07:55:33] - https://geekinney.com/index.xml
[2026-05-12 07:55:33] - https://suus.me/atom.xml
[2026-05-12 07:55:33] - https://www.shephe.com/feed
[2026-05-12 07:55:33] - https://ilogs.cn/feed/
[2026-05-12 07:55:33] - https://shuiba.co/feed
[2026-05-12 07:55:33] - https://www.moraex.com/feed
[2026-05-12 07:55:33] - https://writings.howsoonisnow.org/blog/feed/feed.xml
[2026-05-12 07:55:33] - https://sizheng.org/feed
[2026-05-12 07:55:33] - https://ayayy.com/feed/
[2026-05-12 07:55:33] ✘ 有 1 条订阅头像字段为空, 已使用默认头像:
[2026-05-12 07:55:33] - https://jt26wzz.com/rss.xml
[2026-05-12 08:54:50] 本次订阅抓取结果统计:
[2026-05-12 08:54:50] 共 49 条RSS, 成功抓取 39 条.
[2026-05-12 08:54:50] ✘ 有 10 条订阅解析失败:
[2026-05-12 08:54:50] - https://tumutanzi.com/feed
[2026-05-12 08:54:50] - https://geekinney.com/index.xml
[2026-05-12 08:54:50] - https://suus.me/atom.xml
[2026-05-12 08:54:50] - https://www.shephe.com/feed
[2026-05-12 08:54:50] - https://ilogs.cn/feed/
[2026-05-12 08:54:50] - https://shuiba.co/feed
[2026-05-12 08:54:50] - https://www.moraex.com/feed
[2026-05-12 08:54:50] - https://writings.howsoonisnow.org/blog/feed/feed.xml
[2026-05-12 08:54:50] - https://sizheng.org/feed
[2026-05-12 08:54:50] - https://ayayy.com/feed/
[2026-05-12 08:54:50] ✘ 有 1 条订阅头像字段为空, 已使用默认头像:
[2026-05-12 08:54:50] - https://jt26wzz.com/rss.xml
[2026-05-12 09:52:26] 抓取到的文章与现有数据相同，无需更新。
[2026-05-12 10:46:52] 抓取到的文章与现有数据相同，无需更新。
[2026-05-12 11:36:36] 抓取到的文章与现有数据相同，无需更新。
[2026-05-12 12:34:03] 抓取到的文章与现有数据相同，无需更新。
[2026-05-12 13:33:27] 本次订阅抓取结果统计:
[2026-05-12 13:33:27] 共 49 条RSS, 成功抓取 38 条.
[2026-05-12 13:33:27] ✘ 有 11 条订阅解析失败:
[2026-05-12 13:33:27] - https://tumutanzi.com/feed
[2026-05-12 13:33:27] - https://geekinney.com/index.xml
[2026-05-12 13:33:27] - https://suus.me/atom.xml
[2026-05-12 13:33:27] - https://ilogs.cn/feed/
[2026-05-12 13:33:27] - https://www.moraex.com/feed
[2026-05-12 13:33:27] - https://shuiba.co/feed
[2026-05-12 13:33:27] - https://writings.howsoonisnow.org/blog/feed/feed.xml
[2026-05-12 13:33:27] - https://sizheng.org/feed
[2026-05-12 13:33:27] - https://blog.fueis.com/feed
[2026-05-12 13:33:27] - https://www.shephe.com/feed
[2026-05-12 13:33:27] - https://ayayy.com/feed/
[2026-05-12 13:33:27] ✘ 有 1 条订阅头像字段为空, 已使用默认头像:
[2026-05-12 13:33:27] - https://jt26wzz.com/rss.xml
[2026-05-12 14:53:53] 本次订阅抓取结果统计:
[2026-05-12 14:53:53] 共 49 条RSS, 成功抓取 39 条.
[2026-05-12 14:53:53] ✘ 有 10 条订阅解析失败:
[2026-05-12 14:53:53] - https://tumutanzi.com/feed
[2026-05-12 14:53:53] - https://geekinney.com/index.xml
[2026-05-12 14:53:53] - https://suus.me/atom.xml
[2026-05-12 14:53:53] - https://ilogs.cn/feed/
[2026-05-12 14:53:53] - https://shuiba.co/feed
[2026-05-12 14:53:53] - https://writings.howsoonisnow.org/blog/feed/feed.xml
[2026-05-12 14:53:53] - https://www.shephe.com/feed
[2026-05-12 14:53:53] - https://www.moraex.com/feed
[2026-05-12 14:53:53] - https://sizheng.org/feed
[2026-05-12 14:53:53] - https://ayayy.com/feed/
[2026-05-12 14:53:53] ✘ 有 1 条订阅头像字段为空, 已使用默认头像:
[2026-05-12 14:53:53] - https://jt26wzz.com/rss.xml
[2026-05-12 15:48:50] 抓取到的文章与现有数据相同，无需更新。
