[2026-07-12 01:25:19] 本次订阅抓取结果统计:
[2026-07-12 01:25:19] 共 54 条RSS, 成功抓取 45 条.
[2026-07-12 01:25:19] ✘ 有 9 条订阅解析失败:
[2026-07-12 01:25:19] - https://geekinney.com/index.xml
[2026-07-12 01:25:19] - https://suus.me/atom.xml
[2026-07-12 01:25:19] - https://ilogs.cn/feed/
[2026-07-12 01:25:19] - https://www.shephe.com/feed
[2026-07-12 01:25:19] - https://www.moraex.com/feed
[2026-07-12 01:25:19] - https://writings.howsoonisnow.org/blog/feed/feed.xml
[2026-07-12 01:25:19] - https://sizheng.org/feed
[2026-07-12 01:25:19] - https://4op.top/index.xml
[2026-07-12 01:25:19] - https://ayayy.com/feed/
[2026-07-12 01:25:19] ✘ 有 1 条订阅头像字段为空, 已使用默认头像:
[2026-07-12 01:25:19] - https://jt26wzz.com/rss.xml
[2026-07-12 05:13:36] 本次订阅抓取结果统计:
[2026-07-12 05:13:36] 共 54 条RSS, 成功抓取 43 条.
[2026-07-12 05:13:36] ✘ 有 11 条订阅解析失败:
[2026-07-12 05:13:36] - https://geekinney.com/index.xml
[2026-07-12 05:13:36] - https://tumutanzi.com/feed
[2026-07-12 05:13:36] - https://suus.me/atom.xml
[2026-07-12 05:13:36] - https://leixus.cn/index.php/feed/
[2026-07-12 05:13:36] - https://ilogs.cn/feed/
[2026-07-12 05:13:36] - https://writings.howsoonisnow.org/blog/feed/feed.xml
[2026-07-12 05:13:36] - https://www.shephe.com/feed
[2026-07-12 05:13:36] - https://sizheng.org/feed
[2026-07-12 05:13:36] - https://www.moraex.com/feed
[2026-07-12 05:13:36] - https://4op.top/index.xml
[2026-07-12 05:13:36] - https://ayayy.com/feed/
[2026-07-12 05:13:36] ✘ 有 1 条订阅头像字段为空, 已使用默认头像:
[2026-07-12 05:13:36] - https://jt26wzz.com/rss.xml
[2026-07-12 07:55:32] 本次订阅抓取结果统计:
[2026-07-12 07:55:32] 共 54 条RSS, 成功抓取 45 条.
[2026-07-12 07:55:32] ✘ 有 9 条订阅解析失败:
[2026-07-12 07:55:32] - https://geekinney.com/index.xml
[2026-07-12 07:55:32] - https://suus.me/atom.xml
[2026-07-12 07:55:32] - https://www.shephe.com/feed
[2026-07-12 07:55:32] - https://ilogs.cn/feed/
[2026-07-12 07:55:32] - https://writings.howsoonisnow.org/blog/feed/feed.xml
[2026-07-12 07:55:32] - https://www.moraex.com/feed
[2026-07-12 07:55:32] - https://sizheng.org/feed
[2026-07-12 07:55:32] - https://4op.top/index.xml
[2026-07-12 07:55:32] - https://ayayy.com/feed/
[2026-07-12 07:55:32] ✘ 有 1 条订阅头像字段为空, 已使用默认头像:
[2026-07-12 07:55:32] - https://jt26wzz.com/rss.xml
[2026-07-12 09:41:04] 本次订阅抓取结果统计:
[2026-07-12 09:41:04] 共 54 条RSS, 成功抓取 45 条.
[2026-07-12 09:41:04] ✘ 有 9 条订阅解析失败:
[2026-07-12 09:41:04] - https://geekinney.com/index.xml
[2026-07-12 09:41:04] - https://suus.me/atom.xml
[2026-07-12 09:41:04] - https://ilogs.cn/feed/
[2026-07-12 09:41:04] - https://www.shephe.com/feed
[2026-07-12 09:41:04] - https://writings.howsoonisnow.org/blog/feed/feed.xml
[2026-07-12 09:41:04] - https://www.moraex.com/feed
[2026-07-12 09:41:04] - https://sizheng.org/feed
[2026-07-12 09:41:04] - https://4op.top/index.xml
[2026-07-12 09:41:04] - https://ayayy.com/feed/
[2026-07-12 09:41:04] ✘ 有 1 条订阅头像字段为空, 已使用默认头像:
[2026-07-12 09:41:04] - https://jt26wzz.com/rss.xml
[2026-07-12 11:02:43] 抓取到的文章与现有数据相同，无需更新。
[2026-07-12 12:50:32] 本次订阅抓取结果统计:
[2026-07-12 12:50:32] 共 54 条RSS, 成功抓取 45 条.
[2026-07-12 12:50:32] ✘ 有 9 条订阅解析失败:
[2026-07-12 12:50:32] - https://geekinney.com/index.xml
[2026-07-12 12:50:32] - https://suus.me/atom.xml
[2026-07-12 12:50:32] - https://ilogs.cn/feed/
[2026-07-12 12:50:32] - https://www.shephe.com/feed
[2026-07-12 12:50:32] - https://writings.howsoonisnow.org/blog/feed/feed.xml
[2026-07-12 12:50:32] - https://www.moraex.com/feed
[2026-07-12 12:50:32] - https://sizheng.org/feed
[2026-07-12 12:50:32] - https://4op.top/index.xml
[2026-07-12 12:50:32] - https://ayayy.com/feed/
[2026-07-12 12:50:32] ✘ 有 1 条订阅头像字段为空, 已使用默认头像:
[2026-07-12 12:50:32] - https://jt26wzz.com/rss.xml
[2026-07-12 14:21:33] 抓取到的文章与现有数据相同，无需更新。
[2026-07-12 15:46:42] 抓取到的文章与现有数据相同，无需更新。
[2026-07-12 16:42:54] 抓取到的文章与现有数据相同，无需更新。
[2026-07-12 17:48:26] 抓取到的文章与现有数据相同，无需更新。
[2026-07-12 18:45:52] 抓取到的文章与现有数据相同，无需更新。
[2026-07-12 19:59:31] 本次订阅抓取结果统计:
[2026-07-12 19:59:31] 共 54 条RSS, 成功抓取 43 条.
[2026-07-12 19:59:31] ✘ 有 11 条订阅解析失败:
[2026-07-12 19:59:31] - https://geekinney.com/index.xml
[2026-07-12 19:59:31] - https://tumutanzi.com/feed
[2026-07-12 19:59:31] - https://suus.me/atom.xml
[2026-07-12 19:59:31] - https://www.shephe.com/feed
[2026-07-12 19:59:31] - https://leixus.cn/index.php/feed/
[2026-07-12 19:59:31] - https://ilogs.cn/feed/
[2026-07-12 19:59:31] - https://writings.howsoonisnow.org/blog/feed/feed.xml
[2026-07-12 19:59:31] - https://www.moraex.com/feed
[2026-07-12 19:59:31] - https://sizheng.org/feed
[2026-07-12 19:59:31] - https://4op.top/index.xml
[2026-07-12 19:59:31] - https://ayayy.com/feed/
[2026-07-12 19:59:31] ✘ 有 1 条订阅头像字段为空, 已使用默认头像:
[2026-07-12 19:59:31] - https://jt26wzz.com/rss.xml
[2026-07-12 20:43:32] 本次订阅抓取结果统计:
[2026-07-12 20:43:32] 共 54 条RSS, 成功抓取 45 条.
[2026-07-12 20:43:32] ✘ 有 9 条订阅解析失败:
[2026-07-12 20:43:32] - https://geekinney.com/index.xml
[2026-07-12 20:43:32] - https://suus.me/atom.xml
[2026-07-12 20:43:32] - https://ilogs.cn/feed/
[2026-07-12 20:43:32] - https://www.shephe.com/feed
[2026-07-12 20:43:32] - https://writings.howsoonisnow.org/blog/feed/feed.xml
[2026-07-12 20:43:32] - https://www.moraex.com/feed
[2026-07-12 20:43:32] - https://sizheng.org/feed
[2026-07-12 20:43:32] - https://4op.top/index.xml
[2026-07-12 20:43:32] - https://ayayy.com/feed/
[2026-07-12 20:43:32] ✘ 有 1 条订阅头像字段为空, 已使用默认头像:
[2026-07-12 20:43:32] - https://jt26wzz.com/rss.xml
[2026-07-12 21:37:59] 抓取到的文章与现有数据相同，无需更新。
[2026-07-12 22:35:44] 抓取到的文章与现有数据相同，无需更新。
