[2026-06-19 00:33:49] 抓取到的文章与现有数据相同，无需更新。
[2026-06-19 01:53:58] 抓取到的文章与现有数据相同，无需更新。
[2026-06-19 03:02:38] 本次订阅抓取结果统计:
[2026-06-19 03:02:38] 共 54 条RSS, 成功抓取 42 条.
[2026-06-19 03:02:38] ✘ 有 12 条订阅解析失败:
[2026-06-19 03:02:38] - https://geekinney.com/index.xml
[2026-06-19 03:02:38] - https://freemind.pluskid.org/rss.xml
[2026-06-19 03:02:38] - https://suus.me/atom.xml
[2026-06-19 03:02:38] - https://bluehe.cn/rss.xml
[2026-06-19 03:02:38] - https://ilogs.cn/feed/
[2026-06-19 03:02:38] - https://writings.howsoonisnow.org/blog/feed/feed.xml
[2026-06-19 03:02:38] - https://www.moraex.com/feed
[2026-06-19 03:02:38] - https://sizheng.org/feed
[2026-06-19 03:02:38] - https://4op.top/index.xml
[2026-06-19 03:02:38] - https://www.shephe.com/feed
[2026-06-19 03:02:38] - https://ayayy.com/feed/
[2026-06-19 03:02:38] - https://note.redcha.cn/rss.xml
[2026-06-19 03:02:38] ✘ 有 1 条订阅头像字段为空, 已使用默认头像:
[2026-06-19 03:02:38] - https://jt26wzz.com/rss.xml
[2026-06-19 05:39:03] 本次订阅抓取结果统计:
[2026-06-19 05:39:03] 共 54 条RSS, 成功抓取 44 条.
[2026-06-19 05:39:03] ✘ 有 10 条订阅解析失败:
[2026-06-19 05:39:03] - https://geekinney.com/index.xml
[2026-06-19 05:39:03] - https://suus.me/atom.xml
[2026-06-19 05:39:03] - https://bluehe.cn/rss.xml
[2026-06-19 05:39:03] - https://ilogs.cn/feed/
[2026-06-19 05:39:03] - https://writings.howsoonisnow.org/blog/feed/feed.xml
[2026-06-19 05:39:03] - https://www.moraex.com/feed
[2026-06-19 05:39:03] - https://sizheng.org/feed
[2026-06-19 05:39:03] - https://4op.top/index.xml
[2026-06-19 05:39:03] - https://ayayy.com/feed/
[2026-06-19 05:39:03] - https://www.shephe.com/feed
[2026-06-19 05:39:03] ✘ 有 1 条订阅头像字段为空, 已使用默认头像:
[2026-06-19 05:39:03] - https://jt26wzz.com/rss.xml
[2026-06-19 07:43:57] 本次订阅抓取结果统计:
[2026-06-19 07:43:57] 共 54 条RSS, 成功抓取 44 条.
[2026-06-19 07:43:57] ✘ 有 10 条订阅解析失败:
[2026-06-19 07:43:57] - https://geekinney.com/index.xml
[2026-06-19 07:43:57] - https://suus.me/atom.xml
[2026-06-19 07:43:57] - https://bluehe.cn/rss.xml
[2026-06-19 07:43:57] - https://ilogs.cn/feed/
[2026-06-19 07:43:57] - https://writings.howsoonisnow.org/blog/feed/feed.xml
[2026-06-19 07:43:57] - https://www.moraex.com/feed
[2026-06-19 07:43:57] - https://sizheng.org/feed
[2026-06-19 07:43:57] - https://4op.top/index.xml
[2026-06-19 07:43:57] - https://ayayy.com/feed/
[2026-06-19 07:43:57] - https://www.shephe.com/feed
[2026-06-19 07:43:57] ✘ 有 1 条订阅头像字段为空, 已使用默认头像:
[2026-06-19 07:43:57] - https://jt26wzz.com/rss.xml
[2026-06-19 09:30:00] 抓取到的文章与现有数据相同，无需更新。
[2026-06-19 11:28:39] 抓取到的文章与现有数据相同，无需更新。
[2026-06-19 13:04:08] 抓取到的文章与现有数据相同，无需更新。
