[2026-07-16 01:45:03] 本次订阅抓取结果统计:
[2026-07-16 01:45:03] 共 54 条RSS, 成功抓取 45 条.
[2026-07-16 01:45:03] ✘ 有 9 条订阅解析失败:
[2026-07-16 01:45:03] - https://geekinney.com/index.xml
[2026-07-16 01:45:03] - https://suus.me/atom.xml
[2026-07-16 01:45:03] - https://ilogs.cn/feed/
[2026-07-16 01:45:03] - https://www.moraex.com/feed
[2026-07-16 01:45:03] - https://writings.howsoonisnow.org/blog/feed/feed.xml
[2026-07-16 01:45:03] - https://sizheng.org/feed
[2026-07-16 01:45:03] - https://4op.top/index.xml
[2026-07-16 01:45:03] - https://ayayy.com/feed/
[2026-07-16 01:45:03] - https://www.shephe.com/feed
[2026-07-16 01:45:03] ✘ 有 1 条订阅头像字段为空, 已使用默认头像:
[2026-07-16 01:45:03] - https://jt26wzz.com/rss.xml
[2026-07-16 04:48:23] 本次订阅抓取结果统计:
[2026-07-16 04:48:23] 共 54 条RSS, 成功抓取 43 条.
[2026-07-16 04:48:23] ✘ 有 11 条订阅解析失败:
[2026-07-16 04:48:23] - https://geekinney.com/index.xml
[2026-07-16 04:48:23] - https://tumutanzi.com/feed
[2026-07-16 04:48:23] - https://suus.me/atom.xml
[2026-07-16 04:48:23] - https://leixus.cn/index.php/feed/
[2026-07-16 04:48:23] - https://ilogs.cn/feed/
[2026-07-16 04:48:23] - https://writings.howsoonisnow.org/blog/feed/feed.xml
[2026-07-16 04:48:23] - https://www.moraex.com/feed
[2026-07-16 04:48:23] - https://sizheng.org/feed
[2026-07-16 04:48:23] - https://4op.top/index.xml
[2026-07-16 04:48:23] - https://ayayy.com/feed/
[2026-07-16 04:48:23] - https://www.shephe.com/feed
[2026-07-16 04:48:23] ✘ 有 1 条订阅头像字段为空, 已使用默认头像:
[2026-07-16 04:48:23] - https://jt26wzz.com/rss.xml
[2026-07-16 07:13:32] 本次订阅抓取结果统计:
[2026-07-16 07:13:32] 共 54 条RSS, 成功抓取 45 条.
[2026-07-16 07:13:32] ✘ 有 9 条订阅解析失败:
[2026-07-16 07:13:32] - https://geekinney.com/index.xml
[2026-07-16 07:13:32] - https://suus.me/atom.xml
[2026-07-16 07:13:32] - https://ilogs.cn/feed/
[2026-07-16 07:13:32] - https://www.moraex.com/feed
[2026-07-16 07:13:32] - https://writings.howsoonisnow.org/blog/feed/feed.xml
[2026-07-16 07:13:32] - https://sizheng.org/feed
[2026-07-16 07:13:32] - https://4op.top/index.xml
[2026-07-16 07:13:32] - https://ayayy.com/feed/
[2026-07-16 07:13:32] - https://www.shephe.com/feed
[2026-07-16 07:13:32] ✘ 有 1 条订阅头像字段为空, 已使用默认头像:
[2026-07-16 07:13:32] - https://jt26wzz.com/rss.xml
[2026-07-16 09:53:43] 抓取到的文章与现有数据相同，无需更新。
[2026-07-16 11:25:18] 抓取到的文章与现有数据相同，无需更新。
[2026-07-16 13:14:04] 本次订阅抓取结果统计:
[2026-07-16 13:14:04] 共 54 条RSS, 成功抓取 45 条.
[2026-07-16 13:14:04] ✘ 有 9 条订阅解析失败:
[2026-07-16 13:14:04] - https://geekinney.com/index.xml
[2026-07-16 13:14:04] - https://suus.me/atom.xml
[2026-07-16 13:14:04] - https://ilogs.cn/feed/
[2026-07-16 13:14:04] - https://www.moraex.com/feed
[2026-07-16 13:14:04] - https://writings.howsoonisnow.org/blog/feed/feed.xml
[2026-07-16 13:14:04] - https://sizheng.org/feed
[2026-07-16 13:14:04] - https://4op.top/index.xml
[2026-07-16 13:14:04] - https://www.shephe.com/feed
[2026-07-16 13:14:04] - https://ayayy.com/feed/
[2026-07-16 13:14:04] ✘ 有 1 条订阅头像字段为空, 已使用默认头像:
[2026-07-16 13:14:04] - https://jt26wzz.com/rss.xml
[2026-07-16 15:24:04] 本次订阅抓取结果统计:
[2026-07-16 15:24:04] 共 54 条RSS, 成功抓取 45 条.
[2026-07-16 15:24:04] ✘ 有 9 条订阅解析失败:
[2026-07-16 15:24:04] - https://geekinney.com/index.xml
[2026-07-16 15:24:04] - https://suus.me/atom.xml
[2026-07-16 15:24:04] - https://ilogs.cn/feed/
[2026-07-16 15:24:04] - https://www.moraex.com/feed
[2026-07-16 15:24:04] - https://writings.howsoonisnow.org/blog/feed/feed.xml
[2026-07-16 15:24:04] - https://sizheng.org/feed
[2026-07-16 15:24:04] - https://4op.top/index.xml
[2026-07-16 15:24:04] - https://ayayy.com/feed/
[2026-07-16 15:24:04] - https://www.shephe.com/feed
[2026-07-16 15:24:04] ✘ 有 1 条订阅头像字段为空, 已使用默认头像:
[2026-07-16 15:24:04] - https://jt26wzz.com/rss.xml
[2026-07-16 17:00:49] 本次订阅抓取结果统计:
[2026-07-16 17:00:49] 共 54 条RSS, 成功抓取 44 条.
[2026-07-16 17:00:49] ✘ 有 10 条订阅解析失败:
[2026-07-16 17:00:49] - https://geekinney.com/index.xml
[2026-07-16 17:00:49] - https://suus.me/atom.xml
[2026-07-16 17:00:49] - https://ilogs.cn/feed/
[2026-07-16 17:00:49] - https://writings.howsoonisnow.org/blog/feed/feed.xml
[2026-07-16 17:00:49] - https://www.moraex.com/feed
[2026-07-16 17:00:49] - https://sizheng.org/feed
[2026-07-16 17:00:49] - https://4op.top/index.xml
[2026-07-16 17:00:49] - https://ayayy.com/feed/
[2026-07-16 17:00:49] - https://www.shephe.com/feed
[2026-07-16 17:00:49] - https://note.redcha.cn/rss.xml
[2026-07-16 17:00:49] ✘ 有 1 条订阅头像字段为空, 已使用默认头像:
[2026-07-16 17:00:49] - https://jt26wzz.com/rss.xml
[2026-07-16 18:07:17] 本次订阅抓取结果统计:
[2026-07-16 18:07:17] 共 54 条RSS, 成功抓取 43 条.
[2026-07-16 18:07:17] ✘ 有 11 条订阅解析失败:
[2026-07-16 18:07:17] - https://geekinney.com/index.xml
[2026-07-16 18:07:17] - https://tumutanzi.com/feed
[2026-07-16 18:07:17] - https://suus.me/atom.xml
[2026-07-16 18:07:17] - https://leixus.cn/index.php/feed/
[2026-07-16 18:07:17] - https://ilogs.cn/feed/
[2026-07-16 18:07:17] - https://www.moraex.com/feed
[2026-07-16 18:07:17] - https://writings.howsoonisnow.org/blog/feed/feed.xml
[2026-07-16 18:07:17] - https://sizheng.org/feed
[2026-07-16 18:07:17] - https://4op.top/index.xml
[2026-07-16 18:07:17] - https://ayayy.com/feed/
[2026-07-16 18:07:17] - https://www.shephe.com/feed
[2026-07-16 18:07:17] ✘ 有 1 条订阅头像字段为空, 已使用默认头像:
[2026-07-16 18:07:17] - https://jt26wzz.com/rss.xml
[2026-07-16 19:54:15] 本次订阅抓取结果统计:
[2026-07-16 19:54:15] 共 54 条RSS, 成功抓取 45 条.
[2026-07-16 19:54:15] ✘ 有 9 条订阅解析失败:
[2026-07-16 19:54:15] - https://geekinney.com/index.xml
[2026-07-16 19:54:15] - https://suus.me/atom.xml
[2026-07-16 19:54:15] - https://writings.howsoonisnow.org/blog/feed/feed.xml
[2026-07-16 19:54:15] - https://ilogs.cn/feed/
[2026-07-16 19:54:15] - https://www.moraex.com/feed
[2026-07-16 19:54:15] - https://sizheng.org/feed
[2026-07-16 19:54:15] - https://4op.top/index.xml
[2026-07-16 19:54:15] - https://ayayy.com/feed/
[2026-07-16 19:54:15] - https://www.shephe.com/feed
[2026-07-16 19:54:15] ✘ 有 1 条订阅头像字段为空, 已使用默认头像:
[2026-07-16 19:54:15] - https://jt26wzz.com/rss.xml
[2026-07-16 20:42:52] 抓取到的文章与现有数据相同，无需更新。
[2026-07-16 21:53:42] 抓取到的文章与现有数据相同，无需更新。
[2026-07-16 23:45:58] 本次订阅抓取结果统计:
[2026-07-16 23:45:58] 共 54 条RSS, 成功抓取 43 条.
[2026-07-16 23:45:58] ✘ 有 11 条订阅解析失败:
[2026-07-16 23:45:58] - https://geekinney.com/index.xml
[2026-07-16 23:45:58] - https://freemind.pluskid.org/rss.xml
[2026-07-16 23:45:58] - https://suus.me/atom.xml
[2026-07-16 23:45:58] - https://leixus.cn/index.php/feed/
[2026-07-16 23:45:58] - https://ilogs.cn/feed/
[2026-07-16 23:45:58] - https://www.moraex.com/feed
[2026-07-16 23:45:58] - https://writings.howsoonisnow.org/blog/feed/feed.xml
[2026-07-16 23:45:58] - https://sizheng.org/feed
[2026-07-16 23:45:58] - https://4op.top/index.xml
[2026-07-16 23:45:58] - https://www.shephe.com/feed
[2026-07-16 23:45:58] - https://ayayy.com/feed/
[2026-07-16 23:45:58] ✘ 有 1 条订阅头像字段为空, 已使用默认头像:
[2026-07-16 23:45:58] - https://jt26wzz.com/rss.xml
