[2026-02-18 00:07:40] 抓取到的文章与现有数据相同，无需更新。
[2026-02-18 01:31:23] 抓取到的文章与现有数据相同，无需更新。
[2026-02-18 02:57:06] 本次订阅抓取结果统计:
[2026-02-18 02:57:06] 共 47 条RSS, 成功抓取 39 条.
[2026-02-18 02:57:06] ✘ 有 8 条订阅解析失败:
[2026-02-18 02:57:06] - https://tumutanzi.com/feed
[2026-02-18 02:57:06] - https://suus.me/atom.xml
[2026-02-18 02:57:06] - https://geekinney.com/index.xml
[2026-02-18 02:57:06] - https://leixus.cn/index.php/feed/
[2026-02-18 02:57:06] - https://www.luzhaojun.com/feed
[2026-02-18 02:57:06] - https://shuiba.co/feed
[2026-02-18 02:57:06] - https://www.moraex.com/feed
[2026-02-18 02:57:06] - https://sizheng.org/feed
[2026-02-18 03:50:48] 本次订阅抓取结果统计:
[2026-02-18 03:50:48] 共 47 条RSS, 成功抓取 41 条.
[2026-02-18 03:50:48] ✘ 有 6 条订阅解析失败:
[2026-02-18 03:50:48] - https://tumutanzi.com/feed
[2026-02-18 03:50:48] - https://suus.me/atom.xml
[2026-02-18 03:50:48] - https://geekinney.com/index.xml
[2026-02-18 03:50:48] - https://shuiba.co/feed
[2026-02-18 03:50:48] - https://sizheng.org/feed
[2026-02-18 03:50:48] - https://www.moraex.com/feed
[2026-02-18 04:35:36] 本次订阅抓取结果统计:
[2026-02-18 04:35:36] 共 47 条RSS, 成功抓取 41 条.
[2026-02-18 04:35:36] ✘ 有 6 条订阅解析失败:
[2026-02-18 04:35:36] - https://tumutanzi.com/feed
[2026-02-18 04:35:36] - https://suus.me/atom.xml
[2026-02-18 04:35:36] - https://geekinney.com/index.xml
[2026-02-18 04:35:36] - https://shuiba.co/feed
[2026-02-18 04:35:36] - https://sizheng.org/feed
[2026-02-18 04:35:36] - https://www.moraex.com/feed
[2026-02-18 05:27:31] 抓取到的文章与现有数据相同，无需更新。
[2026-02-18 06:19:27] 本次订阅抓取结果统计:
[2026-02-18 06:19:27] 共 47 条RSS, 成功抓取 38 条.
[2026-02-18 06:19:27] ✘ 有 9 条订阅解析失败:
[2026-02-18 06:19:27] - https://tumutanzi.com/feed
[2026-02-18 06:19:27] - https://suus.me/atom.xml
[2026-02-18 06:19:27] - https://geekinney.com/index.xml
[2026-02-18 06:19:27] - https://leixus.cn/index.php/feed/
[2026-02-18 06:19:27] - https://www.luzhaojun.com/feed
[2026-02-18 06:19:27] - https://shuiba.co/feed
[2026-02-18 06:19:27] - https://www.moraex.com/feed
[2026-02-18 06:19:27] - https://sizheng.org/feed
[2026-02-18 06:19:27] - https://freemind.pluskid.org/rss.xml
[2026-02-18 07:20:08] 本次订阅抓取结果统计:
[2026-02-18 07:20:08] 共 47 条RSS, 成功抓取 41 条.
[2026-02-18 07:20:08] ✘ 有 6 条订阅解析失败:
[2026-02-18 07:20:08] - https://tumutanzi.com/feed
[2026-02-18 07:20:08] - https://suus.me/atom.xml
[2026-02-18 07:20:08] - https://geekinney.com/index.xml
[2026-02-18 07:20:08] - https://shuiba.co/feed
[2026-02-18 07:20:08] - https://sizheng.org/feed
[2026-02-18 07:20:08] - https://www.moraex.com/feed
[2026-02-18 08:09:37] 抓取到的文章与现有数据相同，无需更新。
[2026-02-18 09:13:45] 抓取到的文章与现有数据相同，无需更新。
[2026-02-18 10:13:28] 抓取到的文章与现有数据相同，无需更新。
[2026-02-18 11:13:55] 抓取到的文章与现有数据相同，无需更新。
[2026-02-18 12:07:28] 本次订阅抓取结果统计:
[2026-02-18 12:07:28] 共 47 条RSS, 成功抓取 38 条.
[2026-02-18 12:07:28] ✘ 有 9 条订阅解析失败:
[2026-02-18 12:07:28] - https://tumutanzi.com/feed
[2026-02-18 12:07:28] - https://suus.me/atom.xml
[2026-02-18 12:07:28] - https://geekinney.com/index.xml
[2026-02-18 12:07:28] - https://leixus.cn/index.php/feed/
[2026-02-18 12:07:28] - https://shuiba.co/feed
[2026-02-18 12:07:28] - https://www.luzhaojun.com/feed
[2026-02-18 12:07:28] - https://www.moraex.com/feed
[2026-02-18 12:07:28] - https://sizheng.org/feed
[2026-02-18 12:07:28] - http://www.cyys.net/wp/feed
[2026-02-18 13:27:12] 本次订阅抓取结果统计:
[2026-02-18 13:27:12] 共 47 条RSS, 成功抓取 39 条.
[2026-02-18 13:27:12] ✘ 有 8 条订阅解析失败:
[2026-02-18 13:27:12] - https://tumutanzi.com/feed
[2026-02-18 13:27:12] - https://geekinney.com/index.xml
[2026-02-18 13:27:12] - https://suus.me/atom.xml
[2026-02-18 13:27:12] - https://leixus.cn/index.php/feed/
[2026-02-18 13:27:12] - https://www.luzhaojun.com/feed
[2026-02-18 13:27:12] - https://shuiba.co/feed
[2026-02-18 13:27:12] - https://www.moraex.com/feed
[2026-02-18 13:27:12] - https://sizheng.org/feed
[2026-02-18 14:16:03] 本次订阅抓取结果统计:
[2026-02-18 14:16:03] 共 47 条RSS, 成功抓取 41 条.
[2026-02-18 14:16:03] ✘ 有 6 条订阅解析失败:
[2026-02-18 14:16:03] - https://tumutanzi.com/feed
[2026-02-18 14:16:03] - https://suus.me/atom.xml
[2026-02-18 14:16:03] - https://geekinney.com/index.xml
[2026-02-18 14:16:03] - https://shuiba.co/feed
[2026-02-18 14:16:03] - https://www.moraex.com/feed
[2026-02-18 14:16:03] - https://sizheng.org/feed
[2026-02-18 15:14:27] 抓取到的文章与现有数据相同，无需更新。
[2026-02-18 16:16:31] 抓取到的文章与现有数据相同，无需更新。
[2026-02-18 17:21:51] 抓取到的文章与现有数据相同，无需更新。
[2026-02-18 18:11:13] 抓取到的文章与现有数据相同，无需更新。
[2026-02-18 19:18:48] 抓取到的文章与现有数据相同，无需更新。
[2026-02-18 20:08:57] 抓取到的文章与现有数据相同，无需更新。
[2026-02-18 21:10:14] 本次订阅抓取结果统计:
[2026-02-18 21:10:14] 共 47 条RSS, 成功抓取 41 条.
[2026-02-18 21:10:14] ✘ 有 6 条订阅解析失败:
[2026-02-18 21:10:14] - https://tumutanzi.com/feed
[2026-02-18 21:10:14] - https://suus.me/atom.xml
[2026-02-18 21:10:14] - https://geekinney.com/index.xml
[2026-02-18 21:10:14] - https://shuiba.co/feed
[2026-02-18 21:10:14] - https://www.moraex.com/feed
[2026-02-18 21:10:14] - https://sizheng.org/feed
