[2026-07-21 01:22:42] [WARN] 加载头像映射失败: failed to fetch avatar map: Get "https://cos.lhasa.icu/lhasaRSS/avatar.json": tls: failed to verify certificate: x509: certificate has expired or is not yet valid: current time 2026-07-21T01:22:42Z is after 2026-07-17T23:59:59Z
[2026-07-21 01:22:58] 本次订阅抓取结果统计:
[2026-07-21 01:22:58] 共 54 条RSS, 成功抓取 45 条.
[2026-07-21 01:22:58] ✘ 有 9 条订阅解析失败:
[2026-07-21 01:22:58] - https://geekinney.com/index.xml
[2026-07-21 01:22:58] - https://suus.me/atom.xml
[2026-07-21 01:22:58] - https://www.shephe.com/feed
[2026-07-21 01:22:58] - https://ilogs.cn/feed/
[2026-07-21 01:22:58] - https://writings.howsoonisnow.org/blog/feed/feed.xml
[2026-07-21 01:22:58] - https://www.moraex.com/feed
[2026-07-21 01:22:58] - https://sizheng.org/feed
[2026-07-21 01:22:58] - https://4op.top/index.xml
[2026-07-21 01:22:58] - https://ayayy.com/feed/
[2026-07-21 01:22:58] ✘ 有 1 条订阅头像字段为空, 已使用默认头像:
[2026-07-21 01:22:58] - https://mayx.eu.org/atom.xml
[2026-07-21 01:22:58] ✘ 有 2 条订阅头像无法访问, 已使用默认头像:
[2026-07-21 01:22:58] - https://skywind.me/blog/feed
[2026-07-21 01:22:58] - https://laike9m.com/blog/rss/
[2026-07-21 04:55:52] [WARN] 加载头像映射失败: failed to fetch avatar map: Get "https://cos.lhasa.icu/lhasaRSS/avatar.json": tls: failed to verify certificate: x509: certificate has expired or is not yet valid: current time 2026-07-21T04:55:52Z is after 2026-07-17T23:59:59Z
[2026-07-21 04:56:08] 本次订阅抓取结果统计:
[2026-07-21 04:56:08] 共 54 条RSS, 成功抓取 45 条.
[2026-07-21 04:56:08] ✘ 有 9 条订阅解析失败:
[2026-07-21 04:56:08] - https://geekinney.com/index.xml
[2026-07-21 04:56:08] - https://suus.me/atom.xml
[2026-07-21 04:56:08] - https://ilogs.cn/feed/
[2026-07-21 04:56:08] - https://writings.howsoonisnow.org/blog/feed/feed.xml
[2026-07-21 04:56:08] - https://www.moraex.com/feed
[2026-07-21 04:56:08] - https://www.shephe.com/feed
[2026-07-21 04:56:08] - https://sizheng.org/feed
[2026-07-21 04:56:08] - https://4op.top/index.xml
[2026-07-21 04:56:08] - https://ayayy.com/feed/
[2026-07-21 04:56:08] ✘ 有 1 条订阅头像字段为空, 已使用默认头像:
[2026-07-21 04:56:08] - https://mayx.eu.org/atom.xml
[2026-07-21 04:56:08] ✘ 有 2 条订阅头像无法访问, 已使用默认头像:
[2026-07-21 04:56:08] - https://skywind.me/blog/feed
[2026-07-21 04:56:08] - https://laike9m.com/blog/rss/
[2026-07-21 07:26:51] [WARN] 加载头像映射失败: failed to fetch avatar map: Get "https://cos.lhasa.icu/lhasaRSS/avatar.json": tls: failed to verify certificate: x509: certificate has expired or is not yet valid: current time 2026-07-21T07:26:50Z is after 2026-07-17T23:59:59Z
[2026-07-21 07:27:31] 本次订阅抓取结果统计:
[2026-07-21 07:27:31] 共 54 条RSS, 成功抓取 42 条.
[2026-07-21 07:27:31] ✘ 有 12 条订阅解析失败:
[2026-07-21 07:27:31] - https://geekinney.com/index.xml
[2026-07-21 07:27:31] - https://tumutanzi.com/feed
[2026-07-21 07:27:31] - https://freemind.pluskid.org/rss.xml
[2026-07-21 07:27:31] - https://suus.me/atom.xml
[2026-07-21 07:27:31] - https://leixus.cn/index.php/feed/
[2026-07-21 07:27:31] - https://ilogs.cn/feed/
[2026-07-21 07:27:31] - https://www.moraex.com/feed
[2026-07-21 07:27:31] - https://writings.howsoonisnow.org/blog/feed/feed.xml
[2026-07-21 07:27:31] - https://sizheng.org/feed
[2026-07-21 07:27:31] - https://4op.top/index.xml
[2026-07-21 07:27:31] - https://ayayy.com/feed/
[2026-07-21 07:27:31] - https://www.shephe.com/feed
[2026-07-21 07:27:31] ✘ 有 1 条订阅头像字段为空, 已使用默认头像:
[2026-07-21 07:27:31] - https://mayx.eu.org/atom.xml
[2026-07-21 07:27:31] ✘ 有 2 条订阅头像无法访问, 已使用默认头像:
[2026-07-21 07:27:31] - https://skywind.me/blog/feed
[2026-07-21 07:27:31] - https://laike9m.com/blog/rss/
[2026-07-21 10:11:50] [WARN] 加载头像映射失败: failed to fetch avatar map: Get "https://cos.lhasa.icu/lhasaRSS/avatar.json": tls: failed to verify certificate: x509: certificate has expired or is not yet valid: current time 2026-07-21T10:11:49Z is after 2026-07-17T23:59:59Z
[2026-07-21 10:12:12] 本次订阅抓取结果统计:
[2026-07-21 10:12:12] 共 54 条RSS, 成功抓取 45 条.
[2026-07-21 10:12:12] ✘ 有 9 条订阅解析失败:
[2026-07-21 10:12:12] - https://geekinney.com/index.xml
[2026-07-21 10:12:12] - https://suus.me/atom.xml
[2026-07-21 10:12:12] - https://ilogs.cn/feed/
[2026-07-21 10:12:12] - https://writings.howsoonisnow.org/blog/feed/feed.xml
[2026-07-21 10:12:12] - https://www.shephe.com/feed
[2026-07-21 10:12:12] - https://sizheng.org/feed
[2026-07-21 10:12:12] - https://www.moraex.com/feed
[2026-07-21 10:12:12] - https://4op.top/index.xml
[2026-07-21 10:12:12] - https://ayayy.com/feed/
[2026-07-21 10:12:12] ✘ 有 1 条订阅头像字段为空, 已使用默认头像:
[2026-07-21 10:12:12] - https://mayx.eu.org/atom.xml
[2026-07-21 10:12:12] ✘ 有 2 条订阅头像无法访问, 已使用默认头像:
[2026-07-21 10:12:12] - https://skywind.me/blog/feed
[2026-07-21 10:12:12] - https://laike9m.com/blog/rss/
[2026-07-21 12:17:28] [WARN] 加载头像映射失败: failed to fetch avatar map: Get "https://cos.lhasa.icu/lhasaRSS/avatar.json": tls: failed to verify certificate: x509: certificate has expired or is not yet valid: current time 2026-07-21T12:17:28Z is after 2026-07-17T23:59:59Z
[2026-07-21 12:17:45] 本次订阅抓取结果统计:
[2026-07-21 12:17:45] 共 54 条RSS, 成功抓取 45 条.
[2026-07-21 12:17:45] ✘ 有 9 条订阅解析失败:
[2026-07-21 12:17:45] - https://geekinney.com/index.xml
[2026-07-21 12:17:45] - https://suus.me/atom.xml
[2026-07-21 12:17:45] - https://ilogs.cn/feed/
[2026-07-21 12:17:45] - https://www.shephe.com/feed
[2026-07-21 12:17:45] - https://writings.howsoonisnow.org/blog/feed/feed.xml
[2026-07-21 12:17:45] - https://www.moraex.com/feed
[2026-07-21 12:17:45] - https://sizheng.org/feed
[2026-07-21 12:17:45] - https://4op.top/index.xml
[2026-07-21 12:17:45] - https://ayayy.com/feed/
[2026-07-21 12:17:45] ✘ 有 1 条订阅头像字段为空, 已使用默认头像:
[2026-07-21 12:17:45] - https://mayx.eu.org/atom.xml
[2026-07-21 12:17:45] ✘ 有 2 条订阅头像无法访问, 已使用默认头像:
[2026-07-21 12:17:45] - https://skywind.me/blog/feed
[2026-07-21 12:17:45] - https://laike9m.com/blog/rss/
