[2026-01-10 00:04:44] 抓取到的文章与现有数据相同，无需更新。
[2026-01-10 01:30:02] 抓取到的文章与现有数据相同，无需更新。
[2026-01-10 02:33:09] 本次订阅抓取结果统计:
[2026-01-10 02:33:09] 共 43 条RSS, 成功抓取 38 条.
[2026-01-10 02:33:09] ✘ 有 5 条订阅解析失败:
[2026-01-10 02:33:09] - https://tumutanzi.com/feed
[2026-01-10 02:33:09] - https://oba.by/feed
[2026-01-10 02:33:09] - https://suus.me/atom.xml
[2026-01-10 02:33:09] - https://geekinney.com/index.xml
[2026-01-10 02:33:09] - https://www.moraex.com/feed
[2026-01-10 03:28:55] 抓取到的文章与现有数据相同，无需更新。
[2026-01-10 04:10:41] 抓取到的文章与现有数据相同，无需更新。
[2026-01-10 05:02:36] 抓取到的文章与现有数据相同，无需更新。
[2026-01-10 06:01:58] 抓取到的文章与现有数据相同，无需更新。
[2026-01-10 07:02:51] 本次订阅抓取结果统计:
[2026-01-10 07:02:51] 共 43 条RSS, 成功抓取 35 条.
[2026-01-10 07:02:51] ✘ 有 8 条订阅解析失败:
[2026-01-10 07:02:51] - https://tumutanzi.com/feed
[2026-01-10 07:02:51] - https://oba.by/feed
[2026-01-10 07:02:51] - https://suus.me/atom.xml
[2026-01-10 07:02:51] - https://geekinney.com/index.xml
[2026-01-10 07:02:51] - https://leixus.cn/index.php/feed/
[2026-01-10 07:02:51] - https://www.luzhaojun.com/feed
[2026-01-10 07:02:51] - https://www.moraex.com/feed
[2026-01-10 07:02:51] - http://www.cyys.net/wp/feed
[2026-01-10 08:02:08] 本次订阅抓取结果统计:
[2026-01-10 08:02:08] 共 43 条RSS, 成功抓取 38 条.
[2026-01-10 08:02:08] ✘ 有 5 条订阅解析失败:
[2026-01-10 08:02:08] - https://tumutanzi.com/feed
[2026-01-10 08:02:08] - https://oba.by/feed
[2026-01-10 08:02:08] - https://geekinney.com/index.xml
[2026-01-10 08:02:08] - https://suus.me/atom.xml
[2026-01-10 08:02:08] - https://www.moraex.com/feed
[2026-01-10 09:01:45] 抓取到的文章与现有数据相同，无需更新。
[2026-01-10 10:01:41] 抓取到的文章与现有数据相同，无需更新。
[2026-01-10 11:01:42] 抓取到的文章与现有数据相同，无需更新。
