[2026-07-06 01:57:26] 抓取到的文章与现有数据相同，无需更新。
[2026-07-06 06:21:19] 本次订阅抓取结果统计:
[2026-07-06 06:21:19] 共 54 条RSS, 成功抓取 46 条.
[2026-07-06 06:21:19] ✘ 有 8 条订阅解析失败:
[2026-07-06 06:21:19] - https://geekinney.com/index.xml
[2026-07-06 06:21:19] - https://suus.me/atom.xml
[2026-07-06 06:21:19] - https://ilogs.cn/feed/
[2026-07-06 06:21:19] - https://www.shephe.com/feed
[2026-07-06 06:21:19] - https://writings.howsoonisnow.org/blog/feed/feed.xml
[2026-07-06 06:21:19] - https://www.moraex.com/feed
[2026-07-06 06:21:19] - https://4op.top/index.xml
[2026-07-06 06:21:19] - https://ayayy.com/feed/
[2026-07-06 06:21:19] ✘ 有 1 条订阅头像字段为空, 已使用默认头像:
[2026-07-06 06:21:19] - https://jt26wzz.com/rss.xml
[2026-07-06 11:20:13] 本次订阅抓取结果统计:
[2026-07-06 11:20:13] 共 54 条RSS, 成功抓取 45 条.
[2026-07-06 11:20:13] ✘ 有 9 条订阅解析失败:
[2026-07-06 11:20:13] - https://geekinney.com/index.xml
[2026-07-06 11:20:13] - https://suus.me/atom.xml
[2026-07-06 11:20:13] - https://ilogs.cn/feed/
[2026-07-06 11:20:13] - https://writings.howsoonisnow.org/blog/feed/feed.xml
[2026-07-06 11:20:13] - https://www.moraex.com/feed
[2026-07-06 11:20:13] - https://sizheng.org/feed
[2026-07-06 11:20:13] - https://www.shephe.com/feed
[2026-07-06 11:20:13] - https://4op.top/index.xml
[2026-07-06 11:20:13] - https://ayayy.com/feed/
[2026-07-06 11:20:13] ✘ 有 1 条订阅头像字段为空, 已使用默认头像:
[2026-07-06 11:20:13] - https://jt26wzz.com/rss.xml
[2026-07-06 14:52:46] 本次订阅抓取结果统计:
[2026-07-06 14:52:46] 共 54 条RSS, 成功抓取 45 条.
[2026-07-06 14:52:46] ✘ 有 9 条订阅解析失败:
[2026-07-06 14:52:46] - https://geekinney.com/index.xml
[2026-07-06 14:52:46] - https://suus.me/atom.xml
[2026-07-06 14:52:46] - https://ilogs.cn/feed/
[2026-07-06 14:52:46] - https://writings.howsoonisnow.org/blog/feed/feed.xml
[2026-07-06 14:52:46] - https://www.moraex.com/feed
[2026-07-06 14:52:46] - https://sizheng.org/feed
[2026-07-06 14:52:46] - https://4op.top/index.xml
[2026-07-06 14:52:46] - https://ayayy.com/feed/
[2026-07-06 14:52:46] - https://www.shephe.com/feed
[2026-07-06 14:52:46] ✘ 有 1 条订阅头像字段为空, 已使用默认头像:
[2026-07-06 14:52:46] - https://jt26wzz.com/rss.xml
