[2026-01-28 00:04:49] 抓取到的文章与现有数据相同，无需更新。
[2026-01-28 01:30:22] 抓取到的文章与现有数据相同，无需更新。
[2026-01-28 02:40:02] 抓取到的文章与现有数据相同，无需更新。
[2026-01-28 03:31:11] 本次订阅抓取结果统计:
[2026-01-28 03:31:11] 共 47 条RSS, 成功抓取 42 条.
[2026-01-28 03:31:11] ✘ 有 5 条订阅解析失败:
[2026-01-28 03:31:11] - https://tumutanzi.com/feed
[2026-01-28 03:31:11] - https://suus.me/atom.xml
[2026-01-28 03:31:11] - https://geekinney.com/index.xml
[2026-01-28 03:31:11] - https://sizheng.org/feed
[2026-01-28 03:31:11] - https://www.moraex.com/feed
[2026-01-28 04:17:49] 抓取到的文章与现有数据相同，无需更新。
[2026-01-28 05:07:06] [WARN] 加载头像映射失败: failed to fetch avatar map: Get "https://cos.lhasa.icu/lhasaRSS/avatar.json": context deadline exceeded (Client.Timeout exceeded while awaiting headers)
[2026-01-28 05:07:49] 本次订阅抓取结果统计:
[2026-01-28 05:07:49] 共 47 条RSS, 成功抓取 42 条.
[2026-01-28 05:07:49] ✘ 有 5 条订阅解析失败:
[2026-01-28 05:07:49] - https://tumutanzi.com/feed
[2026-01-28 05:07:49] - https://geekinney.com/index.xml
[2026-01-28 05:07:49] - https://suus.me/atom.xml
[2026-01-28 05:07:49] - https://www.moraex.com/feed
[2026-01-28 05:07:49] - https://sizheng.org/feed
[2026-01-28 05:07:49] ✘ 有 1 条订阅头像字段为空, 已使用默认头像:
[2026-01-28 05:07:49] - https://mayx.eu.org/atom.xml
[2026-01-28 05:07:49] ✘ 有 6 条订阅头像无法访问, 已使用默认头像:
[2026-01-28 05:07:49] - https://laike9m.com/blog/rss/
[2026-01-28 05:07:49] - https://skywind.me/blog/feed
[2026-01-28 05:07:49] - https://www.laruence.com/feed
[2026-01-28 05:07:49] - https://www.mrhe.net/feed
[2026-01-28 05:07:49] - https://byvoid.com/zhs/feed.xml
[2026-01-28 05:07:49] - https://zhongxiaojie.com/feed
[2026-01-28 06:02:48] 本次订阅抓取结果统计:
[2026-01-28 06:02:48] 共 47 条RSS, 成功抓取 42 条.
[2026-01-28 06:02:48] ✘ 有 5 条订阅解析失败:
[2026-01-28 06:02:48] - https://tumutanzi.com/feed
[2026-01-28 06:02:48] - https://geekinney.com/index.xml
[2026-01-28 06:02:48] - https://suus.me/atom.xml
[2026-01-28 06:02:48] - https://www.moraex.com/feed
[2026-01-28 06:02:48] - https://sizheng.org/feed
[2026-01-28 07:05:57] 抓取到的文章与现有数据相同，无需更新。
[2026-01-28 08:02:05] 本次订阅抓取结果统计:
[2026-01-28 08:02:05] 共 47 条RSS, 成功抓取 42 条.
[2026-01-28 08:02:05] ✘ 有 5 条订阅解析失败:
[2026-01-28 08:02:05] - https://tumutanzi.com/feed
[2026-01-28 08:02:05] - https://suus.me/atom.xml
[2026-01-28 08:02:05] - https://geekinney.com/index.xml
[2026-01-28 08:02:05] - https://sizheng.org/feed
[2026-01-28 08:02:05] - https://www.moraex.com/feed
[2026-01-28 09:06:50] 抓取到的文章与现有数据相同，无需更新。
[2026-01-28 10:03:42] 抓取到的文章与现有数据相同，无需更新。
