[2026-04-25 00:13:16] 本次订阅抓取结果统计:
[2026-04-25 00:13:16] 共 47 条RSS, 成功抓取 37 条.
[2026-04-25 00:13:16] ✘ 有 10 条订阅解析失败:
[2026-04-25 00:13:16] - https://tumutanzi.com/feed
[2026-04-25 00:13:16] - https://geekinney.com/index.xml
[2026-04-25 00:13:16] - https://freemind.pluskid.org/rss.xml
[2026-04-25 00:13:16] - https://suus.me/atom.xml
[2026-04-25 00:13:16] - https://www.mrhe.net/feed
[2026-04-25 00:13:16] - https://www.shephe.com/feed
[2026-04-25 00:13:16] - https://shuiba.co/feed
[2026-04-25 00:13:16] - https://ilogs.cn/feed/
[2026-04-25 00:13:16] - https://sizheng.org/feed
[2026-04-25 00:13:16] - https://www.moraex.com/feed
[2026-04-25 01:31:21] 本次订阅抓取结果统计:
[2026-04-25 01:31:21] 共 47 条RSS, 成功抓取 38 条.
[2026-04-25 01:31:21] ✘ 有 9 条订阅解析失败:
[2026-04-25 01:31:21] - https://tumutanzi.com/feed
[2026-04-25 01:31:21] - https://geekinney.com/index.xml
[2026-04-25 01:31:21] - https://suus.me/atom.xml
[2026-04-25 01:31:21] - https://www.mrhe.net/feed
[2026-04-25 01:31:21] - https://www.shephe.com/feed
[2026-04-25 01:31:21] - https://ilogs.cn/feed/
[2026-04-25 01:31:21] - https://shuiba.co/feed
[2026-04-25 01:31:21] - https://www.moraex.com/feed
[2026-04-25 01:31:21] - https://sizheng.org/feed
[2026-04-25 02:58:40] 本次订阅抓取结果统计:
[2026-04-25 02:58:40] 共 47 条RSS, 成功抓取 37 条.
[2026-04-25 02:58:40] ✘ 有 10 条订阅解析失败:
[2026-04-25 02:58:40] - https://tumutanzi.com/feed
[2026-04-25 02:58:40] - https://geekinney.com/index.xml
[2026-04-25 02:58:40] - https://suus.me/atom.xml
[2026-04-25 02:58:40] - https://www.mrhe.net/feed
[2026-04-25 02:58:40] - https://www.shephe.com/feed
[2026-04-25 02:58:40] - https://leixus.cn/index.php/feed/
[2026-04-25 02:58:40] - https://ilogs.cn/feed/
[2026-04-25 02:58:40] - https://shuiba.co/feed
[2026-04-25 02:58:40] - https://sizheng.org/feed
[2026-04-25 02:58:40] - https://www.moraex.com/feed
[2026-04-25 04:02:35] 本次订阅抓取结果统计:
[2026-04-25 04:02:35] 共 47 条RSS, 成功抓取 38 条.
[2026-04-25 04:02:35] ✘ 有 9 条订阅解析失败:
[2026-04-25 04:02:35] - https://tumutanzi.com/feed
[2026-04-25 04:02:35] - https://geekinney.com/index.xml
[2026-04-25 04:02:35] - https://suus.me/atom.xml
[2026-04-25 04:02:35] - https://www.mrhe.net/feed
[2026-04-25 04:02:35] - https://www.shephe.com/feed
[2026-04-25 04:02:35] - https://ilogs.cn/feed/
[2026-04-25 04:02:35] - https://shuiba.co/feed
[2026-04-25 04:02:35] - https://www.moraex.com/feed
[2026-04-25 04:02:35] - https://sizheng.org/feed
[2026-04-25 05:33:45] 本次订阅抓取结果统计:
[2026-04-25 05:33:45] 共 47 条RSS, 成功抓取 38 条.
[2026-04-25 05:33:45] ✘ 有 9 条订阅解析失败:
[2026-04-25 05:33:45] - https://tumutanzi.com/feed
[2026-04-25 05:33:45] - https://geekinney.com/index.xml
[2026-04-25 05:33:45] - https://suus.me/atom.xml
[2026-04-25 05:33:45] - https://www.mrhe.net/feed
[2026-04-25 05:33:45] - https://ilogs.cn/feed/
[2026-04-25 05:33:45] - https://shuiba.co/feed
[2026-04-25 05:33:45] - https://www.shephe.com/feed
[2026-04-25 05:33:45] - https://www.moraex.com/feed
[2026-04-25 05:33:45] - https://sizheng.org/feed
[2026-04-25 06:26:06] 本次订阅抓取结果统计:
[2026-04-25 06:26:06] 共 47 条RSS, 成功抓取 39 条.
[2026-04-25 06:26:06] ✘ 有 8 条订阅解析失败:
[2026-04-25 06:26:06] - https://tumutanzi.com/feed
[2026-04-25 06:26:06] - https://geekinney.com/index.xml
[2026-04-25 06:26:06] - https://suus.me/atom.xml
[2026-04-25 06:26:06] - https://www.shephe.com/feed
[2026-04-25 06:26:06] - https://www.mrhe.net/feed
[2026-04-25 06:26:06] - https://shuiba.co/feed
[2026-04-25 06:26:06] - https://www.moraex.com/feed
[2026-04-25 06:26:06] - https://sizheng.org/feed
[2026-04-25 07:28:16] 本次订阅抓取结果统计:
[2026-04-25 07:28:16] 共 47 条RSS, 成功抓取 38 条.
[2026-04-25 07:28:16] ✘ 有 9 条订阅解析失败:
[2026-04-25 07:28:16] - https://tumutanzi.com/feed
[2026-04-25 07:28:16] - https://geekinney.com/index.xml
[2026-04-25 07:28:16] - https://suus.me/atom.xml
[2026-04-25 07:28:16] - https://www.mrhe.net/feed
[2026-04-25 07:28:16] - https://www.shephe.com/feed
[2026-04-25 07:28:16] - https://ilogs.cn/feed/
[2026-04-25 07:28:16] - https://shuiba.co/feed
[2026-04-25 07:28:16] - https://sizheng.org/feed
[2026-04-25 07:28:16] - https://www.moraex.com/feed
[2026-04-25 08:16:17] 抓取到的文章与现有数据相同，无需更新。
[2026-04-25 09:15:49] 抓取到的文章与现有数据相同，无需更新。
[2026-04-25 10:13:06] 抓取到的文章与现有数据相同，无需更新。
[2026-04-25 11:13:37] 抓取到的文章与现有数据相同，无需更新。
[2026-04-25 12:08:01] 抓取到的文章与现有数据相同，无需更新。
[2026-04-25 13:26:27] 抓取到的文章与现有数据相同，无需更新。
[2026-04-25 14:14:38] 抓取到的文章与现有数据相同，无需更新。
[2026-04-25 15:12:39] 抓取到的文章与现有数据相同，无需更新。
[2026-04-25 16:10:04] 抓取到的文章与现有数据相同，无需更新。
[2026-04-25 17:12:31] 抓取到的文章与现有数据相同，无需更新。
[2026-04-25 18:09:24] 抓取到的文章与现有数据相同，无需更新。
