[2026-03-15 00:06:56] 本次订阅抓取结果统计:
[2026-03-15 00:06:56] 共 47 条RSS, 成功抓取 39 条.
[2026-03-15 00:06:56] ✘ 有 8 条订阅解析失败:
[2026-03-15 00:06:56] - https://tumutanzi.com/feed
[2026-03-15 00:06:56] - https://geekinney.com/index.xml
[2026-03-15 00:06:56] - https://suus.me/atom.xml
[2026-03-15 00:06:56] - https://leixus.cn/index.php/feed/
[2026-03-15 00:06:56] - https://www.luzhaojun.com/feed
[2026-03-15 00:06:56] - https://shuiba.co/feed
[2026-03-15 00:06:56] - https://www.moraex.com/feed
[2026-03-15 00:06:56] - https://sizheng.org/feed
[2026-03-15 01:31:22] 本次订阅抓取结果统计:
[2026-03-15 01:31:22] 共 47 条RSS, 成功抓取 41 条.
[2026-03-15 01:31:22] ✘ 有 6 条订阅解析失败:
[2026-03-15 01:31:22] - https://tumutanzi.com/feed
[2026-03-15 01:31:22] - https://geekinney.com/index.xml
[2026-03-15 01:31:22] - https://suus.me/atom.xml
[2026-03-15 01:31:22] - https://shuiba.co/feed
[2026-03-15 01:31:22] - https://www.moraex.com/feed
[2026-03-15 01:31:22] - https://sizheng.org/feed
[2026-03-15 02:58:55] 本次订阅抓取结果统计:
[2026-03-15 02:58:55] 共 47 条RSS, 成功抓取 41 条.
[2026-03-15 02:58:55] ✘ 有 6 条订阅解析失败:
[2026-03-15 02:58:55] - https://tumutanzi.com/feed
[2026-03-15 02:58:55] - https://geekinney.com/index.xml
[2026-03-15 02:58:55] - https://suus.me/atom.xml
[2026-03-15 02:58:55] - https://shuiba.co/feed
[2026-03-15 02:58:55] - https://sizheng.org/feed
[2026-03-15 02:58:55] - https://www.moraex.com/feed
[2026-03-15 04:01:58] 本次订阅抓取结果统计:
[2026-03-15 04:01:58] 共 47 条RSS, 成功抓取 41 条.
[2026-03-15 04:01:58] ✘ 有 6 条订阅解析失败:
[2026-03-15 04:01:58] - https://tumutanzi.com/feed
[2026-03-15 04:01:58] - https://geekinney.com/index.xml
[2026-03-15 04:01:58] - https://suus.me/atom.xml
[2026-03-15 04:01:58] - https://shuiba.co/feed
[2026-03-15 04:01:58] - https://sizheng.org/feed
[2026-03-15 04:01:58] - https://www.moraex.com/feed
[2026-03-15 05:29:32] 本次订阅抓取结果统计:
[2026-03-15 05:29:32] 共 47 条RSS, 成功抓取 41 条.
[2026-03-15 05:29:32] ✘ 有 6 条订阅解析失败:
[2026-03-15 05:29:32] - https://tumutanzi.com/feed
[2026-03-15 05:29:32] - https://geekinney.com/index.xml
[2026-03-15 05:29:32] - https://suus.me/atom.xml
[2026-03-15 05:29:32] - https://shuiba.co/feed
[2026-03-15 05:29:32] - https://sizheng.org/feed
[2026-03-15 05:29:32] - https://www.moraex.com/feed
[2026-03-15 06:17:04] 本次订阅抓取结果统计:
[2026-03-15 06:17:04] 共 47 条RSS, 成功抓取 40 条.
[2026-03-15 06:17:04] ✘ 有 7 条订阅解析失败:
[2026-03-15 06:17:04] - https://tumutanzi.com/feed
[2026-03-15 06:17:04] - https://geekinney.com/index.xml
[2026-03-15 06:17:04] - https://suus.me/atom.xml
[2026-03-15 06:17:04] - https://shuiba.co/feed
[2026-03-15 06:17:04] - https://www.moraex.com/feed
[2026-03-15 06:17:04] - https://sizheng.org/feed
[2026-03-15 06:17:04] - https://note.redcha.cn/rss.xml
[2026-03-15 07:17:35] 本次订阅抓取结果统计:
[2026-03-15 07:17:35] 共 47 条RSS, 成功抓取 41 条.
[2026-03-15 07:17:35] ✘ 有 6 条订阅解析失败:
[2026-03-15 07:17:35] - https://tumutanzi.com/feed
[2026-03-15 07:17:35] - https://geekinney.com/index.xml
[2026-03-15 07:17:35] - https://suus.me/atom.xml
[2026-03-15 07:17:35] - https://shuiba.co/feed
[2026-03-15 07:17:35] - https://sizheng.org/feed
[2026-03-15 07:17:35] - https://www.moraex.com/feed
[2026-03-15 08:06:44] 抓取到的文章与现有数据相同，无需更新。
[2026-03-15 09:07:54] 本次订阅抓取结果统计:
[2026-03-15 09:07:54] 共 47 条RSS, 成功抓取 41 条.
[2026-03-15 09:07:54] ✘ 有 6 条订阅解析失败:
[2026-03-15 09:07:54] - https://tumutanzi.com/feed
[2026-03-15 09:07:54] - https://geekinney.com/index.xml
[2026-03-15 09:07:54] - https://suus.me/atom.xml
[2026-03-15 09:07:54] - https://shuiba.co/feed
[2026-03-15 09:07:54] - https://sizheng.org/feed
[2026-03-15 09:07:54] - https://www.moraex.com/feed
[2026-03-15 10:04:13] 抓取到的文章与现有数据相同，无需更新。
[2026-03-15 11:04:50] 抓取到的文章与现有数据相同，无需更新。
[2026-03-15 12:03:47] 本次订阅抓取结果统计:
[2026-03-15 12:03:47] 共 47 条RSS, 成功抓取 40 条.
[2026-03-15 12:03:47] ✘ 有 7 条订阅解析失败:
[2026-03-15 12:03:47] - https://tumutanzi.com/feed
[2026-03-15 12:03:47] - https://geekinney.com/index.xml
[2026-03-15 12:03:47] - https://suus.me/atom.xml
[2026-03-15 12:03:47] - https://shuiba.co/feed
[2026-03-15 12:03:47] - https://sizheng.org/feed
[2026-03-15 12:03:47] - https://www.moraex.com/feed
[2026-03-15 12:03:47] - https://note.redcha.cn/rss.xml
[2026-03-15 13:19:01] 本次订阅抓取结果统计:
[2026-03-15 13:19:01] 共 47 条RSS, 成功抓取 41 条.
[2026-03-15 13:19:01] ✘ 有 6 条订阅解析失败:
[2026-03-15 13:19:01] - https://tumutanzi.com/feed
[2026-03-15 13:19:01] - https://geekinney.com/index.xml
[2026-03-15 13:19:01] - https://suus.me/atom.xml
[2026-03-15 13:19:01] - https://shuiba.co/feed
[2026-03-15 13:19:01] - https://www.moraex.com/feed
[2026-03-15 13:19:01] - https://sizheng.org/feed
[2026-03-15 14:07:50] 本次订阅抓取结果统计:
[2026-03-15 14:07:50] 共 47 条RSS, 成功抓取 41 条.
[2026-03-15 14:07:50] ✘ 有 6 条订阅解析失败:
[2026-03-15 14:07:50] - https://tumutanzi.com/feed
[2026-03-15 14:07:50] - https://geekinney.com/index.xml
[2026-03-15 14:07:50] - https://suus.me/atom.xml
[2026-03-15 14:07:50] - https://shuiba.co/feed
[2026-03-15 14:07:50] - https://sizheng.org/feed
[2026-03-15 14:07:50] - https://www.moraex.com/feed
[2026-03-15 15:05:31] 抓取到的文章与现有数据相同，无需更新。
[2026-03-15 16:03:54] 抓取到的文章与现有数据相同，无需更新。
[2026-03-15 17:04:58] 抓取到的文章与现有数据相同，无需更新。
[2026-03-15 18:05:04] 本次订阅抓取结果统计:
[2026-03-15 18:05:04] 共 47 条RSS, 成功抓取 40 条.
[2026-03-15 18:05:04] ✘ 有 7 条订阅解析失败:
[2026-03-15 18:05:04] - https://tumutanzi.com/feed
[2026-03-15 18:05:04] - https://geekinney.com/index.xml
[2026-03-15 18:05:04] - https://suus.me/atom.xml
[2026-03-15 18:05:04] - https://shuiba.co/feed
[2026-03-15 18:05:04] - https://sizheng.org/feed
[2026-03-15 18:05:04] - https://www.moraex.com/feed
[2026-03-15 18:05:04] - https://freemind.pluskid.org/rss.xml
[2026-03-15 19:08:43] 本次订阅抓取结果统计:
[2026-03-15 19:08:43] 共 47 条RSS, 成功抓取 41 条.
[2026-03-15 19:08:43] ✘ 有 6 条订阅解析失败:
[2026-03-15 19:08:43] - https://tumutanzi.com/feed
[2026-03-15 19:08:43] - https://geekinney.com/index.xml
[2026-03-15 19:08:43] - https://suus.me/atom.xml
[2026-03-15 19:08:43] - https://shuiba.co/feed
[2026-03-15 19:08:43] - https://sizheng.org/feed
[2026-03-15 19:08:43] - https://www.moraex.com/feed
[2026-03-15 20:03:15] 抓取到的文章与现有数据相同，无需更新。
[2026-03-15 21:04:56] 抓取到的文章与现有数据相同，无需更新。
