[2026-01-04 00:04:49] 抓取到的文章与现有数据相同，无需更新。
[2026-01-04 01:30:47] 抓取到的文章与现有数据相同，无需更新。
[2026-01-04 02:44:47] 抓取到的文章与现有数据相同，无需更新。
[2026-01-04 03:32:04] 抓取到的文章与现有数据相同，无需更新。
[2026-01-04 04:20:43] 抓取到的文章与现有数据相同，无需更新。
[2026-01-04 05:06:53] 抓取到的文章与现有数据相同，无需更新。
[2026-01-04 06:01:59] 抓取到的文章与现有数据相同，无需更新。
[2026-01-04 07:03:33] 抓取到的文章与现有数据相同，无需更新。
[2026-01-04 08:02:35] 本次订阅抓取结果统计:
[2026-01-04 08:02:35] 共 42 条RSS, 成功抓取 36 条.
[2026-01-04 08:02:35] ✘ 有 6 条订阅解析失败:
[2026-01-04 08:02:35] - https://tumutanzi.com/feed
[2026-01-04 08:02:35] - https://geekinney.com/index.xml
[2026-01-04 08:02:35] - https://suus.me/atom.xml
[2026-01-04 08:02:35] - https://www.shephe.com/feed
[2026-01-04 08:02:35] - https://www.moraex.com/feed
[2026-01-04 08:02:35] - https://skywind.me/blog/feed
[2026-01-04 09:01:46] 本次订阅抓取结果统计:
[2026-01-04 09:01:46] 共 42 条RSS, 成功抓取 37 条.
[2026-01-04 09:01:46] ✘ 有 5 条订阅解析失败:
[2026-01-04 09:01:46] - https://tumutanzi.com/feed
[2026-01-04 09:01:46] - https://geekinney.com/index.xml
[2026-01-04 09:01:46] - https://suus.me/atom.xml
[2026-01-04 09:01:46] - https://www.shephe.com/feed
[2026-01-04 09:01:46] - https://www.moraex.com/feed
[2026-01-04 10:01:45] 本次订阅抓取结果统计:
[2026-01-04 10:01:45] 共 42 条RSS, 成功抓取 38 条.
[2026-01-04 10:01:45] ✘ 有 4 条订阅解析失败:
[2026-01-04 10:01:45] - https://tumutanzi.com/feed
[2026-01-04 10:01:45] - https://suus.me/atom.xml
[2026-01-04 10:01:45] - https://geekinney.com/index.xml
[2026-01-04 10:01:45] - https://www.moraex.com/feed
[2026-01-04 11:01:43] 抓取到的文章与现有数据相同，无需更新。
[2026-01-04 12:01:55] 抓取到的文章与现有数据相同，无需更新。
[2026-01-04 13:10:49] 抓取到的文章与现有数据相同，无需更新。
[2026-01-04 14:01:43] 抓取到的文章与现有数据相同，无需更新。
[2026-01-04 15:01:42] 抓取到的文章与现有数据相同，无需更新。
[2026-01-04 16:01:51] 抓取到的文章与现有数据相同，无需更新。
[2026-01-04 17:02:44] 抓取到的文章与现有数据相同，无需更新。
[2026-01-04 18:01:57] 抓取到的文章与现有数据相同，无需更新。
[2026-01-04 19:02:22] 本次订阅抓取结果统计:
[2026-01-04 19:02:22] 共 42 条RSS, 成功抓取 37 条.
[2026-01-04 19:02:22] ✘ 有 5 条订阅解析失败:
[2026-01-04 19:02:22] - https://tumutanzi.com/feed
[2026-01-04 19:02:22] - https://geekinney.com/index.xml
[2026-01-04 19:02:22] - https://suus.me/atom.xml
[2026-01-04 19:02:22] - https://www.moraex.com/feed
[2026-01-04 19:02:22] - https://skywind.me/blog/feed
[2026-01-04 20:01:50] 本次订阅抓取结果统计:
[2026-01-04 20:01:50] 共 42 条RSS, 成功抓取 38 条.
[2026-01-04 20:01:50] ✘ 有 4 条订阅解析失败:
[2026-01-04 20:01:50] - https://tumutanzi.com/feed
[2026-01-04 20:01:50] - https://suus.me/atom.xml
[2026-01-04 20:01:50] - https://geekinney.com/index.xml
[2026-01-04 20:01:50] - https://www.moraex.com/feed
[2026-01-04 21:02:16] 抓取到的文章与现有数据相同，无需更新。
[2026-01-04 22:02:47] 抓取到的文章与现有数据相同，无需更新。
[2026-01-04 23:02:03] 抓取到的文章与现有数据相同，无需更新。
