[2026-03-17 00:06:53] [WARN] 加载头像映射失败: failed to fetch avatar map: Get "https://cos.lhasa.icu/lhasaRSS/avatar.json": tls: failed to verify certificate: x509: certificate has expired or is not yet valid: current time 2026-03-17T00:06:53Z is after 2026-03-16T23:59:59Z
[2026-03-17 00:07:07] 本次订阅抓取结果统计:
[2026-03-17 00:07:07] 共 47 条RSS, 成功抓取 41 条.
[2026-03-17 00:07:07] ✘ 有 6 条订阅解析失败:
[2026-03-17 00:07:07] - https://tumutanzi.com/feed
[2026-03-17 00:07:07] - https://geekinney.com/index.xml
[2026-03-17 00:07:07] - https://suus.me/atom.xml
[2026-03-17 00:07:07] - https://shuiba.co/feed
[2026-03-17 00:07:07] - https://www.moraex.com/feed
[2026-03-17 00:07:07] - https://sizheng.org/feed
[2026-03-17 00:07:07] ✘ 有 1 条订阅头像字段为空, 已使用默认头像:
[2026-03-17 00:07:07] - https://mayx.eu.org/atom.xml
[2026-03-17 00:07:07] ✘ 有 4 条订阅头像无法访问, 已使用默认头像:
[2026-03-17 00:07:07] - https://laike9m.com/blog/rss/
[2026-03-17 00:07:07] - https://skywind.me/blog/feed
[2026-03-17 00:07:07] - https://www.mrhe.net/feed
[2026-03-17 00:07:07] - https://byvoid.com/zhs/feed.xml
[2026-03-17 01:31:11] 本次订阅抓取结果统计:
[2026-03-17 01:31:11] 共 47 条RSS, 成功抓取 41 条.
[2026-03-17 01:31:11] ✘ 有 6 条订阅解析失败:
[2026-03-17 01:31:11] - https://tumutanzi.com/feed
[2026-03-17 01:31:11] - https://geekinney.com/index.xml
[2026-03-17 01:31:11] - https://suus.me/atom.xml
[2026-03-17 01:31:11] - https://shuiba.co/feed
[2026-03-17 01:31:11] - https://sizheng.org/feed
[2026-03-17 01:31:11] - https://www.moraex.com/feed
[2026-03-17 02:54:47] 抓取到的文章与现有数据相同，无需更新。
[2026-03-17 03:46:10] 抓取到的文章与现有数据相同，无需更新。
[2026-03-17 04:33:11] 抓取到的文章与现有数据相同，无需更新。
[2026-03-17 05:26:25] 抓取到的文章与现有数据相同，无需更新。
[2026-03-17 06:18:16] 抓取到的文章与现有数据相同，无需更新。
[2026-03-17 07:20:47] 抓取到的文章与现有数据相同，无需更新。
[2026-03-17 08:10:53] 本次订阅抓取结果统计:
[2026-03-17 08:10:53] 共 47 条RSS, 成功抓取 41 条.
[2026-03-17 08:10:53] ✘ 有 6 条订阅解析失败:
[2026-03-17 08:10:53] - https://tumutanzi.com/feed
[2026-03-17 08:10:53] - https://geekinney.com/index.xml
[2026-03-17 08:10:53] - https://suus.me/atom.xml
[2026-03-17 08:10:53] - https://shuiba.co/feed
[2026-03-17 08:10:53] - https://sizheng.org/feed
[2026-03-17 08:10:53] - https://www.moraex.com/feed
[2026-03-17 09:15:28] 本次订阅抓取结果统计:
[2026-03-17 09:15:28] 共 47 条RSS, 成功抓取 41 条.
[2026-03-17 09:15:28] ✘ 有 6 条订阅解析失败:
[2026-03-17 09:15:28] - https://tumutanzi.com/feed
[2026-03-17 09:15:28] - https://geekinney.com/index.xml
[2026-03-17 09:15:28] - https://suus.me/atom.xml
[2026-03-17 09:15:28] - https://shuiba.co/feed
[2026-03-17 09:15:28] - https://sizheng.org/feed
[2026-03-17 09:15:28] - https://www.moraex.com/feed
[2026-03-17 10:14:28] 抓取到的文章与现有数据相同，无需更新。
[2026-03-17 11:14:52] 抓取到的文章与现有数据相同，无需更新。
[2026-03-17 12:10:00] 抓取到的文章与现有数据相同，无需更新。
[2026-03-17 13:28:54] 抓取到的文章与现有数据相同，无需更新。
[2026-03-17 14:22:59] 抓取到的文章与现有数据相同，无需更新。
[2026-03-17 15:20:43] 抓取到的文章与现有数据相同，无需更新。
[2026-03-17 16:20:40] 抓取到的文章与现有数据相同，无需更新。
[2026-03-17 17:20:32] 抓取到的文章与现有数据相同，无需更新。
