[2026-03-04 00:07:31] 本次订阅抓取结果统计:
[2026-03-04 00:07:31] 共 47 条RSS, 成功抓取 40 条.
[2026-03-04 00:07:31] ✘ 有 7 条订阅解析失败:
[2026-03-04 00:07:31] - https://tumutanzi.com/feed
[2026-03-04 00:07:31] - https://suus.me/atom.xml
[2026-03-04 00:07:31] - https://geekinney.com/index.xml
[2026-03-04 00:07:31] - https://shuiba.co/feed
[2026-03-04 00:07:31] - https://www.moraex.com/feed
[2026-03-04 00:07:31] - https://sizheng.org/feed
[2026-03-04 00:07:31] - https://www.mrhe.net/feed
[2026-03-04 01:30:45] 本次订阅抓取结果统计:
[2026-03-04 01:30:45] 共 47 条RSS, 成功抓取 41 条.
[2026-03-04 01:30:45] ✘ 有 6 条订阅解析失败:
[2026-03-04 01:30:45] - https://tumutanzi.com/feed
[2026-03-04 01:30:45] - https://geekinney.com/index.xml
[2026-03-04 01:30:45] - https://suus.me/atom.xml
[2026-03-04 01:30:45] - https://shuiba.co/feed
[2026-03-04 01:30:45] - https://sizheng.org/feed
[2026-03-04 01:30:45] - https://www.moraex.com/feed
[2026-03-04 02:51:29] 抓取到的文章与现有数据相同，无需更新。
[2026-03-04 03:43:52] 抓取到的文章与现有数据相同，无需更新。
[2026-03-04 04:30:08] 抓取到的文章与现有数据相同，无需更新。
[2026-03-04 05:17:27] 抓取到的文章与现有数据相同，无需更新。
[2026-03-04 06:09:52] 抓取到的文章与现有数据相同，无需更新。
[2026-03-04 07:13:49] 抓取到的文章与现有数据相同，无需更新。
[2026-03-04 08:05:40] 抓取到的文章与现有数据相同，无需更新。
[2026-03-04 09:10:11] [WARN] 加载头像映射失败: failed to fetch avatar map: Get "https://cos.lhasa.icu/lhasaRSS/avatar.json": context deadline exceeded (Client.Timeout exceeded while awaiting headers)
[2026-03-04 09:10:45] 本次订阅抓取结果统计:
[2026-03-04 09:10:45] 共 47 条RSS, 成功抓取 41 条.
[2026-03-04 09:10:45] ✘ 有 6 条订阅解析失败:
[2026-03-04 09:10:45] - https://tumutanzi.com/feed
[2026-03-04 09:10:45] - https://geekinney.com/index.xml
[2026-03-04 09:10:45] - https://suus.me/atom.xml
[2026-03-04 09:10:45] - https://shuiba.co/feed
[2026-03-04 09:10:45] - https://sizheng.org/feed
[2026-03-04 09:10:45] - https://www.moraex.com/feed
[2026-03-04 09:10:45] ✘ 有 1 条订阅头像字段为空, 已使用默认头像:
[2026-03-04 09:10:45] - https://mayx.eu.org/atom.xml
[2026-03-04 09:10:45] ✘ 有 5 条订阅头像无法访问, 已使用默认头像:
[2026-03-04 09:10:45] - https://laike9m.com/blog/rss/
[2026-03-04 09:10:45] - https://skywind.me/blog/feed
[2026-03-04 09:10:45] - https://www.mrhe.net/feed
[2026-03-04 09:10:45] - https://byvoid.com/zhs/feed.xml
[2026-03-04 09:10:45] - http://www.auiou.com/feed/
[2026-03-04 10:08:30] 本次订阅抓取结果统计:
[2026-03-04 10:08:30] 共 47 条RSS, 成功抓取 41 条.
[2026-03-04 10:08:30] ✘ 有 6 条订阅解析失败:
[2026-03-04 10:08:30] - https://tumutanzi.com/feed
[2026-03-04 10:08:30] - https://geekinney.com/index.xml
[2026-03-04 10:08:30] - https://suus.me/atom.xml
[2026-03-04 10:08:30] - https://shuiba.co/feed
[2026-03-04 10:08:30] - https://sizheng.org/feed
[2026-03-04 10:08:30] - https://www.moraex.com/feed
[2026-03-04 11:07:49] 抓取到的文章与现有数据相同，无需更新。
[2026-03-04 12:04:26] 抓取到的文章与现有数据相同，无需更新。
[2026-03-04 13:22:55] 抓取到的文章与现有数据相同，无需更新。
[2026-03-04 14:12:05] 本次订阅抓取结果统计:
[2026-03-04 14:12:05] 共 47 条RSS, 成功抓取 41 条.
[2026-03-04 14:12:05] ✘ 有 6 条订阅解析失败:
[2026-03-04 14:12:05] - https://tumutanzi.com/feed
[2026-03-04 14:12:05] - https://geekinney.com/index.xml
[2026-03-04 14:12:05] - https://suus.me/atom.xml
[2026-03-04 14:12:05] - https://shuiba.co/feed
[2026-03-04 14:12:05] - https://sizheng.org/feed
[2026-03-04 14:12:05] - https://www.moraex.com/feed
[2026-03-04 15:10:25] 本次订阅抓取结果统计:
[2026-03-04 15:10:25] 共 47 条RSS, 成功抓取 41 条.
[2026-03-04 15:10:25] ✘ 有 6 条订阅解析失败:
[2026-03-04 15:10:25] - https://tumutanzi.com/feed
[2026-03-04 15:10:25] - https://geekinney.com/index.xml
[2026-03-04 15:10:25] - https://suus.me/atom.xml
[2026-03-04 15:10:25] - https://shuiba.co/feed
[2026-03-04 15:10:25] - https://sizheng.org/feed
[2026-03-04 15:10:25] - https://www.moraex.com/feed
[2026-03-04 16:09:12] 抓取到的文章与现有数据相同，无需更新。
[2026-03-04 17:12:11] 抓取到的文章与现有数据相同，无需更新。
[2026-03-04 18:09:14] 抓取到的文章与现有数据相同，无需更新。
[2026-03-04 19:13:47] 本次订阅抓取结果统计:
[2026-03-04 19:13:47] 共 47 条RSS, 成功抓取 39 条.
[2026-03-04 19:13:47] ✘ 有 8 条订阅解析失败:
[2026-03-04 19:13:47] - https://tumutanzi.com/feed
[2026-03-04 19:13:47] - https://geekinney.com/index.xml
[2026-03-04 19:13:47] - https://suus.me/atom.xml
[2026-03-04 19:13:47] - https://leixus.cn/index.php/feed/
[2026-03-04 19:13:47] - https://www.luzhaojun.com/feed
[2026-03-04 19:13:47] - https://www.moraex.com/feed
[2026-03-04 19:13:47] - https://shuiba.co/feed
[2026-03-04 19:13:47] - https://sizheng.org/feed
