[2026-04-17 00:14:06] [ERROR] 上传 data.json 到 COS 失败: /home/runner/work/rss-lhasa/rss-lhasa/cos_upload.go:48 => 上传至COS失败 | 原因: PUT https://lhasa-1253887673.cos.ap-shanghai.myqcloud.com/lhasaRSS/data.json: 403 InvalidAccessKeyId(Message: The Access Key Id you provided does not exist in our records, RequestId: NjllMTdiNGVfYjQyZmIxMDlfMTM1NzhfM2Y4OTc1MQ==, TraceId: OGVmYzZiMmQzYjA2OWNhODk0NTRkMTBiOWVmMDAxODc0OWRkZjk0ZDM1NmI1M2E2MTRlY2MzZDhmNmI5MWI1OTQyYWVlY2QwZTk2MDVmZDQ3MmI2Y2I4ZmI5ZmM4ODFjOGFiNDViMGQzNmIzMDlhZmFjNDkzMDU5ZjY5M2M0Yzk=)
[2026-04-17 01:31:31] [ERROR] 拉取RSS链接失败: /home/runner/work/rss-lhasa/rss-lhasa/feed_fetcher.go:53 => 无法获取RSS列表文件: https://lhasa-1253887673.cos.ap-shanghai.myqcloud.com/lhasaRSS/rss.txt | 原因: Get "https://lhasa-1253887673.cos.ap-shanghai.myqcloud.com/lhasaRSS/rss.txt": net/http: TLS handshake timeout
[2026-04-17 02:59:09] [ERROR] 上传 data.json 到 COS 失败: /home/runner/work/rss-lhasa/rss-lhasa/cos_upload.go:48 => 上传至COS失败 | 原因: PUT https://lhasa-1253887673.cos.ap-shanghai.myqcloud.com/lhasaRSS/data.json: 403 InvalidAccessKeyId(Message: The Access Key Id you provided does not exist in our records, RequestId: NjllMWExZmRfMWViNTAzMDlfMThlZl80MWVkMjg1, TraceId: OGVmYzZiMmQzYjA2OWNhODk0NTRkMTBiOWVmMDAxODc0OWRkZjk0ZDM1NmI1M2E2MTRlY2MzZDhmNmI5MWI1OTQyYWVlY2QwZTk2MDVmZDQ3MmI2Y2I4ZmI5ZmM4ODFjOGFiNDViMGQzNmIzMDlhZmFjNDkzMDU5ZjY5M2M0Yzk=)
[2026-04-17 04:07:49] [ERROR] 上传 data.json 到 COS 失败: /home/runner/work/rss-lhasa/rss-lhasa/cos_upload.go:48 => 上传至COS失败 | 原因: PUT https://lhasa-1253887673.cos.ap-shanghai.myqcloud.com/lhasaRSS/data.json: 403 InvalidAccessKeyId(Message: The Access Key Id you provided does not exist in our records, RequestId: NjllMWIyMTVfOWUyYjY4MDlfMzVmN180MGQ2Y2M3, TraceId: OGVmYzZiMmQzYjA2OWNhODk0NTRkMTBiOWVmMDAxODc0OWRkZjk0ZDM1NmI1M2E2MTRlY2MzZDhmNmI5MWI1OTQyYWVlY2QwZTk2MDVmZDQ3MmI2Y2I4ZmI5ZmM4ODFjOGFiNDViMGQzNmIzMDlhZmFjNDkzMDU5ZjY5M2M0Yzk=)
[2026-04-17 05:41:43] [ERROR] 上传 data.json 到 COS 失败: /home/runner/work/rss-lhasa/rss-lhasa/cos_upload.go:48 => 上传至COS失败 | 原因: PUT https://lhasa-1253887673.cos.ap-shanghai.myqcloud.com/lhasaRSS/data.json: 403 InvalidAccessKeyId(Message: The Access Key Id you provided does not exist in our records, RequestId: NjllMWM4MTdfODk0YTBmMWVfY2JkMl80MGUzMGFl, TraceId: OGVmYzZiMmQzYjA2OWNhODk0NTRkMTBiOWVmMDAxODc0OWRkZjk0ZDM1NmI1M2E2MTRlY2MzZDhmNmI5MWI1OTQyYWVlY2QwZTk2MDVmZDQ3MmI2Y2I4ZmI5ZmM4ODFjOGFiNDViMGQzNmIzMDlhZmFjNDkzMDU5ZjY5M2M0Yzk=)
[2026-04-17 06:18:51] [ERROR] 上传 data.json 到 COS 失败: /home/runner/work/rss-lhasa/rss-lhasa/cos_upload.go:48 => 上传至COS失败 | 原因: PUT https://lhasa-1253887673.cos.ap-shanghai.myqcloud.com/lhasaRSS/data.json: 403 InvalidAccessKeyId(Message: The Access Key Id you provided does not exist in our records, RequestId: NjllMWQwY2JfNjI0YTBmMWVfMTIzOGJfNDExNjY2OA==, TraceId: OGVmYzZiMmQzYjA2OWNhODk0NTRkMTBiOWVmMDAxODc0OWRkZjk0ZDM1NmI1M2E2MTRlY2MzZDhmNmI5MWI1OTQyYWVlY2QwZTk2MDVmZDQ3MmI2Y2I4ZmI5ZmM4ODFjOGFiNDViMGQzNmIzMDlhZmFjNDkzMDU5ZjY5M2M0Yzk=)
[2026-04-17 06:32:02] [ERROR] 上传 data.json 到 COS 失败: /home/runner/work/rss-lhasa/rss-lhasa/cos_upload.go:48 => 上传至COS失败 | 原因: PUT https://lhasa-1253887673.cos.ap-shanghai.myqcloud.com/lhasaRSS/data.json: 403 InvalidAccessKeyId(Message: The Access Key Id you provided does not exist in our records, RequestId: NjllMWQzZTJfN2MzZTIyMDlfOWFkOV80MTgyMDJi, TraceId: OGVmYzZiMmQzYjA2OWNhODk0NTRkMTBiOWVmMDAxODc0OWRkZjk0ZDM1NmI1M2E2MTRlY2MzZDhmNmI5MWI1OTQyYWVlY2QwZTk2MDVmZDQ3MmI2Y2I4ZmI5ZmM4ODFjOGFiNDViMGQzNmIzMDlhZmFjNDkzMDU5ZjY5M2M0Yzk=)
[2026-04-17 07:30:14] [ERROR] 上传 data.json 到 COS 失败: /home/runner/work/rss-lhasa/rss-lhasa/cos_upload.go:48 => 上传至COS失败 | 原因: PUT https://lhasa-1253887673.cos.ap-shanghai.myqcloud.com/lhasaRSS/data.json: 403 InvalidAccessKeyId(Message: The Access Key Id you provided does not exist in our records, RequestId: NjllMWUxODVfN2RhNzAzMDlfZTU2XzQxZjVkZGE=, TraceId: OGVmYzZiMmQzYjA2OWNhODk0NTRkMTBiOWVmMDAxODc0OWRkZjk0ZDM1NmI1M2E2MTRlY2MzZDhmNmI5MWI1OTQyYWVlY2QwZTk2MDVmZDQ3MmI2Y2I4ZmI5ZmM4ODFjOGFiNDViMGQzNmIzMDlhZmFjNDkzMDU5ZjY5M2M0Yzk=)
[2026-04-17 07:58:27] [ERROR] 上传 data.json 到 COS 失败: /home/runner/work/rss-lhasa/rss-lhasa/cos_upload.go:48 => 上传至COS失败 | 原因: PUT https://lhasa-1253887673.cos.ap-shanghai.myqcloud.com/lhasaRSS/data.json: 403 InvalidAccessKeyId(Message: The Access Key Id you provided does not exist in our records, RequestId: NjllMWU4MjNfMWI0YWMyMWVfYTk4Yl8yNTIwNzRh, TraceId: OGVmYzZiMmQzYjA2OWNhODk0NTRkMTBiOWVmMDAxODc0OWRkZjk0ZDM1NmI1M2E2MTRlY2MzZDhmNmI5MWI1OTQyYWVlY2QwZTk2MDVmZDQ3MmI2Y2I4ZmI5ZmM4ODFjOGFiNDViMGQzNmIzMDlhZmFjNDkzMDU5ZjY5M2M0Yzk=)
[2026-04-17 08:00:06] [ERROR] 上传 data.json 到 COS 失败: /home/runner/work/rss-lhasa/rss-lhasa/cos_upload.go:48 => 上传至COS失败 | 原因: PUT https://lhasa-1253887673.cos.ap-shanghai.myqcloud.com/lhasaRSS/data.json: 403 InvalidAccessKeyId(Message: The Access Key Id you provided does not exist in our records, RequestId: NjllMWU4ODZfYWI0YjBmMWVfMTQ3OTRfMjRhODg0NA==, TraceId: OGVmYzZiMmQzYjA2OWNhODk0NTRkMTBiOWVmMDAxODc0OWRkZjk0ZDM1NmI1M2E2MTRlY2MzZDhmNmI5MWI1OTQyYWVlY2QwZTk2MDVmZDQ3MmI2Y2I4ZmI5ZmM4ODFjOGFiNDViMGQzNmIzMDlhZmFjNDkzMDU5ZjY5M2M0Yzk=)
[2026-04-17 08:03:52] [ERROR] 上传 data.json 到 COS 失败: /home/runner/work/rss-lhasa/rss-lhasa/cos_upload.go:48 => 上传至COS失败 | 原因: PUT https://lhasa-1253887673.cos.ap-shanghai.myqcloud.com/lhasaRSS/data.json: 403 InvalidAccessKeyId(Message: The Access Key Id you provided does not exist in our records, RequestId: NjllMWU5NjhfY2JhZDAzMDlfYzAxZF80MWZiYjc2, TraceId: OGVmYzZiMmQzYjA2OWNhODk0NTRkMTBiOWVmMDAxODc0OWRkZjk0ZDM1NmI1M2E2MTRlY2MzZDhmNmI5MWI1OTQyYWVlY2QwZTk2MDVmZDQ3MmI2Y2I4ZmI5ZmM4ODFjOGFiNDViMGQzNmIzMDlhZmFjNDkzMDU5ZjY5M2M0Yzk=)
[2026-04-17 08:07:47] 本次订阅抓取结果统计:
[2026-04-17 08:07:47] 共 47 条RSS, 成功抓取 37 条.
[2026-04-17 08:07:47] ✘ 有 10 条订阅解析失败:
[2026-04-17 08:07:47] - https://tumutanzi.com/feed
[2026-04-17 08:07:47] - https://geekinney.com/index.xml
[2026-04-17 08:07:47] - https://freemind.pluskid.org/rss.xml
[2026-04-17 08:07:47] - https://suus.me/atom.xml
[2026-04-17 08:07:47] - https://www.mrhe.net/feed
[2026-04-17 08:07:47] - https://ilogs.cn/feed/
[2026-04-17 08:07:47] - https://www.shephe.com/feed
[2026-04-17 08:07:47] - https://shuiba.co/feed
[2026-04-17 08:07:47] - https://www.moraex.com/feed
[2026-04-17 08:07:47] - https://sizheng.org/feed
