[2026-05-08 00:18:52] 抓取到的文章与现有数据相同，无需更新。
[2026-05-08 01:32:32] 抓取到的文章与现有数据相同，无需更新。
[2026-05-08 02:59:43] 本次订阅抓取结果统计:
[2026-05-08 02:59:43] 共 48 条RSS, 成功抓取 40 条.
[2026-05-08 02:59:43] ✘ 有 8 条订阅解析失败:
[2026-05-08 02:59:43] - https://tumutanzi.com/feed
[2026-05-08 02:59:43] - https://geekinney.com/index.xml
[2026-05-08 02:59:43] - https://suus.me/atom.xml
[2026-05-08 02:59:43] - https://www.shephe.com/feed
[2026-05-08 02:59:43] - https://ilogs.cn/feed/
[2026-05-08 02:59:43] - https://shuiba.co/feed
[2026-05-08 02:59:43] - https://www.moraex.com/feed
[2026-05-08 02:59:43] - https://sizheng.org/feed
[2026-05-08 02:59:43] ✘ 有 1 条订阅头像字段为空, 已使用默认头像:
[2026-05-08 02:59:43] - https://jt26wzz.com/rss.xml
[2026-05-08 04:10:18] 抓取到的文章与现有数据相同，无需更新。
[2026-05-08 05:40:57] 抓取到的文章与现有数据相同，无需更新。
[2026-05-08 06:31:10] 抓取到的文章与现有数据相同，无需更新。
[2026-05-08 07:30:07] 本次订阅抓取结果统计:
[2026-05-08 07:30:07] 共 48 条RSS, 成功抓取 40 条.
[2026-05-08 07:30:07] ✘ 有 8 条订阅解析失败:
[2026-05-08 07:30:07] - https://tumutanzi.com/feed
[2026-05-08 07:30:07] - https://geekinney.com/index.xml
[2026-05-08 07:30:07] - https://suus.me/atom.xml
[2026-05-08 07:30:07] - https://leixus.cn/index.php/feed/
[2026-05-08 07:30:07] - https://shuiba.co/feed
[2026-05-08 07:30:07] - https://sizheng.org/feed
[2026-05-08 07:30:07] - https://www.shephe.com/feed
[2026-05-08 07:30:07] - https://www.moraex.com/feed
[2026-05-08 07:30:07] ✘ 有 1 条订阅头像字段为空, 已使用默认头像:
[2026-05-08 07:30:07] - https://jt26wzz.com/rss.xml
[2026-05-08 08:27:51] 本次订阅抓取结果统计:
[2026-05-08 08:27:51] 共 48 条RSS, 成功抓取 40 条.
[2026-05-08 08:27:51] ✘ 有 8 条订阅解析失败:
[2026-05-08 08:27:51] - https://tumutanzi.com/feed
[2026-05-08 08:27:51] - https://geekinney.com/index.xml
[2026-05-08 08:27:51] - https://suus.me/atom.xml
[2026-05-08 08:27:51] - https://www.shephe.com/feed
[2026-05-08 08:27:51] - https://ilogs.cn/feed/
[2026-05-08 08:27:51] - https://shuiba.co/feed
[2026-05-08 08:27:51] - https://www.moraex.com/feed
[2026-05-08 08:27:51] - https://sizheng.org/feed
[2026-05-08 08:27:51] ✘ 有 1 条订阅头像字段为空, 已使用默认头像:
[2026-05-08 08:27:51] - https://jt26wzz.com/rss.xml
