[2026-03-06 00:12:19] 抓取到的文章与现有数据相同，无需更新。
[2026-03-06 01:30:41] 抓取到的文章与现有数据相同，无需更新。
[2026-03-06 02:53:10] 本次订阅抓取结果统计:
[2026-03-06 02:53:10] 共 47 条RSS, 成功抓取 41 条.
[2026-03-06 02:53:10] ✘ 有 6 条订阅解析失败:
[2026-03-06 02:53:10] - https://tumutanzi.com/feed
[2026-03-06 02:53:10] - https://geekinney.com/index.xml
[2026-03-06 02:53:10] - https://suus.me/atom.xml
[2026-03-06 02:53:10] - https://shuiba.co/feed
[2026-03-06 02:53:10] - https://sizheng.org/feed
[2026-03-06 02:53:10] - https://www.moraex.com/feed
[2026-03-06 03:45:06] 本次订阅抓取结果统计:
[2026-03-06 03:45:06] 共 47 条RSS, 成功抓取 40 条.
[2026-03-06 03:45:06] ✘ 有 7 条订阅解析失败:
[2026-03-06 03:45:06] - https://tumutanzi.com/feed
[2026-03-06 03:45:06] - https://geekinney.com/index.xml
[2026-03-06 03:45:06] - https://suus.me/atom.xml
[2026-03-06 03:45:06] - https://shuiba.co/feed
[2026-03-06 03:45:06] - https://www.moraex.com/feed
[2026-03-06 03:45:06] - https://sizheng.org/feed
[2026-03-06 03:45:06] - https://freemind.pluskid.org/rss.xml
[2026-03-06 04:30:06] 本次订阅抓取结果统计:
[2026-03-06 04:30:06] 共 47 条RSS, 成功抓取 41 条.
[2026-03-06 04:30:06] ✘ 有 6 条订阅解析失败:
[2026-03-06 04:30:06] - https://tumutanzi.com/feed
[2026-03-06 04:30:06] - https://geekinney.com/index.xml
[2026-03-06 04:30:06] - https://suus.me/atom.xml
[2026-03-06 04:30:06] - https://shuiba.co/feed
[2026-03-06 04:30:06] - https://sizheng.org/feed
[2026-03-06 04:30:06] - https://www.moraex.com/feed
[2026-03-06 05:17:44] 抓取到的文章与现有数据相同，无需更新。
[2026-03-06 06:10:10] 抓取到的文章与现有数据相同，无需更新。
