[2026-05-02 00:18:27] 本次订阅抓取结果统计:
[2026-05-02 00:18:27] 共 48 条RSS, 成功抓取 38 条.
[2026-05-02 00:18:27] ✘ 有 10 条订阅解析失败:
[2026-05-02 00:18:27] - https://tumutanzi.com/feed
[2026-05-02 00:18:27] - https://geekinney.com/index.xml
[2026-05-02 00:18:27] - https://suus.me/atom.xml
[2026-05-02 00:18:27] - https://www.shephe.com/feed
[2026-05-02 00:18:27] - https://www.mrhe.net/feed
[2026-05-02 00:18:27] - https://ilogs.cn/feed/
[2026-05-02 00:18:27] - https://shuiba.co/feed
[2026-05-02 00:18:27] - https://sizheng.org/feed
[2026-05-02 00:18:27] - https://www.moraex.com/feed
[2026-05-02 00:18:27] - https://blog.fooleap.org/atom.xml
[2026-05-02 00:18:27] ✘ 有 1 条订阅头像字段为空, 已使用默认头像:
[2026-05-02 00:18:27] - https://jt26wzz.com/rss.xml
[2026-05-02 01:32:06] 本次订阅抓取结果统计:
[2026-05-02 01:32:06] 共 48 条RSS, 成功抓取 39 条.
[2026-05-02 01:32:06] ✘ 有 9 条订阅解析失败:
[2026-05-02 01:32:06] - https://tumutanzi.com/feed
[2026-05-02 01:32:06] - https://geekinney.com/index.xml
[2026-05-02 01:32:06] - https://suus.me/atom.xml
[2026-05-02 01:32:06] - https://www.mrhe.net/feed
[2026-05-02 01:32:06] - https://www.shephe.com/feed
[2026-05-02 01:32:06] - https://ilogs.cn/feed/
[2026-05-02 01:32:06] - https://shuiba.co/feed
[2026-05-02 01:32:06] - https://sizheng.org/feed
[2026-05-02 01:32:06] - https://www.moraex.com/feed
[2026-05-02 01:32:06] ✘ 有 1 条订阅头像字段为空, 已使用默认头像:
[2026-05-02 01:32:06] - https://jt26wzz.com/rss.xml
[2026-05-02 02:59:32] 抓取到的文章与现有数据相同，无需更新。
[2026-05-02 04:12:18] 本次订阅抓取结果统计:
[2026-05-02 04:12:18] 共 48 条RSS, 成功抓取 40 条.
[2026-05-02 04:12:18] ✘ 有 8 条订阅解析失败:
[2026-05-02 04:12:18] - https://tumutanzi.com/feed
[2026-05-02 04:12:18] - https://geekinney.com/index.xml
[2026-05-02 04:12:18] - https://suus.me/atom.xml
[2026-05-02 04:12:18] - https://www.mrhe.net/feed
[2026-05-02 04:12:18] - https://ilogs.cn/feed/
[2026-05-02 04:12:18] - https://shuiba.co/feed
[2026-05-02 04:12:18] - https://sizheng.org/feed
[2026-05-02 04:12:18] - https://www.moraex.com/feed
[2026-05-02 04:12:18] ✘ 有 1 条订阅头像字段为空, 已使用默认头像:
[2026-05-02 04:12:18] - https://jt26wzz.com/rss.xml
[2026-05-02 05:47:16] 抓取到的文章与现有数据相同，无需更新。
[2026-05-02 06:34:11] 抓取到的文章与现有数据相同，无需更新。
[2026-05-02 07:30:09] 本次订阅抓取结果统计:
[2026-05-02 07:30:09] 共 48 条RSS, 成功抓取 40 条.
[2026-05-02 07:30:09] ✘ 有 8 条订阅解析失败:
[2026-05-02 07:30:09] - https://tumutanzi.com/feed
[2026-05-02 07:30:09] - https://geekinney.com/index.xml
[2026-05-02 07:30:09] - https://suus.me/atom.xml
[2026-05-02 07:30:09] - https://www.mrhe.net/feed
[2026-05-02 07:30:09] - https://ilogs.cn/feed/
[2026-05-02 07:30:09] - https://shuiba.co/feed
[2026-05-02 07:30:09] - https://www.moraex.com/feed
[2026-05-02 07:30:09] - https://sizheng.org/feed
[2026-05-02 07:30:09] ✘ 有 1 条订阅头像字段为空, 已使用默认头像:
[2026-05-02 07:30:09] - https://jt26wzz.com/rss.xml
[2026-05-02 08:27:25] 抓取到的文章与现有数据相同，无需更新。
[2026-05-02 09:22:48] 本次订阅抓取结果统计:
[2026-05-02 09:22:48] 共 48 条RSS, 成功抓取 40 条.
[2026-05-02 09:22:48] ✘ 有 8 条订阅解析失败:
[2026-05-02 09:22:48] - https://tumutanzi.com/feed
[2026-05-02 09:22:48] - https://geekinney.com/index.xml
[2026-05-02 09:22:48] - https://suus.me/atom.xml
[2026-05-02 09:22:48] - https://www.mrhe.net/feed
[2026-05-02 09:22:48] - https://ilogs.cn/feed/
[2026-05-02 09:22:48] - https://shuiba.co/feed
[2026-05-02 09:22:48] - https://www.moraex.com/feed
[2026-05-02 09:22:48] - https://sizheng.org/feed
[2026-05-02 09:22:48] ✘ 有 1 条订阅头像字段为空, 已使用默认头像:
[2026-05-02 09:22:48] - https://jt26wzz.com/rss.xml
[2026-05-02 10:16:42] 抓取到的文章与现有数据相同，无需更新。
[2026-05-02 11:14:21] 抓取到的文章与现有数据相同，无需更新。
[2026-05-02 12:12:31] 抓取到的文章与现有数据相同，无需更新。
[2026-05-02 13:28:41] 本次订阅抓取结果统计:
[2026-05-02 13:28:41] 共 48 条RSS, 成功抓取 40 条.
[2026-05-02 13:28:41] ✘ 有 8 条订阅解析失败:
[2026-05-02 13:28:41] - https://tumutanzi.com/feed
[2026-05-02 13:28:41] - https://geekinney.com/index.xml
[2026-05-02 13:28:41] - https://suus.me/atom.xml
[2026-05-02 13:28:41] - https://www.mrhe.net/feed
[2026-05-02 13:28:41] - https://ilogs.cn/feed/
[2026-05-02 13:28:41] - https://shuiba.co/feed
[2026-05-02 13:28:41] - https://www.moraex.com/feed
[2026-05-02 13:28:41] - https://sizheng.org/feed
[2026-05-02 13:28:41] ✘ 有 1 条订阅头像字段为空, 已使用默认头像:
[2026-05-02 13:28:41] - https://jt26wzz.com/rss.xml
[2026-05-02 14:17:28] 抓取到的文章与现有数据相同，无需更新。
[2026-05-02 15:13:34] 抓取到的文章与现有数据相同，无需更新。
