[2026-05-13 00:22:23] 抓取到的文章与现有数据相同，无需更新。
[2026-05-13 01:34:44] 本次订阅抓取结果统计:
[2026-05-13 01:34:44] 共 49 条RSS, 成功抓取 39 条.
[2026-05-13 01:34:44] ✘ 有 10 条订阅解析失败:
[2026-05-13 01:34:44] - https://tumutanzi.com/feed
[2026-05-13 01:34:44] - https://geekinney.com/index.xml
[2026-05-13 01:34:44] - https://suus.me/atom.xml
[2026-05-13 01:34:44] - https://ilogs.cn/feed/
[2026-05-13 01:34:44] - https://shuiba.co/feed
[2026-05-13 01:34:44] - https://writings.howsoonisnow.org/blog/feed/feed.xml
[2026-05-13 01:34:44] - https://www.moraex.com/feed
[2026-05-13 01:34:44] - https://www.shephe.com/feed
[2026-05-13 01:34:44] - https://sizheng.org/feed
[2026-05-13 01:34:44] - https://ayayy.com/feed/
[2026-05-13 01:34:44] ✘ 有 1 条订阅头像字段为空, 已使用默认头像:
[2026-05-13 01:34:44] - https://jt26wzz.com/rss.xml
[2026-05-13 03:00:56] 抓取到的文章与现有数据相同，无需更新。
[2026-05-13 04:26:52] 抓取到的文章与现有数据相同，无需更新。
[2026-05-13 06:06:40] 抓取到的文章与现有数据相同，无需更新。
[2026-05-13 07:58:55] 抓取到的文章与现有数据相同，无需更新。
[2026-05-13 09:07:25] 本次订阅抓取结果统计:
[2026-05-13 09:07:25] 共 49 条RSS, 成功抓取 39 条.
[2026-05-13 09:07:25] ✘ 有 10 条订阅解析失败:
[2026-05-13 09:07:25] - https://tumutanzi.com/feed
[2026-05-13 09:07:25] - https://geekinney.com/index.xml
[2026-05-13 09:07:25] - https://suus.me/atom.xml
[2026-05-13 09:07:25] - https://ilogs.cn/feed/
[2026-05-13 09:07:25] - https://shuiba.co/feed
[2026-05-13 09:07:25] - https://writings.howsoonisnow.org/blog/feed/feed.xml
[2026-05-13 09:07:25] - https://www.shephe.com/feed
[2026-05-13 09:07:25] - https://www.moraex.com/feed
[2026-05-13 09:07:25] - https://sizheng.org/feed
[2026-05-13 09:07:25] - https://ayayy.com/feed/
[2026-05-13 09:07:25] ✘ 有 1 条订阅头像字段为空, 已使用默认头像:
[2026-05-13 09:07:25] - https://jt26wzz.com/rss.xml
[2026-05-13 10:49:00] 抓取到的文章与现有数据相同，无需更新。
[2026-05-13 11:42:07] 抓取到的文章与现有数据相同，无需更新。
[2026-05-13 12:37:13] 抓取到的文章与现有数据相同，无需更新。
[2026-05-13 13:40:31] 抓取到的文章与现有数据相同，无需更新。
[2026-05-13 14:57:58] 抓取到的文章与现有数据相同，无需更新。
[2026-05-13 15:53:50] 抓取到的文章与现有数据相同，无需更新。
[2026-05-13 16:42:49] [ERROR] 拉取RSS链接失败: /home/runner/work/rss-lhasa/rss-lhasa/feed_fetcher.go:53 => 无法获取RSS列表文件: https://lhasa-1253887673.cos.ap-shanghai.myqcloud.com/lhasaRSS/rss.txt | 原因: Get "https://lhasa-1253887673.cos.ap-shanghai.myqcloud.com/lhasaRSS/rss.txt": net/http: TLS handshake timeout
