[2026-06-04 00:34:07] 本次订阅抓取结果统计:
[2026-06-04 00:34:07] 共 51 条RSS, 成功抓取 38 条.
[2026-06-04 00:34:07] ✘ 有 13 条订阅解析失败:
[2026-06-04 00:34:07] - https://tumutanzi.com/feed
[2026-06-04 00:34:07] - https://geekinney.com/index.xml
[2026-06-04 00:34:07] - https://suus.me/atom.xml
[2026-06-04 00:34:07] - https://www.shephe.com/feed
[2026-06-04 00:34:07] - https://innei.in/feed
[2026-06-04 00:34:07] - https://ilogs.cn/feed/
[2026-06-04 00:34:07] - https://shuiba.co/feed
[2026-06-04 00:34:07] - https://www.moraex.com/feed
[2026-06-04 00:34:07] - https://writings.howsoonisnow.org/blog/feed/feed.xml
[2026-06-04 00:34:07] - https://sizheng.org/feed
[2026-06-04 00:34:07] - https://4op.top/index.xml
[2026-06-04 00:34:07] - https://blog.fueis.com/feed
[2026-06-04 00:34:07] - https://note.redcha.cn/rss.xml
[2026-06-04 00:34:07] ✘ 有 1 条订阅头像字段为空, 已使用默认头像:
[2026-06-04 00:34:07] - https://jt26wzz.com/rss.xml
[2026-06-04 01:50:16] 本次订阅抓取结果统计:
[2026-06-04 01:50:16] 共 51 条RSS, 成功抓取 39 条.
[2026-06-04 01:50:16] ✘ 有 12 条订阅解析失败:
[2026-06-04 01:50:16] - https://tumutanzi.com/feed
[2026-06-04 01:50:16] - https://geekinney.com/index.xml
[2026-06-04 01:50:16] - https://suus.me/atom.xml
[2026-06-04 01:50:16] - https://www.shephe.com/feed
[2026-06-04 01:50:16] - https://innei.in/feed
[2026-06-04 01:50:16] - https://ilogs.cn/feed/
[2026-06-04 01:50:16] - https://www.moraex.com/feed
[2026-06-04 01:50:16] - https://shuiba.co/feed
[2026-06-04 01:50:16] - https://writings.howsoonisnow.org/blog/feed/feed.xml
[2026-06-04 01:50:16] - https://sizheng.org/feed
[2026-06-04 01:50:16] - https://4op.top/index.xml
[2026-06-04 01:50:16] - https://note.redcha.cn/rss.xml
[2026-06-04 01:50:16] ✘ 有 1 条订阅头像字段为空, 已使用默认头像:
[2026-06-04 01:50:16] - https://jt26wzz.com/rss.xml
[2026-06-04 03:02:25] 本次订阅抓取结果统计:
[2026-06-04 03:02:25] 共 51 条RSS, 成功抓取 38 条.
[2026-06-04 03:02:25] ✘ 有 13 条订阅解析失败:
[2026-06-04 03:02:25] - https://tumutanzi.com/feed
[2026-06-04 03:02:25] - https://geekinney.com/index.xml
[2026-06-04 03:02:25] - https://suus.me/atom.xml
[2026-06-04 03:02:25] - https://www.shephe.com/feed
[2026-06-04 03:02:25] - https://ilogs.cn/feed/
[2026-06-04 03:02:25] - https://innei.in/feed
[2026-06-04 03:02:25] - https://shuiba.co/feed
[2026-06-04 03:02:25] - https://www.moraex.com/feed
[2026-06-04 03:02:25] - https://writings.howsoonisnow.org/blog/feed/feed.xml
[2026-06-04 03:02:25] - https://sizheng.org/feed
[2026-06-04 03:02:25] - https://4op.top/index.xml
[2026-06-04 03:02:25] - https://note.redcha.cn/rss.xml
[2026-06-04 03:02:25] - https://www.xiaoten.com/index.xml
[2026-06-04 03:02:25] ✘ 有 1 条订阅头像字段为空, 已使用默认头像:
[2026-06-04 03:02:25] - https://jt26wzz.com/rss.xml
[2026-06-04 05:32:22] 本次订阅抓取结果统计:
[2026-06-04 05:32:22] 共 51 条RSS, 成功抓取 39 条.
[2026-06-04 05:32:22] ✘ 有 12 条订阅解析失败:
[2026-06-04 05:32:22] - https://tumutanzi.com/feed
[2026-06-04 05:32:22] - https://geekinney.com/index.xml
[2026-06-04 05:32:22] - https://suus.me/atom.xml
[2026-06-04 05:32:22] - https://www.shephe.com/feed
[2026-06-04 05:32:22] - https://innei.in/feed
[2026-06-04 05:32:22] - https://ilogs.cn/feed/
[2026-06-04 05:32:22] - https://shuiba.co/feed
[2026-06-04 05:32:22] - https://www.moraex.com/feed
[2026-06-04 05:32:22] - https://writings.howsoonisnow.org/blog/feed/feed.xml
[2026-06-04 05:32:22] - https://sizheng.org/feed
[2026-06-04 05:32:22] - https://4op.top/index.xml
[2026-06-04 05:32:22] - https://note.redcha.cn/rss.xml
[2026-06-04 05:32:22] ✘ 有 1 条订阅头像字段为空, 已使用默认头像:
[2026-06-04 05:32:22] - https://jt26wzz.com/rss.xml
[2026-06-04 07:30:02] 本次订阅抓取结果统计:
[2026-06-04 07:30:02] 共 51 条RSS, 成功抓取 39 条.
[2026-06-04 07:30:02] ✘ 有 12 条订阅解析失败:
[2026-06-04 07:30:02] - https://tumutanzi.com/feed
[2026-06-04 07:30:02] - https://geekinney.com/index.xml
[2026-06-04 07:30:02] - https://suus.me/atom.xml
[2026-06-04 07:30:02] - https://ilogs.cn/feed/
[2026-06-04 07:30:02] - https://innei.in/feed
[2026-06-04 07:30:02] - https://shuiba.co/feed
[2026-06-04 07:30:02] - https://www.moraex.com/feed
[2026-06-04 07:30:02] - https://writings.howsoonisnow.org/blog/feed/feed.xml
[2026-06-04 07:30:02] - https://www.shephe.com/feed
[2026-06-04 07:30:02] - https://sizheng.org/feed
[2026-06-04 07:30:02] - https://note.redcha.cn/rss.xml
[2026-06-04 07:30:02] - https://4op.top/index.xml
[2026-06-04 07:30:02] ✘ 有 1 条订阅头像字段为空, 已使用默认头像:
[2026-06-04 07:30:02] - https://jt26wzz.com/rss.xml
[2026-06-04 08:26:35] 抓取到的文章与现有数据相同，无需更新。
[2026-06-04 09:14:37] 抓取到的文章与现有数据相同，无需更新。
[2026-06-04 11:00:57] 抓取到的文章与现有数据相同，无需更新。
[2026-06-04 12:05:54] 抓取到的文章与现有数据相同，无需更新。
[2026-06-04 13:59:56] 抓取到的文章与现有数据相同，无需更新。
[2026-06-04 15:12:20] 本次订阅抓取结果统计:
[2026-06-04 15:12:20] 共 52 条RSS, 成功抓取 36 条.
[2026-06-04 15:12:20] ✘ 有 16 条订阅解析失败:
[2026-06-04 15:12:20] - https://tumutanzi.com/feed
[2026-06-04 15:12:20] - https://geekinney.com/index.xml
[2026-06-04 15:12:20] - https://freemind.pluskid.org/rss.xml
[2026-06-04 15:12:20] - https://suus.me/atom.xml
[2026-06-04 15:12:20] - https://leixus.cn/index.php/feed/
[2026-06-04 15:12:20] - https://www.shephe.com/feed
[2026-06-04 15:12:20] - https://innei.in/feed
[2026-06-04 15:12:20] - https://ilogs.cn/feed/
[2026-06-04 15:12:20] - https://shuiba.co/feed
[2026-06-04 15:12:20] - https://www.moraex.com/feed
[2026-06-04 15:12:20] - https://writings.howsoonisnow.org/blog/feed/feed.xml
[2026-06-04 15:12:20] - https://sizheng.org/feed
[2026-06-04 15:12:20] - https://4op.top/index.xml
[2026-06-04 15:12:20] - https://note.redcha.cn/rss.xml
[2026-06-04 15:12:20] - https://blog.gankudadiz.com/feed
[2026-06-04 15:12:20] - http://www.cyys.net/wp/feed
[2026-06-04 15:12:20] ✘ 有 1 条订阅头像字段为空, 已使用默认头像:
[2026-06-04 15:12:20] - https://jt26wzz.com/rss.xml
[2026-06-04 16:58:59] 本次订阅抓取结果统计:
[2026-06-04 16:58:59] 共 52 条RSS, 成功抓取 39 条.
[2026-06-04 16:58:59] ✘ 有 13 条订阅解析失败:
[2026-06-04 16:58:59] - https://tumutanzi.com/feed
[2026-06-04 16:58:59] - https://geekinney.com/index.xml
[2026-06-04 16:58:59] - https://suus.me/atom.xml
[2026-06-04 16:58:59] - https://www.shephe.com/feed
[2026-06-04 16:58:59] - https://ilogs.cn/feed/
[2026-06-04 16:58:59] - https://innei.in/feed
[2026-06-04 16:58:59] - https://www.moraex.com/feed
[2026-06-04 16:58:59] - https://shuiba.co/feed
[2026-06-04 16:58:59] - https://writings.howsoonisnow.org/blog/feed/feed.xml
[2026-06-04 16:58:59] - https://sizheng.org/feed
[2026-06-04 16:58:59] - https://4op.top/index.xml
[2026-06-04 16:58:59] - https://note.redcha.cn/rss.xml
[2026-06-04 16:58:59] - https://blog.gankudadiz.com/feed
[2026-06-04 16:58:59] ✘ 有 1 条订阅头像字段为空, 已使用默认头像:
[2026-06-04 16:58:59] - https://jt26wzz.com/rss.xml
[2026-06-04 17:55:48] 本次订阅抓取结果统计:
[2026-06-04 17:55:48] 共 52 条RSS, 成功抓取 38 条.
[2026-06-04 17:55:48] ✘ 有 14 条订阅解析失败:
[2026-06-04 17:55:48] - https://tumutanzi.com/feed
[2026-06-04 17:55:48] - https://geekinney.com/index.xml
[2026-06-04 17:55:48] - https://suus.me/atom.xml
[2026-06-04 17:55:48] - https://leixus.cn/index.php/feed/
[2026-06-04 17:55:48] - https://www.shephe.com/feed
[2026-06-04 17:55:48] - https://ilogs.cn/feed/
[2026-06-04 17:55:48] - https://innei.in/feed
[2026-06-04 17:55:48] - https://shuiba.co/feed
[2026-06-04 17:55:48] - https://www.moraex.com/feed
[2026-06-04 17:55:48] - https://writings.howsoonisnow.org/blog/feed/feed.xml
[2026-06-04 17:55:48] - https://sizheng.org/feed
[2026-06-04 17:55:48] - https://4op.top/index.xml
[2026-06-04 17:55:48] - https://note.redcha.cn/rss.xml
[2026-06-04 17:55:48] - https://blog.gankudadiz.com/feed
[2026-06-04 17:55:48] ✘ 有 1 条订阅头像字段为空, 已使用默认头像:
[2026-06-04 17:55:48] - https://jt26wzz.com/rss.xml
[2026-06-04 18:41:00] 本次订阅抓取结果统计:
[2026-06-04 18:41:00] 共 52 条RSS, 成功抓取 39 条.
[2026-06-04 18:41:00] ✘ 有 13 条订阅解析失败:
[2026-06-04 18:41:00] - https://tumutanzi.com/feed
[2026-06-04 18:41:00] - https://geekinney.com/index.xml
[2026-06-04 18:41:00] - https://suus.me/atom.xml
[2026-06-04 18:41:00] - https://www.shephe.com/feed
[2026-06-04 18:41:00] - https://ilogs.cn/feed/
[2026-06-04 18:41:00] - https://innei.in/feed
[2026-06-04 18:41:00] - https://shuiba.co/feed
[2026-06-04 18:41:00] - https://www.moraex.com/feed
[2026-06-04 18:41:00] - https://writings.howsoonisnow.org/blog/feed/feed.xml
[2026-06-04 18:41:00] - https://sizheng.org/feed
[2026-06-04 18:41:00] - https://4op.top/index.xml
[2026-06-04 18:41:00] - https://note.redcha.cn/rss.xml
[2026-06-04 18:41:00] - https://blog.gankudadiz.com/feed
[2026-06-04 18:41:00] ✘ 有 1 条订阅头像字段为空, 已使用默认头像:
[2026-06-04 18:41:00] - https://jt26wzz.com/rss.xml
