[2026-04-08 00:11:31] 抓取到的文章与现有数据相同，无需更新。
[2026-04-08 01:32:12] 本次订阅抓取结果统计:
[2026-04-08 01:32:12] 共 46 条RSS, 成功抓取 37 条.
[2026-04-08 01:32:12] ✘ 有 9 条订阅解析失败:
[2026-04-08 01:32:12] - https://tumutanzi.com/feed
[2026-04-08 01:32:12] - https://geekinney.com/index.xml
[2026-04-08 01:32:12] - https://suus.me/atom.xml
[2026-04-08 01:32:12] - https://leixus.cn/index.php/feed/
[2026-04-08 01:32:12] - https://ilogs.cn/feed/
[2026-04-08 01:32:12] - https://shuiba.co/feed
[2026-04-08 01:32:12] - https://www.moraex.com/feed
[2026-04-08 01:32:12] - https://sizheng.org/feed
[2026-04-08 01:32:12] - http://www.cyys.net/wp/feed
[2026-04-08 02:58:59] 本次订阅抓取结果统计:
[2026-04-08 02:58:59] 共 46 条RSS, 成功抓取 39 条.
[2026-04-08 02:58:59] ✘ 有 7 条订阅解析失败:
[2026-04-08 02:58:59] - https://tumutanzi.com/feed
[2026-04-08 02:58:59] - https://geekinney.com/index.xml
[2026-04-08 02:58:59] - https://suus.me/atom.xml
[2026-04-08 02:58:59] - https://shuiba.co/feed
[2026-04-08 02:58:59] - https://ilogs.cn/feed/
[2026-04-08 02:58:59] - https://www.moraex.com/feed
[2026-04-08 02:58:59] - https://sizheng.org/feed
