[2026-05-16 00:18:47] 抓取到的文章与现有数据相同，无需更新。
[2026-05-16 01:32:06] 抓取到的文章与现有数据相同，无需更新。
[2026-05-16 03:00:03] 抓取到的文章与现有数据相同，无需更新。
[2026-05-16 04:19:48] 抓取到的文章与现有数据相同，无需更新。
[2026-05-16 05:59:01] 抓取到的文章与现有数据相同，无需更新。
[2026-05-16 06:57:07] 抓取到的文章与现有数据相同，无需更新。
[2026-05-16 07:37:21] 抓取到的文章与现有数据相同，无需更新。
[2026-05-16 08:31:20] 抓取到的文章与现有数据相同，无需更新。
[2026-05-16 09:29:36] 抓取到的文章与现有数据相同，无需更新。
[2026-05-16 10:25:05] 本次订阅抓取结果统计:
[2026-05-16 10:25:05] 共 49 条RSS, 成功抓取 39 条.
[2026-05-16 10:25:05] ✘ 有 10 条订阅解析失败:
[2026-05-16 10:25:05] - https://tumutanzi.com/feed
[2026-05-16 10:25:05] - https://geekinney.com/index.xml
[2026-05-16 10:25:05] - https://suus.me/atom.xml
[2026-05-16 10:25:05] - https://ilogs.cn/feed/
[2026-05-16 10:25:05] - https://shuiba.co/feed
[2026-05-16 10:25:05] - https://www.shephe.com/feed
[2026-05-16 10:25:05] - https://writings.howsoonisnow.org/blog/feed/feed.xml
[2026-05-16 10:25:05] - https://www.moraex.com/feed
[2026-05-16 10:25:05] - https://sizheng.org/feed
[2026-05-16 10:25:05] - http://www.cyys.net/wp/feed
[2026-05-16 10:25:05] ✘ 有 1 条订阅头像字段为空, 已使用默认头像:
[2026-05-16 10:25:05] - https://jt26wzz.com/rss.xml
[2026-05-16 11:20:17] 抓取到的文章与现有数据相同，无需更新。
[2026-05-16 12:15:56] 本次订阅抓取结果统计:
[2026-05-16 12:15:56] 共 49 条RSS, 成功抓取 38 条.
[2026-05-16 12:15:56] ✘ 有 11 条订阅解析失败:
[2026-05-16 12:15:56] - https://tumutanzi.com/feed
[2026-05-16 12:15:56] - https://geekinney.com/index.xml
[2026-05-16 12:15:56] - https://suus.me/atom.xml
[2026-05-16 12:15:56] - https://ilogs.cn/feed/
[2026-05-16 12:15:56] - https://shuiba.co/feed
[2026-05-16 12:15:56] - https://writings.howsoonisnow.org/blog/feed/feed.xml
[2026-05-16 12:15:56] - https://www.moraex.com/feed
[2026-05-16 12:15:56] - https://www.shephe.com/feed
[2026-05-16 12:15:56] - https://sizheng.org/feed
[2026-05-16 12:15:56] - http://www.cyys.net/wp/feed
[2026-05-16 12:15:56] - https://note.redcha.cn/rss.xml
[2026-05-16 12:15:56] ✘ 有 1 条订阅头像字段为空, 已使用默认头像:
[2026-05-16 12:15:56] - https://jt26wzz.com/rss.xml
[2026-05-16 13:28:54] 本次订阅抓取结果统计:
[2026-05-16 13:28:54] 共 49 条RSS, 成功抓取 39 条.
[2026-05-16 13:28:54] ✘ 有 10 条订阅解析失败:
[2026-05-16 13:28:54] - https://tumutanzi.com/feed
[2026-05-16 13:28:54] - https://geekinney.com/index.xml
[2026-05-16 13:28:54] - https://suus.me/atom.xml
[2026-05-16 13:28:54] - https://ilogs.cn/feed/
[2026-05-16 13:28:54] - https://shuiba.co/feed
[2026-05-16 13:28:54] - https://www.moraex.com/feed
[2026-05-16 13:28:54] - https://writings.howsoonisnow.org/blog/feed/feed.xml
[2026-05-16 13:28:54] - https://sizheng.org/feed
[2026-05-16 13:28:54] - https://www.shephe.com/feed
[2026-05-16 13:28:54] - http://www.cyys.net/wp/feed
[2026-05-16 13:28:54] ✘ 有 1 条订阅头像字段为空, 已使用默认头像:
[2026-05-16 13:28:54] - https://jt26wzz.com/rss.xml
[2026-05-16 14:26:03] 抓取到的文章与现有数据相同，无需更新。
[2026-05-16 15:19:43] 抓取到的文章与现有数据相同，无需更新。
[2026-05-16 16:16:10] 本次订阅抓取结果统计:
[2026-05-16 16:16:10] 共 49 条RSS, 成功抓取 39 条.
[2026-05-16 16:16:10] ✘ 有 10 条订阅解析失败:
[2026-05-16 16:16:10] - https://tumutanzi.com/feed
[2026-05-16 16:16:10] - https://geekinney.com/index.xml
[2026-05-16 16:16:10] - https://suus.me/atom.xml
[2026-05-16 16:16:10] - https://ilogs.cn/feed/
[2026-05-16 16:16:10] - https://www.shephe.com/feed
[2026-05-16 16:16:10] - https://shuiba.co/feed
[2026-05-16 16:16:10] - https://writings.howsoonisnow.org/blog/feed/feed.xml
[2026-05-16 16:16:10] - https://www.moraex.com/feed
[2026-05-16 16:16:10] - https://sizheng.org/feed
[2026-05-16 16:16:10] - http://www.cyys.net/wp/feed
[2026-05-16 16:16:10] ✘ 有 1 条订阅头像字段为空, 已使用默认头像:
[2026-05-16 16:16:10] - https://jt26wzz.com/rss.xml
