[2026-06-30 00:25:24] 抓取到的文章与现有数据相同，无需更新。
[2026-06-30 01:38:08] 抓取到的文章与现有数据相同，无需更新。
[2026-06-30 03:01:03] 本次订阅抓取结果统计:
[2026-06-30 03:01:03] 共 54 条RSS, 成功抓取 43 条.
[2026-06-30 03:01:03] ✘ 有 11 条订阅解析失败:
[2026-06-30 03:01:03] - https://geekinney.com/index.xml
[2026-06-30 03:01:03] - https://tumutanzi.com/feed
[2026-06-30 03:01:03] - https://suus.me/atom.xml
[2026-06-30 03:01:03] - https://www.shephe.com/feed
[2026-06-30 03:01:03] - https://leixus.cn/index.php/feed/
[2026-06-30 03:01:03] - https://ilogs.cn/feed/
[2026-06-30 03:01:03] - https://www.moraex.com/feed
[2026-06-30 03:01:03] - https://writings.howsoonisnow.org/blog/feed/feed.xml
[2026-06-30 03:01:03] - https://sizheng.org/feed
[2026-06-30 03:01:03] - https://4op.top/index.xml
[2026-06-30 03:01:03] - https://ayayy.com/feed/
[2026-06-30 03:01:03] ✘ 有 1 条订阅头像字段为空, 已使用默认头像:
[2026-06-30 03:01:03] - https://jt26wzz.com/rss.xml
[2026-06-30 05:19:11] 本次订阅抓取结果统计:
[2026-06-30 05:19:11] 共 54 条RSS, 成功抓取 43 条.
[2026-06-30 05:19:11] ✘ 有 11 条订阅解析失败:
[2026-06-30 05:19:11] - https://tumutanzi.com/feed
[2026-06-30 05:19:11] - https://geekinney.com/index.xml
[2026-06-30 05:19:11] - https://suus.me/atom.xml
[2026-06-30 05:19:11] - https://leixus.cn/index.php/feed/
[2026-06-30 05:19:11] - https://www.shephe.com/feed
[2026-06-30 05:19:11] - https://ilogs.cn/feed/
[2026-06-30 05:19:11] - https://writings.howsoonisnow.org/blog/feed/feed.xml
[2026-06-30 05:19:11] - https://www.moraex.com/feed
[2026-06-30 05:19:11] - https://sizheng.org/feed
[2026-06-30 05:19:11] - https://4op.top/index.xml
[2026-06-30 05:19:11] - https://ayayy.com/feed/
[2026-06-30 05:19:11] ✘ 有 1 条订阅头像字段为空, 已使用默认头像:
[2026-06-30 05:19:11] - https://jt26wzz.com/rss.xml
[2026-06-30 07:10:52] 本次订阅抓取结果统计:
[2026-06-30 07:10:52] 共 54 条RSS, 成功抓取 45 条.
[2026-06-30 07:10:52] ✘ 有 9 条订阅解析失败:
[2026-06-30 07:10:52] - https://geekinney.com/index.xml
[2026-06-30 07:10:52] - https://suus.me/atom.xml
[2026-06-30 07:10:52] - https://ilogs.cn/feed/
[2026-06-30 07:10:52] - https://www.shephe.com/feed
[2026-06-30 07:10:52] - https://writings.howsoonisnow.org/blog/feed/feed.xml
[2026-06-30 07:10:52] - https://www.moraex.com/feed
[2026-06-30 07:10:52] - https://sizheng.org/feed
[2026-06-30 07:10:52] - https://4op.top/index.xml
[2026-06-30 07:10:52] - https://ayayy.com/feed/
[2026-06-30 07:10:52] ✘ 有 1 条订阅头像字段为空, 已使用默认头像:
[2026-06-30 07:10:52] - https://jt26wzz.com/rss.xml
[2026-06-30 09:01:16] 本次订阅抓取结果统计:
[2026-06-30 09:01:16] 共 54 条RSS, 成功抓取 45 条.
[2026-06-30 09:01:16] ✘ 有 9 条订阅解析失败:
[2026-06-30 09:01:16] - https://geekinney.com/index.xml
[2026-06-30 09:01:16] - https://suus.me/atom.xml
[2026-06-30 09:01:16] - https://www.shephe.com/feed
[2026-06-30 09:01:16] - https://ilogs.cn/feed/
[2026-06-30 09:01:16] - https://writings.howsoonisnow.org/blog/feed/feed.xml
[2026-06-30 09:01:16] - https://www.moraex.com/feed
[2026-06-30 09:01:16] - https://sizheng.org/feed
[2026-06-30 09:01:16] - https://4op.top/index.xml
[2026-06-30 09:01:16] - https://ayayy.com/feed/
[2026-06-30 09:01:16] ✘ 有 1 条订阅头像字段为空, 已使用默认头像:
[2026-06-30 09:01:16] - https://jt26wzz.com/rss.xml
[2026-06-30 10:59:09] 抓取到的文章与现有数据相同，无需更新。
[2026-06-30 11:54:31] 抓取到的文章与现有数据相同，无需更新。
