[2026-07-23 01:29:27] 本次订阅抓取结果统计:
[2026-07-23 01:29:27] 共 54 条RSS, 成功抓取 45 条.
[2026-07-23 01:29:27] ✘ 有 9 条订阅解析失败:
[2026-07-23 01:29:27] - https://geekinney.com/index.xml
[2026-07-23 01:29:27] - https://suus.me/atom.xml
[2026-07-23 01:29:27] - https://ilogs.cn/feed/
[2026-07-23 01:29:27] - https://www.shephe.com/feed
[2026-07-23 01:29:27] - https://writings.howsoonisnow.org/blog/feed/feed.xml
[2026-07-23 01:29:27] - https://www.moraex.com/feed
[2026-07-23 01:29:27] - https://sizheng.org/feed
[2026-07-23 01:29:27] - https://4op.top/index.xml
[2026-07-23 01:29:27] - https://ayayy.com/feed/
[2026-07-23 01:29:27] ✘ 有 1 条订阅头像字段为空, 已使用默认头像:
[2026-07-23 01:29:27] - https://jt26wzz.com/rss.xml
[2026-07-23 05:12:38] 抓取到的文章与现有数据相同，无需更新。
[2026-07-23 08:08:02] [WARN] 加载头像映射失败: failed to fetch avatar map: Get "https://cos.lhasa.icu/lhasaRSS/avatar.json": context deadline exceeded (Client.Timeout exceeded while awaiting headers)
[2026-07-23 08:08:23] 本次订阅抓取结果统计:
[2026-07-23 08:08:23] 共 54 条RSS, 成功抓取 45 条.
[2026-07-23 08:08:23] ✘ 有 9 条订阅解析失败:
[2026-07-23 08:08:23] - https://geekinney.com/index.xml
[2026-07-23 08:08:23] - https://suus.me/atom.xml
[2026-07-23 08:08:23] - https://ilogs.cn/feed/
[2026-07-23 08:08:23] - https://www.shephe.com/feed
[2026-07-23 08:08:23] - https://writings.howsoonisnow.org/blog/feed/feed.xml
[2026-07-23 08:08:23] - https://sizheng.org/feed
[2026-07-23 08:08:23] - https://www.moraex.com/feed
[2026-07-23 08:08:23] - https://4op.top/index.xml
[2026-07-23 08:08:23] - https://ayayy.com/feed/
[2026-07-23 08:08:23] ✘ 有 1 条订阅头像字段为空, 已使用默认头像:
[2026-07-23 08:08:23] - https://mayx.eu.org/atom.xml
[2026-07-23 08:08:23] ✘ 有 2 条订阅头像无法访问, 已使用默认头像:
[2026-07-23 08:08:23] - https://skywind.me/blog/feed
[2026-07-23 08:08:23] - https://laike9m.com/blog/rss/
[2026-07-23 10:56:54] 本次订阅抓取结果统计:
[2026-07-23 10:56:54] 共 54 条RSS, 成功抓取 45 条.
[2026-07-23 10:56:54] ✘ 有 9 条订阅解析失败:
[2026-07-23 10:56:54] - https://geekinney.com/index.xml
[2026-07-23 10:56:54] - https://suus.me/atom.xml
[2026-07-23 10:56:54] - https://www.shephe.com/feed
[2026-07-23 10:56:54] - https://ilogs.cn/feed/
[2026-07-23 10:56:54] - https://writings.howsoonisnow.org/blog/feed/feed.xml
[2026-07-23 10:56:54] - https://sizheng.org/feed
[2026-07-23 10:56:54] - https://www.moraex.com/feed
[2026-07-23 10:56:54] - https://4op.top/index.xml
[2026-07-23 10:56:54] - https://ayayy.com/feed/
[2026-07-23 10:56:54] ✘ 有 1 条订阅头像字段为空, 已使用默认头像:
[2026-07-23 10:56:54] - https://jt26wzz.com/rss.xml
[2026-07-23 12:19:05] 本次订阅抓取结果统计:
[2026-07-23 12:19:05] 共 54 条RSS, 成功抓取 43 条.
[2026-07-23 12:19:05] ✘ 有 11 条订阅解析失败:
[2026-07-23 12:19:05] - https://geekinney.com/index.xml
[2026-07-23 12:19:05] - https://tumutanzi.com/feed
[2026-07-23 12:19:05] - https://suus.me/atom.xml
[2026-07-23 12:19:05] - https://leixus.cn/index.php/feed/
[2026-07-23 12:19:05] - https://www.shephe.com/feed
[2026-07-23 12:19:05] - https://ilogs.cn/feed/
[2026-07-23 12:19:05] - https://writings.howsoonisnow.org/blog/feed/feed.xml
[2026-07-23 12:19:05] - https://sizheng.org/feed
[2026-07-23 12:19:05] - https://www.moraex.com/feed
[2026-07-23 12:19:05] - https://4op.top/index.xml
[2026-07-23 12:19:05] - https://ayayy.com/feed/
[2026-07-23 12:19:05] ✘ 有 1 条订阅头像字段为空, 已使用默认头像:
[2026-07-23 12:19:05] - https://jt26wzz.com/rss.xml
[2026-07-23 14:59:07] 本次订阅抓取结果统计:
[2026-07-23 14:59:07] 共 54 条RSS, 成功抓取 45 条.
[2026-07-23 14:59:07] ✘ 有 9 条订阅解析失败:
[2026-07-23 14:59:07] - https://geekinney.com/index.xml
[2026-07-23 14:59:07] - https://suus.me/atom.xml
[2026-07-23 14:59:07] - https://ilogs.cn/feed/
[2026-07-23 14:59:07] - https://writings.howsoonisnow.org/blog/feed/feed.xml
[2026-07-23 14:59:07] - https://www.moraex.com/feed
[2026-07-23 14:59:07] - https://sizheng.org/feed
[2026-07-23 14:59:07] - https://www.shephe.com/feed
[2026-07-23 14:59:07] - https://4op.top/index.xml
[2026-07-23 14:59:07] - https://ayayy.com/feed/
[2026-07-23 14:59:07] ✘ 有 1 条订阅头像字段为空, 已使用默认头像:
[2026-07-23 14:59:07] - https://jt26wzz.com/rss.xml
[2026-07-23 16:24:11] 抓取到的文章与现有数据相同，无需更新。
[2026-07-23 18:05:33] 抓取到的文章与现有数据相同，无需更新。
[2026-07-23 20:06:28] 本次订阅抓取结果统计:
[2026-07-23 20:06:28] 共 54 条RSS, 成功抓取 44 条.
[2026-07-23 20:06:28] ✘ 有 10 条订阅解析失败:
[2026-07-23 20:06:28] - https://geekinney.com/index.xml
[2026-07-23 20:06:28] - https://suus.me/atom.xml
[2026-07-23 20:06:28] - https://www.shephe.com/feed
[2026-07-23 20:06:28] - https://ilogs.cn/feed/
[2026-07-23 20:06:28] - https://writings.howsoonisnow.org/blog/feed/feed.xml
[2026-07-23 20:06:28] - https://www.moraex.com/feed
[2026-07-23 20:06:28] - https://sizheng.org/feed
[2026-07-23 20:06:28] - https://4op.top/index.xml
[2026-07-23 20:06:28] - https://ayayy.com/feed/
[2026-07-23 20:06:28] - http://www.cyys.net/wp/feed
[2026-07-23 20:06:28] ✘ 有 1 条订阅头像字段为空, 已使用默认头像:
[2026-07-23 20:06:28] - https://jt26wzz.com/rss.xml
[2026-07-23 21:54:12] 本次订阅抓取结果统计:
[2026-07-23 21:54:12] 共 54 条RSS, 成功抓取 45 条.
[2026-07-23 21:54:12] ✘ 有 9 条订阅解析失败:
[2026-07-23 21:54:12] - https://geekinney.com/index.xml
[2026-07-23 21:54:12] - https://suus.me/atom.xml
[2026-07-23 21:54:12] - https://www.shephe.com/feed
[2026-07-23 21:54:12] - https://ilogs.cn/feed/
[2026-07-23 21:54:12] - https://writings.howsoonisnow.org/blog/feed/feed.xml
[2026-07-23 21:54:12] - https://www.moraex.com/feed
[2026-07-23 21:54:12] - https://sizheng.org/feed
[2026-07-23 21:54:12] - https://4op.top/index.xml
[2026-07-23 21:54:12] - https://ayayy.com/feed/
[2026-07-23 21:54:12] ✘ 有 1 条订阅头像字段为空, 已使用默认头像:
[2026-07-23 21:54:12] - https://jt26wzz.com/rss.xml
