[2026-03-09 00:05:50] 抓取到的文章与现有数据相同，无需更新。
[2026-03-09 01:30:57] 抓取到的文章与现有数据相同，无需更新。
[2026-03-09 02:56:28] [WARN] 加载头像映射失败: failed to fetch avatar map, status code: 525
[2026-03-09 02:56:44] 本次订阅抓取结果统计:
[2026-03-09 02:56:44] 共 47 条RSS, 成功抓取 41 条.
[2026-03-09 02:56:44] ✘ 有 6 条订阅解析失败:
[2026-03-09 02:56:44] - https://tumutanzi.com/feed
[2026-03-09 02:56:44] - https://geekinney.com/index.xml
[2026-03-09 02:56:44] - https://suus.me/atom.xml
[2026-03-09 02:56:44] - https://shuiba.co/feed
[2026-03-09 02:56:44] - https://www.moraex.com/feed
[2026-03-09 02:56:44] - https://sizheng.org/feed
[2026-03-09 02:56:44] ✘ 有 1 条订阅头像字段为空, 已使用默认头像:
[2026-03-09 02:56:44] - https://mayx.eu.org/atom.xml
[2026-03-09 02:56:44] ✘ 有 4 条订阅头像无法访问, 已使用默认头像:
[2026-03-09 02:56:44] - https://laike9m.com/blog/rss/
[2026-03-09 02:56:44] - https://skywind.me/blog/feed
[2026-03-09 02:56:44] - https://www.mrhe.net/feed
[2026-03-09 02:56:44] - https://byvoid.com/zhs/feed.xml
[2026-03-09 03:47:36] 本次订阅抓取结果统计:
[2026-03-09 03:47:36] 共 47 条RSS, 成功抓取 41 条.
[2026-03-09 03:47:36] ✘ 有 6 条订阅解析失败:
[2026-03-09 03:47:36] - https://tumutanzi.com/feed
[2026-03-09 03:47:36] - https://geekinney.com/index.xml
[2026-03-09 03:47:36] - https://suus.me/atom.xml
[2026-03-09 03:47:36] - https://shuiba.co/feed
[2026-03-09 03:47:36] - https://www.moraex.com/feed
[2026-03-09 03:47:36] - https://sizheng.org/feed
[2026-03-09 04:33:34] 本次订阅抓取结果统计:
[2026-03-09 04:33:34] 共 47 条RSS, 成功抓取 41 条.
[2026-03-09 04:33:34] ✘ 有 6 条订阅解析失败:
[2026-03-09 04:33:34] - https://tumutanzi.com/feed
[2026-03-09 04:33:34] - https://geekinney.com/index.xml
[2026-03-09 04:33:34] - https://suus.me/atom.xml
[2026-03-09 04:33:34] - https://shuiba.co/feed
[2026-03-09 04:33:34] - https://sizheng.org/feed
[2026-03-09 04:33:34] - https://www.moraex.com/feed
[2026-03-09 05:24:43] 本次订阅抓取结果统计:
[2026-03-09 05:24:43] 共 47 条RSS, 成功抓取 41 条.
[2026-03-09 05:24:43] ✘ 有 6 条订阅解析失败:
[2026-03-09 05:24:43] - https://tumutanzi.com/feed
[2026-03-09 05:24:43] - https://geekinney.com/index.xml
[2026-03-09 05:24:43] - https://suus.me/atom.xml
[2026-03-09 05:24:43] - https://shuiba.co/feed
[2026-03-09 05:24:43] - https://www.moraex.com/feed
[2026-03-09 05:24:43] - https://sizheng.org/feed
[2026-03-09 06:16:58] 抓取到的文章与现有数据相同，无需更新。
[2026-03-09 07:20:17] 抓取到的文章与现有数据相同，无需更新。
[2026-03-09 08:08:35] 本次订阅抓取结果统计:
[2026-03-09 08:08:35] 共 47 条RSS, 成功抓取 41 条.
[2026-03-09 08:08:35] ✘ 有 6 条订阅解析失败:
[2026-03-09 08:08:35] - https://tumutanzi.com/feed
[2026-03-09 08:08:35] - https://geekinney.com/index.xml
[2026-03-09 08:08:35] - https://suus.me/atom.xml
[2026-03-09 08:08:35] - https://shuiba.co/feed
[2026-03-09 08:08:35] - https://sizheng.org/feed
[2026-03-09 08:08:35] - https://www.moraex.com/feed
[2026-03-09 09:12:33] 抓取到的文章与现有数据相同，无需更新。
[2026-03-09 10:13:56] 抓取到的文章与现有数据相同，无需更新。
[2026-03-09 11:13:07] 抓取到的文章与现有数据相同，无需更新。
[2026-03-09 12:05:35] 抓取到的文章与现有数据相同，无需更新。
[2026-03-09 13:26:48] 抓取到的文章与现有数据相同，无需更新。
[2026-03-09 14:16:37] 抓取到的文章与现有数据相同，无需更新。
[2026-03-09 15:16:31] 抓取到的文章与现有数据相同，无需更新。
[2026-03-09 16:17:50] 抓取到的文章与现有数据相同，无需更新。
[2026-03-09 17:15:25] 抓取到的文章与现有数据相同，无需更新。
[2026-03-09 18:11:46] 抓取到的文章与现有数据相同，无需更新。
[2026-03-09 19:14:48] 本次订阅抓取结果统计:
[2026-03-09 19:14:48] 共 47 条RSS, 成功抓取 40 条.
[2026-03-09 19:14:48] ✘ 有 7 条订阅解析失败:
[2026-03-09 19:14:48] - https://tumutanzi.com/feed
[2026-03-09 19:14:48] - https://geekinney.com/index.xml
[2026-03-09 19:14:48] - https://suus.me/atom.xml
[2026-03-09 19:14:48] - https://shuiba.co/feed
[2026-03-09 19:14:48] - https://innei.in/feed
[2026-03-09 19:14:48] - https://sizheng.org/feed
[2026-03-09 19:14:48] - https://www.moraex.com/feed
[2026-03-09 20:05:49] 本次订阅抓取结果统计:
[2026-03-09 20:05:49] 共 47 条RSS, 成功抓取 37 条.
[2026-03-09 20:05:49] ✘ 有 10 条订阅解析失败:
[2026-03-09 20:05:49] - https://tumutanzi.com/feed
[2026-03-09 20:05:49] - https://geekinney.com/index.xml
[2026-03-09 20:05:49] - https://suus.me/atom.xml
[2026-03-09 20:05:49] - https://leixus.cn/index.php/feed/
[2026-03-09 20:05:49] - https://www.luzhaojun.com/feed
[2026-03-09 20:05:49] - https://shuiba.co/feed
[2026-03-09 20:05:49] - https://www.moraex.com/feed
[2026-03-09 20:05:49] - https://sizheng.org/feed
[2026-03-09 20:05:49] - https://freemind.pluskid.org/rss.xml
[2026-03-09 20:05:49] - https://innei.in/feed
[2026-03-09 21:06:38] 本次订阅抓取结果统计:
[2026-03-09 21:06:38] 共 47 条RSS, 成功抓取 40 条.
[2026-03-09 21:06:38] ✘ 有 7 条订阅解析失败:
[2026-03-09 21:06:38] - https://tumutanzi.com/feed
[2026-03-09 21:06:38] - https://suus.me/atom.xml
[2026-03-09 21:06:38] - https://geekinney.com/index.xml
[2026-03-09 21:06:38] - https://shuiba.co/feed
[2026-03-09 21:06:38] - https://sizheng.org/feed
[2026-03-09 21:06:38] - https://www.moraex.com/feed
[2026-03-09 21:06:38] - https://innei.in/feed
[2026-03-09 22:05:12] 抓取到的文章与现有数据相同，无需更新。
[2026-03-09 23:06:38] 抓取到的文章与现有数据相同，无需更新。
