[2026-02-11 00:11:14] 抓取到的文章与现有数据相同，无需更新。
[2026-02-11 01:32:26] 本次订阅抓取结果统计:
[2026-02-11 01:32:26] 共 47 条RSS, 成功抓取 40 条.
[2026-02-11 01:32:26] ✘ 有 7 条订阅解析失败:
[2026-02-11 01:32:26] - https://tumutanzi.com/feed
[2026-02-11 01:32:26] - https://geekinney.com/index.xml
[2026-02-11 01:32:26] - https://suus.me/atom.xml
[2026-02-11 01:32:26] - https://shuiba.co/feed
[2026-02-11 01:32:26] - https://www.moraex.com/feed
[2026-02-11 01:32:26] - https://sizheng.org/feed
[2026-02-11 01:32:26] - https://www.shephe.com/feed
[2026-02-11 02:58:40] 本次订阅抓取结果统计:
[2026-02-11 02:58:40] 共 47 条RSS, 成功抓取 41 条.
[2026-02-11 02:58:40] ✘ 有 6 条订阅解析失败:
[2026-02-11 02:58:40] - https://tumutanzi.com/feed
[2026-02-11 02:58:40] - https://geekinney.com/index.xml
[2026-02-11 02:58:40] - https://suus.me/atom.xml
[2026-02-11 02:58:40] - https://shuiba.co/feed
[2026-02-11 02:58:40] - https://sizheng.org/feed
[2026-02-11 02:58:40] - https://www.moraex.com/feed
[2026-02-11 04:00:33] 抓取到的文章与现有数据相同，无需更新。
[2026-02-11 04:52:19] 抓取到的文章与现有数据相同，无需更新。
[2026-02-11 05:29:26] 抓取到的文章与现有数据相同，无需更新。
[2026-02-11 06:20:11] 抓取到的文章与现有数据相同，无需更新。
