[2026-04-05 00:08:24] 抓取到的文章与现有数据相同，无需更新。
[2026-04-05 01:31:05] 抓取到的文章与现有数据相同，无需更新。
[2026-04-05 02:58:41] 抓取到的文章与现有数据相同，无需更新。
[2026-04-05 04:04:15] 本次订阅抓取结果统计:
[2026-04-05 04:04:15] 共 46 条RSS, 成功抓取 38 条.
[2026-04-05 04:04:15] ✘ 有 8 条订阅解析失败:
[2026-04-05 04:04:15] - https://tumutanzi.com/feed
[2026-04-05 04:04:15] - https://geekinney.com/index.xml
[2026-04-05 04:04:15] - https://suus.me/atom.xml
[2026-04-05 04:04:15] - https://shuiba.co/feed
[2026-04-05 04:04:15] - https://ilogs.cn/feed/
[2026-04-05 04:04:15] - https://www.moraex.com/feed
[2026-04-05 04:04:15] - https://sizheng.org/feed
[2026-04-05 04:04:15] - https://freemind.pluskid.org/rss.xml
[2026-04-05 05:32:05] 本次订阅抓取结果统计:
[2026-04-05 05:32:05] 共 46 条RSS, 成功抓取 39 条.
[2026-04-05 05:32:05] ✘ 有 7 条订阅解析失败:
[2026-04-05 05:32:05] - https://tumutanzi.com/feed
[2026-04-05 05:32:05] - https://geekinney.com/index.xml
[2026-04-05 05:32:05] - https://suus.me/atom.xml
[2026-04-05 05:32:05] - https://ilogs.cn/feed/
[2026-04-05 05:32:05] - https://shuiba.co/feed
[2026-04-05 05:32:05] - https://sizheng.org/feed
[2026-04-05 05:32:05] - https://www.moraex.com/feed
[2026-04-05 06:21:56] 抓取到的文章与现有数据相同，无需更新。
[2026-04-05 07:22:48] 抓取到的文章与现有数据相同，无需更新。
[2026-04-05 08:08:11] 抓取到的文章与现有数据相同，无需更新。
[2026-04-05 09:11:58] 抓取到的文章与现有数据相同，无需更新。
[2026-04-05 10:07:45] 抓取到的文章与现有数据相同，无需更新。
[2026-04-05 11:07:01] 抓取到的文章与现有数据相同，无需更新。
[2026-04-05 12:04:50] 抓取到的文章与现有数据相同，无需更新。
[2026-04-05 13:22:25] 抓取到的文章与现有数据相同，无需更新。
[2026-04-05 14:10:01] 抓取到的文章与现有数据相同，无需更新。
[2026-04-05 15:07:28] 抓取到的文章与现有数据相同，无需更新。
[2026-04-05 16:06:13] 抓取到的文章与现有数据相同，无需更新。
[2026-04-05 17:07:54] 抓取到的文章与现有数据相同，无需更新。
[2026-04-05 18:05:42] 抓取到的文章与现有数据相同，无需更新。
[2026-04-05 19:12:02] 抓取到的文章与现有数据相同，无需更新。
[2026-04-05 20:04:34] 抓取到的文章与现有数据相同，无需更新。
[2026-04-05 21:06:18] 抓取到的文章与现有数据相同，无需更新。
