[2026-04-02 00:08:44] 抓取到的文章与现有数据相同，无需更新。
[2026-04-02 01:31:19] 抓取到的文章与现有数据相同，无需更新。
[2026-04-02 02:58:43] 本次订阅抓取结果统计:
[2026-04-02 02:58:43] 共 46 条RSS, 成功抓取 40 条.
[2026-04-02 02:58:43] ✘ 有 6 条订阅解析失败:
[2026-04-02 02:58:43] - https://tumutanzi.com/feed
[2026-04-02 02:58:43] - https://geekinney.com/index.xml
[2026-04-02 02:58:43] - https://suus.me/atom.xml
[2026-04-02 02:58:43] - https://shuiba.co/feed
[2026-04-02 02:58:43] - https://www.moraex.com/feed
[2026-04-02 02:58:43] - https://sizheng.org/feed
[2026-04-02 03:58:46] 抓取到的文章与现有数据相同，无需更新。
[2026-04-02 04:50:29] 抓取到的文章与现有数据相同，无需更新。
[2026-04-02 05:30:25] 抓取到的文章与现有数据相同，无需更新。
[2026-04-02 06:21:26] 抓取到的文章与现有数据相同，无需更新。
[2026-04-02 07:27:35] 抓取到的文章与现有数据相同，无需更新。
[2026-04-02 08:17:29] 抓取到的文章与现有数据相同，无需更新。
[2026-04-02 09:19:03] 本次订阅抓取结果统计:
[2026-04-02 09:19:03] 共 46 条RSS, 成功抓取 40 条.
[2026-04-02 09:19:03] ✘ 有 6 条订阅解析失败:
[2026-04-02 09:19:03] - https://tumutanzi.com/feed
[2026-04-02 09:19:03] - https://geekinney.com/index.xml
[2026-04-02 09:19:03] - https://suus.me/atom.xml
[2026-04-02 09:19:03] - https://shuiba.co/feed
[2026-04-02 09:19:03] - https://sizheng.org/feed
[2026-04-02 09:19:03] - https://www.moraex.com/feed
[2026-04-02 10:17:29] 抓取到的文章与现有数据相同，无需更新。
[2026-04-02 11:15:15] 本次订阅抓取结果统计:
[2026-04-02 11:15:15] 共 46 条RSS, 成功抓取 39 条.
[2026-04-02 11:15:15] ✘ 有 7 条订阅解析失败:
[2026-04-02 11:15:15] - https://tumutanzi.com/feed
[2026-04-02 11:15:15] - https://geekinney.com/index.xml
[2026-04-02 11:15:15] - https://suus.me/atom.xml
[2026-04-02 11:15:15] - https://leixus.cn/index.php/feed/
[2026-04-02 11:15:15] - https://www.moraex.com/feed
[2026-04-02 11:15:15] - https://shuiba.co/feed
[2026-04-02 11:15:15] - https://sizheng.org/feed
[2026-04-02 12:12:14] 本次订阅抓取结果统计:
[2026-04-02 12:12:14] 共 46 条RSS, 成功抓取 40 条.
[2026-04-02 12:12:14] ✘ 有 6 条订阅解析失败:
[2026-04-02 12:12:14] - https://tumutanzi.com/feed
[2026-04-02 12:12:14] - https://geekinney.com/index.xml
[2026-04-02 12:12:14] - https://suus.me/atom.xml
[2026-04-02 12:12:14] - https://shuiba.co/feed
[2026-04-02 12:12:14] - https://www.moraex.com/feed
[2026-04-02 12:12:14] - https://sizheng.org/feed
