[2026-05-20 00:24:24] 抓取到的文章与现有数据相同，无需更新。
[2026-05-20 01:37:36] 抓取到的文章与现有数据相同，无需更新。
[2026-05-20 03:00:50] 本次订阅抓取结果统计:
[2026-05-20 03:00:50] 共 49 条RSS, 成功抓取 40 条.
[2026-05-20 03:00:50] ✘ 有 9 条订阅解析失败:
[2026-05-20 03:00:50] - https://tumutanzi.com/feed
[2026-05-20 03:00:50] - https://geekinney.com/index.xml
[2026-05-20 03:00:50] - https://suus.me/atom.xml
[2026-05-20 03:00:50] - https://www.shephe.com/feed
[2026-05-20 03:00:50] - https://ilogs.cn/feed/
[2026-05-20 03:00:50] - https://shuiba.co/feed
[2026-05-20 03:00:50] - https://writings.howsoonisnow.org/blog/feed/feed.xml
[2026-05-20 03:00:50] - https://sizheng.org/feed
[2026-05-20 03:00:50] - https://www.moraex.com/feed
[2026-05-20 03:00:50] ✘ 有 1 条订阅头像字段为空, 已使用默认头像:
[2026-05-20 03:00:50] - https://jt26wzz.com/rss.xml
[2026-05-20 04:33:30] 本次订阅抓取结果统计:
[2026-05-20 04:33:30] 共 49 条RSS, 成功抓取 40 条.
[2026-05-20 04:33:30] ✘ 有 9 条订阅解析失败:
[2026-05-20 04:33:30] - https://tumutanzi.com/feed
[2026-05-20 04:33:30] - https://geekinney.com/index.xml
[2026-05-20 04:33:30] - https://suus.me/atom.xml
[2026-05-20 04:33:30] - https://www.shephe.com/feed
[2026-05-20 04:33:30] - https://shuiba.co/feed
[2026-05-20 04:33:30] - https://ilogs.cn/feed/
[2026-05-20 04:33:30] - https://writings.howsoonisnow.org/blog/feed/feed.xml
[2026-05-20 04:33:30] - https://www.moraex.com/feed
[2026-05-20 04:33:30] - https://sizheng.org/feed
[2026-05-20 04:33:30] ✘ 有 1 条订阅头像字段为空, 已使用默认头像:
[2026-05-20 04:33:30] - https://jt26wzz.com/rss.xml
[2026-05-20 06:21:41] 抓取到的文章与现有数据相同，无需更新。
[2026-05-20 08:08:11] 本次订阅抓取结果统计:
[2026-05-20 08:08:11] 共 49 条RSS, 成功抓取 39 条.
[2026-05-20 08:08:11] ✘ 有 10 条订阅解析失败:
[2026-05-20 08:08:11] - https://tumutanzi.com/feed
[2026-05-20 08:08:11] - https://geekinney.com/index.xml
[2026-05-20 08:08:11] - https://suus.me/atom.xml
[2026-05-20 08:08:11] - https://www.shephe.com/feed
[2026-05-20 08:08:11] - https://ilogs.cn/feed/
[2026-05-20 08:08:11] - https://shuiba.co/feed
[2026-05-20 08:08:11] - https://writings.howsoonisnow.org/blog/feed/feed.xml
[2026-05-20 08:08:11] - https://www.moraex.com/feed
[2026-05-20 08:08:11] - https://sizheng.org/feed
[2026-05-20 08:08:11] - https://ayayy.com/feed/
[2026-05-20 08:08:11] ✘ 有 1 条订阅头像字段为空, 已使用默认头像:
[2026-05-20 08:08:11] - https://jt26wzz.com/rss.xml
[2026-05-20 10:05:50] 本次订阅抓取结果统计:
[2026-05-20 10:05:50] 共 49 条RSS, 成功抓取 40 条.
[2026-05-20 10:05:50] ✘ 有 9 条订阅解析失败:
[2026-05-20 10:05:50] - https://tumutanzi.com/feed
[2026-05-20 10:05:50] - https://geekinney.com/index.xml
[2026-05-20 10:05:50] - https://suus.me/atom.xml
[2026-05-20 10:05:50] - https://www.shephe.com/feed
[2026-05-20 10:05:50] - https://shuiba.co/feed
[2026-05-20 10:05:50] - https://ilogs.cn/feed/
[2026-05-20 10:05:50] - https://writings.howsoonisnow.org/blog/feed/feed.xml
[2026-05-20 10:05:50] - https://www.moraex.com/feed
[2026-05-20 10:05:50] - https://sizheng.org/feed
[2026-05-20 10:05:50] ✘ 有 1 条订阅头像字段为空, 已使用默认头像:
[2026-05-20 10:05:50] - https://jt26wzz.com/rss.xml
[2026-05-20 11:56:25] 抓取到的文章与现有数据相同，无需更新。
[2026-05-20 12:47:47] 抓取到的文章与现有数据相同，无需更新。
[2026-05-20 13:50:08] 本次订阅抓取结果统计:
[2026-05-20 13:50:08] 共 49 条RSS, 成功抓取 39 条.
[2026-05-20 13:50:08] ✘ 有 10 条订阅解析失败:
[2026-05-20 13:50:08] - https://tumutanzi.com/feed
[2026-05-20 13:50:08] - https://geekinney.com/index.xml
[2026-05-20 13:50:08] - https://suus.me/atom.xml
[2026-05-20 13:50:08] - https://ilogs.cn/feed/
[2026-05-20 13:50:08] - https://www.shephe.com/feed
[2026-05-20 13:50:08] - https://www.moraex.com/feed
[2026-05-20 13:50:08] - https://shuiba.co/feed
[2026-05-20 13:50:08] - https://writings.howsoonisnow.org/blog/feed/feed.xml
[2026-05-20 13:50:08] - https://sizheng.org/feed
[2026-05-20 13:50:08] - https://blog.fooleap.org/atom.xml
[2026-05-20 13:50:08] ✘ 有 1 条订阅头像字段为空, 已使用默认头像:
[2026-05-20 13:50:08] - https://jt26wzz.com/rss.xml
[2026-05-20 15:00:54] 本次订阅抓取结果统计:
[2026-05-20 15:00:54] 共 49 条RSS, 成功抓取 40 条.
[2026-05-20 15:00:54] ✘ 有 9 条订阅解析失败:
[2026-05-20 15:00:54] - https://tumutanzi.com/feed
[2026-05-20 15:00:54] - https://geekinney.com/index.xml
[2026-05-20 15:00:54] - https://suus.me/atom.xml
[2026-05-20 15:00:54] - https://ilogs.cn/feed/
[2026-05-20 15:00:54] - https://shuiba.co/feed
[2026-05-20 15:00:54] - https://www.shephe.com/feed
[2026-05-20 15:00:54] - https://www.moraex.com/feed
[2026-05-20 15:00:54] - https://writings.howsoonisnow.org/blog/feed/feed.xml
[2026-05-20 15:00:54] - https://sizheng.org/feed
[2026-05-20 15:00:54] ✘ 有 1 条订阅头像字段为空, 已使用默认头像:
[2026-05-20 15:00:54] - https://jt26wzz.com/rss.xml
[2026-05-20 16:16:38] 抓取到的文章与现有数据相同，无需更新。
[2026-05-20 17:57:14] 抓取到的文章与现有数据相同，无需更新。
[2026-05-20 18:49:02] 本次订阅抓取结果统计:
[2026-05-20 18:49:02] 共 49 条RSS, 成功抓取 39 条.
[2026-05-20 18:49:02] ✘ 有 10 条订阅解析失败:
[2026-05-20 18:49:02] - https://tumutanzi.com/feed
[2026-05-20 18:49:02] - https://geekinney.com/index.xml
[2026-05-20 18:49:02] - https://suus.me/atom.xml
[2026-05-20 18:49:02] - https://www.shephe.com/feed
[2026-05-20 18:49:02] - https://ilogs.cn/feed/
[2026-05-20 18:49:02] - https://shuiba.co/feed
[2026-05-20 18:49:02] - https://www.moraex.com/feed
[2026-05-20 18:49:02] - https://writings.howsoonisnow.org/blog/feed/feed.xml
[2026-05-20 18:49:02] - https://sizheng.org/feed
[2026-05-20 18:49:02] - https://skywind.me/blog/feed
[2026-05-20 18:49:02] ✘ 有 1 条订阅头像字段为空, 已使用默认头像:
[2026-05-20 18:49:02] - https://jt26wzz.com/rss.xml
[2026-05-20 19:42:25] 本次订阅抓取结果统计:
[2026-05-20 19:42:25] 共 49 条RSS, 成功抓取 40 条.
[2026-05-20 19:42:25] ✘ 有 9 条订阅解析失败:
[2026-05-20 19:42:25] - https://tumutanzi.com/feed
[2026-05-20 19:42:25] - https://geekinney.com/index.xml
[2026-05-20 19:42:25] - https://suus.me/atom.xml
[2026-05-20 19:42:25] - https://www.shephe.com/feed
[2026-05-20 19:42:25] - https://shuiba.co/feed
[2026-05-20 19:42:25] - https://writings.howsoonisnow.org/blog/feed/feed.xml
[2026-05-20 19:42:25] - https://sizheng.org/feed
[2026-05-20 19:42:25] - https://ilogs.cn/feed/
[2026-05-20 19:42:25] - https://www.moraex.com/feed
[2026-05-20 19:42:25] ✘ 有 1 条订阅头像字段为空, 已使用默认头像:
[2026-05-20 19:42:25] - https://jt26wzz.com/rss.xml
[2026-05-20 20:39:18] 抓取到的文章与现有数据相同，无需更新。
[2026-05-20 21:31:49] 抓取到的文章与现有数据相同，无需更新。
[2026-05-20 22:27:59] 抓取到的文章与现有数据相同，无需更新。
[2026-05-20 23:25:19] 抓取到的文章与现有数据相同，无需更新。
