[2026-04-07 00:10:40] 抓取到的文章与现有数据相同，无需更新。
[2026-04-07 01:31:33] 本次订阅抓取结果统计:
[2026-04-07 01:31:33] 共 46 条RSS, 成功抓取 39 条.
[2026-04-07 01:31:33] ✘ 有 7 条订阅解析失败:
[2026-04-07 01:31:33] - https://tumutanzi.com/feed
[2026-04-07 01:31:33] - https://geekinney.com/index.xml
[2026-04-07 01:31:33] - https://suus.me/atom.xml
[2026-04-07 01:31:33] - https://shuiba.co/feed
[2026-04-07 01:31:33] - https://www.moraex.com/feed
[2026-04-07 01:31:33] - https://ilogs.cn/feed/
[2026-04-07 01:31:33] - https://sizheng.org/feed
[2026-04-07 02:58:49] 抓取到的文章与现有数据相同，无需更新。
[2026-04-07 04:01:26] 本次订阅抓取结果统计:
[2026-04-07 04:01:26] 共 46 条RSS, 成功抓取 39 条.
[2026-04-07 04:01:26] ✘ 有 7 条订阅解析失败:
[2026-04-07 04:01:26] - https://tumutanzi.com/feed
[2026-04-07 04:01:26] - https://geekinney.com/index.xml
[2026-04-07 04:01:26] - https://suus.me/atom.xml
[2026-04-07 04:01:26] - https://ilogs.cn/feed/
[2026-04-07 04:01:26] - https://shuiba.co/feed
[2026-04-07 04:01:26] - https://www.moraex.com/feed
[2026-04-07 04:01:26] - https://sizheng.org/feed
[2026-04-07 05:31:51] 抓取到的文章与现有数据相同，无需更新。
[2026-04-07 06:26:00] 抓取到的文章与现有数据相同，无需更新。
[2026-04-07 07:28:33] 本次订阅抓取结果统计:
[2026-04-07 07:28:33] 共 46 条RSS, 成功抓取 38 条.
[2026-04-07 07:28:33] ✘ 有 8 条订阅解析失败:
[2026-04-07 07:28:33] - https://tumutanzi.com/feed
[2026-04-07 07:28:33] - https://geekinney.com/index.xml
[2026-04-07 07:28:33] - https://suus.me/atom.xml
[2026-04-07 07:28:33] - https://leixus.cn/index.php/feed/
[2026-04-07 07:28:33] - https://shuiba.co/feed
[2026-04-07 07:28:33] - https://ilogs.cn/feed/
[2026-04-07 07:28:33] - https://www.moraex.com/feed
[2026-04-07 07:28:33] - https://sizheng.org/feed
[2026-04-07 08:22:08] 本次订阅抓取结果统计:
[2026-04-07 08:22:08] 共 46 条RSS, 成功抓取 39 条.
[2026-04-07 08:22:08] ✘ 有 7 条订阅解析失败:
[2026-04-07 08:22:08] - https://geekinney.com/index.xml
[2026-04-07 08:22:08] - https://tumutanzi.com/feed
[2026-04-07 08:22:08] - https://suus.me/atom.xml
[2026-04-07 08:22:08] - https://ilogs.cn/feed/
[2026-04-07 08:22:08] - https://shuiba.co/feed
[2026-04-07 08:22:08] - https://www.moraex.com/feed
[2026-04-07 08:22:08] - https://sizheng.org/feed
[2026-04-07 09:21:45] 抓取到的文章与现有数据相同，无需更新。
[2026-04-07 10:19:19] 抓取到的文章与现有数据相同，无需更新。
[2026-04-07 11:18:28] 本次订阅抓取结果统计:
[2026-04-07 11:18:28] 共 46 条RSS, 成功抓取 39 条.
[2026-04-07 11:18:28] ✘ 有 7 条订阅解析失败:
[2026-04-07 11:18:28] - https://tumutanzi.com/feed
[2026-04-07 11:18:28] - https://geekinney.com/index.xml
[2026-04-07 11:18:28] - https://suus.me/atom.xml
[2026-04-07 11:18:28] - https://leixus.cn/index.php/feed/
[2026-04-07 11:18:28] - https://shuiba.co/feed
[2026-04-07 11:18:28] - https://www.moraex.com/feed
[2026-04-07 11:18:28] - https://sizheng.org/feed
[2026-04-07 12:12:42] 本次订阅抓取结果统计:
[2026-04-07 12:12:42] 共 46 条RSS, 成功抓取 39 条.
[2026-04-07 12:12:42] ✘ 有 7 条订阅解析失败:
[2026-04-07 12:12:42] - https://tumutanzi.com/feed
[2026-04-07 12:12:42] - https://geekinney.com/index.xml
[2026-04-07 12:12:42] - https://suus.me/atom.xml
[2026-04-07 12:12:42] - https://shuiba.co/feed
[2026-04-07 12:12:42] - https://ilogs.cn/feed/
[2026-04-07 12:12:42] - https://sizheng.org/feed
[2026-04-07 12:12:42] - https://www.moraex.com/feed
