[2026-07-15 01:13:57] 本次订阅抓取结果统计:
[2026-07-15 01:13:57] 共 54 条RSS, 成功抓取 42 条.
[2026-07-15 01:13:57] ✘ 有 12 条订阅解析失败:
[2026-07-15 01:13:57] - https://geekinney.com/index.xml
[2026-07-15 01:13:57] - https://tumutanzi.com/feed
[2026-07-15 01:13:57] - https://suus.me/atom.xml
[2026-07-15 01:13:57] - https://leixus.cn/index.php/feed/
[2026-07-15 01:13:57] - https://ilogs.cn/feed/
[2026-07-15 01:13:57] - https://www.moraex.com/feed
[2026-07-15 01:13:57] - https://writings.howsoonisnow.org/blog/feed/feed.xml
[2026-07-15 01:13:57] - https://sizheng.org/feed
[2026-07-15 01:13:57] - https://4op.top/index.xml
[2026-07-15 01:13:57] - https://ayayy.com/feed/
[2026-07-15 01:13:57] - https://www.shephe.com/feed
[2026-07-15 01:13:57] - https://www.laruence.com/feed
[2026-07-15 01:13:57] ✘ 有 1 条订阅头像字段为空, 已使用默认头像:
[2026-07-15 01:13:57] - https://jt26wzz.com/rss.xml
[2026-07-15 04:38:03] 本次订阅抓取结果统计:
[2026-07-15 04:38:03] 共 54 条RSS, 成功抓取 45 条.
[2026-07-15 04:38:03] ✘ 有 9 条订阅解析失败:
[2026-07-15 04:38:03] - https://geekinney.com/index.xml
[2026-07-15 04:38:03] - https://suus.me/atom.xml
[2026-07-15 04:38:03] - https://ilogs.cn/feed/
[2026-07-15 04:38:03] - https://writings.howsoonisnow.org/blog/feed/feed.xml
[2026-07-15 04:38:03] - https://www.moraex.com/feed
[2026-07-15 04:38:03] - https://sizheng.org/feed
[2026-07-15 04:38:03] - https://4op.top/index.xml
[2026-07-15 04:38:03] - https://ayayy.com/feed/
[2026-07-15 04:38:03] - https://www.shephe.com/feed
[2026-07-15 04:38:03] ✘ 有 1 条订阅头像字段为空, 已使用默认头像:
[2026-07-15 04:38:03] - https://jt26wzz.com/rss.xml
[2026-07-15 07:04:35] 抓取到的文章与现有数据相同，无需更新。
[2026-07-15 09:47:19] 本次订阅抓取结果统计:
[2026-07-15 09:47:19] 共 54 条RSS, 成功抓取 45 条.
[2026-07-15 09:47:19] ✘ 有 9 条订阅解析失败:
[2026-07-15 09:47:19] - https://geekinney.com/index.xml
[2026-07-15 09:47:19] - https://suus.me/atom.xml
[2026-07-15 09:47:19] - https://ilogs.cn/feed/
[2026-07-15 09:47:19] - https://writings.howsoonisnow.org/blog/feed/feed.xml
[2026-07-15 09:47:19] - https://sizheng.org/feed
[2026-07-15 09:47:19] - https://www.moraex.com/feed
[2026-07-15 09:47:19] - https://4op.top/index.xml
[2026-07-15 09:47:19] - https://ayayy.com/feed/
[2026-07-15 09:47:19] - https://www.shephe.com/feed
[2026-07-15 09:47:19] ✘ 有 1 条订阅头像字段为空, 已使用默认头像:
[2026-07-15 09:47:19] - https://jt26wzz.com/rss.xml
[2026-07-15 11:19:04] 抓取到的文章与现有数据相同，无需更新。
