[2026-05-06 00:18:59] 本次订阅抓取结果统计:
[2026-05-06 00:18:59] 共 48 条RSS, 成功抓取 39 条.
[2026-05-06 00:18:59] ✘ 有 9 条订阅解析失败:
[2026-05-06 00:18:59] - https://tumutanzi.com/feed
[2026-05-06 00:18:59] - https://geekinney.com/index.xml
[2026-05-06 00:18:59] - https://suus.me/atom.xml
[2026-05-06 00:18:59] - https://www.mrhe.net/feed
[2026-05-06 00:18:59] - https://ilogs.cn/feed/
[2026-05-06 00:18:59] - https://shuiba.co/feed
[2026-05-06 00:18:59] - https://sizheng.org/feed
[2026-05-06 00:18:59] - https://www.moraex.com/feed
[2026-05-06 00:18:59] - https://note.redcha.cn/rss.xml
[2026-05-06 00:18:59] ✘ 有 1 条订阅头像字段为空, 已使用默认头像:
[2026-05-06 00:18:59] - https://jt26wzz.com/rss.xml
[2026-05-06 01:33:01] 本次订阅抓取结果统计:
[2026-05-06 01:33:01] 共 48 条RSS, 成功抓取 39 条.
[2026-05-06 01:33:01] ✘ 有 9 条订阅解析失败:
[2026-05-06 01:33:01] - https://tumutanzi.com/feed
[2026-05-06 01:33:01] - https://geekinney.com/index.xml
[2026-05-06 01:33:01] - https://suus.me/atom.xml
[2026-05-06 01:33:01] - https://www.mrhe.net/feed
[2026-05-06 01:33:01] - https://ilogs.cn/feed/
[2026-05-06 01:33:01] - https://shuiba.co/feed
[2026-05-06 01:33:01] - https://www.moraex.com/feed
[2026-05-06 01:33:01] - https://sizheng.org/feed
[2026-05-06 01:33:01] - https://note.redcha.cn/rss.xml
[2026-05-06 01:33:01] ✘ 有 1 条订阅头像字段为空, 已使用默认头像:
[2026-05-06 01:33:01] - https://jt26wzz.com/rss.xml
[2026-05-06 03:01:27] 抓取到的文章与现有数据相同，无需更新。
[2026-05-06 04:23:47] 抓取到的文章与现有数据相同，无需更新。
[2026-05-06 06:00:49] 抓取到的文章与现有数据相同，无需更新。
[2026-05-06 07:10:31] 抓取到的文章与现有数据相同，无需更新。
[2026-05-06 08:46:58] 本次订阅抓取结果统计:
[2026-05-06 08:46:58] 共 48 条RSS, 成功抓取 39 条.
[2026-05-06 08:46:58] ✘ 有 9 条订阅解析失败:
[2026-05-06 08:46:58] - https://tumutanzi.com/feed
[2026-05-06 08:46:58] - https://geekinney.com/index.xml
[2026-05-06 08:46:58] - https://suus.me/atom.xml
[2026-05-06 08:46:58] - https://www.mrhe.net/feed
[2026-05-06 08:46:58] - https://ilogs.cn/feed/
[2026-05-06 08:46:58] - https://shuiba.co/feed
[2026-05-06 08:46:58] - https://www.moraex.com/feed
[2026-05-06 08:46:58] - https://sizheng.org/feed
[2026-05-06 08:46:58] - https://note.redcha.cn/rss.xml
[2026-05-06 08:46:58] ✘ 有 1 条订阅头像字段为空, 已使用默认头像:
[2026-05-06 08:46:58] - https://jt26wzz.com/rss.xml
[2026-05-06 09:45:45] 抓取到的文章与现有数据相同，无需更新。
[2026-05-06 10:39:22] 抓取到的文章与现有数据相同，无需更新。
[2026-05-06 11:33:38] 本次订阅抓取结果统计:
[2026-05-06 11:33:38] 共 48 条RSS, 成功抓取 39 条.
[2026-05-06 11:33:38] ✘ 有 9 条订阅解析失败:
[2026-05-06 11:33:38] - https://tumutanzi.com/feed
[2026-05-06 11:33:38] - https://geekinney.com/index.xml
[2026-05-06 11:33:38] - https://suus.me/atom.xml
[2026-05-06 11:33:38] - https://www.mrhe.net/feed
[2026-05-06 11:33:38] - https://ilogs.cn/feed/
[2026-05-06 11:33:38] - https://shuiba.co/feed
[2026-05-06 11:33:38] - https://www.moraex.com/feed
[2026-05-06 11:33:38] - https://sizheng.org/feed
[2026-05-06 11:33:38] - https://note.redcha.cn/rss.xml
[2026-05-06 11:33:38] ✘ 有 1 条订阅头像字段为空, 已使用默认头像:
[2026-05-06 11:33:38] - https://jt26wzz.com/rss.xml
[2026-05-06 12:31:49] 抓取到的文章与现有数据相同，无需更新。
[2026-05-06 13:33:12] 抓取到的文章与现有数据相同，无需更新。
[2026-05-06 14:52:06] 抓取到的文章与现有数据相同，无需更新。
[2026-05-06 15:45:17] 抓取到的文章与现有数据相同，无需更新。
