[2026-05-10 00:18:45] 本次订阅抓取结果统计:
[2026-05-10 00:18:45] 共 49 条RSS, 成功抓取 39 条.
[2026-05-10 00:18:45] ✘ 有 10 条订阅解析失败:
[2026-05-10 00:18:45] - https://tumutanzi.com/feed
[2026-05-10 00:18:45] - https://geekinney.com/index.xml
[2026-05-10 00:18:45] - https://suus.me/atom.xml
[2026-05-10 00:18:45] - https://www.shephe.com/feed
[2026-05-10 00:18:45] - https://ilogs.cn/feed/
[2026-05-10 00:18:45] - https://shuiba.co/feed
[2026-05-10 00:18:45] - https://writings.howsoonisnow.org/blog/feed/feed.xml
[2026-05-10 00:18:45] - https://sizheng.org/feed
[2026-05-10 00:18:45] - https://www.moraex.com/feed
[2026-05-10 00:18:45] - https://yufan.me/feed
[2026-05-10 00:18:45] ✘ 有 1 条订阅头像字段为空, 已使用默认头像:
[2026-05-10 00:18:45] - https://jt26wzz.com/rss.xml
[2026-05-10 01:32:08] 本次订阅抓取结果统计:
[2026-05-10 01:32:08] 共 49 条RSS, 成功抓取 40 条.
[2026-05-10 01:32:08] ✘ 有 9 条订阅解析失败:
[2026-05-10 01:32:08] - https://tumutanzi.com/feed
[2026-05-10 01:32:08] - https://geekinney.com/index.xml
[2026-05-10 01:32:08] - https://suus.me/atom.xml
[2026-05-10 01:32:08] - https://www.shephe.com/feed
[2026-05-10 01:32:08] - https://ilogs.cn/feed/
[2026-05-10 01:32:08] - https://shuiba.co/feed
[2026-05-10 01:32:08] - https://writings.howsoonisnow.org/blog/feed/feed.xml
[2026-05-10 01:32:08] - https://sizheng.org/feed
[2026-05-10 01:32:08] - https://www.moraex.com/feed
[2026-05-10 01:32:08] ✘ 有 1 条订阅头像字段为空, 已使用默认头像:
[2026-05-10 01:32:08] - https://jt26wzz.com/rss.xml
