[2026-05-23 00:22:05] 抓取到的文章与现有数据相同，无需更新。
[2026-05-23 01:32:44] 抓取到的文章与现有数据相同，无需更新。
[2026-05-23 03:00:05] 本次订阅抓取结果统计:
[2026-05-23 03:00:05] 共 49 条RSS, 成功抓取 40 条.
[2026-05-23 03:00:05] ✘ 有 9 条订阅解析失败:
[2026-05-23 03:00:05] - https://tumutanzi.com/feed
[2026-05-23 03:00:05] - https://geekinney.com/index.xml
[2026-05-23 03:00:05] - https://suus.me/atom.xml
[2026-05-23 03:00:05] - https://www.shephe.com/feed
[2026-05-23 03:00:05] - https://shuiba.co/feed
[2026-05-23 03:00:05] - https://ilogs.cn/feed/
[2026-05-23 03:00:05] - https://writings.howsoonisnow.org/blog/feed/feed.xml
[2026-05-23 03:00:05] - https://www.moraex.com/feed
[2026-05-23 03:00:05] - https://sizheng.org/feed
[2026-05-23 03:00:05] ✘ 有 1 条订阅头像字段为空, 已使用默认头像:
[2026-05-23 03:00:05] - https://jt26wzz.com/rss.xml
[2026-05-23 04:22:55] 抓取到的文章与现有数据相同，无需更新。
[2026-05-23 06:01:42] 抓取到的文章与现有数据相同，无需更新。
[2026-05-23 08:38:32] 本次订阅抓取结果统计:
[2026-05-23 08:38:32] 共 49 条RSS, 成功抓取 40 条.
[2026-05-23 08:38:32] ✘ 有 9 条订阅解析失败:
[2026-05-23 08:38:32] - https://tumutanzi.com/feed
[2026-05-23 08:38:32] - https://geekinney.com/index.xml
[2026-05-23 08:38:32] - https://suus.me/atom.xml
[2026-05-23 08:38:32] - https://www.shephe.com/feed
[2026-05-23 08:38:32] - https://ilogs.cn/feed/
[2026-05-23 08:38:32] - https://shuiba.co/feed
[2026-05-23 08:38:32] - https://writings.howsoonisnow.org/blog/feed/feed.xml
[2026-05-23 08:38:32] - https://sizheng.org/feed
[2026-05-23 08:38:32] - https://www.moraex.com/feed
[2026-05-23 08:38:32] ✘ 有 1 条订阅头像字段为空, 已使用默认头像:
[2026-05-23 08:38:32] - https://jt26wzz.com/rss.xml
[2026-05-23 09:31:55] [WARN] 加载头像映射失败: failed to fetch avatar map: Get "https://cos.lhasa.icu/lhasaRSS/avatar.json": dial tcp 43.174.247.25:443: connect: connection refused
[2026-05-23 09:32:28] 本次订阅抓取结果统计:
[2026-05-23 09:32:28] 共 49 条RSS, 成功抓取 40 条.
[2026-05-23 09:32:28] ✘ 有 9 条订阅解析失败:
[2026-05-23 09:32:28] - https://tumutanzi.com/feed
[2026-05-23 09:32:28] - https://geekinney.com/index.xml
[2026-05-23 09:32:28] - https://suus.me/atom.xml
[2026-05-23 09:32:28] - https://www.shephe.com/feed
[2026-05-23 09:32:28] - https://ilogs.cn/feed/
[2026-05-23 09:32:28] - https://www.moraex.com/feed
[2026-05-23 09:32:28] - https://shuiba.co/feed
[2026-05-23 09:32:28] - https://writings.howsoonisnow.org/blog/feed/feed.xml
[2026-05-23 09:32:28] - https://sizheng.org/feed
[2026-05-23 09:32:28] ✘ 有 1 条订阅头像字段为空, 已使用默认头像:
[2026-05-23 09:32:28] - https://mayx.eu.org/atom.xml
[2026-05-23 09:32:28] ✘ 有 5 条订阅头像无法访问, 已使用默认头像:
[2026-05-23 09:32:28] - https://zhongxiaojie.com/feed
[2026-05-23 09:32:28] - https://laike9m.com/blog/rss/
[2026-05-23 09:32:28] - https://skywind.me/blog/feed
[2026-05-23 09:32:28] - https://byvoid.com/zhs/feed.xml
[2026-05-23 09:32:28] - https://xyzbz.cn/feed
