[2026-04-23 00:16:10] 抓取到的文章与现有数据相同，无需更新。
[2026-04-23 01:31:32] 抓取到的文章与现有数据相同，无需更新。
[2026-04-23 02:59:06] 本次订阅抓取结果统计:
[2026-04-23 02:59:06] 共 47 条RSS, 成功抓取 38 条.
[2026-04-23 02:59:06] ✘ 有 9 条订阅解析失败:
[2026-04-23 02:59:06] - https://tumutanzi.com/feed
[2026-04-23 02:59:06] - https://geekinney.com/index.xml
[2026-04-23 02:59:06] - https://suus.me/atom.xml
[2026-04-23 02:59:06] - https://www.mrhe.net/feed
[2026-04-23 02:59:06] - https://www.shephe.com/feed
[2026-04-23 02:59:06] - https://shuiba.co/feed
[2026-04-23 02:59:06] - https://ilogs.cn/feed/
[2026-04-23 02:59:06] - https://sizheng.org/feed
[2026-04-23 02:59:06] - https://www.moraex.com/feed
[2026-04-23 04:07:58] 抓取到的文章与现有数据相同，无需更新。
[2026-04-23 05:43:41] 抓取到的文章与现有数据相同，无需更新。
[2026-04-23 06:33:02] 本次订阅抓取结果统计:
[2026-04-23 06:33:02] 共 47 条RSS, 成功抓取 38 条.
[2026-04-23 06:33:02] ✘ 有 9 条订阅解析失败:
[2026-04-23 06:33:02] - https://tumutanzi.com/feed
[2026-04-23 06:33:02] - https://geekinney.com/index.xml
[2026-04-23 06:33:02] - https://suus.me/atom.xml
[2026-04-23 06:33:02] - https://www.mrhe.net/feed
[2026-04-23 06:33:02] - https://ilogs.cn/feed/
[2026-04-23 06:33:02] - https://shuiba.co/feed
[2026-04-23 06:33:02] - https://www.moraex.com/feed
[2026-04-23 06:33:02] - https://www.shephe.com/feed
[2026-04-23 06:33:02] - https://sizheng.org/feed
[2026-04-23 07:31:10] 抓取到的文章与现有数据相同，无需更新。
[2026-04-23 08:31:19] 抓取到的文章与现有数据相同，无需更新。
[2026-04-23 09:29:51] 抓取到的文章与现有数据相同，无需更新。
