[2026-03-05 00:07:08] 抓取到的文章与现有数据相同，无需更新。
[2026-03-05 01:30:57] 本次订阅抓取结果统计:
[2026-03-05 01:30:57] 共 47 条RSS, 成功抓取 41 条.
[2026-03-05 01:30:57] ✘ 有 6 条订阅解析失败:
[2026-03-05 01:30:57] - https://tumutanzi.com/feed
[2026-03-05 01:30:57] - https://geekinney.com/index.xml
[2026-03-05 01:30:57] - https://suus.me/atom.xml
[2026-03-05 01:30:57] - https://shuiba.co/feed
[2026-03-05 01:30:57] - https://sizheng.org/feed
[2026-03-05 01:30:57] - https://www.moraex.com/feed
[2026-03-05 02:53:18] 本次订阅抓取结果统计:
[2026-03-05 02:53:18] 共 47 条RSS, 成功抓取 41 条.
[2026-03-05 02:53:18] ✘ 有 6 条订阅解析失败:
[2026-03-05 02:53:18] - https://tumutanzi.com/feed
[2026-03-05 02:53:18] - https://suus.me/atom.xml
[2026-03-05 02:53:18] - https://geekinney.com/index.xml
[2026-03-05 02:53:18] - https://shuiba.co/feed
[2026-03-05 02:53:18] - https://sizheng.org/feed
[2026-03-05 02:53:18] - https://www.moraex.com/feed
[2026-03-05 03:45:10] 抓取到的文章与现有数据相同，无需更新。
