[2026-02-05 00:06:57] 抓取到的文章与现有数据相同，无需更新。
[2026-02-05 01:30:37] 抓取到的文章与现有数据相同，无需更新。
[2026-02-05 02:54:33] 本次订阅抓取结果统计:
[2026-02-05 02:54:33] 共 47 条RSS, 成功抓取 42 条.
[2026-02-05 02:54:33] ✘ 有 5 条订阅解析失败:
[2026-02-05 02:54:33] - https://tumutanzi.com/feed
[2026-02-05 02:54:33] - https://geekinney.com/index.xml
[2026-02-05 02:54:33] - https://suus.me/atom.xml
[2026-02-05 02:54:33] - https://sizheng.org/feed
[2026-02-05 02:54:33] - https://www.moraex.com/feed
[2026-02-05 03:46:17] 本次订阅抓取结果统计:
[2026-02-05 03:46:17] 共 47 条RSS, 成功抓取 42 条.
[2026-02-05 03:46:17] ✘ 有 5 条订阅解析失败:
[2026-02-05 03:46:17] - https://tumutanzi.com/feed
[2026-02-05 03:46:17] - https://suus.me/atom.xml
[2026-02-05 03:46:17] - https://geekinney.com/index.xml
[2026-02-05 03:46:17] - https://www.moraex.com/feed
[2026-02-05 03:46:17] - https://sizheng.org/feed
[2026-02-05 04:31:29] 抓取到的文章与现有数据相同，无需更新。
[2026-02-05 05:23:49] 抓取到的文章与现有数据相同，无需更新。
[2026-02-05 06:15:48] 抓取到的文章与现有数据相同，无需更新。
[2026-02-05 07:19:50] 抓取到的文章与现有数据相同，无需更新。
[2026-02-05 08:08:28] 抓取到的文章与现有数据相同，无需更新。
[2026-02-05 09:13:33] 本次订阅抓取结果统计:
[2026-02-05 09:13:33] 共 47 条RSS, 成功抓取 42 条.
[2026-02-05 09:13:33] ✘ 有 5 条订阅解析失败:
[2026-02-05 09:13:33] - https://tumutanzi.com/feed
[2026-02-05 09:13:33] - https://suus.me/atom.xml
[2026-02-05 09:13:33] - https://geekinney.com/index.xml
[2026-02-05 09:13:33] - https://sizheng.org/feed
[2026-02-05 09:13:33] - https://www.moraex.com/feed
[2026-02-05 10:13:15] 本次订阅抓取结果统计:
[2026-02-05 10:13:15] 共 47 条RSS, 成功抓取 39 条.
[2026-02-05 10:13:15] ✘ 有 8 条订阅解析失败:
[2026-02-05 10:13:15] - https://tumutanzi.com/feed
[2026-02-05 10:13:15] - https://geekinney.com/index.xml
[2026-02-05 10:13:15] - https://suus.me/atom.xml
[2026-02-05 10:13:15] - https://leixus.cn/index.php/feed/
[2026-02-05 10:13:15] - https://www.luzhaojun.com/feed
[2026-02-05 10:13:15] - https://www.moraex.com/feed
[2026-02-05 10:13:15] - https://sizheng.org/feed
[2026-02-05 10:13:15] - https://freemind.pluskid.org/rss.xml
[2026-02-05 11:11:55] 本次订阅抓取结果统计:
[2026-02-05 11:11:55] 共 47 条RSS, 成功抓取 42 条.
[2026-02-05 11:11:55] ✘ 有 5 条订阅解析失败:
[2026-02-05 11:11:55] - https://tumutanzi.com/feed
[2026-02-05 11:11:55] - https://suus.me/atom.xml
[2026-02-05 11:11:55] - https://geekinney.com/index.xml
[2026-02-05 11:11:55] - https://sizheng.org/feed
[2026-02-05 11:11:55] - https://www.moraex.com/feed
[2026-02-05 12:05:58] 抓取到的文章与现有数据相同，无需更新。
[2026-02-05 13:26:07] 抓取到的文章与现有数据相同，无需更新。
[2026-02-05 14:15:30] 抓取到的文章与现有数据相同，无需更新。
[2026-02-05 15:13:01] 抓取到的文章与现有数据相同，无需更新。
[2026-02-05 16:12:28] 抓取到的文章与现有数据相同，无需更新。
[2026-02-05 17:15:34] 抓取到的文章与现有数据相同，无需更新。
[2026-02-05 18:13:22] 本次订阅抓取结果统计:
[2026-02-05 18:13:22] 共 47 条RSS, 成功抓取 41 条.
[2026-02-05 18:13:22] ✘ 有 6 条订阅解析失败:
[2026-02-05 18:13:22] - https://tumutanzi.com/feed
[2026-02-05 18:13:22] - https://geekinney.com/index.xml
[2026-02-05 18:13:22] - https://suus.me/atom.xml
[2026-02-05 18:13:22] - https://blog.t9t.io/atom.xml
[2026-02-05 18:13:22] - https://sizheng.org/feed
[2026-02-05 18:13:22] - https://www.moraex.com/feed
[2026-02-05 19:14:37] 本次订阅抓取结果统计:
[2026-02-05 19:14:37] 共 47 条RSS, 成功抓取 42 条.
[2026-02-05 19:14:37] ✘ 有 5 条订阅解析失败:
[2026-02-05 19:14:37] - https://tumutanzi.com/feed
[2026-02-05 19:14:37] - https://geekinney.com/index.xml
[2026-02-05 19:14:37] - https://suus.me/atom.xml
[2026-02-05 19:14:37] - https://sizheng.org/feed
[2026-02-05 19:14:37] - https://www.moraex.com/feed
