[2026-03-24 00:06:52] 本次订阅抓取结果统计:
[2026-03-24 00:06:52] 共 46 条RSS, 成功抓取 39 条.
[2026-03-24 00:06:52] ✘ 有 7 条订阅解析失败:
[2026-03-24 00:06:52] - https://tumutanzi.com/feed
[2026-03-24 00:06:52] - https://geekinney.com/index.xml
[2026-03-24 00:06:52] - https://suus.me/atom.xml
[2026-03-24 00:06:52] - https://shuiba.co/feed
[2026-03-24 00:06:52] - https://www.mrhe.net/feed
[2026-03-24 00:06:52] - https://www.moraex.com/feed
[2026-03-24 00:06:52] - https://sizheng.org/feed
[2026-03-24 01:31:05] 本次订阅抓取结果统计:
[2026-03-24 01:31:05] 共 46 条RSS, 成功抓取 40 条.
[2026-03-24 01:31:05] ✘ 有 6 条订阅解析失败:
[2026-03-24 01:31:05] - https://tumutanzi.com/feed
[2026-03-24 01:31:05] - https://geekinney.com/index.xml
[2026-03-24 01:31:05] - https://suus.me/atom.xml
[2026-03-24 01:31:05] - https://shuiba.co/feed
[2026-03-24 01:31:05] - https://sizheng.org/feed
[2026-03-24 01:31:05] - https://www.moraex.com/feed
[2026-03-24 02:54:55] 抓取到的文章与现有数据相同，无需更新。
[2026-03-24 03:46:09] 抓取到的文章与现有数据相同，无需更新。
[2026-03-24 04:34:14] 抓取到的文章与现有数据相同，无需更新。
[2026-03-24 05:27:22] 抓取到的文章与现有数据相同，无需更新。
[2026-03-24 06:18:45] 抓取到的文章与现有数据相同，无需更新。
