[2026-01-25 00:04:42] [WARN] 加载头像映射失败: failed to parse avatar map JSON: unexpected end of JSON input
[2026-01-25 00:04:58] 抓取到的文章与现有数据相同，无需更新。
[2026-01-25 01:30:55] [WARN] 加载头像映射失败: failed to fetch avatar map: Get "https://cos.lhasa.icu/lhasaRSS/avatar.json": context deadline exceeded (Client.Timeout exceeded while awaiting headers)
[2026-01-25 01:31:57] 本次订阅抓取结果统计:
[2026-01-25 01:31:57] 共 47 条RSS, 成功抓取 37 条.
[2026-01-25 01:31:57] ✘ 有 10 条订阅解析失败:
[2026-01-25 01:31:57] - https://tumutanzi.com/feed
[2026-01-25 01:31:57] - https://geekinney.com/index.xml
[2026-01-25 01:31:57] - https://suus.me/atom.xml
[2026-01-25 01:31:57] - https://sizheng.org/feed
[2026-01-25 01:31:57] - https://xyzbz.cn/feed
[2026-01-25 01:31:57] - https://zhongxiaojie.com/feed
[2026-01-25 01:31:57] - https://www.laomuzhu.cn/feed/
[2026-01-25 01:31:57] - https://www.moraex.com/feed
[2026-01-25 01:31:57] - https://bluehe.cn/rss.xml
[2026-01-25 01:31:57] - https://ilogs.cn/feed/
[2026-01-25 01:31:57] ✘ 有 1 条订阅头像字段为空, 已使用默认头像:
[2026-01-25 01:31:57] - https://mayx.eu.org/atom.xml
[2026-01-25 01:31:57] ✘ 有 6 条订阅头像无法访问, 已使用默认头像:
[2026-01-25 01:31:57] - https://laike9m.com/blog/rss/
[2026-01-25 01:31:57] - https://skywind.me/blog/feed
[2026-01-25 01:31:57] - https://www.laruence.com/feed
[2026-01-25 01:31:57] - https://www.mrhe.net/feed
[2026-01-25 01:31:57] - https://byvoid.com/zhs/feed.xml
[2026-01-25 01:31:57] - https://blog.fueis.com/feed
[2026-01-25 02:45:20] [WARN] 加载头像映射失败: failed to parse avatar map JSON: unexpected end of JSON input
[2026-01-25 02:45:51] 本次订阅抓取结果统计:
[2026-01-25 02:45:51] 共 47 条RSS, 成功抓取 42 条.
[2026-01-25 02:45:51] ✘ 有 5 条订阅解析失败:
[2026-01-25 02:45:51] - https://tumutanzi.com/feed
[2026-01-25 02:45:51] - https://suus.me/atom.xml
[2026-01-25 02:45:51] - https://geekinney.com/index.xml
[2026-01-25 02:45:51] - https://sizheng.org/feed
[2026-01-25 02:45:51] - https://www.moraex.com/feed
[2026-01-25 02:45:51] ✘ 有 1 条订阅头像字段为空, 已使用默认头像:
[2026-01-25 02:45:51] - https://mayx.eu.org/atom.xml
[2026-01-25 02:45:51] ✘ 有 7 条订阅头像无法访问, 已使用默认头像:
[2026-01-25 02:45:51] - https://zhongxiaojie.com/feed
[2026-01-25 02:45:51] - https://laike9m.com/blog/rss/
[2026-01-25 02:45:51] - https://skywind.me/blog/feed
[2026-01-25 02:45:51] - https://www.laruence.com/feed
[2026-01-25 02:45:51] - https://www.mrhe.net/feed
[2026-01-25 02:45:51] - https://byvoid.com/zhs/feed.xml
[2026-01-25 02:45:51] - https://xyzbz.cn/feed
[2026-01-25 03:33:35] [WARN] 加载头像映射失败: failed to parse avatar map JSON: unexpected end of JSON input
[2026-01-25 03:33:49] 抓取到的文章与现有数据相同，无需更新。
[2026-01-25 04:22:35] [WARN] 加载头像映射失败: failed to parse avatar map JSON: unexpected end of JSON input
[2026-01-25 04:22:47] 抓取到的文章与现有数据相同，无需更新。
[2026-01-25 05:08:18] [WARN] 加载头像映射失败: failed to parse avatar map JSON: unexpected end of JSON input
[2026-01-25 05:08:31] 抓取到的文章与现有数据相同，无需更新。
[2026-01-25 06:01:56] [WARN] 加载头像映射失败: failed to parse avatar map JSON: unexpected end of JSON input
[2026-01-25 06:02:08] 抓取到的文章与现有数据相同，无需更新。
[2026-01-25 07:03:12] [WARN] 加载头像映射失败: failed to parse avatar map JSON: unexpected end of JSON input
[2026-01-25 07:04:11] 本次订阅抓取结果统计:
[2026-01-25 07:04:11] 共 47 条RSS, 成功抓取 41 条.
[2026-01-25 07:04:11] ✘ 有 6 条订阅解析失败:
[2026-01-25 07:04:11] - https://tumutanzi.com/feed
[2026-01-25 07:04:11] - https://geekinney.com/index.xml
[2026-01-25 07:04:11] - https://suus.me/atom.xml
[2026-01-25 07:04:11] - https://sizheng.org/feed
[2026-01-25 07:04:11] - https://www.moraex.com/feed
[2026-01-25 07:04:11] - https://skywind.me/blog/feed
[2026-01-25 07:04:11] ✘ 有 1 条订阅头像字段为空, 已使用默认头像:
[2026-01-25 07:04:11] - https://mayx.eu.org/atom.xml
[2026-01-25 07:04:11] ✘ 有 6 条订阅头像无法访问, 已使用默认头像:
[2026-01-25 07:04:11] - https://laike9m.com/blog/rss/
[2026-01-25 07:04:11] - https://zhongxiaojie.com/feed
[2026-01-25 07:04:11] - https://www.laruence.com/feed
[2026-01-25 07:04:11] - https://www.mrhe.net/feed
[2026-01-25 07:04:11] - https://byvoid.com/zhs/feed.xml
[2026-01-25 07:04:11] - https://blog.fueis.com/feed
[2026-01-25 07:33:55] 本次订阅抓取结果统计:
[2026-01-25 07:33:55] 共 47 条RSS, 成功抓取 42 条.
[2026-01-25 07:33:55] ✘ 有 5 条订阅解析失败:
[2026-01-25 07:33:55] - https://tumutanzi.com/feed
[2026-01-25 07:33:55] - https://geekinney.com/index.xml
[2026-01-25 07:33:55] - https://suus.me/atom.xml
[2026-01-25 07:33:55] - https://www.moraex.com/feed
[2026-01-25 07:33:55] - https://sizheng.org/feed
[2026-01-25 08:02:06] 抓取到的文章与现有数据相同，无需更新。
[2026-01-25 09:01:49] 抓取到的文章与现有数据相同，无需更新。
[2026-01-25 10:01:45] 抓取到的文章与现有数据相同，无需更新。
[2026-01-25 11:02:25] 本次订阅抓取结果统计:
[2026-01-25 11:02:25] 共 47 条RSS, 成功抓取 41 条.
[2026-01-25 11:02:25] ✘ 有 6 条订阅解析失败:
[2026-01-25 11:02:25] - https://tumutanzi.com/feed
[2026-01-25 11:02:25] - https://geekinney.com/index.xml
[2026-01-25 11:02:25] - https://suus.me/atom.xml
[2026-01-25 11:02:25] - https://www.moraex.com/feed
[2026-01-25 11:02:25] - https://sizheng.org/feed
[2026-01-25 11:02:25] - https://freemind.pluskid.org/rss.xml
