[2026-07-09 02:48:37] 本次订阅抓取结果统计:
[2026-07-09 02:48:37] 共 54 条RSS, 成功抓取 45 条.
[2026-07-09 02:48:37] ✘ 有 9 条订阅解析失败:
[2026-07-09 02:48:37] - https://geekinney.com/index.xml
[2026-07-09 02:48:37] - https://suus.me/atom.xml
[2026-07-09 02:48:37] - https://ilogs.cn/feed/
[2026-07-09 02:48:37] - https://writings.howsoonisnow.org/blog/feed/feed.xml
[2026-07-09 02:48:37] - https://www.moraex.com/feed
[2026-07-09 02:48:37] - https://www.shephe.com/feed
[2026-07-09 02:48:37] - https://sizheng.org/feed
[2026-07-09 02:48:37] - https://4op.top/index.xml
[2026-07-09 02:48:37] - https://ayayy.com/feed/
[2026-07-09 02:48:37] ✘ 有 1 条订阅头像字段为空, 已使用默认头像:
[2026-07-09 02:48:37] - https://jt26wzz.com/rss.xml
[2026-07-09 06:37:48] [WARN] 加载头像映射失败: failed to fetch avatar map: Get "https://cos.lhasa.icu/lhasaRSS/avatar.json": context deadline exceeded (Client.Timeout exceeded while awaiting headers)
[2026-07-09 06:38:07] 本次订阅抓取结果统计:
[2026-07-09 06:38:07] 共 54 条RSS, 成功抓取 45 条.
[2026-07-09 06:38:07] ✘ 有 9 条订阅解析失败:
[2026-07-09 06:38:07] - https://geekinney.com/index.xml
[2026-07-09 06:38:07] - https://suus.me/atom.xml
[2026-07-09 06:38:07] - https://ilogs.cn/feed/
[2026-07-09 06:38:07] - https://writings.howsoonisnow.org/blog/feed/feed.xml
[2026-07-09 06:38:07] - https://www.shephe.com/feed
[2026-07-09 06:38:07] - https://www.moraex.com/feed
[2026-07-09 06:38:07] - https://sizheng.org/feed
[2026-07-09 06:38:07] - https://4op.top/index.xml
[2026-07-09 06:38:07] - https://ayayy.com/feed/
[2026-07-09 06:38:07] ✘ 有 1 条订阅头像字段为空, 已使用默认头像:
[2026-07-09 06:38:07] - https://mayx.eu.org/atom.xml
[2026-07-09 06:38:07] ✘ 有 2 条订阅头像无法访问, 已使用默认头像:
[2026-07-09 06:38:07] - https://laike9m.com/blog/rss/
[2026-07-09 06:38:07] - https://skywind.me/blog/feed
[2026-07-09 10:17:12] 本次订阅抓取结果统计:
[2026-07-09 10:17:12] 共 54 条RSS, 成功抓取 44 条.
[2026-07-09 10:17:12] ✘ 有 10 条订阅解析失败:
[2026-07-09 10:17:12] - https://geekinney.com/index.xml
[2026-07-09 10:17:12] - https://suus.me/atom.xml
[2026-07-09 10:17:12] - https://ilogs.cn/feed/
[2026-07-09 10:17:12] - https://www.shephe.com/feed
[2026-07-09 10:17:12] - https://writings.howsoonisnow.org/blog/feed/feed.xml
[2026-07-09 10:17:12] - https://www.moraex.com/feed
[2026-07-09 10:17:12] - https://sizheng.org/feed
[2026-07-09 10:17:12] - https://4op.top/index.xml
[2026-07-09 10:17:12] - https://ayayy.com/feed/
[2026-07-09 10:17:12] - https://note.redcha.cn/rss.xml
[2026-07-09 10:17:12] ✘ 有 1 条订阅头像字段为空, 已使用默认头像:
[2026-07-09 10:17:12] - https://jt26wzz.com/rss.xml
[2026-07-09 13:41:15] 本次订阅抓取结果统计:
[2026-07-09 13:41:15] 共 54 条RSS, 成功抓取 45 条.
[2026-07-09 13:41:15] ✘ 有 9 条订阅解析失败:
[2026-07-09 13:41:15] - https://geekinney.com/index.xml
[2026-07-09 13:41:15] - https://suus.me/atom.xml
[2026-07-09 13:41:15] - https://ilogs.cn/feed/
[2026-07-09 13:41:15] - https://www.shephe.com/feed
[2026-07-09 13:41:15] - https://writings.howsoonisnow.org/blog/feed/feed.xml
[2026-07-09 13:41:15] - https://www.moraex.com/feed
[2026-07-09 13:41:15] - https://sizheng.org/feed
[2026-07-09 13:41:15] - https://4op.top/index.xml
[2026-07-09 13:41:15] - https://ayayy.com/feed/
[2026-07-09 13:41:15] ✘ 有 1 条订阅头像字段为空, 已使用默认头像:
[2026-07-09 13:41:15] - https://jt26wzz.com/rss.xml
