[2026-01-07 00:03:46] 抓取到的文章与现有数据相同，无需更新。
[2026-01-07 01:30:16] 抓取到的文章与现有数据相同，无需更新。
[2026-01-07 02:36:26] 抓取到的文章与现有数据相同，无需更新。
[2026-01-07 03:29:59] 本次订阅抓取结果统计:
[2026-01-07 03:29:59] 共 43 条RSS, 成功抓取 39 条.
[2026-01-07 03:29:59] ✘ 有 4 条订阅解析失败:
[2026-01-07 03:29:59] - https://tumutanzi.com/feed
[2026-01-07 03:29:59] - https://suus.me/atom.xml
[2026-01-07 03:29:59] - https://geekinney.com/index.xml
[2026-01-07 03:29:59] - https://www.moraex.com/feed
[2026-01-07 04:15:22] 抓取到的文章与现有数据相同，无需更新。
[2026-01-07 05:05:24] 抓取到的文章与现有数据相同，无需更新。
[2026-01-07 06:02:07] 抓取到的文章与现有数据相同，无需更新。
[2026-01-07 07:04:25] 本次订阅抓取结果统计:
[2026-01-07 07:04:25] 共 43 条RSS, 成功抓取 39 条.
[2026-01-07 07:04:25] ✘ 有 4 条订阅解析失败:
[2026-01-07 07:04:25] - https://tumutanzi.com/feed
[2026-01-07 07:04:25] - https://suus.me/atom.xml
[2026-01-07 07:04:25] - https://geekinney.com/index.xml
[2026-01-07 07:04:25] - https://www.moraex.com/feed
[2026-01-07 08:02:13] 抓取到的文章与现有数据相同，无需更新。
[2026-01-07 09:05:36] 抓取到的文章与现有数据相同，无需更新。
[2026-01-07 10:01:47] 抓取到的文章与现有数据相同，无需更新。
[2026-01-07 11:02:19] 抓取到的文章与现有数据相同，无需更新。
[2026-01-07 12:02:07] 抓取到的文章与现有数据相同，无需更新。
[2026-01-07 13:14:32] 抓取到的文章与现有数据相同，无需更新。
[2026-01-07 14:02:56] 抓取到的文章与现有数据相同，无需更新。
[2026-01-07 15:03:37] 本次订阅抓取结果统计:
[2026-01-07 15:03:37] 共 43 条RSS, 成功抓取 38 条.
[2026-01-07 15:03:37] ✘ 有 5 条订阅解析失败:
[2026-01-07 15:03:37] - https://tumutanzi.com/feed
[2026-01-07 15:03:37] - https://geekinney.com/index.xml
[2026-01-07 15:03:37] - https://suus.me/atom.xml
[2026-01-07 15:03:37] - https://www.moraex.com/feed
[2026-01-07 15:03:37] - https://skywind.me/blog/feed
[2026-01-07 16:02:47] 本次订阅抓取结果统计:
[2026-01-07 16:02:47] 共 43 条RSS, 成功抓取 39 条.
[2026-01-07 16:02:47] ✘ 有 4 条订阅解析失败:
[2026-01-07 16:02:47] - https://tumutanzi.com/feed
[2026-01-07 16:02:47] - https://suus.me/atom.xml
[2026-01-07 16:02:47] - https://geekinney.com/index.xml
[2026-01-07 16:02:47] - https://www.moraex.com/feed
[2026-01-07 17:05:00] 抓取到的文章与现有数据相同，无需更新。
[2026-01-07 18:02:42] 本次订阅抓取结果统计:
[2026-01-07 18:02:42] 共 43 条RSS, 成功抓取 38 条.
[2026-01-07 18:02:42] ✘ 有 5 条订阅解析失败:
[2026-01-07 18:02:42] - https://tumutanzi.com/feed
[2026-01-07 18:02:42] - https://suus.me/atom.xml
[2026-01-07 18:02:42] - https://geekinney.com/index.xml
[2026-01-07 18:02:42] - https://www.moraex.com/feed
[2026-01-07 18:02:42] - https://skywind.me/blog/feed
[2026-01-07 19:04:31] 抓取到的文章与现有数据相同，无需更新。
