[2026-01-23 00:05:54] 本次订阅抓取结果统计:
[2026-01-23 00:05:54] 共 45 条RSS, 成功抓取 37 条.
[2026-01-23 00:05:54] ✘ 有 8 条订阅解析失败:
[2026-01-23 00:05:54] - https://tumutanzi.com/feed
[2026-01-23 00:05:54] - https://oba.by/feed
[2026-01-23 00:05:54] - https://geekinney.com/index.xml
[2026-01-23 00:05:54] - https://suus.me/atom.xml
[2026-01-23 00:05:54] - https://sizheng.org/feed
[2026-01-23 00:05:54] - https://www.moraex.com/feed
[2026-01-23 00:05:54] - https://note.redcha.cn/rss.xml
[2026-01-23 00:05:54] - https://skywind.me/blog/feed
[2026-01-23 01:29:58] 本次订阅抓取结果统计:
[2026-01-23 01:29:58] 共 45 条RSS, 成功抓取 40 条.
[2026-01-23 01:29:58] ✘ 有 5 条订阅解析失败:
[2026-01-23 01:29:58] - https://tumutanzi.com/feed
[2026-01-23 01:29:58] - https://suus.me/atom.xml
[2026-01-23 01:29:58] - https://geekinney.com/index.xml
[2026-01-23 01:29:58] - https://sizheng.org/feed
[2026-01-23 01:29:58] - https://www.moraex.com/feed
[2026-01-23 02:38:31] 本次订阅抓取结果统计:
[2026-01-23 02:38:31] 共 45 条RSS, 成功抓取 37 条.
[2026-01-23 02:38:31] ✘ 有 8 条订阅解析失败:
[2026-01-23 02:38:31] - https://tumutanzi.com/feed
[2026-01-23 02:38:31] - https://geekinney.com/index.xml
[2026-01-23 02:38:31] - https://suus.me/atom.xml
[2026-01-23 02:38:31] - https://www.moraex.com/feed
[2026-01-23 02:38:31] - https://sizheng.org/feed
[2026-01-23 02:38:31] - https://note.redcha.cn/rss.xml
[2026-01-23 02:38:31] - https://oba.by/feed
[2026-01-23 02:38:31] - https://skywind.me/blog/feed
[2026-01-23 03:30:58] 本次订阅抓取结果统计:
[2026-01-23 03:30:58] 共 45 条RSS, 成功抓取 38 条.
[2026-01-23 03:30:58] ✘ 有 7 条订阅解析失败:
[2026-01-23 03:30:58] - https://tumutanzi.com/feed
[2026-01-23 03:30:58] - https://geekinney.com/index.xml
[2026-01-23 03:30:58] - https://oba.by/feed
[2026-01-23 03:30:58] - https://suus.me/atom.xml
[2026-01-23 03:30:58] - https://sizheng.org/feed
[2026-01-23 03:30:58] - https://www.moraex.com/feed
[2026-01-23 03:30:58] - https://note.redcha.cn/rss.xml
