[2026-05-21 00:24:28] 抓取到的文章与现有数据相同，无需更新。
[2026-05-21 01:36:47] 抓取到的文章与现有数据相同，无需更新。
[2026-05-21 03:00:59] 本次订阅抓取结果统计:
[2026-05-21 03:00:59] 共 49 条RSS, 成功抓取 40 条.
[2026-05-21 03:00:59] ✘ 有 9 条订阅解析失败:
[2026-05-21 03:00:59] - https://tumutanzi.com/feed
[2026-05-21 03:00:59] - https://geekinney.com/index.xml
[2026-05-21 03:00:59] - https://suus.me/atom.xml
[2026-05-21 03:00:59] - https://www.shephe.com/feed
[2026-05-21 03:00:59] - https://ilogs.cn/feed/
[2026-05-21 03:00:59] - https://shuiba.co/feed
[2026-05-21 03:00:59] - https://www.moraex.com/feed
[2026-05-21 03:00:59] - https://writings.howsoonisnow.org/blog/feed/feed.xml
[2026-05-21 03:00:59] - https://sizheng.org/feed
[2026-05-21 03:00:59] ✘ 有 1 条订阅头像字段为空, 已使用默认头像:
[2026-05-21 03:00:59] - https://jt26wzz.com/rss.xml
[2026-05-21 05:21:01] 抓取到的文章与现有数据相同，无需更新。
[2026-05-21 07:09:40] 抓取到的文章与现有数据相同，无需更新。
[2026-05-21 09:01:48] 本次订阅抓取结果统计:
[2026-05-21 09:01:48] 共 49 条RSS, 成功抓取 40 条.
[2026-05-21 09:01:48] ✘ 有 9 条订阅解析失败:
[2026-05-21 09:01:48] - https://tumutanzi.com/feed
[2026-05-21 09:01:48] - https://geekinney.com/index.xml
[2026-05-21 09:01:48] - https://suus.me/atom.xml
[2026-05-21 09:01:48] - https://www.shephe.com/feed
[2026-05-21 09:01:48] - https://ilogs.cn/feed/
[2026-05-21 09:01:48] - https://shuiba.co/feed
[2026-05-21 09:01:48] - https://www.moraex.com/feed
[2026-05-21 09:01:48] - https://writings.howsoonisnow.org/blog/feed/feed.xml
[2026-05-21 09:01:48] - https://sizheng.org/feed
[2026-05-21 09:01:48] ✘ 有 1 条订阅头像字段为空, 已使用默认头像:
[2026-05-21 09:01:48] - https://jt26wzz.com/rss.xml
