[2026-01-13 00:03:36] 抓取到的文章与现有数据相同，无需更新。
[2026-01-13 01:29:54] 抓取到的文章与现有数据相同，无需更新。
[2026-01-13 02:35:38] 抓取到的文章与现有数据相同，无需更新。
[2026-01-13 03:29:23] 抓取到的文章与现有数据相同，无需更新。
[2026-01-13 04:15:21] 抓取到的文章与现有数据相同，无需更新。
[2026-01-13 05:05:22] 抓取到的文章与现有数据相同，无需更新。
[2026-01-13 06:02:10] 抓取到的文章与现有数据相同，无需更新。
[2026-01-13 07:04:43] 抓取到的文章与现有数据相同，无需更新。
[2026-01-13 08:01:51] 抓取到的文章与现有数据相同，无需更新。
[2026-01-13 09:04:55] 本次订阅抓取结果统计:
[2026-01-13 09:04:55] 共 43 条RSS, 成功抓取 38 条.
[2026-01-13 09:04:55] ✘ 有 5 条订阅解析失败:
[2026-01-13 09:04:55] - https://tumutanzi.com/feed
[2026-01-13 09:04:55] - https://oba.by/feed
[2026-01-13 09:04:55] - https://suus.me/atom.xml
[2026-01-13 09:04:55] - https://geekinney.com/index.xml
[2026-01-13 09:04:55] - https://www.moraex.com/feed
[2026-01-13 10:01:51] 抓取到的文章与现有数据相同，无需更新。
[2026-01-13 11:03:00] 本次订阅抓取结果统计:
[2026-01-13 11:03:00] 共 43 条RSS, 成功抓取 37 条.
[2026-01-13 11:03:00] ✘ 有 6 条订阅解析失败:
[2026-01-13 11:03:00] - https://tumutanzi.com/feed
[2026-01-13 11:03:00] - https://oba.by/feed
[2026-01-13 11:03:00] - https://geekinney.com/index.xml
[2026-01-13 11:03:00] - https://suus.me/atom.xml
[2026-01-13 11:03:00] - https://www.moraex.com/feed
[2026-01-13 11:03:00] - https://skywind.me/blog/feed
[2026-01-13 12:02:23] 本次订阅抓取结果统计:
[2026-01-13 12:02:23] 共 43 条RSS, 成功抓取 38 条.
[2026-01-13 12:02:23] ✘ 有 5 条订阅解析失败:
[2026-01-13 12:02:23] - https://tumutanzi.com/feed
[2026-01-13 12:02:23] - https://oba.by/feed
[2026-01-13 12:02:23] - https://geekinney.com/index.xml
[2026-01-13 12:02:23] - https://suus.me/atom.xml
[2026-01-13 12:02:23] - https://www.moraex.com/feed
[2026-01-13 13:16:09] 本次订阅抓取结果统计:
[2026-01-13 13:16:09] 共 43 条RSS, 成功抓取 37 条.
[2026-01-13 13:16:09] ✘ 有 6 条订阅解析失败:
[2026-01-13 13:16:09] - https://tumutanzi.com/feed
[2026-01-13 13:16:09] - https://oba.by/feed
[2026-01-13 13:16:09] - https://geekinney.com/index.xml
[2026-01-13 13:16:09] - https://suus.me/atom.xml
[2026-01-13 13:16:09] - https://www.moraex.com/feed
[2026-01-13 13:16:09] - https://skywind.me/blog/feed
[2026-01-13 14:04:21] 本次订阅抓取结果统计:
[2026-01-13 14:04:21] 共 43 条RSS, 成功抓取 38 条.
[2026-01-13 14:04:21] ✘ 有 5 条订阅解析失败:
[2026-01-13 14:04:21] - https://tumutanzi.com/feed
[2026-01-13 14:04:21] - https://oba.by/feed
[2026-01-13 14:04:21] - https://geekinney.com/index.xml
[2026-01-13 14:04:21] - https://suus.me/atom.xml
[2026-01-13 14:04:21] - https://www.moraex.com/feed
[2026-01-13 15:03:27] 抓取到的文章与现有数据相同，无需更新。
[2026-01-13 16:03:41] [WARN] 加载头像映射失败: failed to fetch avatar map: Get "https://cos.lhasa.icu/lhasaRSS/avatar.json": context deadline exceeded (Client.Timeout exceeded while awaiting headers)
