[2026-06-11 00:30:58] 抓取到的文章与现有数据相同，无需更新。
[2026-06-11 01:47:05] 本次订阅抓取结果统计:
[2026-06-11 01:47:05] 共 54 条RSS, 成功抓取 41 条.
[2026-06-11 01:47:05] ✘ 有 13 条订阅解析失败:
[2026-06-11 01:47:05] - https://tumutanzi.com/feed
[2026-06-11 01:47:05] - https://geekinney.com/index.xml
[2026-06-11 01:47:05] - https://suus.me/atom.xml
[2026-06-11 01:47:05] - https://leixus.cn/index.php/feed/
[2026-06-11 01:47:05] - https://www.shephe.com/feed
[2026-06-11 01:47:05] - https://ilogs.cn/feed/
[2026-06-11 01:47:05] - https://www.moraex.com/feed
[2026-06-11 01:47:05] - https://shuiba.co/feed
[2026-06-11 01:47:05] - https://writings.howsoonisnow.org/blog/feed/feed.xml
[2026-06-11 01:47:05] - https://sizheng.org/feed
[2026-06-11 01:47:05] - https://4op.top/index.xml
[2026-06-11 01:47:05] - https://ayayy.com/feed/
[2026-06-11 01:47:05] - https://blog.gankudadiz.com/feed
[2026-06-11 01:47:05] ✘ 有 1 条订阅头像字段为空, 已使用默认头像:
[2026-06-11 01:47:05] - https://jt26wzz.com/rss.xml
[2026-06-11 03:02:05] 本次订阅抓取结果统计:
[2026-06-11 03:02:05] 共 54 条RSS, 成功抓取 42 条.
[2026-06-11 03:02:05] ✘ 有 12 条订阅解析失败:
[2026-06-11 03:02:05] - https://tumutanzi.com/feed
[2026-06-11 03:02:05] - https://geekinney.com/index.xml
[2026-06-11 03:02:05] - https://suus.me/atom.xml
[2026-06-11 03:02:05] - https://www.shephe.com/feed
[2026-06-11 03:02:05] - https://ilogs.cn/feed/
[2026-06-11 03:02:05] - https://shuiba.co/feed
[2026-06-11 03:02:05] - https://writings.howsoonisnow.org/blog/feed/feed.xml
[2026-06-11 03:02:05] - https://www.moraex.com/feed
[2026-06-11 03:02:05] - https://sizheng.org/feed
[2026-06-11 03:02:05] - https://4op.top/index.xml
[2026-06-11 03:02:05] - https://ayayy.com/feed/
[2026-06-11 03:02:05] - https://blog.gankudadiz.com/feed
[2026-06-11 03:02:05] ✘ 有 1 条订阅头像字段为空, 已使用默认头像:
[2026-06-11 03:02:05] - https://jt26wzz.com/rss.xml
[2026-06-11 05:29:38] [WARN] 加载头像映射失败: failed to fetch avatar map: Get "https://cos.lhasa.icu/lhasaRSS/avatar.json": dial tcp 43.174.247.25:443: connect: connection refused
[2026-06-11 05:30:26] 本次订阅抓取结果统计:
[2026-06-11 05:30:26] 共 54 条RSS, 成功抓取 42 条.
[2026-06-11 05:30:26] ✘ 有 12 条订阅解析失败:
[2026-06-11 05:30:26] - https://tumutanzi.com/feed
[2026-06-11 05:30:26] - https://geekinney.com/index.xml
[2026-06-11 05:30:26] - https://suus.me/atom.xml
[2026-06-11 05:30:26] - https://www.shephe.com/feed
[2026-06-11 05:30:26] - https://ilogs.cn/feed/
[2026-06-11 05:30:26] - https://shuiba.co/feed
[2026-06-11 05:30:26] - https://writings.howsoonisnow.org/blog/feed/feed.xml
[2026-06-11 05:30:26] - https://www.moraex.com/feed
[2026-06-11 05:30:26] - https://sizheng.org/feed
[2026-06-11 05:30:26] - https://4op.top/index.xml
[2026-06-11 05:30:26] - https://ayayy.com/feed/
[2026-06-11 05:30:26] - https://blog.gankudadiz.com/feed
[2026-06-11 05:30:26] ✘ 有 1 条订阅头像字段为空, 已使用默认头像:
[2026-06-11 05:30:26] - https://mayx.eu.org/atom.xml
[2026-06-11 05:30:26] ✘ 有 5 条订阅头像无法访问, 已使用默认头像:
[2026-06-11 05:30:26] - https://skywind.me/blog/feed
[2026-06-11 05:30:26] - https://laike9m.com/blog/rss/
[2026-06-11 05:30:26] - https://zhongxiaojie.com/feed
[2026-06-11 05:30:26] - https://byvoid.com/zhs/feed.xml
[2026-06-11 05:30:26] - https://www.laomuzhu.cn/feed/
[2026-06-11 07:32:24] 本次订阅抓取结果统计:
[2026-06-11 07:32:24] 共 54 条RSS, 成功抓取 41 条.
[2026-06-11 07:32:24] ✘ 有 13 条订阅解析失败:
[2026-06-11 07:32:24] - https://tumutanzi.com/feed
[2026-06-11 07:32:24] - https://geekinney.com/index.xml
[2026-06-11 07:32:24] - https://suus.me/atom.xml
[2026-06-11 07:32:24] - https://www.shephe.com/feed
[2026-06-11 07:32:24] - https://leixus.cn/index.php/feed/
[2026-06-11 07:32:24] - https://ilogs.cn/feed/
[2026-06-11 07:32:24] - https://shuiba.co/feed
[2026-06-11 07:32:24] - https://www.moraex.com/feed
[2026-06-11 07:32:24] - https://writings.howsoonisnow.org/blog/feed/feed.xml
[2026-06-11 07:32:24] - https://sizheng.org/feed
[2026-06-11 07:32:24] - https://4op.top/index.xml
[2026-06-11 07:32:24] - https://ayayy.com/feed/
[2026-06-11 07:32:24] - https://blog.gankudadiz.com/feed
[2026-06-11 07:32:24] ✘ 有 1 条订阅头像字段为空, 已使用默认头像:
[2026-06-11 07:32:24] - https://jt26wzz.com/rss.xml
[2026-06-11 09:23:31] 本次订阅抓取结果统计:
[2026-06-11 09:23:31] 共 54 条RSS, 成功抓取 42 条.
[2026-06-11 09:23:31] ✘ 有 12 条订阅解析失败:
[2026-06-11 09:23:31] - https://tumutanzi.com/feed
[2026-06-11 09:23:31] - https://geekinney.com/index.xml
[2026-06-11 09:23:31] - https://suus.me/atom.xml
[2026-06-11 09:23:31] - https://ilogs.cn/feed/
[2026-06-11 09:23:31] - https://shuiba.co/feed
[2026-06-11 09:23:31] - https://writings.howsoonisnow.org/blog/feed/feed.xml
[2026-06-11 09:23:31] - https://www.moraex.com/feed
[2026-06-11 09:23:31] - https://www.shephe.com/feed
[2026-06-11 09:23:31] - https://sizheng.org/feed
[2026-06-11 09:23:31] - https://4op.top/index.xml
[2026-06-11 09:23:31] - https://ayayy.com/feed/
[2026-06-11 09:23:31] - https://blog.gankudadiz.com/feed
[2026-06-11 09:23:31] ✘ 有 1 条订阅头像字段为空, 已使用默认头像:
[2026-06-11 09:23:31] - https://jt26wzz.com/rss.xml
[2026-06-11 11:28:30] 本次订阅抓取结果统计:
[2026-06-11 11:28:30] 共 54 条RSS, 成功抓取 42 条.
[2026-06-11 11:28:30] ✘ 有 12 条订阅解析失败:
[2026-06-11 11:28:30] - https://tumutanzi.com/feed
[2026-06-11 11:28:30] - https://geekinney.com/index.xml
[2026-06-11 11:28:30] - https://suus.me/atom.xml
[2026-06-11 11:28:30] - https://www.shephe.com/feed
[2026-06-11 11:28:30] - https://ilogs.cn/feed/
[2026-06-11 11:28:30] - https://shuiba.co/feed
[2026-06-11 11:28:30] - https://www.moraex.com/feed
[2026-06-11 11:28:30] - https://writings.howsoonisnow.org/blog/feed/feed.xml
[2026-06-11 11:28:30] - https://sizheng.org/feed
[2026-06-11 11:28:30] - https://4op.top/index.xml
[2026-06-11 11:28:30] - https://ayayy.com/feed/
[2026-06-11 11:28:30] - https://blog.gankudadiz.com/feed
[2026-06-11 11:28:30] ✘ 有 1 条订阅头像字段为空, 已使用默认头像:
[2026-06-11 11:28:30] - https://jt26wzz.com/rss.xml
[2026-06-11 13:08:50] 抓取到的文章与现有数据相同，无需更新。
[2026-06-11 15:07:29] 抓取到的文章与现有数据相同，无需更新。
