[2026-05-26 00:22:31] 抓取到的文章与现有数据相同，无需更新。
[2026-05-26 01:34:49] 抓取到的文章与现有数据相同，无需更新。
[2026-05-26 03:00:31] 本次订阅抓取结果统计:
[2026-05-26 03:00:31] 共 49 条RSS, 成功抓取 39 条.
[2026-05-26 03:00:31] ✘ 有 10 条订阅解析失败:
[2026-05-26 03:00:31] - https://tumutanzi.com/feed
[2026-05-26 03:00:31] - https://geekinney.com/index.xml
[2026-05-26 03:00:31] - https://suus.me/atom.xml
[2026-05-26 03:00:31] - https://www.shephe.com/feed
[2026-05-26 03:00:31] - https://ilogs.cn/feed/
[2026-05-26 03:00:31] - https://innei.in/feed
[2026-05-26 03:00:31] - https://shuiba.co/feed
[2026-05-26 03:00:31] - https://writings.howsoonisnow.org/blog/feed/feed.xml
[2026-05-26 03:00:31] - https://www.moraex.com/feed
[2026-05-26 03:00:31] - https://sizheng.org/feed
[2026-05-26 03:00:31] ✘ 有 1 条订阅头像字段为空, 已使用默认头像:
[2026-05-26 03:00:31] - https://jt26wzz.com/rss.xml
[2026-05-26 04:32:15] [WARN] 加载头像映射失败: failed to fetch avatar map: Get "https://cos.lhasa.icu/lhasaRSS/avatar.json": dial tcp 43.174.246.25:443: connect: connection refused
[2026-05-26 04:32:30] 本次订阅抓取结果统计:
[2026-05-26 04:32:30] 共 49 条RSS, 成功抓取 39 条.
[2026-05-26 04:32:30] ✘ 有 10 条订阅解析失败:
[2026-05-26 04:32:30] - https://tumutanzi.com/feed
[2026-05-26 04:32:30] - https://geekinney.com/index.xml
[2026-05-26 04:32:30] - https://suus.me/atom.xml
[2026-05-26 04:32:30] - https://www.shephe.com/feed
[2026-05-26 04:32:30] - https://innei.in/feed
[2026-05-26 04:32:30] - https://ilogs.cn/feed/
[2026-05-26 04:32:30] - https://shuiba.co/feed
[2026-05-26 04:32:30] - https://writings.howsoonisnow.org/blog/feed/feed.xml
[2026-05-26 04:32:30] - https://www.moraex.com/feed
[2026-05-26 04:32:30] - https://sizheng.org/feed
[2026-05-26 04:32:30] ✘ 有 1 条订阅头像字段为空, 已使用默认头像:
[2026-05-26 04:32:30] - https://mayx.eu.org/atom.xml
[2026-05-26 04:32:30] ✘ 有 4 条订阅头像无法访问, 已使用默认头像:
[2026-05-26 04:32:30] - https://laike9m.com/blog/rss/
[2026-05-26 04:32:30] - https://skywind.me/blog/feed
[2026-05-26 04:32:30] - https://xyzbz.cn/feed
[2026-05-26 04:32:30] - https://byvoid.com/zhs/feed.xml
[2026-05-26 06:20:20] 本次订阅抓取结果统计:
[2026-05-26 06:20:20] 共 49 条RSS, 成功抓取 39 条.
[2026-05-26 06:20:20] ✘ 有 10 条订阅解析失败:
[2026-05-26 06:20:20] - https://tumutanzi.com/feed
[2026-05-26 06:20:20] - https://geekinney.com/index.xml
[2026-05-26 06:20:20] - https://suus.me/atom.xml
[2026-05-26 06:20:20] - https://ilogs.cn/feed/
[2026-05-26 06:20:20] - https://innei.in/feed
[2026-05-26 06:20:20] - https://shuiba.co/feed
[2026-05-26 06:20:20] - https://www.moraex.com/feed
[2026-05-26 06:20:20] - https://writings.howsoonisnow.org/blog/feed/feed.xml
[2026-05-26 06:20:20] - https://www.shephe.com/feed
[2026-05-26 06:20:20] - https://sizheng.org/feed
[2026-05-26 06:20:20] ✘ 有 1 条订阅头像字段为空, 已使用默认头像:
[2026-05-26 06:20:20] - https://jt26wzz.com/rss.xml
[2026-05-26 08:10:28] 抓取到的文章与现有数据相同，无需更新。
[2026-05-26 10:21:18] 抓取到的文章与现有数据相同，无需更新。
