[2026-03-31 00:09:43] 抓取到的文章与现有数据相同，无需更新。
[2026-03-31 01:31:20] 抓取到的文章与现有数据相同，无需更新。
[2026-03-31 02:58:55] 抓取到的文章与现有数据相同，无需更新。
[2026-03-31 04:02:03] 抓取到的文章与现有数据相同，无需更新。
[2026-03-31 05:31:32] 抓取到的文章与现有数据相同，无需更新。
[2026-03-31 06:24:03] 抓取到的文章与现有数据相同，无需更新。
[2026-03-31 07:28:27] 抓取到的文章与现有数据相同，无需更新。
[2026-03-31 08:18:40] 本次订阅抓取结果统计:
[2026-03-31 08:18:40] 共 46 条RSS, 成功抓取 40 条.
[2026-03-31 08:18:40] ✘ 有 6 条订阅解析失败:
[2026-03-31 08:18:40] - https://tumutanzi.com/feed
[2026-03-31 08:18:40] - https://geekinney.com/index.xml
[2026-03-31 08:18:40] - https://suus.me/atom.xml
[2026-03-31 08:18:40] - https://shuiba.co/feed
[2026-03-31 08:18:40] - https://www.moraex.com/feed
[2026-03-31 08:18:40] - https://sizheng.org/feed
[2026-03-31 09:20:38] 抓取到的文章与现有数据相同，无需更新。
[2026-03-31 10:18:36] 抓取到的文章与现有数据相同，无需更新。
[2026-03-31 11:16:31] 抓取到的文章与现有数据相同，无需更新。
[2026-03-31 12:12:25] 抓取到的文章与现有数据相同，无需更新。
[2026-03-31 13:29:23] 抓取到的文章与现有数据相同，无需更新。
[2026-03-31 14:29:00] 抓取到的文章与现有数据相同，无需更新。
[2026-03-31 15:23:09] 抓取到的文章与现有数据相同，无需更新。
[2026-03-31 16:19:10] 抓取到的文章与现有数据相同，无需更新。
[2026-03-31 17:18:52] 抓取到的文章与现有数据相同，无需更新。
[2026-03-31 18:14:12] 抓取到的文章与现有数据相同，无需更新。
[2026-03-31 19:21:20] 抓取到的文章与现有数据相同，无需更新。
[2026-03-31 20:09:57] 抓取到的文章与现有数据相同，无需更新。
[2026-03-31 21:09:29] 本次订阅抓取结果统计:
[2026-03-31 21:09:29] 共 46 条RSS, 成功抓取 40 条.
[2026-03-31 21:09:29] ✘ 有 6 条订阅解析失败:
[2026-03-31 21:09:29] - https://tumutanzi.com/feed
[2026-03-31 21:09:29] - https://geekinney.com/index.xml
[2026-03-31 21:09:29] - https://suus.me/atom.xml
[2026-03-31 21:09:29] - https://shuiba.co/feed
[2026-03-31 21:09:29] - https://sizheng.org/feed
[2026-03-31 21:09:29] - https://www.moraex.com/feed
