[2026-01-27 00:05:16] 抓取到的文章与现有数据相同，无需更新。
[2026-01-27 01:30:12] 抓取到的文章与现有数据相同，无需更新。
[2026-01-27 02:42:15] 抓取到的文章与现有数据相同，无需更新。
[2026-01-27 03:31:24] 本次订阅抓取结果统计:
[2026-01-27 03:31:24] 共 47 条RSS, 成功抓取 42 条.
[2026-01-27 03:31:24] ✘ 有 5 条订阅解析失败:
[2026-01-27 03:31:24] - https://tumutanzi.com/feed
[2026-01-27 03:31:24] - https://geekinney.com/index.xml
[2026-01-27 03:31:24] - https://suus.me/atom.xml
[2026-01-27 03:31:24] - https://sizheng.org/feed
[2026-01-27 03:31:24] - https://www.moraex.com/feed
[2026-01-27 04:18:55] 抓取到的文章与现有数据相同，无需更新。
[2026-01-27 05:06:59] 抓取到的文章与现有数据相同，无需更新。
[2026-01-27 06:03:13] 本次订阅抓取结果统计:
[2026-01-27 06:03:13] 共 47 条RSS, 成功抓取 41 条.
[2026-01-27 06:03:13] ✘ 有 6 条订阅解析失败:
[2026-01-27 06:03:13] - https://tumutanzi.com/feed
[2026-01-27 06:03:13] - https://suus.me/atom.xml
[2026-01-27 06:03:13] - https://geekinney.com/index.xml
[2026-01-27 06:03:13] - https://www.moraex.com/feed
[2026-01-27 06:03:13] - https://sizheng.org/feed
[2026-01-27 06:03:13] - https://skywind.me/blog/feed
[2026-01-27 07:06:17] 本次订阅抓取结果统计:
[2026-01-27 07:06:17] 共 47 条RSS, 成功抓取 42 条.
[2026-01-27 07:06:17] ✘ 有 5 条订阅解析失败:
[2026-01-27 07:06:17] - https://tumutanzi.com/feed
[2026-01-27 07:06:17] - https://suus.me/atom.xml
[2026-01-27 07:06:17] - https://geekinney.com/index.xml
[2026-01-27 07:06:17] - https://sizheng.org/feed
[2026-01-27 07:06:17] - https://www.moraex.com/feed
[2026-01-27 08:01:47] 本次订阅抓取结果统计:
[2026-01-27 08:01:47] 共 47 条RSS, 成功抓取 42 条.
[2026-01-27 08:01:47] ✘ 有 5 条订阅解析失败:
[2026-01-27 08:01:47] - https://tumutanzi.com/feed
[2026-01-27 08:01:47] - https://suus.me/atom.xml
[2026-01-27 08:01:47] - https://geekinney.com/index.xml
[2026-01-27 08:01:47] - https://sizheng.org/feed
[2026-01-27 08:01:47] - https://www.moraex.com/feed
