[2026-03-12 00:06:20] 抓取到的文章与现有数据相同，无需更新。
[2026-03-12 01:30:43] 抓取到的文章与现有数据相同，无需更新。
[2026-03-12 02:54:42] 抓取到的文章与现有数据相同，无需更新。
[2026-03-12 03:45:39] 抓取到的文章与现有数据相同，无需更新。
[2026-03-12 04:31:45] 抓取到的文章与现有数据相同，无需更新。
[2026-03-12 05:22:12] 抓取到的文章与现有数据相同，无需更新。
[2026-03-12 06:13:15] 本次订阅抓取结果统计:
[2026-03-12 06:13:15] 共 47 条RSS, 成功抓取 41 条.
[2026-03-12 06:13:15] ✘ 有 6 条订阅解析失败:
[2026-03-12 06:13:15] - https://tumutanzi.com/feed
[2026-03-12 06:13:15] - https://geekinney.com/index.xml
[2026-03-12 06:13:15] - https://suus.me/atom.xml
[2026-03-12 06:13:15] - https://shuiba.co/feed
[2026-03-12 06:13:15] - https://www.moraex.com/feed
[2026-03-12 06:13:15] - https://sizheng.org/feed
[2026-03-12 07:16:56] 抓取到的文章与现有数据相同，无需更新。
[2026-03-12 08:08:40] 本次订阅抓取结果统计:
[2026-03-12 08:08:40] 共 47 条RSS, 成功抓取 41 条.
[2026-03-12 08:08:40] ✘ 有 6 条订阅解析失败:
[2026-03-12 08:08:40] - https://tumutanzi.com/feed
[2026-03-12 08:08:40] - https://geekinney.com/index.xml
[2026-03-12 08:08:40] - https://suus.me/atom.xml
[2026-03-12 08:08:40] - https://shuiba.co/feed
[2026-03-12 08:08:40] - https://sizheng.org/feed
[2026-03-12 08:08:40] - https://www.moraex.com/feed
[2026-03-12 09:12:40] 抓取到的文章与现有数据相同，无需更新。
