[2026-05-28 00:22:19] 抓取到的文章与现有数据相同，无需更新。
[2026-05-28 01:32:17] 抓取到的文章与现有数据相同，无需更新。
[2026-05-28 03:00:34] 抓取到的文章与现有数据相同，无需更新。
[2026-05-28 04:34:39] 抓取到的文章与现有数据相同，无需更新。
[2026-05-28 06:22:57] 抓取到的文章与现有数据相同，无需更新。
[2026-05-28 08:17:15] 抓取到的文章与现有数据相同，无需更新。
[2026-05-28 10:25:38] 本次订阅抓取结果统计:
[2026-05-28 10:25:38] 共 49 条RSS, 成功抓取 38 条.
[2026-05-28 10:25:38] ✘ 有 11 条订阅解析失败:
[2026-05-28 10:25:38] - https://tumutanzi.com/feed
[2026-05-28 10:25:38] - https://geekinney.com/index.xml
[2026-05-28 10:25:38] - https://suus.me/atom.xml
[2026-05-28 10:25:38] - https://www.shephe.com/feed
[2026-05-28 10:25:38] - https://ilogs.cn/feed/
[2026-05-28 10:25:38] - https://innei.in/feed
[2026-05-28 10:25:38] - https://shuiba.co/feed
[2026-05-28 10:25:38] - https://www.moraex.com/feed
[2026-05-28 10:25:38] - https://writings.howsoonisnow.org/blog/feed/feed.xml
[2026-05-28 10:25:38] - https://sizheng.org/feed
[2026-05-28 10:25:38] - http://www.cyys.net/wp/feed
[2026-05-28 10:25:38] ✘ 有 1 条订阅头像字段为空, 已使用默认头像:
[2026-05-28 10:25:38] - https://jt26wzz.com/rss.xml
[2026-05-28 12:08:28] 本次订阅抓取结果统计:
[2026-05-28 12:08:28] 共 49 条RSS, 成功抓取 39 条.
[2026-05-28 12:08:28] ✘ 有 10 条订阅解析失败:
[2026-05-28 12:08:28] - https://tumutanzi.com/feed
[2026-05-28 12:08:28] - https://geekinney.com/index.xml
[2026-05-28 12:08:28] - https://suus.me/atom.xml
[2026-05-28 12:08:28] - https://www.shephe.com/feed
[2026-05-28 12:08:28] - https://ilogs.cn/feed/
[2026-05-28 12:08:28] - https://innei.in/feed
[2026-05-28 12:08:28] - https://shuiba.co/feed
[2026-05-28 12:08:28] - https://writings.howsoonisnow.org/blog/feed/feed.xml
[2026-05-28 12:08:28] - https://www.moraex.com/feed
[2026-05-28 12:08:28] - https://sizheng.org/feed
[2026-05-28 12:08:28] ✘ 有 1 条订阅头像字段为空, 已使用默认头像:
[2026-05-28 12:08:28] - https://jt26wzz.com/rss.xml
[2026-05-28 14:12:37] 抓取到的文章与现有数据相同，无需更新。
[2026-05-28 15:47:30] [WARN] 加载头像映射失败: failed to parse avatar map JSON: invalid character ']' looking for beginning of value
