[2026-01-19 00:04:50] 抓取到的文章与现有数据相同，无需更新。
[2026-01-19 01:30:24] 抓取到的文章与现有数据相同，无需更新。
[2026-01-19 02:41:50] 抓取到的文章与现有数据相同，无需更新。
[2026-01-19 03:31:42] 本次订阅抓取结果统计:
[2026-01-19 03:31:42] 共 44 条RSS, 成功抓取 38 条.
[2026-01-19 03:31:42] ✘ 有 6 条订阅解析失败:
[2026-01-19 03:31:42] - https://tumutanzi.com/feed
[2026-01-19 03:31:42] - https://oba.by/feed
[2026-01-19 03:31:42] - https://geekinney.com/index.xml
[2026-01-19 03:31:42] - https://suus.me/atom.xml
[2026-01-19 03:31:42] - https://sizheng.org/feed
[2026-01-19 03:31:42] - https://www.moraex.com/feed
[2026-01-19 04:21:33] 抓取到的文章与现有数据相同，无需更新。
[2026-01-19 05:10:07] 抓取到的文章与现有数据相同，无需更新。
[2026-01-19 05:40:30] 本次订阅抓取结果统计:
[2026-01-19 05:40:30] 共 45 条RSS, 成功抓取 39 条.
[2026-01-19 05:40:30] ✘ 有 6 条订阅解析失败:
[2026-01-19 05:40:30] - https://tumutanzi.com/feed
[2026-01-19 05:40:30] - https://oba.by/feed
[2026-01-19 05:40:30] - https://geekinney.com/index.xml
[2026-01-19 05:40:30] - https://suus.me/atom.xml
[2026-01-19 05:40:30] - https://sizheng.org/feed
[2026-01-19 05:40:30] - https://www.moraex.com/feed
[2026-01-19 06:04:23] 本次订阅抓取结果统计:
[2026-01-19 06:04:23] 共 45 条RSS, 成功抓取 38 条.
[2026-01-19 06:04:23] ✘ 有 7 条订阅解析失败:
[2026-01-19 06:04:23] - https://tumutanzi.com/feed
[2026-01-19 06:04:23] - https://oba.by/feed
[2026-01-19 06:04:23] - https://suus.me/atom.xml
[2026-01-19 06:04:23] - https://geekinney.com/index.xml
[2026-01-19 06:04:23] - https://www.moraex.com/feed
[2026-01-19 06:04:23] - https://sizheng.org/feed
[2026-01-19 06:04:23] - https://skywind.me/blog/feed
[2026-01-19 07:07:38] 本次订阅抓取结果统计:
[2026-01-19 07:07:38] 共 45 条RSS, 成功抓取 39 条.
[2026-01-19 07:07:38] ✘ 有 6 条订阅解析失败:
[2026-01-19 07:07:38] - https://tumutanzi.com/feed
[2026-01-19 07:07:38] - https://oba.by/feed
[2026-01-19 07:07:38] - https://suus.me/atom.xml
[2026-01-19 07:07:38] - https://geekinney.com/index.xml
[2026-01-19 07:07:38] - https://sizheng.org/feed
[2026-01-19 07:07:38] - https://www.moraex.com/feed
[2026-01-19 08:02:14] 本次订阅抓取结果统计:
[2026-01-19 08:02:14] 共 45 条RSS, 成功抓取 39 条.
[2026-01-19 08:02:14] ✘ 有 6 条订阅解析失败:
[2026-01-19 08:02:14] - https://tumutanzi.com/feed
[2026-01-19 08:02:14] - https://oba.by/feed
[2026-01-19 08:02:14] - https://geekinney.com/index.xml
[2026-01-19 08:02:14] - https://suus.me/atom.xml
[2026-01-19 08:02:14] - https://sizheng.org/feed
[2026-01-19 08:02:14] - https://www.moraex.com/feed
[2026-01-19 09:06:21] 抓取到的文章与现有数据相同，无需更新。
