[2026-03-30 00:09:21] 抓取到的文章与现有数据相同，无需更新。
[2026-03-30 01:31:47] 本次订阅抓取结果统计:
[2026-03-30 01:31:47] 共 46 条RSS, 成功抓取 40 条.
[2026-03-30 01:31:47] ✘ 有 6 条订阅解析失败:
[2026-03-30 01:31:47] - https://tumutanzi.com/feed
[2026-03-30 01:31:47] - https://geekinney.com/index.xml
[2026-03-30 01:31:47] - https://suus.me/atom.xml
[2026-03-30 01:31:47] - https://shuiba.co/feed
[2026-03-30 01:31:47] - https://sizheng.org/feed
[2026-03-30 01:31:47] - https://www.moraex.com/feed
[2026-03-30 02:59:00] 抓取到的文章与现有数据相同，无需更新。
[2026-03-30 04:06:24] 本次订阅抓取结果统计:
[2026-03-30 04:06:24] 共 46 条RSS, 成功抓取 40 条.
[2026-03-30 04:06:24] ✘ 有 6 条订阅解析失败:
[2026-03-30 04:06:24] - https://tumutanzi.com/feed
[2026-03-30 04:06:24] - https://geekinney.com/index.xml
[2026-03-30 04:06:24] - https://suus.me/atom.xml
[2026-03-30 04:06:24] - https://shuiba.co/feed
[2026-03-30 04:06:24] - https://sizheng.org/feed
[2026-03-30 04:06:24] - https://www.moraex.com/feed
[2026-03-30 05:40:49] 抓取到的文章与现有数据相同，无需更新。
[2026-03-30 06:31:02] [WARN] 加载头像映射失败: failed to fetch avatar map, status code: 525
[2026-03-30 06:31:23] 本次订阅抓取结果统计:
[2026-03-30 06:31:23] 共 46 条RSS, 成功抓取 40 条.
[2026-03-30 06:31:23] ✘ 有 6 条订阅解析失败:
[2026-03-30 06:31:23] - https://tumutanzi.com/feed
[2026-03-30 06:31:23] - https://geekinney.com/index.xml
[2026-03-30 06:31:23] - https://suus.me/atom.xml
[2026-03-30 06:31:23] - https://shuiba.co/feed
[2026-03-30 06:31:23] - https://www.moraex.com/feed
[2026-03-30 06:31:23] - https://sizheng.org/feed
[2026-03-30 06:31:23] ✘ 有 1 条订阅头像字段为空, 已使用默认头像:
[2026-03-30 06:31:23] - https://mayx.eu.org/atom.xml
[2026-03-30 06:31:23] ✘ 有 4 条订阅头像无法访问, 已使用默认头像:
[2026-03-30 06:31:23] - https://laike9m.com/blog/rss/
[2026-03-30 06:31:23] - https://skywind.me/blog/feed
[2026-03-30 06:31:23] - https://byvoid.com/zhs/feed.xml
[2026-03-30 06:31:23] - https://www.mrhe.net/feed
[2026-03-30 07:29:25] 本次订阅抓取结果统计:
[2026-03-30 07:29:25] 共 46 条RSS, 成功抓取 40 条.
[2026-03-30 07:29:25] ✘ 有 6 条订阅解析失败:
[2026-03-30 07:29:25] - https://tumutanzi.com/feed
[2026-03-30 07:29:25] - https://geekinney.com/index.xml
[2026-03-30 07:29:25] - https://suus.me/atom.xml
[2026-03-30 07:29:25] - https://shuiba.co/feed
[2026-03-30 07:29:25] - https://www.moraex.com/feed
[2026-03-30 07:29:25] - https://sizheng.org/feed
[2026-03-30 08:27:19] 本次订阅抓取结果统计:
[2026-03-30 08:27:19] 共 46 条RSS, 成功抓取 40 条.
[2026-03-30 08:27:19] ✘ 有 6 条订阅解析失败:
[2026-03-30 08:27:19] - https://tumutanzi.com/feed
[2026-03-30 08:27:19] - https://geekinney.com/index.xml
[2026-03-30 08:27:19] - https://suus.me/atom.xml
[2026-03-30 08:27:19] - https://shuiba.co/feed
[2026-03-30 08:27:19] - https://www.moraex.com/feed
[2026-03-30 08:27:19] - https://sizheng.org/feed
[2026-03-30 09:26:35] 抓取到的文章与现有数据相同，无需更新。
[2026-03-30 10:26:18] 抓取到的文章与现有数据相同，无需更新。
[2026-03-30 11:20:34] 抓取到的文章与现有数据相同，无需更新。
[2026-03-30 12:12:35] 抓取到的文章与现有数据相同，无需更新。
[2026-03-30 13:29:32] 本次订阅抓取结果统计:
[2026-03-30 13:29:32] 共 46 条RSS, 成功抓取 40 条.
[2026-03-30 13:29:32] ✘ 有 6 条订阅解析失败:
[2026-03-30 13:29:32] - https://tumutanzi.com/feed
[2026-03-30 13:29:32] - https://geekinney.com/index.xml
[2026-03-30 13:29:32] - https://suus.me/atom.xml
[2026-03-30 13:29:32] - https://shuiba.co/feed
[2026-03-30 13:29:32] - https://www.moraex.com/feed
[2026-03-30 13:29:32] - https://sizheng.org/feed
[2026-03-30 14:29:09] 抓取到的文章与现有数据相同，无需更新。
[2026-03-30 15:24:16] 抓取到的文章与现有数据相同，无需更新。
[2026-03-30 16:18:45] 抓取到的文章与现有数据相同，无需更新。
[2026-03-30 17:16:58] 抓取到的文章与现有数据相同，无需更新。
[2026-03-30 18:14:12] 抓取到的文章与现有数据相同，无需更新。
[2026-03-30 19:20:42] 抓取到的文章与现有数据相同，无需更新。
[2026-03-30 20:09:47] 本次订阅抓取结果统计:
[2026-03-30 20:09:47] 共 46 条RSS, 成功抓取 39 条.
[2026-03-30 20:09:47] ✘ 有 7 条订阅解析失败:
[2026-03-30 20:09:47] - https://tumutanzi.com/feed
[2026-03-30 20:09:47] - https://geekinney.com/index.xml
[2026-03-30 20:09:47] - https://suus.me/atom.xml
[2026-03-30 20:09:47] - https://leixus.cn/index.php/feed/
[2026-03-30 20:09:47] - https://shuiba.co/feed
[2026-03-30 20:09:47] - https://sizheng.org/feed
[2026-03-30 20:09:47] - https://www.moraex.com/feed
[2026-03-30 21:12:47] 本次订阅抓取结果统计:
[2026-03-30 21:12:47] 共 46 条RSS, 成功抓取 40 条.
[2026-03-30 21:12:47] ✘ 有 6 条订阅解析失败:
[2026-03-30 21:12:47] - https://tumutanzi.com/feed
[2026-03-30 21:12:47] - https://geekinney.com/index.xml
[2026-03-30 21:12:47] - https://suus.me/atom.xml
[2026-03-30 21:12:47] - https://shuiba.co/feed
[2026-03-30 21:12:47] - https://sizheng.org/feed
[2026-03-30 21:12:47] - https://www.moraex.com/feed
