[2026-03-21 00:06:43] 抓取到的文章与现有数据相同，无需更新。
[2026-03-21 01:30:42] 抓取到的文章与现有数据相同，无需更新。
[2026-03-21 02:50:02] 抓取到的文章与现有数据相同，无需更新。
[2026-03-21 03:41:15] 本次订阅抓取结果统计:
[2026-03-21 03:41:15] 共 46 条RSS, 成功抓取 38 条.
[2026-03-21 03:41:15] ✘ 有 8 条订阅解析失败:
[2026-03-21 03:41:15] - https://tumutanzi.com/feed
[2026-03-21 03:41:15] - https://geekinney.com/index.xml
[2026-03-21 03:41:15] - https://suus.me/atom.xml
[2026-03-21 03:41:15] - https://leixus.cn/index.php/feed/
[2026-03-21 03:41:15] - https://shuiba.co/feed
[2026-03-21 03:41:15] - https://www.moraex.com/feed
[2026-03-21 03:41:15] - https://sizheng.org/feed
[2026-03-21 03:41:15] - https://note.redcha.cn/rss.xml
[2026-03-21 04:29:18] 本次订阅抓取结果统计:
[2026-03-21 04:29:18] 共 46 条RSS, 成功抓取 39 条.
[2026-03-21 04:29:18] ✘ 有 7 条订阅解析失败:
[2026-03-21 04:29:18] - https://tumutanzi.com/feed
[2026-03-21 04:29:18] - https://geekinney.com/index.xml
[2026-03-21 04:29:18] - https://suus.me/atom.xml
[2026-03-21 04:29:18] - https://shuiba.co/feed
[2026-03-21 04:29:18] - https://www.moraex.com/feed
[2026-03-21 04:29:18] - https://sizheng.org/feed
[2026-03-21 04:29:18] - https://note.redcha.cn/rss.xml
