[2026-04-01 00:10:15] 抓取到的文章与现有数据相同，无需更新。
[2026-04-01 01:31:18] 抓取到的文章与现有数据相同，无需更新。
[2026-04-01 02:59:14] 抓取到的文章与现有数据相同，无需更新。
[2026-04-01 04:08:46] 本次订阅抓取结果统计:
[2026-04-01 04:08:46] 共 46 条RSS, 成功抓取 40 条.
[2026-04-01 04:08:46] ✘ 有 6 条订阅解析失败:
[2026-04-01 04:08:46] - https://tumutanzi.com/feed
[2026-04-01 04:08:46] - https://geekinney.com/index.xml
[2026-04-01 04:08:46] - https://suus.me/atom.xml
[2026-04-01 04:08:46] - https://www.moraex.com/feed
[2026-04-01 04:08:46] - https://shuiba.co/feed
[2026-04-01 04:08:46] - https://sizheng.org/feed
[2026-04-01 05:38:41] 抓取到的文章与现有数据相同，无需更新。
[2026-04-01 06:29:34] 抓取到的文章与现有数据相同，无需更新。
[2026-04-01 07:29:09] 抓取到的文章与现有数据相同，无需更新。
[2026-04-01 08:23:23] 抓取到的文章与现有数据相同，无需更新。
[2026-04-01 09:22:35] 抓取到的文章与现有数据相同，无需更新。
[2026-04-01 10:19:04] 抓取到的文章与现有数据相同，无需更新。
[2026-04-01 11:18:04] 抓取到的文章与现有数据相同，无需更新。
[2026-04-01 12:12:37] 抓取到的文章与现有数据相同，无需更新。
[2026-04-01 13:29:13] 本次订阅抓取结果统计:
[2026-04-01 13:29:13] 共 46 条RSS, 成功抓取 40 条.
[2026-04-01 13:29:13] ✘ 有 6 条订阅解析失败:
[2026-04-01 13:29:13] - https://tumutanzi.com/feed
[2026-04-01 13:29:13] - https://geekinney.com/index.xml
[2026-04-01 13:29:13] - https://suus.me/atom.xml
[2026-04-01 13:29:13] - https://shuiba.co/feed
[2026-04-01 13:29:13] - https://www.moraex.com/feed
[2026-04-01 13:29:13] - https://sizheng.org/feed
[2026-04-01 14:29:16] 本次订阅抓取结果统计:
[2026-04-01 14:29:16] 共 46 条RSS, 成功抓取 40 条.
[2026-04-01 14:29:16] ✘ 有 6 条订阅解析失败:
[2026-04-01 14:29:16] - https://tumutanzi.com/feed
[2026-04-01 14:29:16] - https://geekinney.com/index.xml
[2026-04-01 14:29:16] - https://suus.me/atom.xml
[2026-04-01 14:29:16] - https://shuiba.co/feed
[2026-04-01 14:29:16] - https://www.moraex.com/feed
[2026-04-01 14:29:16] - https://sizheng.org/feed
[2026-04-01 15:25:33] 抓取到的文章与现有数据相同，无需更新。
[2026-04-01 16:16:54] 抓取到的文章与现有数据相同，无需更新。
[2026-04-01 17:16:27] 抓取到的文章与现有数据相同，无需更新。
[2026-04-01 18:12:38] 抓取到的文章与现有数据相同，无需更新。
[2026-04-01 19:22:13] 抓取到的文章与现有数据相同，无需更新。
[2026-04-01 20:10:27] 抓取到的文章与现有数据相同，无需更新。
[2026-04-01 21:12:26] 抓取到的文章与现有数据相同，无需更新。
[2026-04-01 22:08:59] 本次订阅抓取结果统计:
[2026-04-01 22:08:59] 共 46 条RSS, 成功抓取 39 条.
[2026-04-01 22:08:59] ✘ 有 7 条订阅解析失败:
[2026-04-01 22:08:59] - https://tumutanzi.com/feed
[2026-04-01 22:08:59] - https://geekinney.com/index.xml
[2026-04-01 22:08:59] - https://suus.me/atom.xml
[2026-04-01 22:08:59] - https://leixus.cn/index.php/feed/
[2026-04-01 22:08:59] - https://shuiba.co/feed
[2026-04-01 22:08:59] - https://sizheng.org/feed
[2026-04-01 22:08:59] - https://www.moraex.com/feed
[2026-04-01 23:10:01] 本次订阅抓取结果统计:
[2026-04-01 23:10:01] 共 46 条RSS, 成功抓取 40 条.
[2026-04-01 23:10:01] ✘ 有 6 条订阅解析失败:
[2026-04-01 23:10:01] - https://tumutanzi.com/feed
[2026-04-01 23:10:01] - https://geekinney.com/index.xml
[2026-04-01 23:10:01] - https://suus.me/atom.xml
[2026-04-01 23:10:01] - https://shuiba.co/feed
[2026-04-01 23:10:01] - https://www.moraex.com/feed
[2026-04-01 23:10:01] - https://sizheng.org/feed
