[2026-06-07 00:25:42] 抓取到的文章与现有数据相同，无需更新。
[2026-06-07 01:41:39] 抓取到的文章与现有数据相同，无需更新。
[2026-06-07 03:02:14] 本次订阅抓取结果统计:
[2026-06-07 03:02:14] 共 52 条RSS, 成功抓取 39 条.
[2026-06-07 03:02:14] ✘ 有 13 条订阅解析失败:
[2026-06-07 03:02:14] - https://tumutanzi.com/feed
[2026-06-07 03:02:14] - https://geekinney.com/index.xml
[2026-06-07 03:02:14] - https://suus.me/atom.xml
[2026-06-07 03:02:14] - https://leixus.cn/index.php/feed/
[2026-06-07 03:02:14] - https://www.moraex.com/feed
[2026-06-07 03:02:14] - https://innei.in/feed
[2026-06-07 03:02:14] - https://ilogs.cn/feed/
[2026-06-07 03:02:14] - https://shuiba.co/feed
[2026-06-07 03:02:14] - https://writings.howsoonisnow.org/blog/feed/feed.xml
[2026-06-07 03:02:14] - https://www.shephe.com/feed
[2026-06-07 03:02:14] - https://sizheng.org/feed
[2026-06-07 03:02:14] - https://4op.top/index.xml
[2026-06-07 03:02:14] - https://blog.gankudadiz.com/feed
[2026-06-07 03:02:14] ✘ 有 1 条订阅头像字段为空, 已使用默认头像:
[2026-06-07 03:02:14] - https://jt26wzz.com/rss.xml
[2026-06-07 05:37:45] 抓取到的文章与现有数据相同，无需更新。
[2026-06-07 07:17:52] 本次订阅抓取结果统计:
[2026-06-07 07:17:52] 共 52 条RSS, 成功抓取 40 条.
[2026-06-07 07:17:52] ✘ 有 12 条订阅解析失败:
[2026-06-07 07:17:52] - https://tumutanzi.com/feed
[2026-06-07 07:17:52] - https://geekinney.com/index.xml
[2026-06-07 07:17:52] - https://suus.me/atom.xml
[2026-06-07 07:17:52] - https://ilogs.cn/feed/
[2026-06-07 07:17:52] - https://www.shephe.com/feed
[2026-06-07 07:17:52] - https://innei.in/feed
[2026-06-07 07:17:52] - https://shuiba.co/feed
[2026-06-07 07:17:52] - https://www.moraex.com/feed
[2026-06-07 07:17:52] - https://writings.howsoonisnow.org/blog/feed/feed.xml
[2026-06-07 07:17:52] - https://sizheng.org/feed
[2026-06-07 07:17:52] - https://4op.top/index.xml
[2026-06-07 07:17:52] - https://blog.gankudadiz.com/feed
[2026-06-07 07:17:52] ✘ 有 1 条订阅头像字段为空, 已使用默认头像:
[2026-06-07 07:17:52] - https://jt26wzz.com/rss.xml
[2026-06-07 08:59:52] 抓取到的文章与现有数据相同，无需更新。
[2026-06-07 10:05:27] 本次订阅抓取结果统计:
[2026-06-07 10:05:27] 共 52 条RSS, 成功抓取 39 条.
[2026-06-07 10:05:27] ✘ 有 13 条订阅解析失败:
[2026-06-07 10:05:27] - https://tumutanzi.com/feed
[2026-06-07 10:05:27] - https://geekinney.com/index.xml
[2026-06-07 10:05:27] - https://suus.me/atom.xml
[2026-06-07 10:05:27] - https://innei.in/feed
[2026-06-07 10:05:27] - https://www.shephe.com/feed
[2026-06-07 10:05:27] - https://ilogs.cn/feed/
[2026-06-07 10:05:27] - https://shuiba.co/feed
[2026-06-07 10:05:27] - https://writings.howsoonisnow.org/blog/feed/feed.xml
[2026-06-07 10:05:27] - https://www.moraex.com/feed
[2026-06-07 10:05:27] - https://sizheng.org/feed
[2026-06-07 10:05:27] - https://4op.top/index.xml
[2026-06-07 10:05:27] - https://xyzbz.cn/feed
[2026-06-07 10:05:27] - https://blog.gankudadiz.com/feed
[2026-06-07 10:05:27] ✘ 有 1 条订阅头像字段为空, 已使用默认头像:
[2026-06-07 10:05:27] - https://jt26wzz.com/rss.xml
[2026-06-07 11:32:16] 本次订阅抓取结果统计:
[2026-06-07 11:32:16] 共 52 条RSS, 成功抓取 40 条.
[2026-06-07 11:32:16] ✘ 有 12 条订阅解析失败:
[2026-06-07 11:32:16] - https://tumutanzi.com/feed
[2026-06-07 11:32:16] - https://geekinney.com/index.xml
[2026-06-07 11:32:16] - https://suus.me/atom.xml
[2026-06-07 11:32:16] - https://innei.in/feed
[2026-06-07 11:32:16] - https://ilogs.cn/feed/
[2026-06-07 11:32:16] - https://shuiba.co/feed
[2026-06-07 11:32:16] - https://www.moraex.com/feed
[2026-06-07 11:32:16] - https://writings.howsoonisnow.org/blog/feed/feed.xml
[2026-06-07 11:32:16] - https://sizheng.org/feed
[2026-06-07 11:32:16] - https://www.shephe.com/feed
[2026-06-07 11:32:16] - https://4op.top/index.xml
[2026-06-07 11:32:16] - https://blog.gankudadiz.com/feed
[2026-06-07 11:32:16] ✘ 有 1 条订阅头像字段为空, 已使用默认头像:
[2026-06-07 11:32:16] - https://jt26wzz.com/rss.xml
[2026-06-07 12:27:41] 抓取到的文章与现有数据相同，无需更新。
