[2026-07-08 01:24:14] 抓取到的文章与现有数据相同，无需更新。
[2026-07-08 04:56:26] 本次订阅抓取结果统计:
[2026-07-08 04:56:26] 共 54 条RSS, 成功抓取 45 条.
[2026-07-08 04:56:26] ✘ 有 9 条订阅解析失败:
[2026-07-08 04:56:26] - https://geekinney.com/index.xml
[2026-07-08 04:56:26] - https://suus.me/atom.xml
[2026-07-08 04:56:26] - https://ilogs.cn/feed/
[2026-07-08 04:56:26] - https://www.shephe.com/feed
[2026-07-08 04:56:26] - https://www.moraex.com/feed
[2026-07-08 04:56:26] - https://writings.howsoonisnow.org/blog/feed/feed.xml
[2026-07-08 04:56:26] - https://sizheng.org/feed
[2026-07-08 04:56:26] - https://4op.top/index.xml
[2026-07-08 04:56:26] - https://ayayy.com/feed/
[2026-07-08 04:56:26] ✘ 有 1 条订阅头像字段为空, 已使用默认头像:
[2026-07-08 04:56:26] - https://jt26wzz.com/rss.xml
[2026-07-08 07:23:13] 本次订阅抓取结果统计:
[2026-07-08 07:23:13] 共 54 条RSS, 成功抓取 45 条.
[2026-07-08 07:23:13] ✘ 有 9 条订阅解析失败:
[2026-07-08 07:23:13] - https://geekinney.com/index.xml
[2026-07-08 07:23:13] - https://suus.me/atom.xml
[2026-07-08 07:23:13] - https://ilogs.cn/feed/
[2026-07-08 07:23:13] - https://www.shephe.com/feed
[2026-07-08 07:23:13] - https://writings.howsoonisnow.org/blog/feed/feed.xml
[2026-07-08 07:23:13] - https://www.moraex.com/feed
[2026-07-08 07:23:13] - https://sizheng.org/feed
[2026-07-08 07:23:13] - https://4op.top/index.xml
[2026-07-08 07:23:13] - https://ayayy.com/feed/
[2026-07-08 07:23:13] ✘ 有 1 条订阅头像字段为空, 已使用默认头像:
[2026-07-08 07:23:13] - https://jt26wzz.com/rss.xml
[2026-07-08 10:04:17] 本次订阅抓取结果统计:
[2026-07-08 10:04:17] 共 54 条RSS, 成功抓取 45 条.
[2026-07-08 10:04:17] ✘ 有 9 条订阅解析失败:
[2026-07-08 10:04:17] - https://geekinney.com/index.xml
[2026-07-08 10:04:17] - https://suus.me/atom.xml
[2026-07-08 10:04:17] - https://ilogs.cn/feed/
[2026-07-08 10:04:17] - https://www.shephe.com/feed
[2026-07-08 10:04:17] - https://writings.howsoonisnow.org/blog/feed/feed.xml
[2026-07-08 10:04:17] - https://www.moraex.com/feed
[2026-07-08 10:04:17] - https://sizheng.org/feed
[2026-07-08 10:04:17] - https://4op.top/index.xml
[2026-07-08 10:04:17] - https://ayayy.com/feed/
[2026-07-08 10:04:17] ✘ 有 1 条订阅头像字段为空, 已使用默认头像:
[2026-07-08 10:04:17] - https://jt26wzz.com/rss.xml
[2026-07-08 12:11:48] 抓取到的文章与现有数据相同，无需更新。
[2026-07-08 15:06:36] 抓取到的文章与现有数据相同，无需更新。
[2026-07-08 17:16:23] 抓取到的文章与现有数据相同，无需更新。
[2026-07-08 19:03:03] 抓取到的文章与现有数据相同，无需更新。
[2026-07-08 20:53:55] 抓取到的文章与现有数据相同，无需更新。
[2026-07-08 21:56:47] 抓取到的文章与现有数据相同，无需更新。
