[2026-04-20 00:12:13] 本次订阅抓取结果统计:
[2026-04-20 00:12:13] 共 47 条RSS, 成功抓取 37 条.
[2026-04-20 00:12:13] ✘ 有 10 条订阅解析失败:
[2026-04-20 00:12:13] - https://tumutanzi.com/feed
[2026-04-20 00:12:13] - https://geekinney.com/index.xml
[2026-04-20 00:12:13] - https://freemind.pluskid.org/rss.xml
[2026-04-20 00:12:13] - https://suus.me/atom.xml
[2026-04-20 00:12:13] - https://www.mrhe.net/feed
[2026-04-20 00:12:13] - https://www.shephe.com/feed
[2026-04-20 00:12:13] - https://ilogs.cn/feed/
[2026-04-20 00:12:13] - https://shuiba.co/feed
[2026-04-20 00:12:13] - https://sizheng.org/feed
[2026-04-20 00:12:13] - https://www.moraex.com/feed
[2026-04-20 01:31:23] 本次订阅抓取结果统计:
[2026-04-20 01:31:23] 共 47 条RSS, 成功抓取 37 条.
[2026-04-20 01:31:23] ✘ 有 10 条订阅解析失败:
[2026-04-20 01:31:23] - https://tumutanzi.com/feed
[2026-04-20 01:31:23] - https://geekinney.com/index.xml
[2026-04-20 01:31:23] - https://freemind.pluskid.org/rss.xml
[2026-04-20 01:31:23] - https://suus.me/atom.xml
[2026-04-20 01:31:23] - https://www.mrhe.net/feed
[2026-04-20 01:31:23] - https://www.shephe.com/feed
[2026-04-20 01:31:23] - https://ilogs.cn/feed/
[2026-04-20 01:31:23] - https://shuiba.co/feed
[2026-04-20 01:31:23] - https://www.moraex.com/feed
[2026-04-20 01:31:23] - https://sizheng.org/feed
[2026-04-20 02:59:45] 本次订阅抓取结果统计:
[2026-04-20 02:59:45] 共 47 条RSS, 成功抓取 37 条.
[2026-04-20 02:59:45] ✘ 有 10 条订阅解析失败:
[2026-04-20 02:59:45] - https://tumutanzi.com/feed
[2026-04-20 02:59:45] - https://geekinney.com/index.xml
[2026-04-20 02:59:45] - https://freemind.pluskid.org/rss.xml
[2026-04-20 02:59:45] - https://suus.me/atom.xml
[2026-04-20 02:59:45] - https://www.mrhe.net/feed
[2026-04-20 02:59:45] - https://www.shephe.com/feed
[2026-04-20 02:59:45] - https://ilogs.cn/feed/
[2026-04-20 02:59:45] - https://shuiba.co/feed
[2026-04-20 02:59:45] - https://www.moraex.com/feed
[2026-04-20 02:59:45] - https://sizheng.org/feed
