[2026-02-19 00:07:45] 抓取到的文章与现有数据相同，无需更新。
[2026-02-19 01:31:40] 本次订阅抓取结果统计:
[2026-02-19 01:31:40] 共 47 条RSS, 成功抓取 40 条.
[2026-02-19 01:31:40] ✘ 有 7 条订阅解析失败:
[2026-02-19 01:31:40] - https://tumutanzi.com/feed
[2026-02-19 01:31:40] - https://suus.me/atom.xml
[2026-02-19 01:31:40] - https://geekinney.com/index.xml
[2026-02-19 01:31:40] - https://shuiba.co/feed
[2026-02-19 01:31:40] - https://www.moraex.com/feed
[2026-02-19 01:31:40] - https://sizheng.org/feed
[2026-02-19 01:31:40] - https://byvoid.com/zhs/feed.xml
[2026-02-19 02:57:04] 本次订阅抓取结果统计:
[2026-02-19 02:57:04] 共 47 条RSS, 成功抓取 41 条.
[2026-02-19 02:57:04] ✘ 有 6 条订阅解析失败:
[2026-02-19 02:57:04] - https://tumutanzi.com/feed
[2026-02-19 02:57:04] - https://geekinney.com/index.xml
[2026-02-19 02:57:04] - https://suus.me/atom.xml
[2026-02-19 02:57:04] - https://shuiba.co/feed
[2026-02-19 02:57:04] - https://www.moraex.com/feed
[2026-02-19 02:57:04] - https://sizheng.org/feed
[2026-02-19 03:49:57] 抓取到的文章与现有数据相同，无需更新。
[2026-02-19 04:34:36] 抓取到的文章与现有数据相同，无需更新。
[2026-02-19 05:26:50] 抓取到的文章与现有数据相同，无需更新。
[2026-02-19 06:18:16] 抓取到的文章与现有数据相同，无需更新。
[2026-02-19 07:20:01] 本次订阅抓取结果统计:
[2026-02-19 07:20:01] 共 47 条RSS, 成功抓取 39 条.
[2026-02-19 07:20:01] ✘ 有 8 条订阅解析失败:
[2026-02-19 07:20:01] - https://tumutanzi.com/feed
[2026-02-19 07:20:01] - https://suus.me/atom.xml
[2026-02-19 07:20:01] - https://geekinney.com/index.xml
[2026-02-19 07:20:01] - https://leixus.cn/index.php/feed/
[2026-02-19 07:20:01] - https://www.luzhaojun.com/feed
[2026-02-19 07:20:01] - https://shuiba.co/feed
[2026-02-19 07:20:01] - https://www.moraex.com/feed
[2026-02-19 07:20:01] - https://sizheng.org/feed
[2026-02-19 08:09:06] 本次订阅抓取结果统计:
[2026-02-19 08:09:06] 共 47 条RSS, 成功抓取 41 条.
[2026-02-19 08:09:06] ✘ 有 6 条订阅解析失败:
[2026-02-19 08:09:06] - https://tumutanzi.com/feed
[2026-02-19 08:09:06] - https://suus.me/atom.xml
[2026-02-19 08:09:06] - https://geekinney.com/index.xml
[2026-02-19 08:09:06] - https://shuiba.co/feed
[2026-02-19 08:09:06] - https://www.moraex.com/feed
[2026-02-19 08:09:06] - https://sizheng.org/feed
[2026-02-19 09:13:15] 抓取到的文章与现有数据相同，无需更新。
[2026-02-19 10:13:09] 抓取到的文章与现有数据相同，无需更新。
[2026-02-19 11:14:13] 抓取到的文章与现有数据相同，无需更新。
[2026-02-19 12:07:18] 抓取到的文章与现有数据相同，无需更新。
[2026-02-19 13:28:50] 本次订阅抓取结果统计:
[2026-02-19 13:28:50] 共 47 条RSS, 成功抓取 40 条.
[2026-02-19 13:28:50] ✘ 有 7 条订阅解析失败:
[2026-02-19 13:28:50] - https://tumutanzi.com/feed
[2026-02-19 13:28:50] - https://geekinney.com/index.xml
[2026-02-19 13:28:50] - https://suus.me/atom.xml
[2026-02-19 13:28:50] - https://shuiba.co/feed
[2026-02-19 13:28:50] - https://www.moraex.com/feed
[2026-02-19 13:28:50] - https://sizheng.org/feed
[2026-02-19 13:28:50] - https://note.redcha.cn/rss.xml
[2026-02-19 14:18:08] 本次订阅抓取结果统计:
[2026-02-19 14:18:08] 共 47 条RSS, 成功抓取 41 条.
[2026-02-19 14:18:08] ✘ 有 6 条订阅解析失败:
[2026-02-19 14:18:08] - https://tumutanzi.com/feed
[2026-02-19 14:18:08] - https://suus.me/atom.xml
[2026-02-19 14:18:08] - https://geekinney.com/index.xml
[2026-02-19 14:18:08] - https://shuiba.co/feed
[2026-02-19 14:18:08] - https://sizheng.org/feed
[2026-02-19 14:18:08] - https://www.moraex.com/feed
[2026-02-19 15:14:14] 本次订阅抓取结果统计:
[2026-02-19 15:14:14] 共 47 条RSS, 成功抓取 41 条.
[2026-02-19 15:14:14] ✘ 有 6 条订阅解析失败:
[2026-02-19 15:14:14] - https://tumutanzi.com/feed
[2026-02-19 15:14:14] - https://suus.me/atom.xml
[2026-02-19 15:14:14] - https://geekinney.com/index.xml
[2026-02-19 15:14:14] - https://shuiba.co/feed
[2026-02-19 15:14:14] - https://www.moraex.com/feed
[2026-02-19 15:14:14] - https://sizheng.org/feed
[2026-02-19 16:14:46] 抓取到的文章与现有数据相同，无需更新。
[2026-02-19 17:18:05] 抓取到的文章与现有数据相同，无需更新。
[2026-02-19 18:13:41] 抓取到的文章与现有数据相同，无需更新。
[2026-02-19 19:15:19] 抓取到的文章与现有数据相同，无需更新。
[2026-02-19 20:05:21] 抓取到的文章与现有数据相同，无需更新。
[2026-02-19 21:06:40] [WARN] 加载头像映射失败: failed to fetch avatar map: Get "https://cos.lhasa.icu/lhasaRSS/avatar.json": context deadline exceeded (Client.Timeout exceeded while awaiting headers)
[2026-02-19 21:06:55] 本次订阅抓取结果统计:
[2026-02-19 21:06:55] 共 47 条RSS, 成功抓取 41 条.
[2026-02-19 21:06:55] ✘ 有 6 条订阅解析失败:
[2026-02-19 21:06:55] - https://tumutanzi.com/feed
[2026-02-19 21:06:55] - https://suus.me/atom.xml
[2026-02-19 21:06:55] - https://geekinney.com/index.xml
[2026-02-19 21:06:55] - https://shuiba.co/feed
[2026-02-19 21:06:55] - https://www.moraex.com/feed
[2026-02-19 21:06:55] - https://sizheng.org/feed
[2026-02-19 21:06:55] ✘ 有 1 条订阅头像字段为空, 已使用默认头像:
[2026-02-19 21:06:55] - https://mayx.eu.org/atom.xml
[2026-02-19 21:06:55] ✘ 有 4 条订阅头像无法访问, 已使用默认头像:
[2026-02-19 21:06:55] - https://laike9m.com/blog/rss/
[2026-02-19 21:06:55] - https://skywind.me/blog/feed
[2026-02-19 21:06:55] - https://www.mrhe.net/feed
[2026-02-19 21:06:55] - https://byvoid.com/zhs/feed.xml
[2026-02-19 22:04:45] 本次订阅抓取结果统计:
[2026-02-19 22:04:45] 共 47 条RSS, 成功抓取 41 条.
[2026-02-19 22:04:45] ✘ 有 6 条订阅解析失败:
[2026-02-19 22:04:45] - https://tumutanzi.com/feed
[2026-02-19 22:04:45] - https://suus.me/atom.xml
[2026-02-19 22:04:45] - https://geekinney.com/index.xml
[2026-02-19 22:04:45] - https://shuiba.co/feed
[2026-02-19 22:04:45] - https://www.moraex.com/feed
[2026-02-19 22:04:45] - https://sizheng.org/feed
[2026-02-19 23:06:21] 抓取到的文章与现有数据相同，无需更新。
