[2026-01-20 00:04:43] 抓取到的文章与现有数据相同，无需更新。
[2026-01-20 01:30:18] 抓取到的文章与现有数据相同，无需更新。
[2026-01-20 02:38:42] 本次订阅抓取结果统计:
[2026-01-20 02:38:42] 共 45 条RSS, 成功抓取 38 条.
[2026-01-20 02:38:42] ✘ 有 7 条订阅解析失败:
[2026-01-20 02:38:42] - https://tumutanzi.com/feed
[2026-01-20 02:38:42] - https://oba.by/feed
[2026-01-20 02:38:42] - https://geekinney.com/index.xml
[2026-01-20 02:38:42] - https://suus.me/atom.xml
[2026-01-20 02:38:42] - https://sizheng.org/feed
[2026-01-20 02:38:42] - https://www.moraex.com/feed
[2026-01-20 02:38:42] - https://skywind.me/blog/feed
[2026-01-20 03:30:51] 本次订阅抓取结果统计:
[2026-01-20 03:30:51] 共 45 条RSS, 成功抓取 39 条.
[2026-01-20 03:30:51] ✘ 有 6 条订阅解析失败:
[2026-01-20 03:30:51] - https://tumutanzi.com/feed
[2026-01-20 03:30:51] - https://oba.by/feed
[2026-01-20 03:30:51] - https://geekinney.com/index.xml
[2026-01-20 03:30:51] - https://suus.me/atom.xml
[2026-01-20 03:30:51] - https://www.moraex.com/feed
[2026-01-20 03:30:51] - https://sizheng.org/feed
[2026-01-20 04:18:17] 抓取到的文章与现有数据相同，无需更新。
[2026-01-20 05:08:03] 本次订阅抓取结果统计:
[2026-01-20 05:08:03] 共 45 条RSS, 成功抓取 38 条.
[2026-01-20 05:08:03] ✘ 有 7 条订阅解析失败:
[2026-01-20 05:08:03] - https://tumutanzi.com/feed
[2026-01-20 05:08:03] - https://oba.by/feed
[2026-01-20 05:08:03] - https://geekinney.com/index.xml
[2026-01-20 05:08:03] - https://suus.me/atom.xml
[2026-01-20 05:08:03] - https://www.moraex.com/feed
[2026-01-20 05:08:03] - https://sizheng.org/feed
[2026-01-20 05:08:03] - https://skywind.me/blog/feed
[2026-01-20 06:02:59] 本次订阅抓取结果统计:
[2026-01-20 06:02:59] 共 45 条RSS, 成功抓取 39 条.
[2026-01-20 06:02:59] ✘ 有 6 条订阅解析失败:
[2026-01-20 06:02:59] - https://tumutanzi.com/feed
[2026-01-20 06:02:59] - https://oba.by/feed
[2026-01-20 06:02:59] - https://geekinney.com/index.xml
[2026-01-20 06:02:59] - https://suus.me/atom.xml
[2026-01-20 06:02:59] - https://sizheng.org/feed
[2026-01-20 06:02:59] - https://www.moraex.com/feed
[2026-01-20 07:06:50] 抓取到的文章与现有数据相同，无需更新。
[2026-01-20 08:02:51] 本次订阅抓取结果统计:
[2026-01-20 08:02:51] 共 45 条RSS, 成功抓取 39 条.
[2026-01-20 08:02:51] ✘ 有 6 条订阅解析失败:
[2026-01-20 08:02:51] - https://tumutanzi.com/feed
[2026-01-20 08:02:51] - https://oba.by/feed
[2026-01-20 08:02:51] - https://suus.me/atom.xml
[2026-01-20 08:02:51] - https://geekinney.com/index.xml
[2026-01-20 08:02:51] - https://sizheng.org/feed
[2026-01-20 08:02:51] - https://www.moraex.com/feed
[2026-01-20 09:07:34] 本次订阅抓取结果统计:
[2026-01-20 09:07:34] 共 45 条RSS, 成功抓取 38 条.
[2026-01-20 09:07:34] ✘ 有 7 条订阅解析失败:
[2026-01-20 09:07:34] - https://tumutanzi.com/feed
[2026-01-20 09:07:34] - https://oba.by/feed
[2026-01-20 09:07:34] - https://geekinney.com/index.xml
[2026-01-20 09:07:34] - https://suus.me/atom.xml
[2026-01-20 09:07:34] - https://sizheng.org/feed
[2026-01-20 09:07:34] - https://www.moraex.com/feed
[2026-01-20 09:07:34] - https://skywind.me/blog/feed
[2026-01-20 10:03:38] 本次订阅抓取结果统计:
[2026-01-20 10:03:38] 共 45 条RSS, 成功抓取 39 条.
[2026-01-20 10:03:38] ✘ 有 6 条订阅解析失败:
[2026-01-20 10:03:38] - https://tumutanzi.com/feed
[2026-01-20 10:03:38] - https://oba.by/feed
[2026-01-20 10:03:38] - https://geekinney.com/index.xml
[2026-01-20 10:03:38] - https://suus.me/atom.xml
[2026-01-20 10:03:38] - https://sizheng.org/feed
[2026-01-20 10:03:38] - https://www.moraex.com/feed
[2026-01-20 11:03:57] 抓取到的文章与现有数据相同，无需更新。
[2026-01-20 12:03:40] 本次订阅抓取结果统计:
[2026-01-20 12:03:40] 共 45 条RSS, 成功抓取 38 条.
[2026-01-20 12:03:40] ✘ 有 7 条订阅解析失败:
[2026-01-20 12:03:40] - https://tumutanzi.com/feed
[2026-01-20 12:03:40] - https://oba.by/feed
[2026-01-20 12:03:40] - https://geekinney.com/index.xml
[2026-01-20 12:03:40] - https://suus.me/atom.xml
[2026-01-20 12:03:40] - https://sizheng.org/feed
[2026-01-20 12:03:40] - https://www.moraex.com/feed
[2026-01-20 12:03:40] - https://skywind.me/blog/feed
[2026-01-20 13:17:17] 本次订阅抓取结果统计:
[2026-01-20 13:17:17] 共 45 条RSS, 成功抓取 39 条.
[2026-01-20 13:17:17] ✘ 有 6 条订阅解析失败:
[2026-01-20 13:17:17] - https://tumutanzi.com/feed
[2026-01-20 13:17:17] - https://oba.by/feed
[2026-01-20 13:17:17] - https://geekinney.com/index.xml
[2026-01-20 13:17:17] - https://suus.me/atom.xml
[2026-01-20 13:17:17] - https://sizheng.org/feed
[2026-01-20 13:17:17] - https://www.moraex.com/feed
[2026-01-20 14:07:17] 本次订阅抓取结果统计:
[2026-01-20 14:07:17] 共 45 条RSS, 成功抓取 39 条.
[2026-01-20 14:07:17] ✘ 有 6 条订阅解析失败:
[2026-01-20 14:07:17] - https://tumutanzi.com/feed
[2026-01-20 14:07:17] - https://oba.by/feed
[2026-01-20 14:07:17] - https://geekinney.com/index.xml
[2026-01-20 14:07:17] - https://suus.me/atom.xml
[2026-01-20 14:07:17] - https://www.moraex.com/feed
[2026-01-20 14:07:17] - https://sizheng.org/feed
