[2026-05-04 00:17:03] 抓取到的文章与现有数据相同，无需更新。
[2026-05-04 01:32:09] 抓取到的文章与现有数据相同，无需更新。
[2026-05-04 03:00:03] 本次订阅抓取结果统计:
[2026-05-04 03:00:03] 共 48 条RSS, 成功抓取 39 条.
[2026-05-04 03:00:03] ✘ 有 9 条订阅解析失败:
[2026-05-04 03:00:03] - https://tumutanzi.com/feed
[2026-05-04 03:00:03] - https://geekinney.com/index.xml
[2026-05-04 03:00:03] - https://suus.me/atom.xml
[2026-05-04 03:00:03] - https://www.mrhe.net/feed
[2026-05-04 03:00:03] - https://ilogs.cn/feed/
[2026-05-04 03:00:03] - https://shuiba.co/feed
[2026-05-04 03:00:03] - https://sizheng.org/feed
[2026-05-04 03:00:03] - https://www.moraex.com/feed
[2026-05-04 03:00:03] - https://note.redcha.cn/rss.xml
[2026-05-04 03:00:03] ✘ 有 1 条订阅头像字段为空, 已使用默认头像:
[2026-05-04 03:00:03] - https://jt26wzz.com/rss.xml
[2026-05-04 04:25:52] 本次订阅抓取结果统计:
[2026-05-04 04:25:52] 共 48 条RSS, 成功抓取 40 条.
[2026-05-04 04:25:52] ✘ 有 8 条订阅解析失败:
[2026-05-04 04:25:52] - https://tumutanzi.com/feed
[2026-05-04 04:25:52] - https://geekinney.com/index.xml
[2026-05-04 04:25:52] - https://suus.me/atom.xml
[2026-05-04 04:25:52] - https://www.mrhe.net/feed
[2026-05-04 04:25:52] - https://ilogs.cn/feed/
[2026-05-04 04:25:52] - https://shuiba.co/feed
[2026-05-04 04:25:52] - https://www.moraex.com/feed
[2026-05-04 04:25:52] - https://sizheng.org/feed
[2026-05-04 04:25:52] ✘ 有 1 条订阅头像字段为空, 已使用默认头像:
[2026-05-04 04:25:52] - https://jt26wzz.com/rss.xml
