[2026-01-30 00:06:21] 本次订阅抓取结果统计:
[2026-01-30 00:06:21] 共 47 条RSS, 成功抓取 40 条.
[2026-01-30 00:06:21] ✘ 有 7 条订阅解析失败:
[2026-01-30 00:06:21] - https://tumutanzi.com/feed
[2026-01-30 00:06:21] - https://geekinney.com/index.xml
[2026-01-30 00:06:21] - https://suus.me/atom.xml
[2026-01-30 00:06:21] - https://www.luzhaojun.com/feed
[2026-01-30 00:06:21] - https://leixus.cn/index.php/feed/
[2026-01-30 00:06:21] - https://sizheng.org/feed
[2026-01-30 00:06:21] - https://www.moraex.com/feed
[2026-01-30 01:31:11] 本次订阅抓取结果统计:
[2026-01-30 01:31:11] 共 47 条RSS, 成功抓取 42 条.
[2026-01-30 01:31:11] ✘ 有 5 条订阅解析失败:
[2026-01-30 01:31:11] - https://tumutanzi.com/feed
[2026-01-30 01:31:11] - https://suus.me/atom.xml
[2026-01-30 01:31:11] - https://geekinney.com/index.xml
[2026-01-30 01:31:11] - https://sizheng.org/feed
[2026-01-30 01:31:11] - https://www.moraex.com/feed
[2026-01-30 02:52:30] 抓取到的文章与现有数据相同，无需更新。
[2026-01-30 03:44:13] 抓取到的文章与现有数据相同，无需更新。
[2026-01-30 04:29:51] 抓取到的文章与现有数据相同，无需更新。
[2026-01-30 05:18:09] 本次订阅抓取结果统计:
[2026-01-30 05:18:09] 共 47 条RSS, 成功抓取 41 条.
[2026-01-30 05:18:09] ✘ 有 6 条订阅解析失败:
[2026-01-30 05:18:09] - https://tumutanzi.com/feed
[2026-01-30 05:18:09] - https://geekinney.com/index.xml
[2026-01-30 05:18:09] - https://suus.me/atom.xml
[2026-01-30 05:18:09] - https://sizheng.org/feed
[2026-01-30 05:18:09] - https://www.moraex.com/feed
[2026-01-30 05:18:09] - https://innei.in/feed
[2026-01-30 06:11:24] 抓取到的文章与现有数据相同，无需更新。
[2026-01-30 07:14:55] 本次订阅抓取结果统计:
[2026-01-30 07:14:55] 共 47 条RSS, 成功抓取 42 条.
[2026-01-30 07:14:55] ✘ 有 5 条订阅解析失败:
[2026-01-30 07:14:55] - https://tumutanzi.com/feed
[2026-01-30 07:14:55] - https://geekinney.com/index.xml
[2026-01-30 07:14:55] - https://suus.me/atom.xml
[2026-01-30 07:14:55] - https://www.moraex.com/feed
[2026-01-30 07:14:55] - https://sizheng.org/feed
[2026-01-30 08:06:09] 本次订阅抓取结果统计:
[2026-01-30 08:06:09] 共 47 条RSS, 成功抓取 42 条.
[2026-01-30 08:06:09] ✘ 有 5 条订阅解析失败:
[2026-01-30 08:06:09] - https://tumutanzi.com/feed
[2026-01-30 08:06:09] - https://suus.me/atom.xml
[2026-01-30 08:06:09] - https://geekinney.com/index.xml
[2026-01-30 08:06:09] - https://www.moraex.com/feed
[2026-01-30 08:06:09] - https://sizheng.org/feed
[2026-01-30 09:10:15] 本次订阅抓取结果统计:
[2026-01-30 09:10:15] 共 47 条RSS, 成功抓取 40 条.
[2026-01-30 09:10:15] ✘ 有 7 条订阅解析失败:
[2026-01-30 09:10:15] - https://tumutanzi.com/feed
[2026-01-30 09:10:15] - https://geekinney.com/index.xml
[2026-01-30 09:10:15] - https://suus.me/atom.xml
[2026-01-30 09:10:15] - https://sizheng.org/feed
[2026-01-30 09:10:15] - https://www.moraex.com/feed
[2026-01-30 09:10:15] - https://bluehe.cn/rss.xml
[2026-01-30 09:10:15] - https://freemind.pluskid.org/rss.xml
[2026-01-30 10:07:27] 本次订阅抓取结果统计:
[2026-01-30 10:07:27] 共 47 条RSS, 成功抓取 41 条.
[2026-01-30 10:07:27] ✘ 有 6 条订阅解析失败:
[2026-01-30 10:07:27] - https://tumutanzi.com/feed
[2026-01-30 10:07:27] - https://geekinney.com/index.xml
[2026-01-30 10:07:27] - https://suus.me/atom.xml
[2026-01-30 10:07:27] - https://sizheng.org/feed
[2026-01-30 10:07:27] - https://www.moraex.com/feed
[2026-01-30 10:07:27] - https://bluehe.cn/rss.xml
[2026-01-30 11:08:05] 抓取到的文章与现有数据相同，无需更新。
[2026-01-30 12:04:08] 抓取到的文章与现有数据相同，无需更新。
[2026-01-30 13:22:31] 抓取到的文章与现有数据相同，无需更新。
[2026-01-30 14:10:22] [WARN] 加载头像映射失败: failed to fetch avatar map: Get "https://cos.lhasa.icu/lhasaRSS/avatar.json": context deadline exceeded (Client.Timeout exceeded while awaiting headers)
[2026-01-30 14:11:20] 本次订阅抓取结果统计:
[2026-01-30 14:11:20] 共 47 条RSS, 成功抓取 41 条.
[2026-01-30 14:11:20] ✘ 有 6 条订阅解析失败:
[2026-01-30 14:11:20] - https://tumutanzi.com/feed
[2026-01-30 14:11:20] - https://geekinney.com/index.xml
[2026-01-30 14:11:20] - https://suus.me/atom.xml
[2026-01-30 14:11:20] - https://www.moraex.com/feed
[2026-01-30 14:11:20] - https://bluehe.cn/rss.xml
[2026-01-30 14:11:20] - https://sizheng.org/feed
[2026-01-30 14:11:20] ✘ 有 1 条订阅头像字段为空, 已使用默认头像:
[2026-01-30 14:11:20] - https://mayx.eu.org/atom.xml
[2026-01-30 14:11:20] ✘ 有 5 条订阅头像无法访问, 已使用默认头像:
[2026-01-30 14:11:20] - https://laike9m.com/blog/rss/
[2026-01-30 14:11:20] - https://skywind.me/blog/feed
[2026-01-30 14:11:20] - https://byvoid.com/zhs/feed.xml
[2026-01-30 14:11:20] - https://www.mrhe.net/feed
[2026-01-30 14:11:20] - https://zhongxiaojie.com/feed
[2026-01-30 15:08:28] 本次订阅抓取结果统计:
[2026-01-30 15:08:28] 共 47 条RSS, 成功抓取 41 条.
[2026-01-30 15:08:28] ✘ 有 6 条订阅解析失败:
[2026-01-30 15:08:28] - https://tumutanzi.com/feed
[2026-01-30 15:08:28] - https://geekinney.com/index.xml
[2026-01-30 15:08:28] - https://suus.me/atom.xml
[2026-01-30 15:08:28] - https://sizheng.org/feed
[2026-01-30 15:08:28] - https://www.moraex.com/feed
[2026-01-30 15:08:28] - https://bluehe.cn/rss.xml
[2026-01-30 16:06:34] [WARN] 加载头像映射失败: failed to fetch avatar map, status code: 525
[2026-01-30 16:07:05] 本次订阅抓取结果统计:
[2026-01-30 16:07:05] 共 47 条RSS, 成功抓取 42 条.
[2026-01-30 16:07:05] ✘ 有 5 条订阅解析失败:
[2026-01-30 16:07:05] - https://tumutanzi.com/feed
[2026-01-30 16:07:05] - https://geekinney.com/index.xml
[2026-01-30 16:07:05] - https://suus.me/atom.xml
[2026-01-30 16:07:05] - https://www.moraex.com/feed
[2026-01-30 16:07:05] - https://sizheng.org/feed
[2026-01-30 16:07:05] ✘ 有 1 条订阅头像字段为空, 已使用默认头像:
[2026-01-30 16:07:05] - https://mayx.eu.org/atom.xml
[2026-01-30 16:07:05] ✘ 有 4 条订阅头像无法访问, 已使用默认头像:
[2026-01-30 16:07:05] - https://laike9m.com/blog/rss/
[2026-01-30 16:07:05] - https://skywind.me/blog/feed
[2026-01-30 16:07:05] - https://byvoid.com/zhs/feed.xml
[2026-01-30 16:07:05] - https://www.mrhe.net/feed
[2026-01-30 17:11:25] 本次订阅抓取结果统计:
[2026-01-30 17:11:25] 共 47 条RSS, 成功抓取 41 条.
[2026-01-30 17:11:25] ✘ 有 6 条订阅解析失败:
[2026-01-30 17:11:25] - https://tumutanzi.com/feed
[2026-01-30 17:11:25] - https://suus.me/atom.xml
[2026-01-30 17:11:25] - https://geekinney.com/index.xml
[2026-01-30 17:11:25] - https://sizheng.org/feed
[2026-01-30 17:11:25] - https://www.moraex.com/feed
[2026-01-30 17:11:25] - https://freemind.pluskid.org/rss.xml
[2026-01-30 18:07:23] 本次订阅抓取结果统计:
[2026-01-30 18:07:23] 共 47 条RSS, 成功抓取 42 条.
[2026-01-30 18:07:23] ✘ 有 5 条订阅解析失败:
[2026-01-30 18:07:23] - https://tumutanzi.com/feed
[2026-01-30 18:07:23] - https://geekinney.com/index.xml
[2026-01-30 18:07:23] - https://suus.me/atom.xml
[2026-01-30 18:07:23] - https://sizheng.org/feed
[2026-01-30 18:07:23] - https://www.moraex.com/feed
[2026-01-30 19:10:47] 抓取到的文章与现有数据相同，无需更新。
[2026-01-30 20:03:12] 抓取到的文章与现有数据相同，无需更新。
[2026-01-30 21:05:02] 抓取到的文章与现有数据相同，无需更新。
