[2026-04-09 00:08:48] 抓取到的文章与现有数据相同，无需更新。
[2026-04-09 01:31:19] 抓取到的文章与现有数据相同，无需更新。
[2026-04-09 02:58:41] 抓取到的文章与现有数据相同，无需更新。
[2026-04-09 04:00:34] 抓取到的文章与现有数据相同，无需更新。
[2026-04-09 04:55:31] 抓取到的文章与现有数据相同，无需更新。
[2026-04-09 05:33:15] 抓取到的文章与现有数据相同，无需更新。
[2026-04-09 06:27:57] 抓取到的文章与现有数据相同，无需更新。
[2026-04-09 07:29:19] 抓取到的文章与现有数据相同，无需更新。
[2026-04-09 08:26:35] 本次订阅抓取结果统计:
[2026-04-09 08:26:35] 共 46 条RSS, 成功抓取 38 条.
[2026-04-09 08:26:35] ✘ 有 8 条订阅解析失败:
[2026-04-09 08:26:35] - https://tumutanzi.com/feed
[2026-04-09 08:26:35] - https://geekinney.com/index.xml
[2026-04-09 08:26:35] - https://suus.me/atom.xml
[2026-04-09 08:26:35] - https://leixus.cn/index.php/feed/
[2026-04-09 08:26:35] - https://ilogs.cn/feed/
[2026-04-09 08:26:35] - https://shuiba.co/feed
[2026-04-09 08:26:35] - https://www.moraex.com/feed
[2026-04-09 08:26:35] - https://sizheng.org/feed
[2026-04-09 09:24:16] 抓取到的文章与现有数据相同，无需更新。
[2026-04-09 10:22:25] 本次订阅抓取结果统计:
[2026-04-09 10:22:25] 共 46 条RSS, 成功抓取 39 条.
[2026-04-09 10:22:25] ✘ 有 7 条订阅解析失败:
[2026-04-09 10:22:25] - https://tumutanzi.com/feed
[2026-04-09 10:22:25] - https://geekinney.com/index.xml
[2026-04-09 10:22:25] - https://suus.me/atom.xml
[2026-04-09 10:22:25] - https://ilogs.cn/feed/
[2026-04-09 10:22:25] - https://shuiba.co/feed
[2026-04-09 10:22:25] - https://sizheng.org/feed
[2026-04-09 10:22:25] - https://www.moraex.com/feed
[2026-04-09 11:19:05] 抓取到的文章与现有数据相同，无需更新。
[2026-04-09 12:14:43] 抓取到的文章与现有数据相同，无需更新。
