[2026-07-17 01:25:17] 本次订阅抓取结果统计:
[2026-07-17 01:25:17] 共 54 条RSS, 成功抓取 45 条.
[2026-07-17 01:25:17] ✘ 有 9 条订阅解析失败:
[2026-07-17 01:25:17] - https://geekinney.com/index.xml
[2026-07-17 01:25:17] - https://suus.me/atom.xml
[2026-07-17 01:25:17] - https://www.moraex.com/feed
[2026-07-17 01:25:17] - https://writings.howsoonisnow.org/blog/feed/feed.xml
[2026-07-17 01:25:17] - https://ilogs.cn/feed/
[2026-07-17 01:25:17] - https://sizheng.org/feed
[2026-07-17 01:25:17] - https://4op.top/index.xml
[2026-07-17 01:25:17] - https://ayayy.com/feed/
[2026-07-17 01:25:17] - https://www.shephe.com/feed
[2026-07-17 01:25:17] ✘ 有 1 条订阅头像字段为空, 已使用默认头像:
[2026-07-17 01:25:17] - https://jt26wzz.com/rss.xml
[2026-07-17 04:51:12] 本次订阅抓取结果统计:
[2026-07-17 04:51:12] 共 54 条RSS, 成功抓取 44 条.
[2026-07-17 04:51:12] ✘ 有 10 条订阅解析失败:
[2026-07-17 04:51:12] - https://geekinney.com/index.xml
[2026-07-17 04:51:12] - https://freemind.pluskid.org/rss.xml
[2026-07-17 04:51:12] - https://suus.me/atom.xml
[2026-07-17 04:51:12] - https://ilogs.cn/feed/
[2026-07-17 04:51:12] - https://writings.howsoonisnow.org/blog/feed/feed.xml
[2026-07-17 04:51:12] - https://www.moraex.com/feed
[2026-07-17 04:51:12] - https://sizheng.org/feed
[2026-07-17 04:51:12] - https://4op.top/index.xml
[2026-07-17 04:51:12] - https://ayayy.com/feed/
[2026-07-17 04:51:12] - https://www.shephe.com/feed
[2026-07-17 04:51:12] ✘ 有 1 条订阅头像字段为空, 已使用默认头像:
[2026-07-17 04:51:12] - https://jt26wzz.com/rss.xml
[2026-07-17 07:08:20] 本次订阅抓取结果统计:
[2026-07-17 07:08:20] 共 54 条RSS, 成功抓取 45 条.
[2026-07-17 07:08:20] ✘ 有 9 条订阅解析失败:
[2026-07-17 07:08:20] - https://geekinney.com/index.xml
[2026-07-17 07:08:20] - https://suus.me/atom.xml
[2026-07-17 07:08:20] - https://ilogs.cn/feed/
[2026-07-17 07:08:20] - https://writings.howsoonisnow.org/blog/feed/feed.xml
[2026-07-17 07:08:20] - https://www.moraex.com/feed
[2026-07-17 07:08:20] - https://sizheng.org/feed
[2026-07-17 07:08:20] - https://4op.top/index.xml
[2026-07-17 07:08:20] - https://ayayy.com/feed/
[2026-07-17 07:08:20] - https://www.shephe.com/feed
[2026-07-17 07:08:20] ✘ 有 1 条订阅头像字段为空, 已使用默认头像:
[2026-07-17 07:08:20] - https://jt26wzz.com/rss.xml
[2026-07-17 09:43:56] 抓取到的文章与现有数据相同，无需更新。
[2026-07-17 11:12:47] 抓取到的文章与现有数据相同，无需更新。
[2026-07-17 12:58:34] 抓取到的文章与现有数据相同，无需更新。
