[2026-06-01 00:24:10] 抓取到的文章与现有数据相同，无需更新。
[2026-06-01 01:42:50] 抓取到的文章与现有数据相同，无需更新。
[2026-06-01 05:32:52] 本次订阅抓取结果统计:
[2026-06-01 05:32:52] 共 51 条RSS, 成功抓取 39 条.
[2026-06-01 05:32:52] ✘ 有 12 条订阅解析失败:
[2026-06-01 05:32:52] - https://tumutanzi.com/feed
[2026-06-01 05:32:52] - https://geekinney.com/index.xml
[2026-06-01 05:32:52] - https://suus.me/atom.xml
[2026-06-01 05:32:52] - https://leixus.cn/index.php/feed/
[2026-06-01 05:32:52] - https://www.shephe.com/feed
[2026-06-01 05:32:52] - https://innei.in/feed
[2026-06-01 05:32:52] - https://ilogs.cn/feed/
[2026-06-01 05:32:52] - https://www.moraex.com/feed
[2026-06-01 05:32:52] - https://shuiba.co/feed
[2026-06-01 05:32:52] - https://writings.howsoonisnow.org/blog/feed/feed.xml
[2026-06-01 05:32:52] - https://sizheng.org/feed
[2026-06-01 05:32:52] - https://4op.top/index.xml
[2026-06-01 05:32:52] ✘ 有 1 条订阅头像字段为空, 已使用默认头像:
[2026-06-01 05:32:52] - https://jt26wzz.com/rss.xml
[2026-06-01 07:35:38] 本次订阅抓取结果统计:
[2026-06-01 07:35:38] 共 51 条RSS, 成功抓取 40 条.
[2026-06-01 07:35:38] ✘ 有 11 条订阅解析失败:
[2026-06-01 07:35:38] - https://tumutanzi.com/feed
[2026-06-01 07:35:38] - https://geekinney.com/index.xml
[2026-06-01 07:35:38] - https://suus.me/atom.xml
[2026-06-01 07:35:38] - https://www.shephe.com/feed
[2026-06-01 07:35:38] - https://ilogs.cn/feed/
[2026-06-01 07:35:38] - https://innei.in/feed
[2026-06-01 07:35:38] - https://shuiba.co/feed
[2026-06-01 07:35:38] - https://writings.howsoonisnow.org/blog/feed/feed.xml
[2026-06-01 07:35:38] - https://sizheng.org/feed
[2026-06-01 07:35:38] - https://www.moraex.com/feed
[2026-06-01 07:35:38] - https://4op.top/index.xml
[2026-06-01 07:35:38] ✘ 有 1 条订阅头像字段为空, 已使用默认头像:
[2026-06-01 07:35:38] - https://jt26wzz.com/rss.xml
[2026-06-01 09:43:58] 本次订阅抓取结果统计:
[2026-06-01 09:43:58] 共 51 条RSS, 成功抓取 40 条.
[2026-06-01 09:43:58] ✘ 有 11 条订阅解析失败:
[2026-06-01 09:43:58] - https://tumutanzi.com/feed
[2026-06-01 09:43:58] - https://geekinney.com/index.xml
[2026-06-01 09:43:58] - https://suus.me/atom.xml
[2026-06-01 09:43:58] - https://www.shephe.com/feed
[2026-06-01 09:43:58] - https://ilogs.cn/feed/
[2026-06-01 09:43:58] - https://innei.in/feed
[2026-06-01 09:43:58] - https://shuiba.co/feed
[2026-06-01 09:43:58] - https://www.moraex.com/feed
[2026-06-01 09:43:58] - https://writings.howsoonisnow.org/blog/feed/feed.xml
[2026-06-01 09:43:58] - https://sizheng.org/feed
[2026-06-01 09:43:58] - https://4op.top/index.xml
[2026-06-01 09:43:58] ✘ 有 1 条订阅头像字段为空, 已使用默认头像:
[2026-06-01 09:43:58] - https://jt26wzz.com/rss.xml
