[2026-03-16 00:08:19] 抓取到的文章与现有数据相同，无需更新。
[2026-03-16 01:31:41] 抓取到的文章与现有数据相同，无需更新。
[2026-03-16 02:59:13] 抓取到的文章与现有数据相同，无需更新。
[2026-03-16 04:05:44] 抓取到的文章与现有数据相同，无需更新。
[2026-03-16 05:34:51] 抓取到的文章与现有数据相同，无需更新。
[2026-03-16 06:26:04] 本次订阅抓取结果统计:
[2026-03-16 06:26:04] 共 47 条RSS, 成功抓取 41 条.
[2026-03-16 06:26:04] ✘ 有 6 条订阅解析失败:
[2026-03-16 06:26:04] - https://tumutanzi.com/feed
[2026-03-16 06:26:04] - https://geekinney.com/index.xml
[2026-03-16 06:26:04] - https://suus.me/atom.xml
[2026-03-16 06:26:04] - https://shuiba.co/feed
[2026-03-16 06:26:04] - https://www.moraex.com/feed
[2026-03-16 06:26:04] - https://sizheng.org/feed
[2026-03-16 07:28:41] 抓取到的文章与现有数据相同，无需更新。
[2026-03-16 08:18:14] 本次订阅抓取结果统计:
[2026-03-16 08:18:14] 共 47 条RSS, 成功抓取 41 条.
[2026-03-16 08:18:14] ✘ 有 6 条订阅解析失败:
[2026-03-16 08:18:14] - https://tumutanzi.com/feed
[2026-03-16 08:18:14] - https://geekinney.com/index.xml
[2026-03-16 08:18:14] - https://suus.me/atom.xml
[2026-03-16 08:18:14] - https://shuiba.co/feed
[2026-03-16 08:18:14] - https://sizheng.org/feed
[2026-03-16 08:18:14] - https://www.moraex.com/feed
[2026-03-16 09:18:54] 抓取到的文章与现有数据相同，无需更新。
[2026-03-16 10:18:51] 抓取到的文章与现有数据相同，无需更新。
[2026-03-16 11:16:10] 抓取到的文章与现有数据相同，无需更新。
[2026-03-16 12:10:50] 抓取到的文章与现有数据相同，无需更新。
[2026-03-16 13:28:43] 抓取到的文章与现有数据相同，无需更新。
[2026-03-16 14:24:51] 抓取到的文章与现有数据相同，无需更新。
[2026-03-16 15:21:49] 抓取到的文章与现有数据相同，无需更新。
[2026-03-16 16:19:18] 抓取到的文章与现有数据相同，无需更新。
[2026-03-16 17:20:36] 抓取到的文章与现有数据相同，无需更新。
