[2026-07-01 00:25:48] 本次订阅抓取结果统计:
[2026-07-01 00:25:48] 共 54 条RSS, 成功抓取 45 条.
[2026-07-01 00:25:48] ✘ 有 9 条订阅解析失败:
[2026-07-01 00:25:48] - https://geekinney.com/index.xml
[2026-07-01 00:25:48] - https://suus.me/atom.xml
[2026-07-01 00:25:48] - https://www.shephe.com/feed
[2026-07-01 00:25:48] - https://ilogs.cn/feed/
[2026-07-01 00:25:48] - https://writings.howsoonisnow.org/blog/feed/feed.xml
[2026-07-01 00:25:48] - https://www.moraex.com/feed
[2026-07-01 00:25:48] - https://sizheng.org/feed
[2026-07-01 00:25:48] - https://4op.top/index.xml
[2026-07-01 00:25:48] - https://ayayy.com/feed/
[2026-07-01 00:25:48] ✘ 有 1 条订阅头像字段为空, 已使用默认头像:
[2026-07-01 00:25:48] - https://jt26wzz.com/rss.xml
[2026-07-01 01:42:46] 抓取到的文章与现有数据相同，无需更新。
[2026-07-01 03:01:01] 抓取到的文章与现有数据相同，无需更新。
[2026-07-01 05:29:15] 本次订阅抓取结果统计:
[2026-07-01 05:29:15] 共 54 条RSS, 成功抓取 44 条.
[2026-07-01 05:29:15] ✘ 有 10 条订阅解析失败:
[2026-07-01 05:29:15] - https://geekinney.com/index.xml
[2026-07-01 05:29:15] - https://suus.me/atom.xml
[2026-07-01 05:29:15] - https://ilogs.cn/feed/
[2026-07-01 05:29:15] - https://www.shephe.com/feed
[2026-07-01 05:29:15] - https://www.moraex.com/feed
[2026-07-01 05:29:15] - https://writings.howsoonisnow.org/blog/feed/feed.xml
[2026-07-01 05:29:15] - https://sizheng.org/feed
[2026-07-01 05:29:15] - https://4op.top/index.xml
[2026-07-01 05:29:15] - https://ayayy.com/feed/
[2026-07-01 05:29:15] - https://note.redcha.cn/rss.xml
[2026-07-01 05:29:15] ✘ 有 1 条订阅头像字段为空, 已使用默认头像:
[2026-07-01 05:29:15] - https://jt26wzz.com/rss.xml
[2026-07-01 07:22:32] 本次订阅抓取结果统计:
[2026-07-01 07:22:32] 共 54 条RSS, 成功抓取 45 条.
[2026-07-01 07:22:32] ✘ 有 9 条订阅解析失败:
[2026-07-01 07:22:32] - https://geekinney.com/index.xml
[2026-07-01 07:22:32] - https://suus.me/atom.xml
[2026-07-01 07:22:32] - https://www.shephe.com/feed
[2026-07-01 07:22:32] - https://ilogs.cn/feed/
[2026-07-01 07:22:32] - https://www.moraex.com/feed
[2026-07-01 07:22:32] - https://writings.howsoonisnow.org/blog/feed/feed.xml
[2026-07-01 07:22:32] - https://sizheng.org/feed
[2026-07-01 07:22:32] - https://4op.top/index.xml
[2026-07-01 07:22:32] - https://ayayy.com/feed/
[2026-07-01 07:22:32] ✘ 有 1 条订阅头像字段为空, 已使用默认头像:
[2026-07-01 07:22:32] - https://jt26wzz.com/rss.xml
[2026-07-01 09:03:18] 本次订阅抓取结果统计:
[2026-07-01 09:03:18] 共 54 条RSS, 成功抓取 43 条.
[2026-07-01 09:03:18] ✘ 有 11 条订阅解析失败:
[2026-07-01 09:03:18] - https://geekinney.com/index.xml
[2026-07-01 09:03:18] - https://tumutanzi.com/feed
[2026-07-01 09:03:18] - https://suus.me/atom.xml
[2026-07-01 09:03:18] - https://leixus.cn/index.php/feed/
[2026-07-01 09:03:18] - https://www.shephe.com/feed
[2026-07-01 09:03:18] - https://ilogs.cn/feed/
[2026-07-01 09:03:18] - https://www.moraex.com/feed
[2026-07-01 09:03:18] - https://writings.howsoonisnow.org/blog/feed/feed.xml
[2026-07-01 09:03:18] - https://sizheng.org/feed
[2026-07-01 09:03:18] - https://4op.top/index.xml
[2026-07-01 09:03:18] - https://ayayy.com/feed/
[2026-07-01 09:03:18] ✘ 有 1 条订阅头像字段为空, 已使用默认头像:
[2026-07-01 09:03:18] - https://jt26wzz.com/rss.xml
[2026-07-01 11:01:31] 本次订阅抓取结果统计:
[2026-07-01 11:01:31] 共 54 条RSS, 成功抓取 45 条.
[2026-07-01 11:01:31] ✘ 有 9 条订阅解析失败:
[2026-07-01 11:01:31] - https://geekinney.com/index.xml
[2026-07-01 11:01:31] - https://suus.me/atom.xml
[2026-07-01 11:01:31] - https://www.shephe.com/feed
[2026-07-01 11:01:31] - https://writings.howsoonisnow.org/blog/feed/feed.xml
[2026-07-01 11:01:31] - https://ilogs.cn/feed/
[2026-07-01 11:01:31] - https://www.moraex.com/feed
[2026-07-01 11:01:31] - https://sizheng.org/feed
[2026-07-01 11:01:31] - https://4op.top/index.xml
[2026-07-01 11:01:31] - https://ayayy.com/feed/
[2026-07-01 11:01:31] ✘ 有 1 条订阅头像字段为空, 已使用默认头像:
[2026-07-01 11:01:31] - https://jt26wzz.com/rss.xml
