[2026-04-12 00:10:06] 本次订阅抓取结果统计:
[2026-04-12 00:10:06] 共 46 条RSS, 成功抓取 39 条.
[2026-04-12 00:10:06] ✘ 有 7 条订阅解析失败:
[2026-04-12 00:10:06] - https://tumutanzi.com/feed
[2026-04-12 00:10:06] - https://geekinney.com/index.xml
[2026-04-12 00:10:06] - https://suus.me/atom.xml
[2026-04-12 00:10:06] - https://shuiba.co/feed
[2026-04-12 00:10:06] - https://www.moraex.com/feed
[2026-04-12 00:10:06] - https://ilogs.cn/feed/
[2026-04-12 00:10:06] - https://sizheng.org/feed
[2026-04-12 01:31:23] 本次订阅抓取结果统计:
[2026-04-12 01:31:23] 共 46 条RSS, 成功抓取 39 条.
[2026-04-12 01:31:23] ✘ 有 7 条订阅解析失败:
[2026-04-12 01:31:23] - https://tumutanzi.com/feed
[2026-04-12 01:31:23] - https://geekinney.com/index.xml
[2026-04-12 01:31:23] - https://suus.me/atom.xml
[2026-04-12 01:31:23] - https://ilogs.cn/feed/
[2026-04-12 01:31:23] - https://shuiba.co/feed
[2026-04-12 01:31:23] - https://sizheng.org/feed
[2026-04-12 01:31:23] - https://www.moraex.com/feed
[2026-04-12 02:59:19] 抓取到的文章与现有数据相同，无需更新。
