[2026-03-23 00:07:50] 抓取到的文章与现有数据相同，无需更新。
[2026-03-23 01:31:03] 抓取到的文章与现有数据相同，无需更新。
[2026-03-23 02:58:40] 本次订阅抓取结果统计:
[2026-03-23 02:58:40] 共 46 条RSS, 成功抓取 40 条.
[2026-03-23 02:58:40] ✘ 有 6 条订阅解析失败:
[2026-03-23 02:58:40] - https://tumutanzi.com/feed
[2026-03-23 02:58:40] - https://geekinney.com/index.xml
[2026-03-23 02:58:40] - https://suus.me/atom.xml
[2026-03-23 02:58:40] - https://shuiba.co/feed
[2026-03-23 02:58:40] - https://www.moraex.com/feed
[2026-03-23 02:58:40] - https://sizheng.org/feed
[2026-03-23 03:58:17] 抓取到的文章与现有数据相同，无需更新。
[2026-03-23 04:48:48] 本次订阅抓取结果统计:
[2026-03-23 04:48:48] 共 46 条RSS, 成功抓取 40 条.
[2026-03-23 04:48:48] ✘ 有 6 条订阅解析失败:
[2026-03-23 04:48:48] - https://tumutanzi.com/feed
[2026-03-23 04:48:48] - https://geekinney.com/index.xml
[2026-03-23 04:48:48] - https://suus.me/atom.xml
[2026-03-23 04:48:48] - https://shuiba.co/feed
[2026-03-23 04:48:48] - https://sizheng.org/feed
[2026-03-23 04:48:48] - https://www.moraex.com/feed
[2026-03-23 05:30:08] 抓取到的文章与现有数据相同，无需更新。
[2026-03-23 06:20:04] 抓取到的文章与现有数据相同，无需更新。
[2026-03-23 07:26:28] 抓取到的文章与现有数据相同，无需更新。
[2026-03-23 08:14:34] 本次订阅抓取结果统计:
[2026-03-23 08:14:34] 共 46 条RSS, 成功抓取 40 条.
[2026-03-23 08:14:34] ✘ 有 6 条订阅解析失败:
[2026-03-23 08:14:34] - https://tumutanzi.com/feed
[2026-03-23 08:14:34] - https://geekinney.com/index.xml
[2026-03-23 08:14:34] - https://suus.me/atom.xml
[2026-03-23 08:14:34] - https://shuiba.co/feed
[2026-03-23 08:14:34] - https://sizheng.org/feed
[2026-03-23 08:14:34] - https://www.moraex.com/feed
