[2026-02-22 00:05:34] 抓取到的文章与现有数据相同，无需更新。
[2026-02-22 01:30:50] 本次订阅抓取结果统计:
[2026-02-22 01:30:50] 共 47 条RSS, 成功抓取 41 条.
[2026-02-22 01:30:50] ✘ 有 6 条订阅解析失败:
[2026-02-22 01:30:50] - https://tumutanzi.com/feed
[2026-02-22 01:30:50] - https://geekinney.com/index.xml
[2026-02-22 01:30:50] - https://suus.me/atom.xml
[2026-02-22 01:30:50] - https://shuiba.co/feed
[2026-02-22 01:30:50] - https://www.moraex.com/feed
[2026-02-22 01:30:50] - https://sizheng.org/feed
[2026-02-22 02:57:22] 抓取到的文章与现有数据相同，无需更新。
[2026-02-22 03:49:23] 抓取到的文章与现有数据相同，无需更新。
[2026-02-22 04:33:15] 抓取到的文章与现有数据相同，无需更新。
[2026-02-22 05:22:27] 抓取到的文章与现有数据相同，无需更新。
[2026-02-22 06:11:41] 抓取到的文章与现有数据相同，无需更新。
[2026-02-22 07:13:30] 抓取到的文章与现有数据相同，无需更新。
[2026-02-22 08:03:18] 抓取到的文章与现有数据相同，无需更新。
[2026-02-22 09:05:38] 抓取到的文章与现有数据相同，无需更新。
[2026-02-22 10:02:46] 本次订阅抓取结果统计:
[2026-02-22 10:02:46] 共 47 条RSS, 成功抓取 41 条.
[2026-02-22 10:02:46] ✘ 有 6 条订阅解析失败:
[2026-02-22 10:02:46] - https://tumutanzi.com/feed
[2026-02-22 10:02:46] - https://suus.me/atom.xml
[2026-02-22 10:02:46] - https://geekinney.com/index.xml
[2026-02-22 10:02:46] - https://shuiba.co/feed
[2026-02-22 10:02:46] - https://sizheng.org/feed
[2026-02-22 10:02:46] - https://www.moraex.com/feed
[2026-02-22 11:03:16] [WARN] 加载头像映射失败: failed to fetch avatar map: Get "https://cos.lhasa.icu/lhasaRSS/avatar.json": context deadline exceeded (Client.Timeout exceeded while awaiting headers)
