[2026-06-18 00:30:42] 抓取到的文章与现有数据相同，无需更新。
[2026-06-18 01:47:20] 抓取到的文章与现有数据相同，无需更新。
[2026-06-18 03:01:22] [ERROR] 拉取RSS链接失败: /home/runner/work/rss-lhasa/rss-lhasa/feed_fetcher.go:53 => 无法获取RSS列表文件: https://lhasa-1253887673.cos.ap-shanghai.myqcloud.com/lhasaRSS/rss.txt | 原因: Get "https://lhasa-1253887673.cos.ap-shanghai.myqcloud.com/lhasaRSS/rss.txt": net/http: TLS handshake timeout
[2026-06-18 05:31:42] 本次订阅抓取结果统计:
[2026-06-18 05:31:42] 共 54 条RSS, 成功抓取 43 条.
[2026-06-18 05:31:42] ✘ 有 11 条订阅解析失败:
[2026-06-18 05:31:42] - https://geekinney.com/index.xml
[2026-06-18 05:31:42] - https://suus.me/atom.xml
[2026-06-18 05:31:42] - https://bluehe.cn/rss.xml
[2026-06-18 05:31:42] - https://ilogs.cn/feed/
[2026-06-18 05:31:42] - https://www.moraex.com/feed
[2026-06-18 05:31:42] - https://writings.howsoonisnow.org/blog/feed/feed.xml
[2026-06-18 05:31:42] - https://sizheng.org/feed
[2026-06-18 05:31:42] - https://yufan.me/feed
[2026-06-18 05:31:42] - https://4op.top/index.xml
[2026-06-18 05:31:42] - https://www.shephe.com/feed
[2026-06-18 05:31:42] - https://ayayy.com/feed/
[2026-06-18 05:31:42] ✘ 有 1 条订阅头像字段为空, 已使用默认头像:
[2026-06-18 05:31:42] - https://jt26wzz.com/rss.xml
[2026-06-18 07:32:29] 本次订阅抓取结果统计:
[2026-06-18 07:32:29] 共 54 条RSS, 成功抓取 44 条.
[2026-06-18 07:32:29] ✘ 有 10 条订阅解析失败:
[2026-06-18 07:32:29] - https://geekinney.com/index.xml
[2026-06-18 07:32:29] - https://suus.me/atom.xml
[2026-06-18 07:32:29] - https://bluehe.cn/rss.xml
[2026-06-18 07:32:29] - https://ilogs.cn/feed/
[2026-06-18 07:32:29] - https://writings.howsoonisnow.org/blog/feed/feed.xml
[2026-06-18 07:32:29] - https://www.moraex.com/feed
[2026-06-18 07:32:29] - https://sizheng.org/feed
[2026-06-18 07:32:29] - https://4op.top/index.xml
[2026-06-18 07:32:29] - https://ayayy.com/feed/
[2026-06-18 07:32:29] - https://www.shephe.com/feed
[2026-06-18 07:32:29] ✘ 有 1 条订阅头像字段为空, 已使用默认头像:
[2026-06-18 07:32:29] - https://jt26wzz.com/rss.xml
[2026-06-18 09:25:56] 本次订阅抓取结果统计:
[2026-06-18 09:25:56] 共 54 条RSS, 成功抓取 44 条.
[2026-06-18 09:25:56] ✘ 有 10 条订阅解析失败:
[2026-06-18 09:25:56] - https://geekinney.com/index.xml
[2026-06-18 09:25:56] - https://suus.me/atom.xml
[2026-06-18 09:25:56] - https://bluehe.cn/rss.xml
[2026-06-18 09:25:56] - https://ilogs.cn/feed/
[2026-06-18 09:25:56] - https://writings.howsoonisnow.org/blog/feed/feed.xml
[2026-06-18 09:25:56] - https://www.moraex.com/feed
[2026-06-18 09:25:56] - https://sizheng.org/feed
[2026-06-18 09:25:56] - https://4op.top/index.xml
[2026-06-18 09:25:56] - https://ayayy.com/feed/
[2026-06-18 09:25:56] - https://www.shephe.com/feed
[2026-06-18 09:25:56] ✘ 有 1 条订阅头像字段为空, 已使用默认头像:
[2026-06-18 09:25:56] - https://jt26wzz.com/rss.xml
[2026-06-18 11:20:02] 抓取到的文章与现有数据相同，无需更新。
[2026-06-18 13:00:32] 抓取到的文章与现有数据相同，无需更新。
