[2026-06-14 00:27:17] 本次订阅抓取结果统计:
[2026-06-14 00:27:17] 共 54 条RSS, 成功抓取 40 条.
[2026-06-14 00:27:17] ✘ 有 14 条订阅解析失败:
[2026-06-14 00:27:17] - https://tumutanzi.com/feed
[2026-06-14 00:27:17] - https://geekinney.com/index.xml
[2026-06-14 00:27:17] - https://freemind.pluskid.org/rss.xml
[2026-06-14 00:27:17] - https://suus.me/atom.xml
[2026-06-14 00:27:17] - https://www.shephe.com/feed
[2026-06-14 00:27:17] - https://bluehe.cn/rss.xml
[2026-06-14 00:27:17] - https://ilogs.cn/feed/
[2026-06-14 00:27:17] - https://shuiba.co/feed
[2026-06-14 00:27:17] - https://writings.howsoonisnow.org/blog/feed/feed.xml
[2026-06-14 00:27:17] - https://www.moraex.com/feed
[2026-06-14 00:27:17] - https://sizheng.org/feed
[2026-06-14 00:27:17] - https://4op.top/index.xml
[2026-06-14 00:27:17] - https://blog.gankudadiz.com/feed
[2026-06-14 00:27:17] - https://ayayy.com/feed/
[2026-06-14 00:27:17] ✘ 有 1 条订阅头像字段为空, 已使用默认头像:
[2026-06-14 00:27:17] - https://jt26wzz.com/rss.xml
[2026-06-14 01:45:10] 本次订阅抓取结果统计:
[2026-06-14 01:45:10] 共 54 条RSS, 成功抓取 41 条.
[2026-06-14 01:45:10] ✘ 有 13 条订阅解析失败:
[2026-06-14 01:45:10] - https://tumutanzi.com/feed
[2026-06-14 01:45:10] - https://geekinney.com/index.xml
[2026-06-14 01:45:10] - https://suus.me/atom.xml
[2026-06-14 01:45:10] - https://bluehe.cn/rss.xml
[2026-06-14 01:45:10] - https://www.shephe.com/feed
[2026-06-14 01:45:10] - https://ilogs.cn/feed/
[2026-06-14 01:45:10] - https://shuiba.co/feed
[2026-06-14 01:45:10] - https://www.moraex.com/feed
[2026-06-14 01:45:10] - https://writings.howsoonisnow.org/blog/feed/feed.xml
[2026-06-14 01:45:10] - https://sizheng.org/feed
[2026-06-14 01:45:10] - https://4op.top/index.xml
[2026-06-14 01:45:10] - https://ayayy.com/feed/
[2026-06-14 01:45:10] - https://blog.gankudadiz.com/feed
[2026-06-14 01:45:10] ✘ 有 1 条订阅头像字段为空, 已使用默认头像:
[2026-06-14 01:45:10] - https://jt26wzz.com/rss.xml
[2026-06-14 03:02:21] 抓取到的文章与现有数据相同，无需更新。
