[2026-01-09 00:04:59] 抓取到的文章与现有数据相同，无需更新。
[2026-01-09 01:30:00] 本次订阅抓取结果统计:
[2026-01-09 01:30:00] 共 43 条RSS, 成功抓取 39 条.
[2026-01-09 01:30:00] ✘ 有 4 条订阅解析失败:
[2026-01-09 01:30:00] - https://tumutanzi.com/feed
[2026-01-09 01:30:00] - https://geekinney.com/index.xml
[2026-01-09 01:30:00] - https://suus.me/atom.xml
[2026-01-09 01:30:00] - https://www.moraex.com/feed
[2026-01-09 02:36:43] 抓取到的文章与现有数据相同，无需更新。
[2026-01-09 03:29:48] 抓取到的文章与现有数据相同，无需更新。
[2026-01-09 04:15:38] 抓取到的文章与现有数据相同，无需更新。
[2026-01-09 05:04:59] 抓取到的文章与现有数据相同，无需更新。
[2026-01-09 06:02:51] 抓取到的文章与现有数据相同，无需更新。
[2026-01-09 07:04:51] 抓取到的文章与现有数据相同，无需更新。
[2026-01-09 08:03:00] 本次订阅抓取结果统计:
[2026-01-09 08:03:00] 共 43 条RSS, 成功抓取 36 条.
[2026-01-09 08:03:00] ✘ 有 7 条订阅解析失败:
[2026-01-09 08:03:00] - https://tumutanzi.com/feed
[2026-01-09 08:03:00] - https://geekinney.com/index.xml
[2026-01-09 08:03:00] - https://suus.me/atom.xml
[2026-01-09 08:03:00] - https://leixus.cn/index.php/feed/
[2026-01-09 08:03:00] - https://www.luzhaojun.com/feed
[2026-01-09 08:03:00] - https://www.moraex.com/feed
[2026-01-09 08:03:00] - http://www.cyys.net/wp/feed
[2026-01-09 09:05:18] 本次订阅抓取结果统计:
[2026-01-09 09:05:18] 共 43 条RSS, 成功抓取 38 条.
[2026-01-09 09:05:18] ✘ 有 5 条订阅解析失败:
[2026-01-09 09:05:18] - https://tumutanzi.com/feed
[2026-01-09 09:05:18] - https://suus.me/atom.xml
[2026-01-09 09:05:18] - https://geekinney.com/index.xml
[2026-01-09 09:05:18] - https://www.moraex.com/feed
[2026-01-09 09:05:18] - https://skywind.me/blog/feed
[2026-01-09 10:02:32] 抓取到的文章与现有数据相同，无需更新。
[2026-01-09 11:02:16] 本次订阅抓取结果统计:
[2026-01-09 11:02:16] 共 43 条RSS, 成功抓取 39 条.
[2026-01-09 11:02:16] ✘ 有 4 条订阅解析失败:
[2026-01-09 11:02:16] - https://tumutanzi.com/feed
[2026-01-09 11:02:16] - https://suus.me/atom.xml
[2026-01-09 11:02:16] - https://geekinney.com/index.xml
[2026-01-09 11:02:16] - https://www.moraex.com/feed
[2026-01-09 12:02:27] 本次订阅抓取结果统计:
[2026-01-09 12:02:27] 共 43 条RSS, 成功抓取 38 条.
[2026-01-09 12:02:27] ✘ 有 5 条订阅解析失败:
[2026-01-09 12:02:27] - https://tumutanzi.com/feed
[2026-01-09 12:02:27] - https://oba.by/feed
[2026-01-09 12:02:27] - https://geekinney.com/index.xml
[2026-01-09 12:02:27] - https://suus.me/atom.xml
[2026-01-09 12:02:27] - https://www.moraex.com/feed
[2026-01-09 13:14:10] 抓取到的文章与现有数据相同，无需更新。
[2026-01-09 14:03:23] 本次订阅抓取结果统计:
[2026-01-09 14:03:23] 共 43 条RSS, 成功抓取 37 条.
[2026-01-09 14:03:23] ✘ 有 6 条订阅解析失败:
[2026-01-09 14:03:23] - https://tumutanzi.com/feed
[2026-01-09 14:03:23] - https://geekinney.com/index.xml
[2026-01-09 14:03:23] - https://suus.me/atom.xml
[2026-01-09 14:03:23] - https://oba.by/feed
[2026-01-09 14:03:23] - https://www.moraex.com/feed
[2026-01-09 14:03:23] - https://skywind.me/blog/feed
[2026-01-09 15:02:00] 本次订阅抓取结果统计:
[2026-01-09 15:02:00] 共 43 条RSS, 成功抓取 38 条.
[2026-01-09 15:02:00] ✘ 有 5 条订阅解析失败:
[2026-01-09 15:02:00] - https://tumutanzi.com/feed
[2026-01-09 15:02:00] - https://oba.by/feed
[2026-01-09 15:02:00] - https://geekinney.com/index.xml
[2026-01-09 15:02:00] - https://suus.me/atom.xml
[2026-01-09 15:02:00] - https://www.moraex.com/feed
[2026-01-09 16:02:01] 本次订阅抓取结果统计:
[2026-01-09 16:02:01] 共 43 条RSS, 成功抓取 36 条.
[2026-01-09 16:02:01] ✘ 有 7 条订阅解析失败:
[2026-01-09 16:02:01] - https://tumutanzi.com/feed
[2026-01-09 16:02:01] - https://oba.by/feed
[2026-01-09 16:02:01] - https://geekinney.com/index.xml
[2026-01-09 16:02:01] - https://suus.me/atom.xml
[2026-01-09 16:02:01] - https://leixus.cn/index.php/feed/
[2026-01-09 16:02:01] - https://www.luzhaojun.com/feed
[2026-01-09 16:02:01] - https://www.moraex.com/feed
[2026-01-09 17:04:17] 本次订阅抓取结果统计:
[2026-01-09 17:04:17] 共 43 条RSS, 成功抓取 38 条.
[2026-01-09 17:04:17] ✘ 有 5 条订阅解析失败:
[2026-01-09 17:04:17] - https://tumutanzi.com/feed
[2026-01-09 17:04:17] - https://oba.by/feed
[2026-01-09 17:04:17] - https://geekinney.com/index.xml
[2026-01-09 17:04:17] - https://suus.me/atom.xml
[2026-01-09 17:04:17] - https://www.moraex.com/feed
[2026-01-09 18:02:46] 本次订阅抓取结果统计:
[2026-01-09 18:02:46] 共 43 条RSS, 成功抓取 37 条.
[2026-01-09 18:02:46] ✘ 有 6 条订阅解析失败:
[2026-01-09 18:02:46] - https://tumutanzi.com/feed
[2026-01-09 18:02:46] - https://oba.by/feed
[2026-01-09 18:02:46] - https://geekinney.com/index.xml
[2026-01-09 18:02:46] - https://suus.me/atom.xml
[2026-01-09 18:02:46] - https://www.moraex.com/feed
[2026-01-09 18:02:46] - https://skywind.me/blog/feed
[2026-01-09 19:03:35] 本次订阅抓取结果统计:
[2026-01-09 19:03:35] 共 43 条RSS, 成功抓取 38 条.
[2026-01-09 19:03:35] ✘ 有 5 条订阅解析失败:
[2026-01-09 19:03:35] - https://tumutanzi.com/feed
[2026-01-09 19:03:35] - https://oba.by/feed
[2026-01-09 19:03:35] - https://geekinney.com/index.xml
[2026-01-09 19:03:35] - https://suus.me/atom.xml
[2026-01-09 19:03:35] - https://www.moraex.com/feed
