[2026-06-23 00:26:34] 本次订阅抓取结果统计:
[2026-06-23 00:26:34] 共 54 条RSS, 成功抓取 43 条.
[2026-06-23 00:26:34] ✘ 有 11 条订阅解析失败:
[2026-06-23 00:26:34] - https://geekinney.com/index.xml
[2026-06-23 00:26:34] - https://suus.me/atom.xml
[2026-06-23 00:26:34] - https://www.shephe.com/feed
[2026-06-23 00:26:34] - https://bluehe.cn/rss.xml
[2026-06-23 00:26:34] - https://ilogs.cn/feed/
[2026-06-23 00:26:34] - https://writings.howsoonisnow.org/blog/feed/feed.xml
[2026-06-23 00:26:34] - https://www.moraex.com/feed
[2026-06-23 00:26:34] - https://sizheng.org/feed
[2026-06-23 00:26:34] - https://4op.top/index.xml
[2026-06-23 00:26:34] - https://ayayy.com/feed/
[2026-06-23 00:26:34] - https://www.xiaoten.com/index.xml
[2026-06-23 00:26:34] ✘ 有 1 条订阅头像字段为空, 已使用默认头像:
[2026-06-23 00:26:34] - https://jt26wzz.com/rss.xml
[2026-06-23 01:36:45] 抓取到的文章与现有数据相同，无需更新。
[2026-06-23 03:00:59] 本次订阅抓取结果统计:
[2026-06-23 03:00:59] 共 54 条RSS, 成功抓取 43 条.
[2026-06-23 03:00:59] ✘ 有 11 条订阅解析失败:
[2026-06-23 03:00:59] - https://geekinney.com/index.xml
[2026-06-23 03:00:59] - https://suus.me/atom.xml
[2026-06-23 03:00:59] - https://bluehe.cn/rss.xml
[2026-06-23 03:00:59] - https://ilogs.cn/feed/
[2026-06-23 03:00:59] - https://writings.howsoonisnow.org/blog/feed/feed.xml
[2026-06-23 03:00:59] - https://www.shephe.com/feed
[2026-06-23 03:00:59] - https://www.moraex.com/feed
[2026-06-23 03:00:59] - https://sizheng.org/feed
[2026-06-23 03:00:59] - https://4op.top/index.xml
[2026-06-23 03:00:59] - https://ayayy.com/feed/
[2026-06-23 03:00:59] - https://www.xiaoten.com/index.xml
[2026-06-23 03:00:59] ✘ 有 1 条订阅头像字段为空, 已使用默认头像:
[2026-06-23 03:00:59] - https://jt26wzz.com/rss.xml
[2026-06-23 04:30:44] 抓取到的文章与现有数据相同，无需更新。
[2026-06-23 06:21:50] 抓取到的文章与现有数据相同，无需更新。
[2026-06-23 08:10:36] 本次订阅抓取结果统计:
[2026-06-23 08:10:36] 共 54 条RSS, 成功抓取 43 条.
[2026-06-23 08:10:36] ✘ 有 11 条订阅解析失败:
[2026-06-23 08:10:36] - https://geekinney.com/index.xml
[2026-06-23 08:10:36] - https://suus.me/atom.xml
[2026-06-23 08:10:36] - https://bluehe.cn/rss.xml
[2026-06-23 08:10:36] - https://ilogs.cn/feed/
[2026-06-23 08:10:36] - https://www.shephe.com/feed
[2026-06-23 08:10:36] - https://writings.howsoonisnow.org/blog/feed/feed.xml
[2026-06-23 08:10:36] - https://www.moraex.com/feed
[2026-06-23 08:10:36] - https://sizheng.org/feed
[2026-06-23 08:10:36] - https://4op.top/index.xml
[2026-06-23 08:10:36] - https://ayayy.com/feed/
[2026-06-23 08:10:36] - https://www.xiaoten.com/index.xml
[2026-06-23 08:10:36] ✘ 有 1 条订阅头像字段为空, 已使用默认头像:
[2026-06-23 08:10:36] - https://jt26wzz.com/rss.xml
[2026-06-23 10:13:59] 本次订阅抓取结果统计:
[2026-06-23 10:13:59] 共 54 条RSS, 成功抓取 42 条.
[2026-06-23 10:13:59] ✘ 有 12 条订阅解析失败:
[2026-06-23 10:13:59] - https://geekinney.com/index.xml
[2026-06-23 10:13:59] - https://suus.me/atom.xml
[2026-06-23 10:13:59] - https://www.mrhe.net/feed
[2026-06-23 10:13:59] - https://bluehe.cn/rss.xml
[2026-06-23 10:13:59] - https://www.shephe.com/feed
[2026-06-23 10:13:59] - https://ilogs.cn/feed/
[2026-06-23 10:13:59] - https://writings.howsoonisnow.org/blog/feed/feed.xml
[2026-06-23 10:13:59] - https://sizheng.org/feed
[2026-06-23 10:13:59] - https://www.moraex.com/feed
[2026-06-23 10:13:59] - https://4op.top/index.xml
[2026-06-23 10:13:59] - https://ayayy.com/feed/
[2026-06-23 10:13:59] - https://www.xiaoten.com/index.xml
[2026-06-23 10:13:59] ✘ 有 1 条订阅头像字段为空, 已使用默认头像:
[2026-06-23 10:13:59] - https://jt26wzz.com/rss.xml
[2026-06-23 12:00:51] 本次订阅抓取结果统计:
[2026-06-23 12:00:51] 共 54 条RSS, 成功抓取 42 条.
[2026-06-23 12:00:51] ✘ 有 12 条订阅解析失败:
[2026-06-23 12:00:51] - https://geekinney.com/index.xml
[2026-06-23 12:00:51] - https://suus.me/atom.xml
[2026-06-23 12:00:51] - https://www.mrhe.net/feed
[2026-06-23 12:00:51] - https://bluehe.cn/rss.xml
[2026-06-23 12:00:51] - https://ilogs.cn/feed/
[2026-06-23 12:00:51] - https://www.shephe.com/feed
[2026-06-23 12:00:51] - https://writings.howsoonisnow.org/blog/feed/feed.xml
[2026-06-23 12:00:51] - https://www.moraex.com/feed
[2026-06-23 12:00:51] - https://sizheng.org/feed
[2026-06-23 12:00:51] - https://4op.top/index.xml
[2026-06-23 12:00:51] - https://ayayy.com/feed/
[2026-06-23 12:00:51] - https://www.xiaoten.com/index.xml
[2026-06-23 12:00:51] ✘ 有 1 条订阅头像字段为空, 已使用默认头像:
[2026-06-23 12:00:51] - https://jt26wzz.com/rss.xml
[2026-06-23 13:14:32] 本次订阅抓取结果统计:
[2026-06-23 13:14:32] 共 54 条RSS, 成功抓取 39 条.
[2026-06-23 13:14:32] ✘ 有 15 条订阅解析失败:
[2026-06-23 13:14:32] - https://geekinney.com/index.xml
[2026-06-23 13:14:32] - https://tumutanzi.com/feed
[2026-06-23 13:14:32] - https://freemind.pluskid.org/rss.xml
[2026-06-23 13:14:32] - https://suus.me/atom.xml
[2026-06-23 13:14:32] - https://www.mrhe.net/feed
[2026-06-23 13:14:32] - https://leixus.cn/index.php/feed/
[2026-06-23 13:14:32] - https://bluehe.cn/rss.xml
[2026-06-23 13:14:32] - https://www.shephe.com/feed
[2026-06-23 13:14:32] - https://ilogs.cn/feed/
[2026-06-23 13:14:32] - https://writings.howsoonisnow.org/blog/feed/feed.xml
[2026-06-23 13:14:32] - https://www.moraex.com/feed
[2026-06-23 13:14:32] - https://sizheng.org/feed
[2026-06-23 13:14:32] - https://4op.top/index.xml
[2026-06-23 13:14:32] - https://ayayy.com/feed/
[2026-06-23 13:14:32] - https://www.xiaoten.com/index.xml
[2026-06-23 13:14:32] ✘ 有 1 条订阅头像字段为空, 已使用默认头像:
[2026-06-23 13:14:32] - https://jt26wzz.com/rss.xml
[2026-06-23 14:59:17] 本次订阅抓取结果统计:
[2026-06-23 14:59:17] 共 54 条RSS, 成功抓取 40 条.
[2026-06-23 14:59:17] ✘ 有 14 条订阅解析失败:
[2026-06-23 14:59:17] - https://geekinney.com/index.xml
[2026-06-23 14:59:17] - https://tumutanzi.com/feed
[2026-06-23 14:59:17] - https://suus.me/atom.xml
[2026-06-23 14:59:17] - https://www.mrhe.net/feed
[2026-06-23 14:59:17] - https://bluehe.cn/rss.xml
[2026-06-23 14:59:17] - https://leixus.cn/index.php/feed/
[2026-06-23 14:59:17] - https://ilogs.cn/feed/
[2026-06-23 14:59:17] - https://www.shephe.com/feed
[2026-06-23 14:59:17] - https://www.moraex.com/feed
[2026-06-23 14:59:17] - https://writings.howsoonisnow.org/blog/feed/feed.xml
[2026-06-23 14:59:17] - https://sizheng.org/feed
[2026-06-23 14:59:17] - https://4op.top/index.xml
[2026-06-23 14:59:17] - https://ayayy.com/feed/
[2026-06-23 14:59:17] - https://www.xiaoten.com/index.xml
[2026-06-23 14:59:17] ✘ 有 1 条订阅头像字段为空, 已使用默认头像:
[2026-06-23 14:59:17] - https://jt26wzz.com/rss.xml
[2026-06-23 16:02:39] 抓取到的文章与现有数据相同，无需更新。
[2026-06-23 17:33:14] 抓取到的文章与现有数据相同，无需更新。
[2026-06-23 18:36:05] 本次订阅抓取结果统计:
[2026-06-23 18:36:05] 共 54 条RSS, 成功抓取 42 条.
[2026-06-23 18:36:05] ✘ 有 12 条订阅解析失败:
[2026-06-23 18:36:05] - https://geekinney.com/index.xml
[2026-06-23 18:36:05] - https://suus.me/atom.xml
[2026-06-23 18:36:05] - https://www.mrhe.net/feed
[2026-06-23 18:36:05] - https://www.shephe.com/feed
[2026-06-23 18:36:05] - https://bluehe.cn/rss.xml
[2026-06-23 18:36:05] - https://ilogs.cn/feed/
[2026-06-23 18:36:05] - https://writings.howsoonisnow.org/blog/feed/feed.xml
[2026-06-23 18:36:05] - https://www.moraex.com/feed
[2026-06-23 18:36:05] - https://sizheng.org/feed
[2026-06-23 18:36:05] - https://4op.top/index.xml
[2026-06-23 18:36:05] - https://ayayy.com/feed/
[2026-06-23 18:36:05] - https://www.xiaoten.com/index.xml
[2026-06-23 18:36:05] ✘ 有 1 条订阅头像字段为空, 已使用默认头像:
[2026-06-23 18:36:05] - https://jt26wzz.com/rss.xml
[2026-06-23 19:33:51] 本次订阅抓取结果统计:
[2026-06-23 19:33:51] 共 54 条RSS, 成功抓取 40 条.
[2026-06-23 19:33:51] ✘ 有 14 条订阅解析失败:
[2026-06-23 19:33:51] - https://geekinney.com/index.xml
[2026-06-23 19:33:51] - https://tumutanzi.com/feed
[2026-06-23 19:33:51] - https://suus.me/atom.xml
[2026-06-23 19:33:51] - https://www.mrhe.net/feed
[2026-06-23 19:33:51] - https://www.shephe.com/feed
[2026-06-23 19:33:51] - https://leixus.cn/index.php/feed/
[2026-06-23 19:33:51] - https://bluehe.cn/rss.xml
[2026-06-23 19:33:51] - https://ilogs.cn/feed/
[2026-06-23 19:33:51] - https://www.moraex.com/feed
[2026-06-23 19:33:51] - https://writings.howsoonisnow.org/blog/feed/feed.xml
[2026-06-23 19:33:51] - https://sizheng.org/feed
[2026-06-23 19:33:51] - https://4op.top/index.xml
[2026-06-23 19:33:51] - https://ayayy.com/feed/
[2026-06-23 19:33:51] - https://www.xiaoten.com/index.xml
[2026-06-23 19:33:51] ✘ 有 1 条订阅头像字段为空, 已使用默认头像:
[2026-06-23 19:33:51] - https://jt26wzz.com/rss.xml
