[2026-05-05 00:18:16] 本次订阅抓取结果统计:
[2026-05-05 00:18:16] 共 48 条RSS, 成功抓取 40 条.
[2026-05-05 00:18:16] ✘ 有 8 条订阅解析失败:
[2026-05-05 00:18:16] - https://tumutanzi.com/feed
[2026-05-05 00:18:16] - https://geekinney.com/index.xml
[2026-05-05 00:18:16] - https://suus.me/atom.xml
[2026-05-05 00:18:16] - https://www.mrhe.net/feed
[2026-05-05 00:18:16] - https://ilogs.cn/feed/
[2026-05-05 00:18:16] - https://shuiba.co/feed
[2026-05-05 00:18:16] - https://sizheng.org/feed
[2026-05-05 00:18:16] - https://www.moraex.com/feed
[2026-05-05 00:18:16] ✘ 有 1 条订阅头像字段为空, 已使用默认头像:
[2026-05-05 00:18:16] - https://jt26wzz.com/rss.xml
[2026-05-05 01:31:37] 抓取到的文章与现有数据相同，无需更新。
[2026-05-05 02:59:42] 抓取到的文章与现有数据相同，无需更新。
[2026-05-05 04:10:29] 抓取到的文章与现有数据相同，无需更新。
[2026-05-05 05:51:59] 抓取到的文章与现有数据相同，无需更新。
[2026-05-05 06:40:17] 抓取到的文章与现有数据相同，无需更新。
[2026-05-05 07:35:44] 抓取到的文章与现有数据相同，无需更新。
[2026-05-05 08:40:12] 本次订阅抓取结果统计:
[2026-05-05 08:40:12] 共 48 条RSS, 成功抓取 40 条.
[2026-05-05 08:40:12] ✘ 有 8 条订阅解析失败:
[2026-05-05 08:40:12] - https://tumutanzi.com/feed
[2026-05-05 08:40:12] - https://geekinney.com/index.xml
[2026-05-05 08:40:12] - https://suus.me/atom.xml
[2026-05-05 08:40:12] - https://www.mrhe.net/feed
[2026-05-05 08:40:12] - https://ilogs.cn/feed/
[2026-05-05 08:40:12] - https://shuiba.co/feed
[2026-05-05 08:40:12] - https://www.moraex.com/feed
[2026-05-05 08:40:12] - https://sizheng.org/feed
[2026-05-05 08:40:12] ✘ 有 1 条订阅头像字段为空, 已使用默认头像:
[2026-05-05 08:40:12] - https://jt26wzz.com/rss.xml
[2026-05-05 09:33:45] 本次订阅抓取结果统计:
[2026-05-05 09:33:45] 共 48 条RSS, 成功抓取 40 条.
[2026-05-05 09:33:45] ✘ 有 8 条订阅解析失败:
[2026-05-05 09:33:45] - https://tumutanzi.com/feed
[2026-05-05 09:33:45] - https://geekinney.com/index.xml
[2026-05-05 09:33:45] - https://suus.me/atom.xml
[2026-05-05 09:33:45] - https://www.mrhe.net/feed
[2026-05-05 09:33:45] - https://ilogs.cn/feed/
[2026-05-05 09:33:45] - https://shuiba.co/feed
[2026-05-05 09:33:45] - https://www.moraex.com/feed
[2026-05-05 09:33:45] - https://sizheng.org/feed
[2026-05-05 09:33:45] ✘ 有 1 条订阅头像字段为空, 已使用默认头像:
[2026-05-05 09:33:45] - https://jt26wzz.com/rss.xml
[2026-05-05 10:30:44] 抓取到的文章与现有数据相同，无需更新。
[2026-05-05 11:25:57] 抓取到的文章与现有数据相同，无需更新。
[2026-05-05 12:19:41] 本次订阅抓取结果统计:
[2026-05-05 12:19:41] 共 48 条RSS, 成功抓取 40 条.
[2026-05-05 12:19:41] ✘ 有 8 条订阅解析失败:
[2026-05-05 12:19:41] - https://tumutanzi.com/feed
[2026-05-05 12:19:41] - https://geekinney.com/index.xml
[2026-05-05 12:19:41] - https://suus.me/atom.xml
[2026-05-05 12:19:41] - https://www.mrhe.net/feed
[2026-05-05 12:19:41] - https://ilogs.cn/feed/
[2026-05-05 12:19:41] - https://shuiba.co/feed
[2026-05-05 12:19:41] - https://sizheng.org/feed
[2026-05-05 12:19:41] - https://www.moraex.com/feed
[2026-05-05 12:19:41] ✘ 有 1 条订阅头像字段为空, 已使用默认头像:
[2026-05-05 12:19:41] - https://jt26wzz.com/rss.xml
[2026-05-05 13:30:59] 本次订阅抓取结果统计:
[2026-05-05 13:30:59] 共 48 条RSS, 成功抓取 39 条.
[2026-05-05 13:30:59] ✘ 有 9 条订阅解析失败:
[2026-05-05 13:30:59] - https://tumutanzi.com/feed
[2026-05-05 13:30:59] - https://geekinney.com/index.xml
[2026-05-05 13:30:59] - https://suus.me/atom.xml
[2026-05-05 13:30:59] - https://www.mrhe.net/feed
[2026-05-05 13:30:59] - https://ilogs.cn/feed/
[2026-05-05 13:30:59] - https://shuiba.co/feed
[2026-05-05 13:30:59] - https://sizheng.org/feed
[2026-05-05 13:30:59] - https://www.moraex.com/feed
[2026-05-05 13:30:59] - https://note.redcha.cn/rss.xml
[2026-05-05 13:30:59] ✘ 有 1 条订阅头像字段为空, 已使用默认头像:
[2026-05-05 13:30:59] - https://jt26wzz.com/rss.xml
[2026-05-05 15:34:56] 本次订阅抓取结果统计:
[2026-05-05 15:34:56] 共 48 条RSS, 成功抓取 40 条.
[2026-05-05 15:34:56] ✘ 有 8 条订阅解析失败:
[2026-05-05 15:34:56] - https://tumutanzi.com/feed
[2026-05-05 15:34:56] - https://geekinney.com/index.xml
[2026-05-05 15:34:56] - https://suus.me/atom.xml
[2026-05-05 15:34:56] - https://www.mrhe.net/feed
[2026-05-05 15:34:56] - https://ilogs.cn/feed/
[2026-05-05 15:34:56] - https://shuiba.co/feed
[2026-05-05 15:34:56] - https://www.moraex.com/feed
[2026-05-05 15:34:56] - https://sizheng.org/feed
[2026-05-05 15:34:56] ✘ 有 1 条订阅头像字段为空, 已使用默认头像:
[2026-05-05 15:34:56] - https://jt26wzz.com/rss.xml
[2026-05-05 16:29:10] 本次订阅抓取结果统计:
[2026-05-05 16:29:10] 共 48 条RSS, 成功抓取 39 条.
[2026-05-05 16:29:10] ✘ 有 9 条订阅解析失败:
[2026-05-05 16:29:10] - https://tumutanzi.com/feed
[2026-05-05 16:29:10] - https://geekinney.com/index.xml
[2026-05-05 16:29:10] - https://suus.me/atom.xml
[2026-05-05 16:29:10] - https://www.mrhe.net/feed
[2026-05-05 16:29:10] - https://ilogs.cn/feed/
[2026-05-05 16:29:10] - https://shuiba.co/feed
[2026-05-05 16:29:10] - https://www.moraex.com/feed
[2026-05-05 16:29:10] - https://sizheng.org/feed
[2026-05-05 16:29:10] - https://note.redcha.cn/rss.xml
[2026-05-05 16:29:10] ✘ 有 1 条订阅头像字段为空, 已使用默认头像:
[2026-05-05 16:29:10] - https://jt26wzz.com/rss.xml
[2026-05-05 17:30:55] 抓取到的文章与现有数据相同，无需更新。
[2026-05-05 18:26:00] 抓取到的文章与现有数据相同，无需更新。
[2026-05-05 19:30:53] 抓取到的文章与现有数据相同，无需更新。
[2026-05-05 20:22:02] 抓取到的文章与现有数据相同，无需更新。
[2026-05-05 21:20:22] 本次订阅抓取结果统计:
[2026-05-05 21:20:22] 共 48 条RSS, 成功抓取 38 条.
[2026-05-05 21:20:22] ✘ 有 10 条订阅解析失败:
[2026-05-05 21:20:22] - https://tumutanzi.com/feed
[2026-05-05 21:20:22] - https://geekinney.com/index.xml
[2026-05-05 21:20:22] - https://freemind.pluskid.org/rss.xml
[2026-05-05 21:20:22] - https://suus.me/atom.xml
[2026-05-05 21:20:22] - https://www.mrhe.net/feed
[2026-05-05 21:20:22] - https://ilogs.cn/feed/
[2026-05-05 21:20:22] - https://shuiba.co/feed
[2026-05-05 21:20:22] - https://sizheng.org/feed
[2026-05-05 21:20:22] - https://www.moraex.com/feed
[2026-05-05 21:20:22] - https://note.redcha.cn/rss.xml
[2026-05-05 21:20:22] ✘ 有 1 条订阅头像字段为空, 已使用默认头像:
[2026-05-05 21:20:22] - https://jt26wzz.com/rss.xml
[2026-05-05 22:19:13] 本次订阅抓取结果统计:
[2026-05-05 22:19:13] 共 48 条RSS, 成功抓取 39 条.
[2026-05-05 22:19:13] ✘ 有 9 条订阅解析失败:
[2026-05-05 22:19:13] - https://tumutanzi.com/feed
[2026-05-05 22:19:13] - https://geekinney.com/index.xml
[2026-05-05 22:19:13] - https://suus.me/atom.xml
[2026-05-05 22:19:13] - https://www.mrhe.net/feed
[2026-05-05 22:19:13] - https://ilogs.cn/feed/
[2026-05-05 22:19:13] - https://shuiba.co/feed
[2026-05-05 22:19:13] - https://sizheng.org/feed
[2026-05-05 22:19:13] - https://www.moraex.com/feed
[2026-05-05 22:19:13] - https://note.redcha.cn/rss.xml
[2026-05-05 22:19:13] ✘ 有 1 条订阅头像字段为空, 已使用默认头像:
[2026-05-05 22:19:13] - https://jt26wzz.com/rss.xml
