[2026-05-27 00:23:59] 本次订阅抓取结果统计:
[2026-05-27 00:23:59] 共 49 条RSS, 成功抓取 38 条.
[2026-05-27 00:23:59] ✘ 有 11 条订阅解析失败:
[2026-05-27 00:23:59] - https://tumutanzi.com/feed
[2026-05-27 00:23:59] - https://geekinney.com/index.xml
[2026-05-27 00:23:59] - https://suus.me/atom.xml
[2026-05-27 00:23:59] - https://www.shephe.com/feed
[2026-05-27 00:23:59] - https://leixus.cn/index.php/feed/
[2026-05-27 00:23:59] - https://ilogs.cn/feed/
[2026-05-27 00:23:59] - https://innei.in/feed
[2026-05-27 00:23:59] - https://www.moraex.com/feed
[2026-05-27 00:23:59] - https://shuiba.co/feed
[2026-05-27 00:23:59] - https://writings.howsoonisnow.org/blog/feed/feed.xml
[2026-05-27 00:23:59] - https://sizheng.org/feed
[2026-05-27 00:23:59] ✘ 有 1 条订阅头像字段为空, 已使用默认头像:
[2026-05-27 00:23:59] - https://jt26wzz.com/rss.xml
[2026-05-27 01:38:34] 本次订阅抓取结果统计:
[2026-05-27 01:38:34] 共 49 条RSS, 成功抓取 39 条.
[2026-05-27 01:38:34] ✘ 有 10 条订阅解析失败:
[2026-05-27 01:38:34] - https://tumutanzi.com/feed
[2026-05-27 01:38:34] - https://geekinney.com/index.xml
[2026-05-27 01:38:34] - https://suus.me/atom.xml
[2026-05-27 01:38:34] - https://www.shephe.com/feed
[2026-05-27 01:38:34] - https://innei.in/feed
[2026-05-27 01:38:34] - https://ilogs.cn/feed/
[2026-05-27 01:38:34] - https://shuiba.co/feed
[2026-05-27 01:38:34] - https://www.moraex.com/feed
[2026-05-27 01:38:34] - https://writings.howsoonisnow.org/blog/feed/feed.xml
[2026-05-27 01:38:34] - https://sizheng.org/feed
[2026-05-27 01:38:34] ✘ 有 1 条订阅头像字段为空, 已使用默认头像:
[2026-05-27 01:38:34] - https://jt26wzz.com/rss.xml
[2026-05-27 03:01:07] 本次订阅抓取结果统计:
[2026-05-27 03:01:07] 共 49 条RSS, 成功抓取 39 条.
[2026-05-27 03:01:07] ✘ 有 10 条订阅解析失败:
[2026-05-27 03:01:07] - https://tumutanzi.com/feed
[2026-05-27 03:01:07] - https://geekinney.com/index.xml
[2026-05-27 03:01:07] - https://suus.me/atom.xml
[2026-05-27 03:01:07] - https://ilogs.cn/feed/
[2026-05-27 03:01:07] - https://innei.in/feed
[2026-05-27 03:01:07] - https://www.shephe.com/feed
[2026-05-27 03:01:07] - https://shuiba.co/feed
[2026-05-27 03:01:07] - https://www.moraex.com/feed
[2026-05-27 03:01:07] - https://writings.howsoonisnow.org/blog/feed/feed.xml
[2026-05-27 03:01:07] - https://sizheng.org/feed
[2026-05-27 03:01:07] ✘ 有 1 条订阅头像字段为空, 已使用默认头像:
[2026-05-27 03:01:07] - https://jt26wzz.com/rss.xml
[2026-05-27 05:26:07] 抓取到的文章与现有数据相同，无需更新。
[2026-05-27 07:18:05] 抓取到的文章与现有数据相同，无需更新。
[2026-05-27 09:02:10] 本次订阅抓取结果统计:
[2026-05-27 09:02:10] 共 49 条RSS, 成功抓取 39 条.
[2026-05-27 09:02:10] ✘ 有 10 条订阅解析失败:
[2026-05-27 09:02:10] - https://tumutanzi.com/feed
[2026-05-27 09:02:10] - https://geekinney.com/index.xml
[2026-05-27 09:02:10] - https://suus.me/atom.xml
[2026-05-27 09:02:10] - https://www.shephe.com/feed
[2026-05-27 09:02:10] - https://ilogs.cn/feed/
[2026-05-27 09:02:10] - https://innei.in/feed
[2026-05-27 09:02:10] - https://shuiba.co/feed
[2026-05-27 09:02:10] - https://www.moraex.com/feed
[2026-05-27 09:02:10] - https://writings.howsoonisnow.org/blog/feed/feed.xml
[2026-05-27 09:02:10] - https://sizheng.org/feed
[2026-05-27 09:02:10] ✘ 有 1 条订阅头像字段为空, 已使用默认头像:
[2026-05-27 09:02:10] - https://jt26wzz.com/rss.xml
[2026-05-27 11:07:34] 抓取到的文章与现有数据相同，无需更新。
[2026-05-27 12:58:54] 抓取到的文章与现有数据相同，无需更新。
[2026-05-27 14:12:23] 抓取到的文章与现有数据相同，无需更新。
[2026-05-27 16:16:14] 抓取到的文章与现有数据相同，无需更新。
[2026-05-27 17:59:13] 抓取到的文章与现有数据相同，无需更新。
[2026-05-27 18:57:46] 抓取到的文章与现有数据相同，无需更新。
[2026-05-27 19:43:08] 抓取到的文章与现有数据相同，无需更新。
[2026-05-27 20:39:15] 本次订阅抓取结果统计:
[2026-05-27 20:39:15] 共 49 条RSS, 成功抓取 38 条.
[2026-05-27 20:39:15] ✘ 有 11 条订阅解析失败:
[2026-05-27 20:39:15] - https://tumutanzi.com/feed
[2026-05-27 20:39:15] - https://geekinney.com/index.xml
[2026-05-27 20:39:15] - https://suus.me/atom.xml
[2026-05-27 20:39:15] - https://freemind.pluskid.org/rss.xml
[2026-05-27 20:39:15] - https://www.shephe.com/feed
[2026-05-27 20:39:15] - https://innei.in/feed
[2026-05-27 20:39:15] - https://ilogs.cn/feed/
[2026-05-27 20:39:15] - https://shuiba.co/feed
[2026-05-27 20:39:15] - https://writings.howsoonisnow.org/blog/feed/feed.xml
[2026-05-27 20:39:15] - https://www.moraex.com/feed
[2026-05-27 20:39:15] - https://sizheng.org/feed
[2026-05-27 20:39:15] ✘ 有 1 条订阅头像字段为空, 已使用默认头像:
[2026-05-27 20:39:15] - https://jt26wzz.com/rss.xml
[2026-05-27 21:33:02] 本次订阅抓取结果统计:
[2026-05-27 21:33:02] 共 49 条RSS, 成功抓取 39 条.
[2026-05-27 21:33:02] ✘ 有 10 条订阅解析失败:
[2026-05-27 21:33:02] - https://tumutanzi.com/feed
[2026-05-27 21:33:02] - https://geekinney.com/index.xml
[2026-05-27 21:33:02] - https://suus.me/atom.xml
[2026-05-27 21:33:02] - https://www.shephe.com/feed
[2026-05-27 21:33:02] - https://innei.in/feed
[2026-05-27 21:33:02] - https://ilogs.cn/feed/
[2026-05-27 21:33:02] - https://shuiba.co/feed
[2026-05-27 21:33:02] - https://writings.howsoonisnow.org/blog/feed/feed.xml
[2026-05-27 21:33:02] - https://www.moraex.com/feed
[2026-05-27 21:33:02] - https://sizheng.org/feed
[2026-05-27 21:33:02] ✘ 有 1 条订阅头像字段为空, 已使用默认头像:
[2026-05-27 21:33:02] - https://jt26wzz.com/rss.xml
