[2026-03-10 00:07:34] 抓取到的文章与现有数据相同，无需更新。
[2026-03-10 01:32:35] 本次订阅抓取结果统计:
[2026-03-10 01:32:35] 共 47 条RSS, 成功抓取 40 条.
[2026-03-10 01:32:35] ✘ 有 7 条订阅解析失败:
[2026-03-10 01:32:35] - https://tumutanzi.com/feed
[2026-03-10 01:32:35] - https://geekinney.com/index.xml
[2026-03-10 01:32:35] - https://suus.me/atom.xml
[2026-03-10 01:32:35] - https://shuiba.co/feed
[2026-03-10 01:32:35] - https://www.moraex.com/feed
[2026-03-10 01:32:35] - https://sizheng.org/feed
[2026-03-10 01:32:35] - https://innei.in/feed
[2026-03-10 02:53:18] 本次订阅抓取结果统计:
[2026-03-10 02:53:18] 共 47 条RSS, 成功抓取 40 条.
[2026-03-10 02:53:18] ✘ 有 7 条订阅解析失败:
[2026-03-10 02:53:18] - https://tumutanzi.com/feed
[2026-03-10 02:53:18] - https://geekinney.com/index.xml
[2026-03-10 02:53:18] - https://suus.me/atom.xml
[2026-03-10 02:53:18] - https://shuiba.co/feed
[2026-03-10 02:53:18] - https://www.moraex.com/feed
[2026-03-10 02:53:18] - https://sizheng.org/feed
[2026-03-10 02:53:18] - https://innei.in/feed
