[2026-01-06 00:04:52] 抓取到的文章与现有数据相同，无需更新。
[2026-01-06 01:29:58] 本次订阅抓取结果统计:
[2026-01-06 01:29:58] 共 42 条RSS, 成功抓取 37 条.
[2026-01-06 01:29:58] ✘ 有 5 条订阅解析失败:
[2026-01-06 01:29:58] - https://tumutanzi.com/feed
[2026-01-06 01:29:58] - https://geekinney.com/index.xml
[2026-01-06 01:29:58] - https://suus.me/atom.xml
[2026-01-06 01:29:58] - https://www.moraex.com/feed
[2026-01-06 01:29:58] - https://note.redcha.cn/rss.xml
[2026-01-06 02:36:59] 本次订阅抓取结果统计:
[2026-01-06 02:36:59] 共 42 条RSS, 成功抓取 36 条.
[2026-01-06 02:36:59] ✘ 有 6 条订阅解析失败:
[2026-01-06 02:36:59] - https://tumutanzi.com/feed
[2026-01-06 02:36:59] - https://geekinney.com/index.xml
[2026-01-06 02:36:59] - https://suus.me/atom.xml
[2026-01-06 02:36:59] - https://www.moraex.com/feed
[2026-01-06 02:36:59] - https://note.redcha.cn/rss.xml
[2026-01-06 02:36:59] - http://www.cyys.net/wp/feed
[2026-01-06 03:02:38] 本次订阅抓取结果统计:
[2026-01-06 03:02:38] 共 43 条RSS, 成功抓取 38 条.
[2026-01-06 03:02:38] ✘ 有 5 条订阅解析失败:
[2026-01-06 03:02:38] - https://tumutanzi.com/feed
[2026-01-06 03:02:38] - https://suus.me/atom.xml
[2026-01-06 03:02:38] - https://geekinney.com/index.xml
[2026-01-06 03:02:38] - https://www.moraex.com/feed
[2026-01-06 03:02:38] - https://note.redcha.cn/rss.xml
[2026-01-06 03:31:01] 抓取到的文章与现有数据相同，无需更新。
[2026-01-06 04:15:26] 本次订阅抓取结果统计:
[2026-01-06 04:15:26] 共 43 条RSS, 成功抓取 37 条.
[2026-01-06 04:15:26] ✘ 有 6 条订阅解析失败:
[2026-01-06 04:15:26] - https://tumutanzi.com/feed
[2026-01-06 04:15:26] - https://geekinney.com/index.xml
[2026-01-06 04:15:26] - https://suus.me/atom.xml
[2026-01-06 04:15:26] - https://note.redcha.cn/rss.xml
[2026-01-06 04:15:26] - https://www.moraex.com/feed
[2026-01-06 04:15:26] - https://oba.by/feed
[2026-01-06 05:04:53] 本次订阅抓取结果统计:
[2026-01-06 05:04:53] 共 43 条RSS, 成功抓取 38 条.
[2026-01-06 05:04:53] ✘ 有 5 条订阅解析失败:
[2026-01-06 05:04:53] - https://tumutanzi.com/feed
[2026-01-06 05:04:53] - https://suus.me/atom.xml
[2026-01-06 05:04:53] - https://geekinney.com/index.xml
[2026-01-06 05:04:53] - https://www.moraex.com/feed
[2026-01-06 05:04:53] - https://note.redcha.cn/rss.xml
[2026-01-06 06:01:57] 抓取到的文章与现有数据相同，无需更新。
[2026-01-06 07:05:19] 抓取到的文章与现有数据相同，无需更新。
[2026-01-06 08:02:34] 本次订阅抓取结果统计:
[2026-01-06 08:02:34] 共 43 条RSS, 成功抓取 38 条.
[2026-01-06 08:02:34] ✘ 有 5 条订阅解析失败:
[2026-01-06 08:02:34] - https://tumutanzi.com/feed
[2026-01-06 08:02:34] - https://geekinney.com/index.xml
[2026-01-06 08:02:34] - https://suus.me/atom.xml
[2026-01-06 08:02:34] - https://www.moraex.com/feed
[2026-01-06 08:02:34] - https://note.redcha.cn/rss.xml
[2026-01-06 09:04:41] 抓取到的文章与现有数据相同，无需更新。
[2026-01-06 10:02:01] 抓取到的文章与现有数据相同，无需更新。
[2026-01-06 11:02:56] 抓取到的文章与现有数据相同，无需更新。
[2026-01-06 12:02:23] 抓取到的文章与现有数据相同，无需更新。
[2026-01-06 13:13:45] 抓取到的文章与现有数据相同，无需更新。
[2026-01-06 14:02:34] 本次订阅抓取结果统计:
[2026-01-06 14:02:34] 共 43 条RSS, 成功抓取 38 条.
[2026-01-06 14:02:34] ✘ 有 5 条订阅解析失败:
[2026-01-06 14:02:34] - https://tumutanzi.com/feed
[2026-01-06 14:02:34] - https://geekinney.com/index.xml
[2026-01-06 14:02:34] - https://suus.me/atom.xml
[2026-01-06 14:02:34] - https://www.moraex.com/feed
[2026-01-06 14:02:34] - https://note.redcha.cn/rss.xml
[2026-01-06 15:02:16] 本次订阅抓取结果统计:
[2026-01-06 15:02:16] 共 43 条RSS, 成功抓取 39 条.
[2026-01-06 15:02:16] ✘ 有 4 条订阅解析失败:
[2026-01-06 15:02:16] - https://tumutanzi.com/feed
[2026-01-06 15:02:16] - https://geekinney.com/index.xml
[2026-01-06 15:02:16] - https://suus.me/atom.xml
[2026-01-06 15:02:16] - https://www.moraex.com/feed
[2026-01-06 16:02:33] 抓取到的文章与现有数据相同，无需更新。
[2026-01-06 17:04:36] 本次订阅抓取结果统计:
[2026-01-06 17:04:36] 共 43 条RSS, 成功抓取 39 条.
[2026-01-06 17:04:36] ✘ 有 4 条订阅解析失败:
[2026-01-06 17:04:36] - https://tumutanzi.com/feed
[2026-01-06 17:04:36] - https://geekinney.com/index.xml
[2026-01-06 17:04:36] - https://suus.me/atom.xml
[2026-01-06 17:04:36] - https://www.moraex.com/feed
[2026-01-06 18:02:46] 抓取到的文章与现有数据相同，无需更新。
[2026-01-06 19:01:49] 抓取到的文章与现有数据相同，无需更新。
[2026-01-06 20:02:09] [WARN] 加载头像映射失败: failed to fetch avatar map: Get "https://cos.lhasa.icu/lhasaRSS/avatar.json": context deadline exceeded (Client.Timeout exceeded while awaiting headers)
[2026-01-06 20:03:19] 本次订阅抓取结果统计:
[2026-01-06 20:03:19] 共 43 条RSS, 成功抓取 39 条.
[2026-01-06 20:03:19] ✘ 有 4 条订阅解析失败:
[2026-01-06 20:03:19] - https://tumutanzi.com/feed
[2026-01-06 20:03:19] - https://suus.me/atom.xml
[2026-01-06 20:03:19] - https://geekinney.com/index.xml
[2026-01-06 20:03:19] - https://www.moraex.com/feed
[2026-01-06 20:03:19] ✘ 有 1 条订阅头像字段为空, 已使用默认头像:
[2026-01-06 20:03:19] - https://mayx.eu.org/atom.xml
[2026-01-06 20:03:19] ✘ 有 6 条订阅头像无法访问, 已使用默认头像:
[2026-01-06 20:03:19] - https://oba.by/feed
[2026-01-06 20:03:19] - https://laike9m.com/blog/rss/
[2026-01-06 20:03:19] - https://skywind.me/blog/feed
[2026-01-06 20:03:19] - https://www.mrhe.net/feed
[2026-01-06 20:03:19] - https://byvoid.com/zhs/feed.xml
[2026-01-06 20:03:19] - https://blog.fooleap.org/atom.xml
[2026-01-06 21:01:53] 本次订阅抓取结果统计:
[2026-01-06 21:01:53] 共 43 条RSS, 成功抓取 39 条.
[2026-01-06 21:01:53] ✘ 有 4 条订阅解析失败:
[2026-01-06 21:01:53] - https://tumutanzi.com/feed
[2026-01-06 21:01:53] - https://geekinney.com/index.xml
[2026-01-06 21:01:53] - https://suus.me/atom.xml
[2026-01-06 21:01:53] - https://www.moraex.com/feed
[2026-01-06 22:01:42] 抓取到的文章与现有数据相同，无需更新。
