[2026-07-20 01:26:55] [WARN] 加载头像映射失败: failed to fetch avatar map: Get "https://cos.lhasa.icu/lhasaRSS/avatar.json": tls: failed to verify certificate: x509: certificate has expired or is not yet valid: current time 2026-07-20T01:26:55Z is after 2026-07-17T23:59:59Z
[2026-07-20 01:27:21] 本次订阅抓取结果统计:
[2026-07-20 01:27:21] 共 54 条RSS, 成功抓取 45 条.
[2026-07-20 01:27:21] ✘ 有 9 条订阅解析失败:
[2026-07-20 01:27:21] - https://geekinney.com/index.xml
[2026-07-20 01:27:21] - https://suus.me/atom.xml
[2026-07-20 01:27:21] - https://ilogs.cn/feed/
[2026-07-20 01:27:21] - https://writings.howsoonisnow.org/blog/feed/feed.xml
[2026-07-20 01:27:21] - https://www.shephe.com/feed
[2026-07-20 01:27:21] - https://sizheng.org/feed
[2026-07-20 01:27:21] - https://www.moraex.com/feed
[2026-07-20 01:27:21] - https://4op.top/index.xml
[2026-07-20 01:27:21] - https://ayayy.com/feed/
[2026-07-20 01:27:21] ✘ 有 1 条订阅头像字段为空, 已使用默认头像:
[2026-07-20 01:27:21] - https://mayx.eu.org/atom.xml
[2026-07-20 01:27:21] ✘ 有 2 条订阅头像无法访问, 已使用默认头像:
[2026-07-20 01:27:21] - https://skywind.me/blog/feed
[2026-07-20 01:27:21] - https://laike9m.com/blog/rss/
[2026-07-20 05:26:49] [WARN] 加载头像映射失败: failed to fetch avatar map: Get "https://cos.lhasa.icu/lhasaRSS/avatar.json": tls: failed to verify certificate: x509: certificate has expired or is not yet valid: current time 2026-07-20T05:26:48Z is after 2026-07-17T23:59:59Z
[2026-07-20 05:27:03] 本次订阅抓取结果统计:
[2026-07-20 05:27:03] 共 54 条RSS, 成功抓取 45 条.
[2026-07-20 05:27:03] ✘ 有 9 条订阅解析失败:
[2026-07-20 05:27:03] - https://geekinney.com/index.xml
[2026-07-20 05:27:03] - https://suus.me/atom.xml
[2026-07-20 05:27:03] - https://ilogs.cn/feed/
[2026-07-20 05:27:03] - https://www.shephe.com/feed
[2026-07-20 05:27:03] - https://writings.howsoonisnow.org/blog/feed/feed.xml
[2026-07-20 05:27:03] - https://www.moraex.com/feed
[2026-07-20 05:27:03] - https://sizheng.org/feed
[2026-07-20 05:27:03] - https://4op.top/index.xml
[2026-07-20 05:27:03] - https://ayayy.com/feed/
[2026-07-20 05:27:03] ✘ 有 1 条订阅头像字段为空, 已使用默认头像:
[2026-07-20 05:27:03] - https://mayx.eu.org/atom.xml
[2026-07-20 05:27:03] ✘ 有 2 条订阅头像无法访问, 已使用默认头像:
[2026-07-20 05:27:03] - https://skywind.me/blog/feed
[2026-07-20 05:27:03] - https://laike9m.com/blog/rss/
[2026-07-20 08:34:30] [WARN] 加载头像映射失败: failed to fetch avatar map: Get "https://cos.lhasa.icu/lhasaRSS/avatar.json": tls: failed to verify certificate: x509: certificate has expired or is not yet valid: current time 2026-07-20T08:34:29Z is after 2026-07-17T23:59:59Z
[2026-07-20 08:34:45] 本次订阅抓取结果统计:
[2026-07-20 08:34:45] 共 54 条RSS, 成功抓取 45 条.
[2026-07-20 08:34:45] ✘ 有 9 条订阅解析失败:
[2026-07-20 08:34:45] - https://geekinney.com/index.xml
[2026-07-20 08:34:45] - https://suus.me/atom.xml
[2026-07-20 08:34:45] - https://ilogs.cn/feed/
[2026-07-20 08:34:45] - https://www.shephe.com/feed
[2026-07-20 08:34:45] - https://www.moraex.com/feed
[2026-07-20 08:34:45] - https://writings.howsoonisnow.org/blog/feed/feed.xml
[2026-07-20 08:34:45] - https://sizheng.org/feed
[2026-07-20 08:34:45] - https://4op.top/index.xml
[2026-07-20 08:34:45] - https://ayayy.com/feed/
[2026-07-20 08:34:45] ✘ 有 1 条订阅头像字段为空, 已使用默认头像:
[2026-07-20 08:34:45] - https://mayx.eu.org/atom.xml
[2026-07-20 08:34:45] ✘ 有 2 条订阅头像无法访问, 已使用默认头像:
[2026-07-20 08:34:45] - https://skywind.me/blog/feed
[2026-07-20 08:34:45] - https://laike9m.com/blog/rss/
[2026-07-20 11:33:07] [WARN] 加载头像映射失败: failed to fetch avatar map: Get "https://cos.lhasa.icu/lhasaRSS/avatar.json": tls: failed to verify certificate: x509: certificate has expired or is not yet valid: current time 2026-07-20T11:33:07Z is after 2026-07-17T23:59:59Z
[2026-07-20 11:33:24] 本次订阅抓取结果统计:
[2026-07-20 11:33:24] 共 54 条RSS, 成功抓取 45 条.
[2026-07-20 11:33:24] ✘ 有 9 条订阅解析失败:
[2026-07-20 11:33:24] - https://geekinney.com/index.xml
[2026-07-20 11:33:24] - https://suus.me/atom.xml
[2026-07-20 11:33:24] - https://ilogs.cn/feed/
[2026-07-20 11:33:24] - https://writings.howsoonisnow.org/blog/feed/feed.xml
[2026-07-20 11:33:24] - https://www.shephe.com/feed
[2026-07-20 11:33:24] - https://sizheng.org/feed
[2026-07-20 11:33:24] - https://www.moraex.com/feed
[2026-07-20 11:33:24] - https://4op.top/index.xml
[2026-07-20 11:33:24] - https://ayayy.com/feed/
[2026-07-20 11:33:24] ✘ 有 1 条订阅头像字段为空, 已使用默认头像:
[2026-07-20 11:33:24] - https://mayx.eu.org/atom.xml
[2026-07-20 11:33:24] ✘ 有 2 条订阅头像无法访问, 已使用默认头像:
[2026-07-20 11:33:24] - https://laike9m.com/blog/rss/
[2026-07-20 11:33:24] - https://skywind.me/blog/feed
[2026-07-20 13:43:28] [WARN] 加载头像映射失败: failed to fetch avatar map: Get "https://cos.lhasa.icu/lhasaRSS/avatar.json": tls: failed to verify certificate: x509: certificate has expired or is not yet valid: current time 2026-07-20T13:43:27Z is after 2026-07-17T23:59:59Z
[2026-07-20 13:43:44] 抓取到的文章与现有数据相同，无需更新。
[2026-07-20 15:42:52] [WARN] 加载头像映射失败: failed to fetch avatar map: Get "https://cos.lhasa.icu/lhasaRSS/avatar.json": tls: failed to verify certificate: x509: certificate has expired or is not yet valid: current time 2026-07-20T15:42:51Z is after 2026-07-17T23:59:59Z
[2026-07-20 15:43:11] 本次订阅抓取结果统计:
[2026-07-20 15:43:11] 共 54 条RSS, 成功抓取 43 条.
[2026-07-20 15:43:11] ✘ 有 11 条订阅解析失败:
[2026-07-20 15:43:11] - https://geekinney.com/index.xml
[2026-07-20 15:43:11] - https://tumutanzi.com/feed
[2026-07-20 15:43:11] - https://suus.me/atom.xml
[2026-07-20 15:43:11] - https://leixus.cn/index.php/feed/
[2026-07-20 15:43:11] - https://ilogs.cn/feed/
[2026-07-20 15:43:11] - https://www.shephe.com/feed
[2026-07-20 15:43:11] - https://www.moraex.com/feed
[2026-07-20 15:43:11] - https://writings.howsoonisnow.org/blog/feed/feed.xml
[2026-07-20 15:43:11] - https://sizheng.org/feed
[2026-07-20 15:43:11] - https://4op.top/index.xml
[2026-07-20 15:43:11] - https://ayayy.com/feed/
[2026-07-20 15:43:11] ✘ 有 1 条订阅头像字段为空, 已使用默认头像:
[2026-07-20 15:43:11] - https://mayx.eu.org/atom.xml
[2026-07-20 15:43:11] ✘ 有 4 条订阅头像无法访问, 已使用默认头像:
[2026-07-20 15:43:11] - https://skywind.me/blog/feed
[2026-07-20 15:43:11] - https://laike9m.com/blog/rss/
[2026-07-20 15:43:11] - https://shuiba.co/feed
[2026-07-20 15:43:11] - https://blog.fueis.com/feed
[2026-07-20 17:15:45] [WARN] 加载头像映射失败: failed to fetch avatar map: Get "https://cos.lhasa.icu/lhasaRSS/avatar.json": tls: failed to verify certificate: x509: certificate has expired or is not yet valid: current time 2026-07-20T17:15:44Z is after 2026-07-17T23:59:59Z
