[2026-05-18 00:20:31] 抓取到的文章与现有数据相同，无需更新。
[2026-05-18 01:37:32] 本次订阅抓取结果统计:
[2026-05-18 01:37:32] 共 49 条RSS, 成功抓取 40 条.
[2026-05-18 01:37:32] ✘ 有 9 条订阅解析失败:
[2026-05-18 01:37:32] - https://tumutanzi.com/feed
[2026-05-18 01:37:32] - https://geekinney.com/index.xml
[2026-05-18 01:37:32] - https://suus.me/atom.xml
[2026-05-18 01:37:32] - https://www.shephe.com/feed
[2026-05-18 01:37:32] - https://ilogs.cn/feed/
[2026-05-18 01:37:32] - https://shuiba.co/feed
[2026-05-18 01:37:32] - https://writings.howsoonisnow.org/blog/feed/feed.xml
[2026-05-18 01:37:32] - https://www.moraex.com/feed
[2026-05-18 01:37:32] - https://sizheng.org/feed
[2026-05-18 01:37:32] ✘ 有 1 条订阅头像字段为空, 已使用默认头像:
[2026-05-18 01:37:32] - https://jt26wzz.com/rss.xml
[2026-05-18 03:00:56] 抓取到的文章与现有数据相同，无需更新。
[2026-05-18 05:18:53] 本次订阅抓取结果统计:
[2026-05-18 05:18:53] 共 49 条RSS, 成功抓取 40 条.
[2026-05-18 05:18:53] ✘ 有 9 条订阅解析失败:
[2026-05-18 05:18:53] - https://tumutanzi.com/feed
[2026-05-18 05:18:53] - https://geekinney.com/index.xml
[2026-05-18 05:18:53] - https://suus.me/atom.xml
[2026-05-18 05:18:53] - https://ilogs.cn/feed/
[2026-05-18 05:18:53] - https://www.shephe.com/feed
[2026-05-18 05:18:53] - https://shuiba.co/feed
[2026-05-18 05:18:53] - https://writings.howsoonisnow.org/blog/feed/feed.xml
[2026-05-18 05:18:53] - https://www.moraex.com/feed
[2026-05-18 05:18:53] - https://sizheng.org/feed
[2026-05-18 05:18:53] ✘ 有 1 条订阅头像字段为空, 已使用默认头像:
[2026-05-18 05:18:53] - https://jt26wzz.com/rss.xml
[2026-05-18 07:13:34] [WARN] 加载头像映射失败: failed to fetch avatar map: Get "https://cos.lhasa.icu/lhasaRSS/avatar.json": context deadline exceeded (Client.Timeout exceeded while awaiting headers)
