[2026-04-30 00:18:10] 抓取到的文章与现有数据相同，无需更新。
[2026-04-30 01:32:08] 抓取到的文章与现有数据相同，无需更新。
[2026-04-30 03:00:27] 抓取到的文章与现有数据相同，无需更新。
[2026-04-30 04:21:20] 本次订阅抓取结果统计:
[2026-04-30 04:21:20] 共 47 条RSS, 成功抓取 38 条.
[2026-04-30 04:21:20] ✘ 有 9 条订阅解析失败:
[2026-04-30 04:21:20] - https://tumutanzi.com/feed
[2026-04-30 04:21:20] - https://geekinney.com/index.xml
[2026-04-30 04:21:20] - https://suus.me/atom.xml
[2026-04-30 04:21:20] - https://www.mrhe.net/feed
[2026-04-30 04:21:20] - https://www.shephe.com/feed
[2026-04-30 04:21:20] - https://ilogs.cn/feed/
[2026-04-30 04:21:20] - https://shuiba.co/feed
[2026-04-30 04:21:20] - https://www.moraex.com/feed
[2026-04-30 04:21:20] - https://sizheng.org/feed
[2026-04-30 06:00:04] 抓取到的文章与现有数据相同，无需更新。
[2026-04-30 07:05:50] [WARN] 加载头像映射失败: failed to fetch avatar map: Get "https://cos.lhasa.icu/lhasaRSS/avatar.json": dial tcp 43.174.246.25:443: connect: connection refused
[2026-04-30 07:06:03] 本次订阅抓取结果统计:
[2026-04-30 07:06:03] 共 47 条RSS, 成功抓取 38 条.
[2026-04-30 07:06:03] ✘ 有 9 条订阅解析失败:
[2026-04-30 07:06:03] - https://tumutanzi.com/feed
[2026-04-30 07:06:03] - https://geekinney.com/index.xml
[2026-04-30 07:06:03] - https://suus.me/atom.xml
[2026-04-30 07:06:03] - https://www.mrhe.net/feed
[2026-04-30 07:06:03] - https://ilogs.cn/feed/
[2026-04-30 07:06:03] - https://www.shephe.com/feed
[2026-04-30 07:06:03] - https://shuiba.co/feed
[2026-04-30 07:06:03] - https://www.moraex.com/feed
[2026-04-30 07:06:03] - https://sizheng.org/feed
[2026-04-30 07:06:03] ✘ 有 1 条订阅头像字段为空, 已使用默认头像:
[2026-04-30 07:06:03] - https://mayx.eu.org/atom.xml
[2026-04-30 07:06:03] ✘ 有 4 条订阅头像无法访问, 已使用默认头像:
[2026-04-30 07:06:03] - https://zhongxiaojie.com/feed
[2026-04-30 07:06:03] - https://laike9m.com/blog/rss/
[2026-04-30 07:06:03] - https://skywind.me/blog/feed
[2026-04-30 07:06:03] - https://byvoid.com/zhs/feed.xml
