[2026-03-01 00:06:39] 抓取到的文章与现有数据相同，无需更新。
[2026-03-01 01:31:03] 本次订阅抓取结果统计:
[2026-03-01 01:31:03] 共 47 条RSS, 成功抓取 41 条.
[2026-03-01 01:31:03] ✘ 有 6 条订阅解析失败:
[2026-03-01 01:31:03] - https://tumutanzi.com/feed
[2026-03-01 01:31:03] - https://suus.me/atom.xml
[2026-03-01 01:31:03] - https://geekinney.com/index.xml
[2026-03-01 01:31:03] - https://shuiba.co/feed
[2026-03-01 01:31:03] - https://www.moraex.com/feed
[2026-03-01 01:31:03] - https://sizheng.org/feed
[2026-03-01 02:58:38] 抓取到的文章与现有数据相同，无需更新。
[2026-03-01 03:56:04] 本次订阅抓取结果统计:
[2026-03-01 03:56:04] 共 47 条RSS, 成功抓取 38 条.
[2026-03-01 03:56:04] ✘ 有 9 条订阅解析失败:
[2026-03-01 03:56:04] - https://tumutanzi.com/feed
[2026-03-01 03:56:04] - https://suus.me/atom.xml
[2026-03-01 03:56:04] - https://geekinney.com/index.xml
[2026-03-01 03:56:04] - https://leixus.cn/index.php/feed/
[2026-03-01 03:56:04] - https://www.luzhaojun.com/feed
[2026-03-01 03:56:04] - https://www.moraex.com/feed
[2026-03-01 03:56:04] - https://shuiba.co/feed
[2026-03-01 03:56:04] - https://sizheng.org/feed
[2026-03-01 03:56:04] - https://www.mrhe.net/feed
[2026-03-01 04:37:17] 本次订阅抓取结果统计:
[2026-03-01 04:37:17] 共 47 条RSS, 成功抓取 40 条.
[2026-03-01 04:37:17] ✘ 有 7 条订阅解析失败:
[2026-03-01 04:37:17] - https://tumutanzi.com/feed
[2026-03-01 04:37:17] - https://geekinney.com/index.xml
[2026-03-01 04:37:17] - https://suus.me/atom.xml
[2026-03-01 04:37:17] - https://shuiba.co/feed
[2026-03-01 04:37:17] - https://www.moraex.com/feed
[2026-03-01 04:37:17] - https://sizheng.org/feed
[2026-03-01 04:37:17] - https://www.mrhe.net/feed
[2026-03-01 05:23:44] 抓取到的文章与现有数据相同，无需更新。
[2026-03-01 06:10:54] 本次订阅抓取结果统计:
[2026-03-01 06:10:54] 共 47 条RSS, 成功抓取 41 条.
[2026-03-01 06:10:54] ✘ 有 6 条订阅解析失败:
[2026-03-01 06:10:54] - https://tumutanzi.com/feed
[2026-03-01 06:10:54] - https://geekinney.com/index.xml
[2026-03-01 06:10:54] - https://suus.me/atom.xml
[2026-03-01 06:10:54] - https://shuiba.co/feed
[2026-03-01 06:10:54] - https://sizheng.org/feed
[2026-03-01 06:10:54] - https://www.moraex.com/feed
[2026-03-01 07:12:11] 抓取到的文章与现有数据相同，无需更新。
[2026-03-01 08:02:56] 本次订阅抓取结果统计:
[2026-03-01 08:02:56] 共 47 条RSS, 成功抓取 38 条.
[2026-03-01 08:02:56] ✘ 有 9 条订阅解析失败:
[2026-03-01 08:02:56] - https://tumutanzi.com/feed
[2026-03-01 08:02:56] - https://geekinney.com/index.xml
[2026-03-01 08:02:56] - https://suus.me/atom.xml
[2026-03-01 08:02:56] - https://www.luzhaojun.com/feed
[2026-03-01 08:02:56] - https://leixus.cn/index.php/feed/
[2026-03-01 08:02:56] - https://shuiba.co/feed
[2026-03-01 08:02:56] - https://www.moraex.com/feed
[2026-03-01 08:02:56] - https://sizheng.org/feed
[2026-03-01 08:02:56] - https://freemind.pluskid.org/rss.xml
[2026-03-01 09:05:15] 抓取到的文章与现有数据相同，无需更新。
[2026-03-01 10:05:25] 本次订阅抓取结果统计:
[2026-03-01 10:05:25] 共 47 条RSS, 成功抓取 41 条.
[2026-03-01 10:05:25] ✘ 有 6 条订阅解析失败:
[2026-03-01 10:05:25] - https://tumutanzi.com/feed
[2026-03-01 10:05:25] - https://geekinney.com/index.xml
[2026-03-01 10:05:25] - https://suus.me/atom.xml
[2026-03-01 10:05:25] - https://shuiba.co/feed
[2026-03-01 10:05:25] - https://sizheng.org/feed
[2026-03-01 10:05:25] - https://www.moraex.com/feed
[2026-03-01 11:02:11] 抓取到的文章与现有数据相同，无需更新。
[2026-03-01 12:02:42] 本次订阅抓取结果统计:
[2026-03-01 12:02:42] 共 47 条RSS, 成功抓取 41 条.
[2026-03-01 12:02:42] ✘ 有 6 条订阅解析失败:
[2026-03-01 12:02:42] - https://tumutanzi.com/feed
[2026-03-01 12:02:42] - https://suus.me/atom.xml
[2026-03-01 12:02:42] - https://geekinney.com/index.xml
[2026-03-01 12:02:42] - https://shuiba.co/feed
[2026-03-01 12:02:42] - https://www.moraex.com/feed
[2026-03-01 12:02:42] - https://sizheng.org/feed
