[2026-01-02 00:04:43] 抓取到的文章与现有数据相同，无需更新。
[2026-01-02 01:29:59] 抓取到的文章与现有数据相同，无需更新。
[2026-01-02 02:36:51] 抓取到的文章与现有数据相同，无需更新。
[2026-01-02 03:30:09] 抓取到的文章与现有数据相同，无需更新。
[2026-01-02 04:16:26] 本次订阅抓取结果统计:
[2026-01-02 04:16:26] 共 42 条RSS, 成功抓取 35 条.
[2026-01-02 04:16:26] ✘ 有 7 条订阅解析失败:
[2026-01-02 04:16:26] - https://tumutanzi.com/feed
[2026-01-02 04:16:26] - https://geekinney.com/index.xml
[2026-01-02 04:16:26] - https://suus.me/atom.xml
[2026-01-02 04:16:26] - https://leixus.cn/index.php/feed/
[2026-01-02 04:16:26] - https://www.luzhaojun.com/feed
[2026-01-02 04:16:26] - https://www.moraex.com/feed
[2026-01-02 04:16:26] - https://freemind.pluskid.org/rss.xml
[2026-01-02 04:24:21] 本次订阅抓取结果统计:
[2026-01-02 04:24:21] 共 42 条RSS, 成功抓取 38 条.
[2026-01-02 04:24:21] ✘ 有 4 条订阅解析失败:
[2026-01-02 04:24:21] - https://tumutanzi.com/feed
[2026-01-02 04:24:21] - https://geekinney.com/index.xml
[2026-01-02 04:24:21] - https://suus.me/atom.xml
[2026-01-02 04:24:21] - https://www.moraex.com/feed
[2026-01-02 05:05:23] 抓取到的文章与现有数据相同，无需更新。
[2026-01-02 06:02:23] 抓取到的文章与现有数据相同，无需更新。
[2026-01-02 07:03:56] 本次订阅抓取结果统计:
[2026-01-02 07:03:56] 共 42 条RSS, 成功抓取 38 条.
[2026-01-02 07:03:56] ✘ 有 4 条订阅解析失败:
[2026-01-02 07:03:56] - https://tumutanzi.com/feed
[2026-01-02 07:03:56] - https://geekinney.com/index.xml
[2026-01-02 07:03:56] - https://suus.me/atom.xml
[2026-01-02 07:03:56] - https://www.moraex.com/feed
[2026-01-02 08:02:32] 本次订阅抓取结果统计:
[2026-01-02 08:02:32] 共 42 条RSS, 成功抓取 37 条.
[2026-01-02 08:02:32] ✘ 有 5 条订阅解析失败:
[2026-01-02 08:02:32] - https://tumutanzi.com/feed
[2026-01-02 08:02:32] - https://suus.me/atom.xml
[2026-01-02 08:02:32] - https://geekinney.com/index.xml
[2026-01-02 08:02:32] - https://www.moraex.com/feed
[2026-01-02 08:02:32] - https://skywind.me/blog/feed
[2026-01-02 09:03:34] 本次订阅抓取结果统计:
[2026-01-02 09:03:34] 共 42 条RSS, 成功抓取 38 条.
[2026-01-02 09:03:34] ✘ 有 4 条订阅解析失败:
[2026-01-02 09:03:34] - https://tumutanzi.com/feed
[2026-01-02 09:03:34] - https://geekinney.com/index.xml
[2026-01-02 09:03:34] - https://suus.me/atom.xml
[2026-01-02 09:03:34] - https://www.moraex.com/feed
[2026-01-02 10:02:37] 本次订阅抓取结果统计:
[2026-01-02 10:02:37] 共 42 条RSS, 成功抓取 37 条.
[2026-01-02 10:02:37] ✘ 有 5 条订阅解析失败:
[2026-01-02 10:02:37] - https://tumutanzi.com/feed
[2026-01-02 10:02:37] - https://suus.me/atom.xml
[2026-01-02 10:02:37] - https://geekinney.com/index.xml
[2026-01-02 10:02:37] - https://www.moraex.com/feed
[2026-01-02 10:02:37] - https://skywind.me/blog/feed
[2026-01-02 11:02:07] 本次订阅抓取结果统计:
[2026-01-02 11:02:07] 共 42 条RSS, 成功抓取 38 条.
[2026-01-02 11:02:07] ✘ 有 4 条订阅解析失败:
[2026-01-02 11:02:07] - https://tumutanzi.com/feed
[2026-01-02 11:02:07] - https://suus.me/atom.xml
[2026-01-02 11:02:07] - https://geekinney.com/index.xml
[2026-01-02 11:02:07] - https://www.moraex.com/feed
[2026-01-02 12:02:51] 本次订阅抓取结果统计:
[2026-01-02 12:02:51] 共 42 条RSS, 成功抓取 37 条.
[2026-01-02 12:02:51] ✘ 有 5 条订阅解析失败:
[2026-01-02 12:02:51] - https://tumutanzi.com/feed
[2026-01-02 12:02:51] - https://suus.me/atom.xml
[2026-01-02 12:02:51] - https://geekinney.com/index.xml
[2026-01-02 12:02:51] - https://www.moraex.com/feed
[2026-01-02 12:02:51] - https://skywind.me/blog/feed
[2026-01-02 13:11:51] 本次订阅抓取结果统计:
[2026-01-02 13:11:51] 共 42 条RSS, 成功抓取 38 条.
[2026-01-02 13:11:51] ✘ 有 4 条订阅解析失败:
[2026-01-02 13:11:51] - https://tumutanzi.com/feed
[2026-01-02 13:11:51] - https://suus.me/atom.xml
[2026-01-02 13:11:51] - https://geekinney.com/index.xml
[2026-01-02 13:11:51] - https://www.moraex.com/feed
[2026-01-02 14:02:03] 抓取到的文章与现有数据相同，无需更新。
[2026-01-02 15:02:01] 抓取到的文章与现有数据相同，无需更新。
