[2026-03-13 00:06:17] 抓取到的文章与现有数据相同，无需更新。
[2026-03-13 01:30:54] 抓取到的文章与现有数据相同，无需更新。
[2026-03-13 02:53:04] 抓取到的文章与现有数据相同，无需更新。
[2026-03-13 03:45:03] 抓取到的文章与现有数据相同，无需更新。
[2026-03-13 04:31:08] 本次订阅抓取结果统计:
[2026-03-13 04:31:08] 共 47 条RSS, 成功抓取 41 条.
[2026-03-13 04:31:08] ✘ 有 6 条订阅解析失败:
[2026-03-13 04:31:08] - https://tumutanzi.com/feed
[2026-03-13 04:31:08] - https://geekinney.com/index.xml
[2026-03-13 04:31:08] - https://suus.me/atom.xml
[2026-03-13 04:31:08] - https://shuiba.co/feed
[2026-03-13 04:31:08] - https://sizheng.org/feed
[2026-03-13 04:31:08] - https://www.moraex.com/feed
[2026-03-13 05:20:52] 抓取到的文章与现有数据相同，无需更新。
[2026-03-13 06:12:11] 本次订阅抓取结果统计:
[2026-03-13 06:12:11] 共 47 条RSS, 成功抓取 41 条.
[2026-03-13 06:12:11] ✘ 有 6 条订阅解析失败:
[2026-03-13 06:12:11] - https://geekinney.com/index.xml
[2026-03-13 06:12:11] - https://tumutanzi.com/feed
[2026-03-13 06:12:11] - https://suus.me/atom.xml
[2026-03-13 06:12:11] - https://shuiba.co/feed
[2026-03-13 06:12:11] - https://sizheng.org/feed
[2026-03-13 06:12:11] - https://www.moraex.com/feed
[2026-03-13 07:16:50] 本次订阅抓取结果统计:
[2026-03-13 07:16:50] 共 47 条RSS, 成功抓取 41 条.
[2026-03-13 07:16:50] ✘ 有 6 条订阅解析失败:
[2026-03-13 07:16:50] - https://tumutanzi.com/feed
[2026-03-13 07:16:50] - https://geekinney.com/index.xml
[2026-03-13 07:16:50] - https://suus.me/atom.xml
[2026-03-13 07:16:50] - https://shuiba.co/feed
[2026-03-13 07:16:50] - https://sizheng.org/feed
[2026-03-13 07:16:50] - https://www.moraex.com/feed
[2026-03-13 08:07:26] 抓取到的文章与现有数据相同，无需更新。
[2026-03-13 09:10:56] 抓取到的文章与现有数据相同，无需更新。
[2026-03-13 10:07:57] 抓取到的文章与现有数据相同，无需更新。
[2026-03-13 11:09:05] 抓取到的文章与现有数据相同，无需更新。
[2026-03-13 12:05:42] [WARN] 加载头像映射失败: failed to fetch avatar map: Get "https://cos.lhasa.icu/lhasaRSS/avatar.json": context deadline exceeded (Client.Timeout exceeded while awaiting headers)
[2026-03-13 12:06:46] 本次订阅抓取结果统计:
[2026-03-13 12:06:46] 共 47 条RSS, 成功抓取 36 条.
[2026-03-13 12:06:46] ✘ 有 11 条订阅解析失败:
[2026-03-13 12:06:46] - https://tumutanzi.com/feed
[2026-03-13 12:06:46] - https://geekinney.com/index.xml
[2026-03-13 12:06:46] - https://suus.me/atom.xml
[2026-03-13 12:06:46] - https://shuiba.co/feed
[2026-03-13 12:06:46] - https://sizheng.org/feed
[2026-03-13 12:06:46] - https://xyzbz.cn/feed
[2026-03-13 12:06:46] - https://zhongxiaojie.com/feed
[2026-03-13 12:06:46] - https://www.laomuzhu.cn/feed/
[2026-03-13 12:06:46] - https://www.moraex.com/feed
[2026-03-13 12:06:46] - https://bluehe.cn/rss.xml
[2026-03-13 12:06:46] - https://ilogs.cn/feed/
[2026-03-13 12:06:46] ✘ 有 1 条订阅头像字段为空, 已使用默认头像:
[2026-03-13 12:06:46] - https://mayx.eu.org/atom.xml
[2026-03-13 12:06:46] ✘ 有 5 条订阅头像无法访问, 已使用默认头像:
[2026-03-13 12:06:46] - https://laike9m.com/blog/rss/
[2026-03-13 12:06:46] - https://skywind.me/blog/feed
[2026-03-13 12:06:46] - https://www.mrhe.net/feed
[2026-03-13 12:06:46] - https://byvoid.com/zhs/feed.xml
[2026-03-13 12:06:46] - https://blog.fueis.com/feed
[2026-03-13 13:23:59] 本次订阅抓取结果统计:
[2026-03-13 13:23:59] 共 47 条RSS, 成功抓取 41 条.
[2026-03-13 13:23:59] ✘ 有 6 条订阅解析失败:
[2026-03-13 13:23:59] - https://tumutanzi.com/feed
[2026-03-13 13:23:59] - https://geekinney.com/index.xml
[2026-03-13 13:23:59] - https://suus.me/atom.xml
[2026-03-13 13:23:59] - https://shuiba.co/feed
[2026-03-13 13:23:59] - https://www.moraex.com/feed
[2026-03-13 13:23:59] - https://sizheng.org/feed
[2026-03-13 14:13:12] [WARN] 加载头像映射失败: failed to fetch avatar map, status code: 522
[2026-03-13 14:13:54] 本次订阅抓取结果统计:
[2026-03-13 14:13:54] 共 47 条RSS, 成功抓取 40 条.
[2026-03-13 14:13:54] ✘ 有 7 条订阅解析失败:
[2026-03-13 14:13:54] - https://tumutanzi.com/feed
[2026-03-13 14:13:54] - https://geekinney.com/index.xml
[2026-03-13 14:13:54] - https://suus.me/atom.xml
[2026-03-13 14:13:54] - https://shuiba.co/feed
[2026-03-13 14:13:54] - https://sizheng.org/feed
[2026-03-13 14:13:54] - https://www.moraex.com/feed
[2026-03-13 14:13:54] - https://ilogs.cn/feed/
[2026-03-13 14:13:54] ✘ 有 1 条订阅头像字段为空, 已使用默认头像:
[2026-03-13 14:13:54] - https://mayx.eu.org/atom.xml
[2026-03-13 14:13:54] ✘ 有 5 条订阅头像无法访问, 已使用默认头像:
[2026-03-13 14:13:54] - https://laike9m.com/blog/rss/
[2026-03-13 14:13:54] - https://skywind.me/blog/feed
[2026-03-13 14:13:54] - https://www.mrhe.net/feed
[2026-03-13 14:13:54] - https://byvoid.com/zhs/feed.xml
[2026-03-13 14:13:54] - https://bluehe.cn/rss.xml
[2026-03-13 15:12:53] 本次订阅抓取结果统计:
[2026-03-13 15:12:53] 共 47 条RSS, 成功抓取 41 条.
[2026-03-13 15:12:53] ✘ 有 6 条订阅解析失败:
[2026-03-13 15:12:53] - https://tumutanzi.com/feed
[2026-03-13 15:12:53] - https://geekinney.com/index.xml
[2026-03-13 15:12:53] - https://suus.me/atom.xml
[2026-03-13 15:12:53] - https://shuiba.co/feed
[2026-03-13 15:12:53] - https://sizheng.org/feed
[2026-03-13 15:12:53] - https://www.moraex.com/feed
[2026-03-13 16:08:12] 抓取到的文章与现有数据相同，无需更新。
[2026-03-13 17:11:44] 抓取到的文章与现有数据相同，无需更新。
[2026-03-13 18:07:30] 抓取到的文章与现有数据相同，无需更新。
