[2026-02-10 00:10:44] 抓取到的文章与现有数据相同，无需更新。
[2026-02-10 01:31:31] 抓取到的文章与现有数据相同，无需更新。
[2026-02-10 02:59:06] 抓取到的文章与现有数据相同，无需更新。
[2026-02-10 04:01:45] 本次订阅抓取结果统计:
[2026-02-10 04:01:45] 共 47 条RSS, 成功抓取 41 条.
[2026-02-10 04:01:45] ✘ 有 6 条订阅解析失败:
[2026-02-10 04:01:45] - https://tumutanzi.com/feed
[2026-02-10 04:01:45] - https://geekinney.com/index.xml
[2026-02-10 04:01:45] - https://suus.me/atom.xml
[2026-02-10 04:01:45] - https://shuiba.co/feed
[2026-02-10 04:01:45] - https://sizheng.org/feed
[2026-02-10 04:01:45] - https://www.moraex.com/feed
[2026-02-10 05:29:28] 抓取到的文章与现有数据相同，无需更新。
[2026-02-10 06:20:44] 抓取到的文章与现有数据相同，无需更新。
[2026-02-10 07:22:58] 本次订阅抓取结果统计:
[2026-02-10 07:22:58] 共 47 条RSS, 成功抓取 41 条.
[2026-02-10 07:22:58] ✘ 有 6 条订阅解析失败:
[2026-02-10 07:22:58] - https://tumutanzi.com/feed
[2026-02-10 07:22:58] - https://geekinney.com/index.xml
[2026-02-10 07:22:58] - https://suus.me/atom.xml
[2026-02-10 07:22:58] - https://shuiba.co/feed
[2026-02-10 07:22:58] - https://sizheng.org/feed
[2026-02-10 07:22:58] - https://www.moraex.com/feed
[2026-02-10 08:11:08] 抓取到的文章与现有数据相同，无需更新。
[2026-02-10 09:17:03] 抓取到的文章与现有数据相同，无需更新。
[2026-02-10 10:16:26] 抓取到的文章与现有数据相同，无需更新。
[2026-02-10 11:16:50] 抓取到的文章与现有数据相同，无需更新。
[2026-02-10 12:11:35] [WARN] 加载头像映射失败: failed to fetch avatar map, status code: 522
[2026-02-10 12:11:50] 本次订阅抓取结果统计:
[2026-02-10 12:11:50] 共 47 条RSS, 成功抓取 41 条.
[2026-02-10 12:11:50] ✘ 有 6 条订阅解析失败:
[2026-02-10 12:11:50] - https://tumutanzi.com/feed
[2026-02-10 12:11:50] - https://geekinney.com/index.xml
[2026-02-10 12:11:50] - https://suus.me/atom.xml
[2026-02-10 12:11:50] - https://shuiba.co/feed
[2026-02-10 12:11:50] - https://sizheng.org/feed
[2026-02-10 12:11:50] - https://www.moraex.com/feed
[2026-02-10 12:11:50] ✘ 有 1 条订阅头像字段为空, 已使用默认头像:
[2026-02-10 12:11:50] - https://mayx.eu.org/atom.xml
[2026-02-10 12:11:50] ✘ 有 4 条订阅头像无法访问, 已使用默认头像:
[2026-02-10 12:11:50] - https://laike9m.com/blog/rss/
[2026-02-10 12:11:50] - https://skywind.me/blog/feed
[2026-02-10 12:11:50] - https://www.mrhe.net/feed
[2026-02-10 12:11:50] - https://byvoid.com/zhs/feed.xml
[2026-02-10 13:29:04] 本次订阅抓取结果统计:
[2026-02-10 13:29:04] 共 47 条RSS, 成功抓取 41 条.
[2026-02-10 13:29:04] ✘ 有 6 条订阅解析失败:
[2026-02-10 13:29:04] - https://tumutanzi.com/feed
[2026-02-10 13:29:04] - https://geekinney.com/index.xml
[2026-02-10 13:29:04] - https://suus.me/atom.xml
[2026-02-10 13:29:04] - https://shuiba.co/feed
[2026-02-10 13:29:04] - https://sizheng.org/feed
[2026-02-10 13:29:04] - https://www.moraex.com/feed
[2026-02-10 14:25:31] 抓取到的文章与现有数据相同，无需更新。
[2026-02-10 15:23:11] 抓取到的文章与现有数据相同，无需更新。
[2026-02-10 16:20:12] 抓取到的文章与现有数据相同，无需更新。
[2026-02-10 17:20:44] 抓取到的文章与现有数据相同，无需更新。
[2026-02-10 18:17:11] 抓取到的文章与现有数据相同，无需更新。
[2026-02-10 19:23:48] 抓取到的文章与现有数据相同，无需更新。
