[2026-02-13 00:08:09] 抓取到的文章与现有数据相同，无需更新。
[2026-02-13 01:31:27] 抓取到的文章与现有数据相同，无需更新。
[2026-02-13 02:58:24] 抓取到的文章与现有数据相同，无需更新。
[2026-02-13 03:53:45] 抓取到的文章与现有数据相同，无需更新。
[2026-02-13 04:35:50] 抓取到的文章与现有数据相同，无需更新。
[2026-02-13 05:26:52] 抓取到的文章与现有数据相同，无需更新。
[2026-02-13 06:17:09] 抓取到的文章与现有数据相同，无需更新。
[2026-02-13 07:19:33] 本次订阅抓取结果统计:
[2026-02-13 07:19:33] 共 47 条RSS, 成功抓取 39 条.
[2026-02-13 07:19:33] ✘ 有 8 条订阅解析失败:
[2026-02-13 07:19:33] - https://tumutanzi.com/feed
[2026-02-13 07:19:33] - https://suus.me/atom.xml
[2026-02-13 07:19:33] - https://geekinney.com/index.xml
[2026-02-13 07:19:33] - https://leixus.cn/index.php/feed/
[2026-02-13 07:19:33] - https://www.luzhaojun.com/feed
[2026-02-13 07:19:33] - https://shuiba.co/feed
[2026-02-13 07:19:33] - https://www.moraex.com/feed
[2026-02-13 07:19:33] - https://sizheng.org/feed
[2026-02-13 08:09:52] 本次订阅抓取结果统计:
[2026-02-13 08:09:52] 共 47 条RSS, 成功抓取 41 条.
[2026-02-13 08:09:52] ✘ 有 6 条订阅解析失败:
[2026-02-13 08:09:52] - https://tumutanzi.com/feed
[2026-02-13 08:09:52] - https://geekinney.com/index.xml
[2026-02-13 08:09:52] - https://suus.me/atom.xml
[2026-02-13 08:09:52] - https://shuiba.co/feed
[2026-02-13 08:09:52] - https://www.moraex.com/feed
[2026-02-13 08:09:52] - https://sizheng.org/feed
