[2026-02-15 00:06:14] 抓取到的文章与现有数据相同，无需更新。
[2026-02-15 01:31:08] 抓取到的文章与现有数据相同，无需更新。
[2026-02-15 02:58:52] 抓取到的文章与现有数据相同，无需更新。
[2026-02-15 03:54:45] 抓取到的文章与现有数据相同，无需更新。
[2026-02-15 04:36:59] 本次订阅抓取结果统计:
[2026-02-15 04:36:59] 共 47 条RSS, 成功抓取 39 条.
[2026-02-15 04:36:59] ✘ 有 8 条订阅解析失败:
[2026-02-15 04:36:59] - https://tumutanzi.com/feed
[2026-02-15 04:36:59] - https://suus.me/atom.xml
[2026-02-15 04:36:59] - https://geekinney.com/index.xml
[2026-02-15 04:36:59] - https://leixus.cn/index.php/feed/
[2026-02-15 04:36:59] - https://www.luzhaojun.com/feed
[2026-02-15 04:36:59] - https://shuiba.co/feed
[2026-02-15 04:36:59] - https://www.moraex.com/feed
[2026-02-15 04:36:59] - https://sizheng.org/feed
[2026-02-15 05:25:05] 本次订阅抓取结果统计:
[2026-02-15 05:25:05] 共 47 条RSS, 成功抓取 41 条.
[2026-02-15 05:25:05] ✘ 有 6 条订阅解析失败:
[2026-02-15 05:25:05] - https://tumutanzi.com/feed
[2026-02-15 05:25:05] - https://suus.me/atom.xml
[2026-02-15 05:25:05] - https://geekinney.com/index.xml
[2026-02-15 05:25:05] - https://shuiba.co/feed
[2026-02-15 05:25:05] - https://sizheng.org/feed
[2026-02-15 05:25:05] - https://www.moraex.com/feed
[2026-02-15 06:14:01] 抓取到的文章与现有数据相同，无需更新。
[2026-02-15 07:13:50] 抓取到的文章与现有数据相同，无需更新。
[2026-02-15 08:08:21] 抓取到的文章与现有数据相同，无需更新。
[2026-02-15 09:05:45] 抓取到的文章与现有数据相同，无需更新。
[2026-02-15 10:03:34] 抓取到的文章与现有数据相同，无需更新。
[2026-02-15 11:05:02] 本次订阅抓取结果统计:
[2026-02-15 11:05:02] 共 47 条RSS, 成功抓取 40 条.
[2026-02-15 11:05:02] ✘ 有 7 条订阅解析失败:
[2026-02-15 11:05:02] - https://tumutanzi.com/feed
[2026-02-15 11:05:02] - https://suus.me/atom.xml
[2026-02-15 11:05:02] - https://geekinney.com/index.xml
[2026-02-15 11:05:02] - https://shuiba.co/feed
[2026-02-15 11:05:02] - https://sizheng.org/feed
[2026-02-15 11:05:02] - https://www.moraex.com/feed
[2026-02-15 11:05:02] - https://freemind.pluskid.org/rss.xml
[2026-02-15 12:02:30] 本次订阅抓取结果统计:
[2026-02-15 12:02:30] 共 47 条RSS, 成功抓取 41 条.
[2026-02-15 12:02:30] ✘ 有 6 条订阅解析失败:
[2026-02-15 12:02:30] - https://tumutanzi.com/feed
[2026-02-15 12:02:30] - https://geekinney.com/index.xml
[2026-02-15 12:02:30] - https://suus.me/atom.xml
[2026-02-15 12:02:30] - https://shuiba.co/feed
[2026-02-15 12:02:30] - https://sizheng.org/feed
[2026-02-15 12:02:30] - https://www.moraex.com/feed
