[2026-02-14 00:07:54] 本次订阅抓取结果统计:
[2026-02-14 00:07:54] 共 47 条RSS, 成功抓取 41 条.
[2026-02-14 00:07:54] ✘ 有 6 条订阅解析失败:
[2026-02-14 00:07:54] - https://tumutanzi.com/feed
[2026-02-14 00:07:54] - https://suus.me/atom.xml
[2026-02-14 00:07:54] - https://geekinney.com/index.xml
[2026-02-14 00:07:54] - https://shuiba.co/feed
[2026-02-14 00:07:54] - https://www.moraex.com/feed
[2026-02-14 00:07:54] - https://sizheng.org/feed
[2026-02-14 01:30:59] 抓取到的文章与现有数据相同，无需更新。
[2026-02-14 02:53:04] 抓取到的文章与现有数据相同，无需更新。
[2026-02-14 03:45:30] 本次订阅抓取结果统计:
[2026-02-14 03:45:30] 共 47 条RSS, 成功抓取 38 条.
[2026-02-14 03:45:30] ✘ 有 9 条订阅解析失败:
[2026-02-14 03:45:30] - https://tumutanzi.com/feed
[2026-02-14 03:45:30] - https://suus.me/atom.xml
[2026-02-14 03:45:30] - https://geekinney.com/index.xml
[2026-02-14 03:45:30] - https://leixus.cn/index.php/feed/
[2026-02-14 03:45:30] - https://www.luzhaojun.com/feed
[2026-02-14 03:45:30] - https://www.moraex.com/feed
[2026-02-14 03:45:30] - https://shuiba.co/feed
[2026-02-14 03:45:30] - https://sizheng.org/feed
[2026-02-14 03:45:30] - https://freemind.pluskid.org/rss.xml
[2026-02-14 04:30:39] 本次订阅抓取结果统计:
[2026-02-14 04:30:39] 共 47 条RSS, 成功抓取 41 条.
[2026-02-14 04:30:39] ✘ 有 6 条订阅解析失败:
[2026-02-14 04:30:39] - https://tumutanzi.com/feed
[2026-02-14 04:30:39] - https://suus.me/atom.xml
[2026-02-14 04:30:39] - https://geekinney.com/index.xml
[2026-02-14 04:30:39] - https://shuiba.co/feed
[2026-02-14 04:30:39] - https://sizheng.org/feed
[2026-02-14 04:30:39] - https://www.moraex.com/feed
[2026-02-14 05:18:21] 抓取到的文章与现有数据相同，无需更新。
[2026-02-14 06:09:54] 抓取到的文章与现有数据相同，无需更新。
[2026-02-14 07:12:37] 本次订阅抓取结果统计:
[2026-02-14 07:12:37] 共 47 条RSS, 成功抓取 41 条.
[2026-02-14 07:12:37] ✘ 有 6 条订阅解析失败:
[2026-02-14 07:12:37] - https://tumutanzi.com/feed
[2026-02-14 07:12:37] - https://geekinney.com/index.xml
[2026-02-14 07:12:37] - https://suus.me/atom.xml
[2026-02-14 07:12:37] - https://shuiba.co/feed
[2026-02-14 07:12:37] - https://sizheng.org/feed
[2026-02-14 07:12:37] - https://www.moraex.com/feed
[2026-02-14 08:03:06] 抓取到的文章与现有数据相同，无需更新。
[2026-02-14 09:05:32] 抓取到的文章与现有数据相同，无需更新。
[2026-02-14 10:03:15] 本次订阅抓取结果统计:
[2026-02-14 10:03:15] 共 47 条RSS, 成功抓取 39 条.
[2026-02-14 10:03:15] ✘ 有 8 条订阅解析失败:
[2026-02-14 10:03:15] - https://tumutanzi.com/feed
[2026-02-14 10:03:15] - https://suus.me/atom.xml
[2026-02-14 10:03:15] - https://geekinney.com/index.xml
[2026-02-14 10:03:15] - https://leixus.cn/index.php/feed/
[2026-02-14 10:03:15] - https://www.luzhaojun.com/feed
[2026-02-14 10:03:15] - https://shuiba.co/feed
[2026-02-14 10:03:15] - https://www.moraex.com/feed
[2026-02-14 10:03:15] - https://sizheng.org/feed
[2026-02-14 11:04:09] 本次订阅抓取结果统计:
[2026-02-14 11:04:09] 共 47 条RSS, 成功抓取 40 条.
[2026-02-14 11:04:09] ✘ 有 7 条订阅解析失败:
[2026-02-14 11:04:09] - https://tumutanzi.com/feed
[2026-02-14 11:04:09] - https://suus.me/atom.xml
[2026-02-14 11:04:09] - https://geekinney.com/index.xml
[2026-02-14 11:04:09] - https://shuiba.co/feed
[2026-02-14 11:04:09] - https://sizheng.org/feed
[2026-02-14 11:04:09] - https://www.moraex.com/feed
[2026-02-14 11:04:09] - https://note.redcha.cn/rss.xml
[2026-02-14 12:02:19] 本次订阅抓取结果统计:
[2026-02-14 12:02:19] 共 47 条RSS, 成功抓取 41 条.
[2026-02-14 12:02:19] ✘ 有 6 条订阅解析失败:
[2026-02-14 12:02:19] - https://tumutanzi.com/feed
[2026-02-14 12:02:19] - https://suus.me/atom.xml
[2026-02-14 12:02:19] - https://geekinney.com/index.xml
[2026-02-14 12:02:19] - https://shuiba.co/feed
[2026-02-14 12:02:19] - https://www.moraex.com/feed
[2026-02-14 12:02:19] - https://sizheng.org/feed
[2026-02-14 13:16:41] 抓取到的文章与现有数据相同，无需更新。
[2026-02-14 14:05:53] 抓取到的文章与现有数据相同，无需更新。
[2026-02-14 15:03:57] 抓取到的文章与现有数据相同，无需更新。
[2026-02-14 16:03:13] 抓取到的文章与现有数据相同，无需更新。
[2026-02-14 17:05:24] 本次订阅抓取结果统计:
[2026-02-14 17:05:24] 共 47 条RSS, 成功抓取 39 条.
[2026-02-14 17:05:24] ✘ 有 8 条订阅解析失败:
[2026-02-14 17:05:24] - https://tumutanzi.com/feed
[2026-02-14 17:05:24] - https://suus.me/atom.xml
[2026-02-14 17:05:24] - https://geekinney.com/index.xml
[2026-02-14 17:05:24] - https://leixus.cn/index.php/feed/
[2026-02-14 17:05:24] - https://www.luzhaojun.com/feed
[2026-02-14 17:05:24] - https://www.moraex.com/feed
[2026-02-14 17:05:24] - https://shuiba.co/feed
[2026-02-14 17:05:24] - https://sizheng.org/feed
[2026-02-14 18:02:14] 本次订阅抓取结果统计:
[2026-02-14 18:02:14] 共 47 条RSS, 成功抓取 41 条.
[2026-02-14 18:02:14] ✘ 有 6 条订阅解析失败:
[2026-02-14 18:02:14] - https://tumutanzi.com/feed
[2026-02-14 18:02:14] - https://suus.me/atom.xml
[2026-02-14 18:02:14] - https://geekinney.com/index.xml
[2026-02-14 18:02:14] - https://shuiba.co/feed
[2026-02-14 18:02:14] - https://www.moraex.com/feed
[2026-02-14 18:02:14] - https://sizheng.org/feed
