[2026-05-03 00:16:18] 抓取到的文章与现有数据相同，无需更新。
[2026-05-03 01:31:40] 本次订阅抓取结果统计:
[2026-05-03 01:31:40] 共 48 条RSS, 成功抓取 40 条.
[2026-05-03 01:31:40] ✘ 有 8 条订阅解析失败:
[2026-05-03 01:31:40] - https://tumutanzi.com/feed
[2026-05-03 01:31:40] - https://geekinney.com/index.xml
[2026-05-03 01:31:40] - https://suus.me/atom.xml
[2026-05-03 01:31:40] - https://www.mrhe.net/feed
[2026-05-03 01:31:40] - https://shuiba.co/feed
[2026-05-03 01:31:40] - https://ilogs.cn/feed/
[2026-05-03 01:31:40] - https://www.moraex.com/feed
[2026-05-03 01:31:40] - https://sizheng.org/feed
[2026-05-03 01:31:40] ✘ 有 1 条订阅头像字段为空, 已使用默认头像:
[2026-05-03 01:31:40] - https://jt26wzz.com/rss.xml
[2026-05-03 03:00:10] 本次订阅抓取结果统计:
[2026-05-03 03:00:10] 共 48 条RSS, 成功抓取 40 条.
[2026-05-03 03:00:10] ✘ 有 8 条订阅解析失败:
[2026-05-03 03:00:10] - https://tumutanzi.com/feed
[2026-05-03 03:00:10] - https://geekinney.com/index.xml
[2026-05-03 03:00:10] - https://suus.me/atom.xml
[2026-05-03 03:00:10] - https://www.mrhe.net/feed
[2026-05-03 03:00:10] - https://ilogs.cn/feed/
[2026-05-03 03:00:10] - https://shuiba.co/feed
[2026-05-03 03:00:10] - https://www.moraex.com/feed
[2026-05-03 03:00:10] - https://sizheng.org/feed
[2026-05-03 03:00:10] ✘ 有 1 条订阅头像字段为空, 已使用默认头像:
[2026-05-03 03:00:10] - https://jt26wzz.com/rss.xml
[2026-05-03 04:25:05] 抓取到的文章与现有数据相同，无需更新。
[2026-05-03 05:59:46] 抓取到的文章与现有数据相同，无需更新。
[2026-05-03 07:02:52] 抓取到的文章与现有数据相同，无需更新。
[2026-05-03 08:30:59] [WARN] 加载头像映射失败: failed to fetch avatar map: Get "https://cos.lhasa.icu/lhasaRSS/avatar.json": dial tcp 43.174.246.25:443: connect: connection refused
[2026-05-03 08:31:12] 本次订阅抓取结果统计:
[2026-05-03 08:31:12] 共 48 条RSS, 成功抓取 40 条.
[2026-05-03 08:31:12] ✘ 有 8 条订阅解析失败:
[2026-05-03 08:31:12] - https://tumutanzi.com/feed
[2026-05-03 08:31:12] - https://geekinney.com/index.xml
[2026-05-03 08:31:12] - https://suus.me/atom.xml
[2026-05-03 08:31:12] - https://www.mrhe.net/feed
[2026-05-03 08:31:12] - https://ilogs.cn/feed/
[2026-05-03 08:31:12] - https://shuiba.co/feed
[2026-05-03 08:31:12] - https://www.moraex.com/feed
[2026-05-03 08:31:12] - https://sizheng.org/feed
[2026-05-03 08:31:12] ✘ 有 1 条订阅头像字段为空, 已使用默认头像:
[2026-05-03 08:31:12] - https://mayx.eu.org/atom.xml
[2026-05-03 08:31:12] ✘ 有 6 条订阅头像无法访问, 已使用默认头像:
[2026-05-03 08:31:12] - https://laike9m.com/blog/rss/
[2026-05-03 08:31:12] - https://skywind.me/blog/feed
[2026-05-03 08:31:12] - https://xyzbz.cn/feed
[2026-05-03 08:31:12] - https://zhongxiaojie.com/feed
[2026-05-03 08:31:12] - https://byvoid.com/zhs/feed.xml
[2026-05-03 08:31:12] - https://ayayy.com/feed/
[2026-05-03 09:28:17] 本次订阅抓取结果统计:
[2026-05-03 09:28:17] 共 48 条RSS, 成功抓取 39 条.
[2026-05-03 09:28:17] ✘ 有 9 条订阅解析失败:
[2026-05-03 09:28:17] - https://tumutanzi.com/feed
[2026-05-03 09:28:17] - https://geekinney.com/index.xml
[2026-05-03 09:28:17] - https://suus.me/atom.xml
[2026-05-03 09:28:17] - https://www.mrhe.net/feed
[2026-05-03 09:28:17] - https://ilogs.cn/feed/
[2026-05-03 09:28:17] - https://shuiba.co/feed
[2026-05-03 09:28:17] - https://www.moraex.com/feed
[2026-05-03 09:28:17] - https://sizheng.org/feed
[2026-05-03 09:28:17] - https://note.redcha.cn/rss.xml
[2026-05-03 09:28:17] ✘ 有 1 条订阅头像字段为空, 已使用默认头像:
[2026-05-03 09:28:17] - https://jt26wzz.com/rss.xml
[2026-05-03 10:18:44] 抓取到的文章与现有数据相同，无需更新。
[2026-05-03 11:13:32] 抓取到的文章与现有数据相同，无需更新。
