[2026-07-22 01:21:32] 抓取到的文章与现有数据相同，无需更新。
[2026-07-22 04:55:46] 本次订阅抓取结果统计:
[2026-07-22 04:55:46] 共 54 条RSS, 成功抓取 45 条.
[2026-07-22 04:55:46] ✘ 有 9 条订阅解析失败:
[2026-07-22 04:55:46] - https://geekinney.com/index.xml
[2026-07-22 04:55:46] - https://suus.me/atom.xml
[2026-07-22 04:55:46] - https://ilogs.cn/feed/
[2026-07-22 04:55:46] - https://www.shephe.com/feed
[2026-07-22 04:55:46] - https://writings.howsoonisnow.org/blog/feed/feed.xml
[2026-07-22 04:55:46] - https://www.moraex.com/feed
[2026-07-22 04:55:46] - https://sizheng.org/feed
[2026-07-22 04:55:46] - https://4op.top/index.xml
[2026-07-22 04:55:46] - https://ayayy.com/feed/
[2026-07-22 04:55:46] ✘ 有 1 条订阅头像字段为空, 已使用默认头像:
[2026-07-22 04:55:46] - https://jt26wzz.com/rss.xml
[2026-07-22 07:28:48] 本次订阅抓取结果统计:
[2026-07-22 07:28:48] 共 54 条RSS, 成功抓取 42 条.
[2026-07-22 07:28:48] ✘ 有 12 条订阅解析失败:
[2026-07-22 07:28:48] - https://geekinney.com/index.xml
[2026-07-22 07:28:48] - https://tumutanzi.com/feed
[2026-07-22 07:28:48] - https://suus.me/atom.xml
[2026-07-22 07:28:48] - https://leixus.cn/index.php/feed/
[2026-07-22 07:28:48] - https://ilogs.cn/feed/
[2026-07-22 07:28:48] - https://www.shephe.com/feed
[2026-07-22 07:28:48] - https://writings.howsoonisnow.org/blog/feed/feed.xml
[2026-07-22 07:28:48] - https://sizheng.org/feed
[2026-07-22 07:28:48] - https://www.moraex.com/feed
[2026-07-22 07:28:48] - https://4op.top/index.xml
[2026-07-22 07:28:48] - https://ayayy.com/feed/
[2026-07-22 07:28:48] - https://feng.pub/feed
[2026-07-22 07:28:48] ✘ 有 1 条订阅头像字段为空, 已使用默认头像:
[2026-07-22 07:28:48] - https://jt26wzz.com/rss.xml
