[2026-01-03 00:04:46] 抓取到的文章与现有数据相同，无需更新。
[2026-01-03 01:29:48] 本次订阅抓取结果统计:
[2026-01-03 01:29:48] 共 42 条RSS, 成功抓取 38 条.
[2026-01-03 01:29:48] ✘ 有 4 条订阅解析失败:
[2026-01-03 01:29:48] - https://tumutanzi.com/feed
[2026-01-03 01:29:48] - https://geekinney.com/index.xml
[2026-01-03 01:29:48] - https://suus.me/atom.xml
[2026-01-03 01:29:48] - https://www.moraex.com/feed
[2026-01-03 02:31:49] 本次订阅抓取结果统计:
[2026-01-03 02:31:49] 共 42 条RSS, 成功抓取 38 条.
[2026-01-03 02:31:49] ✘ 有 4 条订阅解析失败:
[2026-01-03 02:31:49] - https://tumutanzi.com/feed
[2026-01-03 02:31:49] - https://geekinney.com/index.xml
[2026-01-03 02:31:49] - https://suus.me/atom.xml
[2026-01-03 02:31:49] - https://www.moraex.com/feed
[2026-01-03 03:28:07] 抓取到的文章与现有数据相同，无需更新。
[2026-01-03 04:09:40] 抓取到的文章与现有数据相同，无需更新。
[2026-01-03 05:02:56] 本次订阅抓取结果统计:
[2026-01-03 05:02:56] 共 42 条RSS, 成功抓取 38 条.
[2026-01-03 05:02:56] ✘ 有 4 条订阅解析失败:
[2026-01-03 05:02:56] - https://tumutanzi.com/feed
[2026-01-03 05:02:56] - https://suus.me/atom.xml
[2026-01-03 05:02:56] - https://geekinney.com/index.xml
[2026-01-03 05:02:56] - https://www.moraex.com/feed
[2026-01-03 06:01:56] 本次订阅抓取结果统计:
[2026-01-03 06:01:56] 共 42 条RSS, 成功抓取 38 条.
[2026-01-03 06:01:56] ✘ 有 4 条订阅解析失败:
[2026-01-03 06:01:56] - https://tumutanzi.com/feed
[2026-01-03 06:01:56] - https://suus.me/atom.xml
[2026-01-03 06:01:56] - https://geekinney.com/index.xml
[2026-01-03 06:01:56] - https://www.moraex.com/feed
[2026-01-03 07:02:14] 本次订阅抓取结果统计:
[2026-01-03 07:02:14] 共 42 条RSS, 成功抓取 38 条.
[2026-01-03 07:02:14] ✘ 有 4 条订阅解析失败:
[2026-01-03 07:02:14] - https://tumutanzi.com/feed
[2026-01-03 07:02:14] - https://geekinney.com/index.xml
[2026-01-03 07:02:14] - https://suus.me/atom.xml
[2026-01-03 07:02:14] - https://www.moraex.com/feed
[2026-01-03 08:01:49] 抓取到的文章与现有数据相同，无需更新。
[2026-01-03 09:01:52] 本次订阅抓取结果统计:
[2026-01-03 09:01:52] 共 42 条RSS, 成功抓取 38 条.
[2026-01-03 09:01:52] ✘ 有 4 条订阅解析失败:
[2026-01-03 09:01:52] - https://tumutanzi.com/feed
[2026-01-03 09:01:52] - https://suus.me/atom.xml
[2026-01-03 09:01:52] - https://geekinney.com/index.xml
[2026-01-03 09:01:52] - https://www.moraex.com/feed
[2026-01-03 10:01:58] 抓取到的文章与现有数据相同，无需更新。
[2026-01-03 11:01:48] 抓取到的文章与现有数据相同，无需更新。
[2026-01-03 12:02:49] 抓取到的文章与现有数据相同，无需更新。
[2026-01-03 13:10:11] 抓取到的文章与现有数据相同，无需更新。
[2026-01-03 14:02:29] 本次订阅抓取结果统计:
[2026-01-03 14:02:29] 共 42 条RSS, 成功抓取 37 条.
[2026-01-03 14:02:29] ✘ 有 5 条订阅解析失败:
[2026-01-03 14:02:29] - https://tumutanzi.com/feed
[2026-01-03 14:02:29] - https://suus.me/atom.xml
[2026-01-03 14:02:29] - https://geekinney.com/index.xml
[2026-01-03 14:02:29] - https://www.moraex.com/feed
[2026-01-03 14:02:29] - https://skywind.me/blog/feed
[2026-01-03 15:02:24] 本次订阅抓取结果统计:
[2026-01-03 15:02:24] 共 42 条RSS, 成功抓取 35 条.
[2026-01-03 15:02:24] ✘ 有 7 条订阅解析失败:
[2026-01-03 15:02:24] - https://tumutanzi.com/feed
[2026-01-03 15:02:24] - https://suus.me/atom.xml
[2026-01-03 15:02:24] - https://geekinney.com/index.xml
[2026-01-03 15:02:24] - https://leixus.cn/index.php/feed/
[2026-01-03 15:02:24] - https://www.luzhaojun.com/feed
[2026-01-03 15:02:24] - https://www.moraex.com/feed
[2026-01-03 15:02:24] - https://www.shephe.com/feed
[2026-01-03 16:01:44] 本次订阅抓取结果统计:
[2026-01-03 16:01:44] 共 42 条RSS, 成功抓取 38 条.
[2026-01-03 16:01:44] ✘ 有 4 条订阅解析失败:
[2026-01-03 16:01:44] - https://tumutanzi.com/feed
[2026-01-03 16:01:44] - https://geekinney.com/index.xml
[2026-01-03 16:01:44] - https://suus.me/atom.xml
[2026-01-03 16:01:44] - https://www.moraex.com/feed
[2026-01-03 17:01:48] 抓取到的文章与现有数据相同，无需更新。
[2026-01-03 18:02:06] 抓取到的文章与现有数据相同，无需更新。
