[2026-03-28 00:07:57] 抓取到的文章与现有数据相同，无需更新。
[2026-03-28 01:31:06] 本次订阅抓取结果统计:
[2026-03-28 01:31:06] 共 46 条RSS, 成功抓取 40 条.
[2026-03-28 01:31:06] ✘ 有 6 条订阅解析失败:
[2026-03-28 01:31:06] - https://tumutanzi.com/feed
[2026-03-28 01:31:06] - https://geekinney.com/index.xml
[2026-03-28 01:31:06] - https://suus.me/atom.xml
[2026-03-28 01:31:06] - https://www.moraex.com/feed
[2026-03-28 01:31:06] - https://shuiba.co/feed
[2026-03-28 01:31:06] - https://sizheng.org/feed
[2026-03-28 02:56:59] 本次订阅抓取结果统计:
[2026-03-28 02:56:59] 共 46 条RSS, 成功抓取 40 条.
[2026-03-28 02:56:59] ✘ 有 6 条订阅解析失败:
[2026-03-28 02:56:59] - https://tumutanzi.com/feed
[2026-03-28 02:56:59] - https://geekinney.com/index.xml
[2026-03-28 02:56:59] - https://suus.me/atom.xml
[2026-03-28 02:56:59] - https://shuiba.co/feed
[2026-03-28 02:56:59] - https://sizheng.org/feed
[2026-03-28 02:56:59] - https://www.moraex.com/feed
[2026-03-28 03:48:40] 抓取到的文章与现有数据相同，无需更新。
[2026-03-28 04:35:27] 抓取到的文章与现有数据相同，无需更新。
[2026-03-28 05:26:44] 本次订阅抓取结果统计:
[2026-03-28 05:26:44] 共 46 条RSS, 成功抓取 39 条.
[2026-03-28 05:26:44] ✘ 有 7 条订阅解析失败:
[2026-03-28 05:26:44] - https://tumutanzi.com/feed
[2026-03-28 05:26:44] - https://geekinney.com/index.xml
[2026-03-28 05:26:44] - https://suus.me/atom.xml
[2026-03-28 05:26:44] - https://shuiba.co/feed
[2026-03-28 05:26:44] - https://www.moraex.com/feed
[2026-03-28 05:26:44] - https://sizheng.org/feed
[2026-03-28 05:26:44] - https://freemind.pluskid.org/rss.xml
[2026-03-28 06:16:45] 本次订阅抓取结果统计:
[2026-03-28 06:16:45] 共 46 条RSS, 成功抓取 40 条.
[2026-03-28 06:16:45] ✘ 有 6 条订阅解析失败:
[2026-03-28 06:16:45] - https://tumutanzi.com/feed
[2026-03-28 06:16:45] - https://geekinney.com/index.xml
[2026-03-28 06:16:45] - https://suus.me/atom.xml
[2026-03-28 06:16:45] - https://shuiba.co/feed
[2026-03-28 06:16:45] - https://sizheng.org/feed
[2026-03-28 06:16:45] - https://www.moraex.com/feed
[2026-03-28 07:18:04] 抓取到的文章与现有数据相同，无需更新。
[2026-03-28 08:07:40] 抓取到的文章与现有数据相同，无需更新。
[2026-03-28 09:09:20] 本次订阅抓取结果统计:
[2026-03-28 09:09:20] 共 46 条RSS, 成功抓取 40 条.
[2026-03-28 09:09:20] ✘ 有 6 条订阅解析失败:
[2026-03-28 09:09:20] - https://tumutanzi.com/feed
[2026-03-28 09:09:20] - https://geekinney.com/index.xml
[2026-03-28 09:09:20] - https://suus.me/atom.xml
[2026-03-28 09:09:20] - https://shuiba.co/feed
[2026-03-28 09:09:20] - https://www.moraex.com/feed
[2026-03-28 09:09:20] - https://sizheng.org/feed
[2026-03-28 10:06:41] 抓取到的文章与现有数据相同，无需更新。
[2026-03-28 11:05:33] 本次订阅抓取结果统计:
[2026-03-28 11:05:33] 共 46 条RSS, 成功抓取 39 条.
[2026-03-28 11:05:33] ✘ 有 7 条订阅解析失败:
[2026-03-28 11:05:33] - https://tumutanzi.com/feed
[2026-03-28 11:05:33] - https://geekinney.com/index.xml
[2026-03-28 11:05:33] - https://suus.me/atom.xml
[2026-03-28 11:05:33] - https://ihaihe.cn/feed
[2026-03-28 11:05:33] - https://shuiba.co/feed
[2026-03-28 11:05:33] - https://sizheng.org/feed
[2026-03-28 11:05:33] - https://www.moraex.com/feed
[2026-03-28 12:04:31] 本次订阅抓取结果统计:
[2026-03-28 12:04:31] 共 46 条RSS, 成功抓取 40 条.
[2026-03-28 12:04:31] ✘ 有 6 条订阅解析失败:
[2026-03-28 12:04:31] - https://tumutanzi.com/feed
[2026-03-28 12:04:31] - https://geekinney.com/index.xml
[2026-03-28 12:04:31] - https://suus.me/atom.xml
[2026-03-28 12:04:31] - https://shuiba.co/feed
[2026-03-28 12:04:31] - https://www.moraex.com/feed
[2026-03-28 12:04:31] - https://sizheng.org/feed
[2026-03-28 13:20:43] 本次订阅抓取结果统计:
[2026-03-28 13:20:43] 共 46 条RSS, 成功抓取 40 条.
[2026-03-28 13:20:43] ✘ 有 6 条订阅解析失败:
[2026-03-28 13:20:43] - https://tumutanzi.com/feed
[2026-03-28 13:20:43] - https://geekinney.com/index.xml
[2026-03-28 13:20:43] - https://suus.me/atom.xml
[2026-03-28 13:20:43] - https://shuiba.co/feed
[2026-03-28 13:20:43] - https://sizheng.org/feed
[2026-03-28 13:20:43] - https://www.moraex.com/feed
[2026-03-28 14:08:25] 抓取到的文章与现有数据相同，无需更新。
[2026-03-28 15:06:01] 本次订阅抓取结果统计:
[2026-03-28 15:06:01] 共 46 条RSS, 成功抓取 40 条.
[2026-03-28 15:06:01] ✘ 有 6 条订阅解析失败:
[2026-03-28 15:06:01] - https://tumutanzi.com/feed
[2026-03-28 15:06:01] - https://geekinney.com/index.xml
[2026-03-28 15:06:01] - https://suus.me/atom.xml
[2026-03-28 15:06:01] - https://shuiba.co/feed
[2026-03-28 15:06:01] - https://www.moraex.com/feed
[2026-03-28 15:06:01] - https://sizheng.org/feed
[2026-03-28 16:04:58] 本次订阅抓取结果统计:
[2026-03-28 16:04:58] 共 46 条RSS, 成功抓取 39 条.
[2026-03-28 16:04:58] ✘ 有 7 条订阅解析失败:
[2026-03-28 16:04:58] - https://tumutanzi.com/feed
[2026-03-28 16:04:58] - https://geekinney.com/index.xml
[2026-03-28 16:04:58] - https://suus.me/atom.xml
[2026-03-28 16:04:58] - https://ihaihe.cn/feed
[2026-03-28 16:04:58] - https://shuiba.co/feed
[2026-03-28 16:04:58] - https://www.moraex.com/feed
[2026-03-28 16:04:58] - https://sizheng.org/feed
[2026-03-28 17:06:41] 本次订阅抓取结果统计:
[2026-03-28 17:06:41] 共 46 条RSS, 成功抓取 39 条.
[2026-03-28 17:06:41] ✘ 有 7 条订阅解析失败:
[2026-03-28 17:06:41] - https://tumutanzi.com/feed
[2026-03-28 17:06:41] - https://geekinney.com/index.xml
[2026-03-28 17:06:41] - https://suus.me/atom.xml
[2026-03-28 17:06:41] - https://shuiba.co/feed
[2026-03-28 17:06:41] - https://sizheng.org/feed
[2026-03-28 17:06:41] - https://www.moraex.com/feed
[2026-03-28 17:06:41] - https://note.redcha.cn/rss.xml
[2026-03-28 18:04:21] 本次订阅抓取结果统计:
[2026-03-28 18:04:21] 共 46 条RSS, 成功抓取 40 条.
[2026-03-28 18:04:21] ✘ 有 6 条订阅解析失败:
[2026-03-28 18:04:21] - https://tumutanzi.com/feed
[2026-03-28 18:04:21] - https://geekinney.com/index.xml
[2026-03-28 18:04:21] - https://suus.me/atom.xml
[2026-03-28 18:04:21] - https://shuiba.co/feed
[2026-03-28 18:04:21] - https://www.moraex.com/feed
[2026-03-28 18:04:21] - https://sizheng.org/feed
[2026-03-28 19:09:35] 本次订阅抓取结果统计:
[2026-03-28 19:09:35] 共 46 条RSS, 成功抓取 39 条.
[2026-03-28 19:09:35] ✘ 有 7 条订阅解析失败:
[2026-03-28 19:09:35] - https://tumutanzi.com/feed
[2026-03-28 19:09:35] - https://geekinney.com/index.xml
[2026-03-28 19:09:35] - https://suus.me/atom.xml
[2026-03-28 19:09:35] - https://leixus.cn/index.php/feed/
[2026-03-28 19:09:35] - https://shuiba.co/feed
[2026-03-28 19:09:35] - https://www.moraex.com/feed
[2026-03-28 19:09:35] - https://sizheng.org/feed
[2026-03-28 20:04:01] [WARN] 加载头像映射失败: failed to fetch avatar map: Get "https://cos.lhasa.icu/lhasaRSS/avatar.json": context deadline exceeded (Client.Timeout exceeded while awaiting headers)
[2026-03-28 20:04:12] 本次订阅抓取结果统计:
[2026-03-28 20:04:12] 共 46 条RSS, 成功抓取 40 条.
[2026-03-28 20:04:12] ✘ 有 6 条订阅解析失败:
[2026-03-28 20:04:12] - https://tumutanzi.com/feed
[2026-03-28 20:04:12] - https://geekinney.com/index.xml
[2026-03-28 20:04:12] - https://suus.me/atom.xml
[2026-03-28 20:04:12] - https://shuiba.co/feed
[2026-03-28 20:04:12] - https://sizheng.org/feed
[2026-03-28 20:04:12] - https://www.moraex.com/feed
[2026-03-28 20:04:12] ✘ 有 1 条订阅头像字段为空, 已使用默认头像:
[2026-03-28 20:04:12] - https://mayx.eu.org/atom.xml
[2026-03-28 20:04:12] ✘ 有 4 条订阅头像无法访问, 已使用默认头像:
[2026-03-28 20:04:12] - https://laike9m.com/blog/rss/
[2026-03-28 20:04:12] - https://skywind.me/blog/feed
[2026-03-28 20:04:12] - https://www.mrhe.net/feed
[2026-03-28 20:04:12] - https://byvoid.com/zhs/feed.xml
[2026-03-28 21:05:49] 本次订阅抓取结果统计:
[2026-03-28 21:05:49] 共 46 条RSS, 成功抓取 40 条.
[2026-03-28 21:05:49] ✘ 有 6 条订阅解析失败:
[2026-03-28 21:05:49] - https://tumutanzi.com/feed
[2026-03-28 21:05:49] - https://geekinney.com/index.xml
[2026-03-28 21:05:49] - https://suus.me/atom.xml
[2026-03-28 21:05:49] - https://shuiba.co/feed
[2026-03-28 21:05:49] - https://www.moraex.com/feed
[2026-03-28 21:05:49] - https://sizheng.org/feed
[2026-03-28 22:03:49] 抓取到的文章与现有数据相同，无需更新。
