[2026-04-26 00:13:24] 抓取到的文章与现有数据相同，无需更新。
[2026-04-26 01:31:45] 抓取到的文章与现有数据相同，无需更新。
[2026-04-26 02:59:34] 抓取到的文章与现有数据相同，无需更新。
[2026-04-26 04:16:33] 本次订阅抓取结果统计:
[2026-04-26 04:16:33] 共 47 条RSS, 成功抓取 37 条.
[2026-04-26 04:16:33] ✘ 有 10 条订阅解析失败:
[2026-04-26 04:16:33] - https://tumutanzi.com/feed
[2026-04-26 04:16:33] - https://geekinney.com/index.xml
[2026-04-26 04:16:33] - https://suus.me/atom.xml
[2026-04-26 04:16:33] - https://www.mrhe.net/feed
[2026-04-26 04:16:33] - https://leixus.cn/index.php/feed/
[2026-04-26 04:16:33] - https://www.shephe.com/feed
[2026-04-26 04:16:33] - https://ilogs.cn/feed/
[2026-04-26 04:16:33] - https://shuiba.co/feed
[2026-04-26 04:16:33] - https://www.moraex.com/feed
[2026-04-26 04:16:33] - https://sizheng.org/feed
[2026-04-26 05:49:41] 本次订阅抓取结果统计:
[2026-04-26 05:49:41] 共 47 条RSS, 成功抓取 38 条.
[2026-04-26 05:49:41] ✘ 有 9 条订阅解析失败:
[2026-04-26 05:49:41] - https://tumutanzi.com/feed
[2026-04-26 05:49:41] - https://geekinney.com/index.xml
[2026-04-26 05:49:41] - https://suus.me/atom.xml
[2026-04-26 05:49:41] - https://www.mrhe.net/feed
[2026-04-26 05:49:41] - https://www.shephe.com/feed
[2026-04-26 05:49:41] - https://ilogs.cn/feed/
[2026-04-26 05:49:41] - https://shuiba.co/feed
[2026-04-26 05:49:41] - https://www.moraex.com/feed
[2026-04-26 05:49:41] - https://sizheng.org/feed
