[2026-07-07 02:03:56] 抓取到的文章与现有数据相同，无需更新。
[2026-07-07 06:34:25] 本次订阅抓取结果统计:
[2026-07-07 06:34:25] 共 54 条RSS, 成功抓取 45 条.
[2026-07-07 06:34:25] ✘ 有 9 条订阅解析失败:
[2026-07-07 06:34:25] - https://geekinney.com/index.xml
[2026-07-07 06:34:25] - https://suus.me/atom.xml
[2026-07-07 06:34:25] - https://www.shephe.com/feed
[2026-07-07 06:34:25] - https://ilogs.cn/feed/
[2026-07-07 06:34:25] - https://writings.howsoonisnow.org/blog/feed/feed.xml
[2026-07-07 06:34:25] - https://www.moraex.com/feed
[2026-07-07 06:34:25] - https://sizheng.org/feed
[2026-07-07 06:34:25] - https://4op.top/index.xml
[2026-07-07 06:34:25] - https://ayayy.com/feed/
[2026-07-07 06:34:25] ✘ 有 1 条订阅头像字段为空, 已使用默认头像:
[2026-07-07 06:34:25] - https://jt26wzz.com/rss.xml
[2026-07-07 10:17:05] 本次订阅抓取结果统计:
[2026-07-07 10:17:05] 共 54 条RSS, 成功抓取 40 条.
[2026-07-07 10:17:05] ✘ 有 14 条订阅解析失败:
[2026-07-07 10:17:05] - https://geekinney.com/index.xml
[2026-07-07 10:17:05] - https://tumutanzi.com/feed
[2026-07-07 10:17:05] - https://suus.me/atom.xml
[2026-07-07 10:17:05] - https://leixus.cn/index.php/feed/
[2026-07-07 10:17:05] - https://ilogs.cn/feed/
[2026-07-07 10:17:05] - https://www.moraex.com/feed
[2026-07-07 10:17:05] - https://writings.howsoonisnow.org/blog/feed/feed.xml
[2026-07-07 10:17:05] - https://note.redcha.cn/rss.xml
[2026-07-07 10:17:05] - https://sizheng.org/feed
[2026-07-07 10:17:05] - https://www.shephe.com/feed
[2026-07-07 10:17:05] - https://4op.top/index.xml
[2026-07-07 10:17:05] - https://ayayy.com/feed/
[2026-07-07 10:17:05] - https://zhongxiaojie.com/feed
[2026-07-07 10:17:05] - http://www.cyys.net/wp/feed
[2026-07-07 10:17:05] ✘ 有 1 条订阅头像字段为空, 已使用默认头像:
[2026-07-07 10:17:05] - https://jt26wzz.com/rss.xml
[2026-07-07 13:09:42] 本次订阅抓取结果统计:
[2026-07-07 13:09:42] 共 54 条RSS, 成功抓取 45 条.
[2026-07-07 13:09:42] ✘ 有 9 条订阅解析失败:
[2026-07-07 13:09:42] - https://geekinney.com/index.xml
[2026-07-07 13:09:42] - https://suus.me/atom.xml
[2026-07-07 13:09:42] - https://www.shephe.com/feed
[2026-07-07 13:09:42] - https://ilogs.cn/feed/
[2026-07-07 13:09:42] - https://www.moraex.com/feed
[2026-07-07 13:09:42] - https://writings.howsoonisnow.org/blog/feed/feed.xml
[2026-07-07 13:09:42] - https://sizheng.org/feed
[2026-07-07 13:09:42] - https://4op.top/index.xml
[2026-07-07 13:09:42] - https://ayayy.com/feed/
[2026-07-07 13:09:42] ✘ 有 1 条订阅头像字段为空, 已使用默认头像:
[2026-07-07 13:09:42] - https://jt26wzz.com/rss.xml
[2026-07-07 16:15:19] 抓取到的文章与现有数据相同，无需更新。
[2026-07-07 18:53:05] 本次订阅抓取结果统计:
[2026-07-07 18:53:05] 共 54 条RSS, 成功抓取 45 条.
[2026-07-07 18:53:05] ✘ 有 9 条订阅解析失败:
[2026-07-07 18:53:05] - https://geekinney.com/index.xml
[2026-07-07 18:53:05] - https://suus.me/atom.xml
[2026-07-07 18:53:05] - https://www.shephe.com/feed
[2026-07-07 18:53:05] - https://ilogs.cn/feed/
[2026-07-07 18:53:05] - https://writings.howsoonisnow.org/blog/feed/feed.xml
[2026-07-07 18:53:05] - https://www.moraex.com/feed
[2026-07-07 18:53:05] - https://sizheng.org/feed
[2026-07-07 18:53:05] - https://4op.top/index.xml
[2026-07-07 18:53:05] - https://ayayy.com/feed/
[2026-07-07 18:53:05] ✘ 有 1 条订阅头像字段为空, 已使用默认头像:
[2026-07-07 18:53:05] - https://jt26wzz.com/rss.xml
[2026-07-07 20:43:16] [WARN] 加载头像映射失败: failed to fetch avatar map, status code: 525
