[2026-05-31 00:23:48] 本次订阅抓取结果统计:
[2026-05-31 00:23:48] 共 51 条RSS, 成功抓取 40 条.
[2026-05-31 00:23:48] ✘ 有 11 条订阅解析失败:
[2026-05-31 00:23:48] - https://tumutanzi.com/feed
[2026-05-31 00:23:48] - https://geekinney.com/index.xml
[2026-05-31 00:23:48] - https://suus.me/atom.xml
[2026-05-31 00:23:48] - https://www.shephe.com/feed
[2026-05-31 00:23:48] - https://ilogs.cn/feed/
[2026-05-31 00:23:48] - https://innei.in/feed
[2026-05-31 00:23:48] - https://shuiba.co/feed
[2026-05-31 00:23:48] - https://writings.howsoonisnow.org/blog/feed/feed.xml
[2026-05-31 00:23:48] - https://www.moraex.com/feed
[2026-05-31 00:23:48] - https://sizheng.org/feed
[2026-05-31 00:23:48] - https://4op.top/index.xml
[2026-05-31 00:23:48] ✘ 有 1 条订阅头像字段为空, 已使用默认头像:
[2026-05-31 00:23:48] - https://jt26wzz.com/rss.xml
[2026-05-31 01:39:55] 本次订阅抓取结果统计:
[2026-05-31 01:39:55] 共 51 条RSS, 成功抓取 39 条.
[2026-05-31 01:39:55] ✘ 有 12 条订阅解析失败:
[2026-05-31 01:39:55] - https://tumutanzi.com/feed
[2026-05-31 01:39:55] - https://geekinney.com/index.xml
[2026-05-31 01:39:55] - https://suus.me/atom.xml
[2026-05-31 01:39:55] - https://www.shephe.com/feed
[2026-05-31 01:39:55] - https://innei.in/feed
[2026-05-31 01:39:55] - https://ilogs.cn/feed/
[2026-05-31 01:39:55] - https://shuiba.co/feed
[2026-05-31 01:39:55] - https://www.moraex.com/feed
[2026-05-31 01:39:55] - https://writings.howsoonisnow.org/blog/feed/feed.xml
[2026-05-31 01:39:55] - https://sizheng.org/feed
[2026-05-31 01:39:55] - https://4op.top/index.xml
[2026-05-31 01:39:55] - https://leixus.cn/index.php/feed/
[2026-05-31 01:39:55] ✘ 有 1 条订阅头像字段为空, 已使用默认头像:
[2026-05-31 01:39:55] - https://jt26wzz.com/rss.xml
[2026-05-31 03:02:03] 本次订阅抓取结果统计:
[2026-05-31 03:02:03] 共 51 条RSS, 成功抓取 40 条.
[2026-05-31 03:02:03] ✘ 有 11 条订阅解析失败:
[2026-05-31 03:02:03] - https://tumutanzi.com/feed
[2026-05-31 03:02:03] - https://suus.me/atom.xml
[2026-05-31 03:02:03] - https://geekinney.com/index.xml
[2026-05-31 03:02:03] - https://www.shephe.com/feed
[2026-05-31 03:02:03] - https://ilogs.cn/feed/
[2026-05-31 03:02:03] - https://www.moraex.com/feed
[2026-05-31 03:02:03] - https://innei.in/feed
[2026-05-31 03:02:03] - https://shuiba.co/feed
[2026-05-31 03:02:03] - https://writings.howsoonisnow.org/blog/feed/feed.xml
[2026-05-31 03:02:03] - https://sizheng.org/feed
[2026-05-31 03:02:03] - https://4op.top/index.xml
[2026-05-31 03:02:03] ✘ 有 1 条订阅头像字段为空, 已使用默认头像:
[2026-05-31 03:02:03] - https://jt26wzz.com/rss.xml
[2026-05-31 05:27:22] 抓取到的文章与现有数据相同，无需更新。
[2026-05-31 07:12:09] [WARN] 加载头像映射失败: failed to fetch avatar map: Get "https://cos.lhasa.icu/lhasaRSS/avatar.json": dial tcp 43.174.247.25:443: connect: connection refused
