[2026-05-30 00:23:53] 本次订阅抓取结果统计:
[2026-05-30 00:23:53] 共 51 条RSS, 成功抓取 40 条.
[2026-05-30 00:23:53] ✘ 有 11 条订阅解析失败:
[2026-05-30 00:23:53] - https://tumutanzi.com/feed
[2026-05-30 00:23:53] - https://geekinney.com/index.xml
[2026-05-30 00:23:53] - https://suus.me/atom.xml
[2026-05-30 00:23:53] - https://www.shephe.com/feed
[2026-05-30 00:23:53] - https://innei.in/feed
[2026-05-30 00:23:53] - https://shuiba.co/feed
[2026-05-30 00:23:53] - https://ilogs.cn/feed/
[2026-05-30 00:23:53] - https://writings.howsoonisnow.org/blog/feed/feed.xml
[2026-05-30 00:23:53] - https://www.moraex.com/feed
[2026-05-30 00:23:53] - https://sizheng.org/feed
[2026-05-30 00:23:53] - https://4op.top/index.xml
[2026-05-30 00:23:53] ✘ 有 1 条订阅头像字段为空, 已使用默认头像:
[2026-05-30 00:23:53] - https://jt26wzz.com/rss.xml
[2026-05-30 01:34:29] 本次订阅抓取结果统计:
[2026-05-30 01:34:29] 共 51 条RSS, 成功抓取 39 条.
[2026-05-30 01:34:29] ✘ 有 12 条订阅解析失败:
[2026-05-30 01:34:29] - https://tumutanzi.com/feed
[2026-05-30 01:34:29] - https://geekinney.com/index.xml
[2026-05-30 01:34:29] - https://suus.me/atom.xml
[2026-05-30 01:34:29] - https://ilogs.cn/feed/
[2026-05-30 01:34:29] - https://www.shephe.com/feed
[2026-05-30 01:34:29] - https://innei.in/feed
[2026-05-30 01:34:29] - https://shuiba.co/feed
[2026-05-30 01:34:29] - https://www.moraex.com/feed
[2026-05-30 01:34:29] - https://writings.howsoonisnow.org/blog/feed/feed.xml
[2026-05-30 01:34:29] - https://sizheng.org/feed
[2026-05-30 01:34:29] - https://4op.top/index.xml
[2026-05-30 01:34:29] - https://blog.fooleap.org/atom.xml
[2026-05-30 01:34:29] ✘ 有 1 条订阅头像字段为空, 已使用默认头像:
[2026-05-30 01:34:29] - https://jt26wzz.com/rss.xml
[2026-05-30 03:00:13] 本次订阅抓取结果统计:
[2026-05-30 03:00:13] 共 51 条RSS, 成功抓取 40 条.
[2026-05-30 03:00:13] ✘ 有 11 条订阅解析失败:
[2026-05-30 03:00:13] - https://tumutanzi.com/feed
[2026-05-30 03:00:13] - https://geekinney.com/index.xml
[2026-05-30 03:00:13] - https://suus.me/atom.xml
[2026-05-30 03:00:13] - https://innei.in/feed
[2026-05-30 03:00:13] - https://ilogs.cn/feed/
[2026-05-30 03:00:13] - https://www.shephe.com/feed
[2026-05-30 03:00:13] - https://shuiba.co/feed
[2026-05-30 03:00:13] - https://writings.howsoonisnow.org/blog/feed/feed.xml
[2026-05-30 03:00:13] - https://www.moraex.com/feed
[2026-05-30 03:00:13] - https://sizheng.org/feed
[2026-05-30 03:00:13] - https://4op.top/index.xml
[2026-05-30 03:00:13] ✘ 有 1 条订阅头像字段为空, 已使用默认头像:
[2026-05-30 03:00:13] - https://jt26wzz.com/rss.xml
