[2026-06-10 00:28:38] 本次订阅抓取结果统计:
[2026-06-10 00:28:38] 共 52 条RSS, 成功抓取 40 条.
[2026-06-10 00:28:38] ✘ 有 12 条订阅解析失败:
[2026-06-10 00:28:38] - https://tumutanzi.com/feed
[2026-06-10 00:28:38] - https://geekinney.com/index.xml
[2026-06-10 00:28:38] - https://suus.me/atom.xml
[2026-06-10 00:28:38] - https://www.shephe.com/feed
[2026-06-10 00:28:38] - https://ilogs.cn/feed/
[2026-06-10 00:28:38] - https://shuiba.co/feed
[2026-06-10 00:28:38] - https://writings.howsoonisnow.org/blog/feed/feed.xml
[2026-06-10 00:28:38] - https://www.moraex.com/feed
[2026-06-10 00:28:38] - https://sizheng.org/feed
[2026-06-10 00:28:38] - https://4op.top/index.xml
[2026-06-10 00:28:38] - https://ayayy.com/feed/
[2026-06-10 00:28:38] - https://blog.gankudadiz.com/feed
[2026-06-10 00:28:38] ✘ 有 1 条订阅头像字段为空, 已使用默认头像:
[2026-06-10 00:28:38] - https://jt26wzz.com/rss.xml
[2026-06-10 01:40:19] 抓取到的文章与现有数据相同，无需更新。
[2026-06-10 03:01:36] 本次订阅抓取结果统计:
[2026-06-10 03:01:36] 共 52 条RSS, 成功抓取 40 条.
[2026-06-10 03:01:36] ✘ 有 12 条订阅解析失败:
[2026-06-10 03:01:36] - https://tumutanzi.com/feed
[2026-06-10 03:01:36] - https://geekinney.com/index.xml
[2026-06-10 03:01:36] - https://suus.me/atom.xml
[2026-06-10 03:01:36] - https://www.shephe.com/feed
[2026-06-10 03:01:36] - https://ilogs.cn/feed/
[2026-06-10 03:01:36] - https://shuiba.co/feed
[2026-06-10 03:01:36] - https://writings.howsoonisnow.org/blog/feed/feed.xml
[2026-06-10 03:01:36] - https://www.moraex.com/feed
[2026-06-10 03:01:36] - https://sizheng.org/feed
[2026-06-10 03:01:36] - https://4op.top/index.xml
[2026-06-10 03:01:36] - https://ayayy.com/feed/
[2026-06-10 03:01:36] - https://blog.gankudadiz.com/feed
[2026-06-10 03:01:36] ✘ 有 1 条订阅头像字段为空, 已使用默认头像:
[2026-06-10 03:01:36] - https://jt26wzz.com/rss.xml
[2026-06-10 05:27:45] 抓取到的文章与现有数据相同，无需更新。
[2026-06-10 07:21:24] 本次订阅抓取结果统计:
[2026-06-10 07:21:24] 共 52 条RSS, 成功抓取 39 条.
[2026-06-10 07:21:24] ✘ 有 13 条订阅解析失败:
[2026-06-10 07:21:24] - https://tumutanzi.com/feed
[2026-06-10 07:21:24] - https://geekinney.com/index.xml
[2026-06-10 07:21:24] - https://suus.me/atom.xml
[2026-06-10 07:21:24] - https://leixus.cn/index.php/feed/
[2026-06-10 07:21:24] - https://www.shephe.com/feed
[2026-06-10 07:21:24] - https://ilogs.cn/feed/
[2026-06-10 07:21:24] - https://shuiba.co/feed
[2026-06-10 07:21:24] - https://writings.howsoonisnow.org/blog/feed/feed.xml
[2026-06-10 07:21:24] - https://www.moraex.com/feed
[2026-06-10 07:21:24] - https://sizheng.org/feed
[2026-06-10 07:21:24] - https://4op.top/index.xml
[2026-06-10 07:21:24] - https://ayayy.com/feed/
[2026-06-10 07:21:24] - https://blog.gankudadiz.com/feed
[2026-06-10 07:21:24] ✘ 有 1 条订阅头像字段为空, 已使用默认头像:
[2026-06-10 07:21:24] - https://jt26wzz.com/rss.xml
[2026-06-10 09:08:39] 本次订阅抓取结果统计:
[2026-06-10 09:08:39] 共 52 条RSS, 成功抓取 40 条.
[2026-06-10 09:08:39] ✘ 有 12 条订阅解析失败:
[2026-06-10 09:08:39] - https://tumutanzi.com/feed
[2026-06-10 09:08:39] - https://geekinney.com/index.xml
[2026-06-10 09:08:39] - https://suus.me/atom.xml
[2026-06-10 09:08:39] - https://www.shephe.com/feed
[2026-06-10 09:08:39] - https://ilogs.cn/feed/
[2026-06-10 09:08:39] - https://shuiba.co/feed
[2026-06-10 09:08:39] - https://www.moraex.com/feed
[2026-06-10 09:08:39] - https://writings.howsoonisnow.org/blog/feed/feed.xml
[2026-06-10 09:08:39] - https://sizheng.org/feed
[2026-06-10 09:08:39] - https://4op.top/index.xml
[2026-06-10 09:08:39] - https://ayayy.com/feed/
[2026-06-10 09:08:39] - https://blog.gankudadiz.com/feed
[2026-06-10 09:08:39] ✘ 有 1 条订阅头像字段为空, 已使用默认头像:
[2026-06-10 09:08:39] - https://jt26wzz.com/rss.xml
[2026-06-10 11:11:45] 抓取到的文章与现有数据相同，无需更新。
[2026-06-10 12:46:19] 本次订阅抓取结果统计:
[2026-06-10 12:46:19] 共 52 条RSS, 成功抓取 40 条.
[2026-06-10 12:46:19] ✘ 有 12 条订阅解析失败:
[2026-06-10 12:46:19] - https://tumutanzi.com/feed
[2026-06-10 12:46:19] - https://geekinney.com/index.xml
[2026-06-10 12:46:19] - https://suus.me/atom.xml
[2026-06-10 12:46:19] - https://www.shephe.com/feed
[2026-06-10 12:46:19] - https://ilogs.cn/feed/
[2026-06-10 12:46:19] - https://shuiba.co/feed
[2026-06-10 12:46:19] - https://writings.howsoonisnow.org/blog/feed/feed.xml
[2026-06-10 12:46:19] - https://www.moraex.com/feed
[2026-06-10 12:46:19] - https://sizheng.org/feed
[2026-06-10 12:46:19] - https://4op.top/index.xml
[2026-06-10 12:46:19] - https://ayayy.com/feed/
[2026-06-10 12:46:19] - https://blog.gankudadiz.com/feed
[2026-06-10 12:46:19] ✘ 有 1 条订阅头像字段为空, 已使用默认头像:
[2026-06-10 12:46:19] - https://jt26wzz.com/rss.xml
[2026-06-10 13:00:57] 抓取到的文章与现有数据相同，无需更新。
[2026-06-10 13:39:40] [WARN] 加载头像映射失败: failed to fetch avatar map: Get "https://cos.lhasa.icu/lhasaRSS/avatar.json": context deadline exceeded (Client.Timeout exceeded while awaiting headers)
[2026-06-10 13:40:28] 本次订阅抓取结果统计:
[2026-06-10 13:40:28] 共 53 条RSS, 成功抓取 40 条.
[2026-06-10 13:40:28] ✘ 有 13 条订阅解析失败:
[2026-06-10 13:40:28] - https://tumutanzi.com/feed
[2026-06-10 13:40:28] - https://geekinney.com/index.xml
[2026-06-10 13:40:28] - https://suus.me/atom.xml
[2026-06-10 13:40:28] - https://www.shephe.com/feed
[2026-06-10 13:40:28] - https://laike9m.com/blog/rss/
[2026-06-10 13:40:28] - https://ilogs.cn/feed/
[2026-06-10 13:40:28] - https://shuiba.co/feed
[2026-06-10 13:40:28] - https://www.moraex.com/feed
[2026-06-10 13:40:28] - https://writings.howsoonisnow.org/blog/feed/feed.xml
[2026-06-10 13:40:28] - https://sizheng.org/feed
[2026-06-10 13:40:28] - https://4op.top/index.xml
[2026-06-10 13:40:28] - https://ayayy.com/feed/
[2026-06-10 13:40:28] - https://blog.gankudadiz.com/feed
[2026-06-10 13:40:28] ✘ 有 1 条订阅头像字段为空, 已使用默认头像:
[2026-06-10 13:40:28] - https://mayx.eu.org/atom.xml
[2026-06-10 13:40:28] ✘ 有 2 条订阅头像无法访问, 已使用默认头像:
[2026-06-10 13:40:28] - https://skywind.me/blog/feed
[2026-06-10 13:40:28] - https://byvoid.com/zhs/feed.xml
