[2026-07-19 01:23:11] [WARN] 加载头像映射失败: failed to fetch avatar map: Get "https://cos.lhasa.icu/lhasaRSS/avatar.json": tls: failed to verify certificate: x509: certificate has expired or is not yet valid: current time 2026-07-19T01:23:11Z is after 2026-07-17T23:59:59Z
[2026-07-19 01:23:28] 抓取到的文章与现有数据相同，无需更新。
[2026-07-19 04:58:17] [WARN] 加载头像映射失败: failed to fetch avatar map: Get "https://cos.lhasa.icu/lhasaRSS/avatar.json": tls: failed to verify certificate: x509: certificate has expired or is not yet valid: current time 2026-07-19T04:58:16Z is after 2026-07-17T23:59:59Z
[2026-07-19 04:58:34] 本次订阅抓取结果统计:
[2026-07-19 04:58:34] 共 54 条RSS, 成功抓取 45 条.
[2026-07-19 04:58:34] ✘ 有 9 条订阅解析失败:
[2026-07-19 04:58:34] - https://geekinney.com/index.xml
[2026-07-19 04:58:34] - https://suus.me/atom.xml
[2026-07-19 04:58:34] - https://www.shephe.com/feed
[2026-07-19 04:58:34] - https://ilogs.cn/feed/
[2026-07-19 04:58:34] - https://writings.howsoonisnow.org/blog/feed/feed.xml
[2026-07-19 04:58:34] - https://sizheng.org/feed
[2026-07-19 04:58:34] - https://www.moraex.com/feed
[2026-07-19 04:58:34] - https://4op.top/index.xml
[2026-07-19 04:58:34] - https://ayayy.com/feed/
[2026-07-19 04:58:34] ✘ 有 1 条订阅头像字段为空, 已使用默认头像:
[2026-07-19 04:58:34] - https://mayx.eu.org/atom.xml
[2026-07-19 04:58:34] ✘ 有 4 条订阅头像无法访问, 已使用默认头像:
[2026-07-19 04:58:34] - https://skywind.me/blog/feed
[2026-07-19 04:58:34] - https://laike9m.com/blog/rss/
[2026-07-19 04:58:34] - https://shuiba.co/feed
[2026-07-19 04:58:34] - https://blog.fueis.com/feed
[2026-07-19 07:24:19] [WARN] 加载头像映射失败: failed to fetch avatar map: Get "https://cos.lhasa.icu/lhasaRSS/avatar.json": tls: failed to verify certificate: x509: certificate has expired or is not yet valid: current time 2026-07-19T07:24:19Z is after 2026-07-17T23:59:59Z
[2026-07-19 07:24:36] 抓取到的文章与现有数据相同，无需更新。
[2026-07-19 09:41:52] [WARN] 加载头像映射失败: failed to fetch avatar map: Get "https://cos.lhasa.icu/lhasaRSS/avatar.json": tls: failed to verify certificate: x509: certificate has expired or is not yet valid: current time 2026-07-19T09:41:51Z is after 2026-07-17T23:59:59Z
[2026-07-19 09:42:07] 抓取到的文章与现有数据相同，无需更新。
[2026-07-19 11:02:02] [WARN] 加载头像映射失败: failed to fetch avatar map: Get "https://cos.lhasa.icu/lhasaRSS/avatar.json": tls: failed to verify certificate: x509: certificate has expired or is not yet valid: current time 2026-07-19T11:02:02Z is after 2026-07-17T23:59:59Z
[2026-07-19 11:02:19] 抓取到的文章与现有数据相同，无需更新。
[2026-07-19 12:47:09] [WARN] 加载头像映射失败: failed to fetch avatar map: Get "https://cos.lhasa.icu/lhasaRSS/avatar.json": tls: failed to verify certificate: x509: certificate has expired or is not yet valid: current time 2026-07-19T12:47:09Z is after 2026-07-17T23:59:59Z
[2026-07-19 12:47:24] 抓取到的文章与现有数据相同，无需更新。
[2026-07-19 14:18:15] [WARN] 加载头像映射失败: failed to fetch avatar map: Get "https://cos.lhasa.icu/lhasaRSS/avatar.json": tls: failed to verify certificate: x509: certificate has expired or is not yet valid: current time 2026-07-19T14:18:15Z is after 2026-07-17T23:59:59Z
[2026-07-19 14:18:32] 抓取到的文章与现有数据相同，无需更新。
[2026-07-19 15:44:17] [WARN] 加载头像映射失败: failed to fetch avatar map: Get "https://cos.lhasa.icu/lhasaRSS/avatar.json": tls: failed to verify certificate: x509: certificate has expired or is not yet valid: current time 2026-07-19T15:44:17Z is after 2026-07-17T23:59:59Z
[2026-07-19 15:44:34] 抓取到的文章与现有数据相同，无需更新。
[2026-07-19 16:41:36] [WARN] 加载头像映射失败: failed to fetch avatar map: Get "https://cos.lhasa.icu/lhasaRSS/avatar.json": tls: failed to verify certificate: x509: certificate has expired or is not yet valid: current time 2026-07-19T16:41:36Z is after 2026-07-17T23:59:59Z
[2026-07-19 16:41:52] 抓取到的文章与现有数据相同，无需更新。
[2026-07-19 17:46:43] [WARN] 加载头像映射失败: failed to fetch avatar map: Get "https://cos.lhasa.icu/lhasaRSS/avatar.json": tls: failed to verify certificate: x509: certificate has expired or is not yet valid: current time 2026-07-19T17:46:43Z is after 2026-07-17T23:59:59Z
[2026-07-19 17:46:57] 抓取到的文章与现有数据相同，无需更新。
[2026-07-19 18:45:11] [WARN] 加载头像映射失败: failed to fetch avatar map: Get "https://cos.lhasa.icu/lhasaRSS/avatar.json": tls: failed to verify certificate: x509: certificate has expired or is not yet valid: current time 2026-07-19T18:45:10Z is after 2026-07-17T23:59:59Z
[2026-07-19 18:45:25] 抓取到的文章与现有数据相同，无需更新。
[2026-07-19 20:00:18] [WARN] 加载头像映射失败: failed to fetch avatar map: Get "https://cos.lhasa.icu/lhasaRSS/avatar.json": tls: failed to verify certificate: x509: certificate has expired or is not yet valid: current time 2026-07-19T20:00:17Z is after 2026-07-17T23:59:59Z
[2026-07-19 20:00:31] 抓取到的文章与现有数据相同，无需更新。
[2026-07-19 20:51:04] [WARN] 加载头像映射失败: failed to fetch avatar map: Get "https://cos.lhasa.icu/lhasaRSS/avatar.json": tls: failed to verify certificate: x509: certificate has expired or is not yet valid: current time 2026-07-19T20:51:03Z is after 2026-07-17T23:59:59Z
[2026-07-19 20:51:38] 抓取到的文章与现有数据相同，无需更新。
[2026-07-19 21:39:44] [WARN] 加载头像映射失败: failed to fetch avatar map: Get "https://cos.lhasa.icu/lhasaRSS/avatar.json": tls: failed to verify certificate: x509: certificate has expired or is not yet valid: current time 2026-07-19T21:39:43Z is after 2026-07-17T23:59:59Z
[2026-07-19 21:39:59] 抓取到的文章与现有数据相同，无需更新。
[2026-07-19 22:39:11] [WARN] 加载头像映射失败: failed to fetch avatar map: Get "https://cos.lhasa.icu/lhasaRSS/avatar.json": tls: failed to verify certificate: x509: certificate has expired or is not yet valid: current time 2026-07-19T22:39:11Z is after 2026-07-17T23:59:59Z
[2026-07-19 22:39:25] 抓取到的文章与现有数据相同，无需更新。
[2026-07-19 23:44:14] [WARN] 加载头像映射失败: failed to fetch avatar map: Get "https://cos.lhasa.icu/lhasaRSS/avatar.json": tls: failed to verify certificate: x509: certificate has expired or is not yet valid: current time 2026-07-19T23:44:14Z is after 2026-07-17T23:59:59Z
[2026-07-19 23:44:29] 抓取到的文章与现有数据相同，无需更新。
