[2026-01-22 00:05:11] 本次订阅抓取结果统计:
[2026-01-22 00:05:11] 共 45 条RSS, 成功抓取 38 条.
[2026-01-22 00:05:11] ✘ 有 7 条订阅解析失败:
[2026-01-22 00:05:11] - https://tumutanzi.com/feed
[2026-01-22 00:05:11] - https://oba.by/feed
[2026-01-22 00:05:11] - https://suus.me/atom.xml
[2026-01-22 00:05:11] - https://geekinney.com/index.xml
[2026-01-22 00:05:11] - https://innei.in/feed
[2026-01-22 00:05:11] - https://sizheng.org/feed
[2026-01-22 00:05:11] - https://www.moraex.com/feed
[2026-01-22 01:30:19] 抓取到的文章与现有数据相同，无需更新。
[2026-01-22 02:41:11] 抓取到的文章与现有数据相同，无需更新。
[2026-01-22 03:32:27] 本次订阅抓取结果统计:
[2026-01-22 03:32:27] 共 45 条RSS, 成功抓取 38 条.
[2026-01-22 03:32:27] ✘ 有 7 条订阅解析失败:
[2026-01-22 03:32:27] - https://tumutanzi.com/feed
[2026-01-22 03:32:27] - https://oba.by/feed
[2026-01-22 03:32:27] - https://suus.me/atom.xml
[2026-01-22 03:32:27] - https://geekinney.com/index.xml
[2026-01-22 03:32:27] - https://sizheng.org/feed
[2026-01-22 03:32:27] - https://www.moraex.com/feed
[2026-01-22 03:32:27] - https://innei.in/feed
