[2026-06-12 00:30:31] 抓取到的文章与现有数据相同，无需更新。
[2026-06-12 01:46:01] 本次订阅抓取结果统计:
[2026-06-12 01:46:01] 共 54 条RSS, 成功抓取 42 条.
[2026-06-12 01:46:01] ✘ 有 12 条订阅解析失败:
[2026-06-12 01:46:01] - https://tumutanzi.com/feed
[2026-06-12 01:46:01] - https://geekinney.com/index.xml
[2026-06-12 01:46:01] - https://suus.me/atom.xml
[2026-06-12 01:46:01] - https://www.shephe.com/feed
[2026-06-12 01:46:01] - https://ilogs.cn/feed/
[2026-06-12 01:46:01] - https://shuiba.co/feed
[2026-06-12 01:46:01] - https://writings.howsoonisnow.org/blog/feed/feed.xml
[2026-06-12 01:46:01] - https://sizheng.org/feed
[2026-06-12 01:46:01] - https://www.moraex.com/feed
[2026-06-12 01:46:01] - https://4op.top/index.xml
[2026-06-12 01:46:01] - https://ayayy.com/feed/
[2026-06-12 01:46:01] - https://blog.gankudadiz.com/feed
[2026-06-12 01:46:01] ✘ 有 1 条订阅头像字段为空, 已使用默认头像:
[2026-06-12 01:46:01] - https://jt26wzz.com/rss.xml
[2026-06-12 03:01:52] 本次订阅抓取结果统计:
[2026-06-12 03:01:52] 共 54 条RSS, 成功抓取 42 条.
[2026-06-12 03:01:52] ✘ 有 12 条订阅解析失败:
[2026-06-12 03:01:52] - https://tumutanzi.com/feed
[2026-06-12 03:01:52] - https://geekinney.com/index.xml
[2026-06-12 03:01:52] - https://suus.me/atom.xml
[2026-06-12 03:01:52] - https://www.shephe.com/feed
[2026-06-12 03:01:52] - https://ilogs.cn/feed/
[2026-06-12 03:01:52] - https://shuiba.co/feed
[2026-06-12 03:01:52] - https://writings.howsoonisnow.org/blog/feed/feed.xml
[2026-06-12 03:01:52] - https://www.moraex.com/feed
[2026-06-12 03:01:52] - https://sizheng.org/feed
[2026-06-12 03:01:52] - https://4op.top/index.xml
[2026-06-12 03:01:52] - https://ayayy.com/feed/
[2026-06-12 03:01:52] - https://blog.gankudadiz.com/feed
[2026-06-12 03:01:52] ✘ 有 1 条订阅头像字段为空, 已使用默认头像:
[2026-06-12 03:01:52] - https://jt26wzz.com/rss.xml
[2026-06-12 05:30:20] [WARN] 加载头像映射失败: failed to fetch avatar map: Get "https://cos.lhasa.icu/lhasaRSS/avatar.json": dial tcp 43.174.247.25:443: connect: connection refused
[2026-06-12 05:31:06] 本次订阅抓取结果统计:
[2026-06-12 05:31:06] 共 54 条RSS, 成功抓取 42 条.
[2026-06-12 05:31:06] ✘ 有 12 条订阅解析失败:
[2026-06-12 05:31:06] - https://tumutanzi.com/feed
[2026-06-12 05:31:06] - https://geekinney.com/index.xml
[2026-06-12 05:31:06] - https://suus.me/atom.xml
[2026-06-12 05:31:06] - https://www.shephe.com/feed
[2026-06-12 05:31:06] - https://ilogs.cn/feed/
[2026-06-12 05:31:06] - https://www.moraex.com/feed
[2026-06-12 05:31:06] - https://shuiba.co/feed
[2026-06-12 05:31:06] - https://writings.howsoonisnow.org/blog/feed/feed.xml
[2026-06-12 05:31:06] - https://sizheng.org/feed
[2026-06-12 05:31:06] - https://4op.top/index.xml
[2026-06-12 05:31:06] - https://ayayy.com/feed/
[2026-06-12 05:31:06] - https://blog.gankudadiz.com/feed
[2026-06-12 05:31:06] ✘ 有 1 条订阅头像字段为空, 已使用默认头像:
[2026-06-12 05:31:06] - https://mayx.eu.org/atom.xml
[2026-06-12 05:31:06] ✘ 有 6 条订阅头像无法访问, 已使用默认头像:
[2026-06-12 05:31:06] - https://skywind.me/blog/feed
[2026-06-12 05:31:06] - https://laike9m.com/blog/rss/
[2026-06-12 05:31:06] - https://zhongxiaojie.com/feed
[2026-06-12 05:31:06] - https://byvoid.com/zhs/feed.xml
[2026-06-12 05:31:06] - https://www.laomuzhu.cn/feed/
[2026-06-12 05:31:06] - https://xyzbz.cn/feed
[2026-06-12 07:30:07] 本次订阅抓取结果统计:
[2026-06-12 07:30:07] 共 54 条RSS, 成功抓取 42 条.
[2026-06-12 07:30:07] ✘ 有 12 条订阅解析失败:
[2026-06-12 07:30:07] - https://tumutanzi.com/feed
[2026-06-12 07:30:07] - https://geekinney.com/index.xml
[2026-06-12 07:30:07] - https://suus.me/atom.xml
[2026-06-12 07:30:07] - https://www.shephe.com/feed
[2026-06-12 07:30:07] - https://ilogs.cn/feed/
[2026-06-12 07:30:07] - https://shuiba.co/feed
[2026-06-12 07:30:07] - https://www.moraex.com/feed
[2026-06-12 07:30:07] - https://writings.howsoonisnow.org/blog/feed/feed.xml
[2026-06-12 07:30:07] - https://sizheng.org/feed
[2026-06-12 07:30:07] - https://4op.top/index.xml
[2026-06-12 07:30:07] - https://ayayy.com/feed/
[2026-06-12 07:30:07] - https://blog.gankudadiz.com/feed
[2026-06-12 07:30:07] ✘ 有 1 条订阅头像字段为空, 已使用默认头像:
[2026-06-12 07:30:07] - https://jt26wzz.com/rss.xml
[2026-06-12 09:19:00] 抓取到的文章与现有数据相同，无需更新。
[2026-06-12 11:13:38] [WARN] 加载头像映射失败: failed to fetch avatar map: Get "https://cos.lhasa.icu/lhasaRSS/avatar.json": dial tcp 43.174.246.25:443: connect: connection refused
[2026-06-12 11:14:22] 本次订阅抓取结果统计:
[2026-06-12 11:14:22] 共 54 条RSS, 成功抓取 42 条.
[2026-06-12 11:14:22] ✘ 有 12 条订阅解析失败:
[2026-06-12 11:14:22] - https://tumutanzi.com/feed
[2026-06-12 11:14:22] - https://geekinney.com/index.xml
[2026-06-12 11:14:22] - https://suus.me/atom.xml
[2026-06-12 11:14:22] - https://ilogs.cn/feed/
[2026-06-12 11:14:22] - https://shuiba.co/feed
[2026-06-12 11:14:22] - https://www.moraex.com/feed
[2026-06-12 11:14:22] - https://www.shephe.com/feed
[2026-06-12 11:14:22] - https://writings.howsoonisnow.org/blog/feed/feed.xml
[2026-06-12 11:14:22] - https://sizheng.org/feed
[2026-06-12 11:14:22] - https://4op.top/index.xml
[2026-06-12 11:14:22] - https://ayayy.com/feed/
[2026-06-12 11:14:22] - https://blog.gankudadiz.com/feed
[2026-06-12 11:14:22] ✘ 有 1 条订阅头像字段为空, 已使用默认头像:
[2026-06-12 11:14:22] - https://mayx.eu.org/atom.xml
[2026-06-12 11:14:22] ✘ 有 5 条订阅头像无法访问, 已使用默认头像:
[2026-06-12 11:14:22] - https://zhongxiaojie.com/feed
[2026-06-12 11:14:22] - https://skywind.me/blog/feed
[2026-06-12 11:14:22] - https://laike9m.com/blog/rss/
[2026-06-12 11:14:22] - https://byvoid.com/zhs/feed.xml
[2026-06-12 11:14:22] - https://xyzbz.cn/feed
[2026-06-12 13:00:39] 本次订阅抓取结果统计:
[2026-06-12 13:00:39] 共 54 条RSS, 成功抓取 40 条.
[2026-06-12 13:00:39] ✘ 有 14 条订阅解析失败:
[2026-06-12 13:00:39] - https://tumutanzi.com/feed
[2026-06-12 13:00:39] - https://geekinney.com/index.xml
[2026-06-12 13:00:39] - https://suus.me/atom.xml
[2026-06-12 13:00:39] - https://www.shephe.com/feed
[2026-06-12 13:00:39] - https://leixus.cn/index.php/feed/
[2026-06-12 13:00:39] - https://bluehe.cn/rss.xml
[2026-06-12 13:00:39] - https://shuiba.co/feed
[2026-06-12 13:00:39] - https://ilogs.cn/feed/
[2026-06-12 13:00:39] - https://www.moraex.com/feed
[2026-06-12 13:00:39] - https://writings.howsoonisnow.org/blog/feed/feed.xml
[2026-06-12 13:00:39] - https://sizheng.org/feed
[2026-06-12 13:00:39] - https://4op.top/index.xml
[2026-06-12 13:00:39] - https://ayayy.com/feed/
[2026-06-12 13:00:39] - https://blog.gankudadiz.com/feed
[2026-06-12 13:00:39] ✘ 有 1 条订阅头像字段为空, 已使用默认头像:
[2026-06-12 13:00:39] - https://jt26wzz.com/rss.xml
[2026-06-12 14:07:44] 本次订阅抓取结果统计:
[2026-06-12 14:07:44] 共 54 条RSS, 成功抓取 41 条.
[2026-06-12 14:07:44] ✘ 有 13 条订阅解析失败:
[2026-06-12 14:07:44] - https://tumutanzi.com/feed
[2026-06-12 14:07:44] - https://geekinney.com/index.xml
[2026-06-12 14:07:44] - https://suus.me/atom.xml
[2026-06-12 14:07:44] - https://bluehe.cn/rss.xml
[2026-06-12 14:07:44] - https://shuiba.co/feed
[2026-06-12 14:07:44] - https://ilogs.cn/feed/
[2026-06-12 14:07:44] - https://www.shephe.com/feed
[2026-06-12 14:07:44] - https://writings.howsoonisnow.org/blog/feed/feed.xml
[2026-06-12 14:07:44] - https://www.moraex.com/feed
[2026-06-12 14:07:44] - https://sizheng.org/feed
[2026-06-12 14:07:44] - https://4op.top/index.xml
[2026-06-12 14:07:44] - https://ayayy.com/feed/
[2026-06-12 14:07:44] - https://blog.gankudadiz.com/feed
[2026-06-12 14:07:44] ✘ 有 1 条订阅头像字段为空, 已使用默认头像:
[2026-06-12 14:07:44] - https://jt26wzz.com/rss.xml
[2026-06-12 16:02:54] 本次订阅抓取结果统计:
[2026-06-12 16:02:54] 共 54 条RSS, 成功抓取 41 条.
[2026-06-12 16:02:54] ✘ 有 13 条订阅解析失败:
[2026-06-12 16:02:54] - https://tumutanzi.com/feed
[2026-06-12 16:02:54] - https://geekinney.com/index.xml
[2026-06-12 16:02:54] - https://suus.me/atom.xml
[2026-06-12 16:02:54] - https://bluehe.cn/rss.xml
[2026-06-12 16:02:54] - https://ilogs.cn/feed/
[2026-06-12 16:02:54] - https://shuiba.co/feed
[2026-06-12 16:02:54] - https://www.moraex.com/feed
[2026-06-12 16:02:54] - https://writings.howsoonisnow.org/blog/feed/feed.xml
[2026-06-12 16:02:54] - https://sizheng.org/feed
[2026-06-12 16:02:54] - https://www.shephe.com/feed
[2026-06-12 16:02:54] - https://4op.top/index.xml
[2026-06-12 16:02:54] - https://ayayy.com/feed/
[2026-06-12 16:02:54] - https://blog.gankudadiz.com/feed
[2026-06-12 16:02:54] ✘ 有 1 条订阅头像字段为空, 已使用默认头像:
[2026-06-12 16:02:54] - https://jt26wzz.com/rss.xml
[2026-06-12 17:45:36] 本次订阅抓取结果统计:
[2026-06-12 17:45:36] 共 54 条RSS, 成功抓取 40 条.
[2026-06-12 17:45:36] ✘ 有 14 条订阅解析失败:
[2026-06-12 17:45:36] - https://tumutanzi.com/feed
[2026-06-12 17:45:36] - https://geekinney.com/index.xml
[2026-06-12 17:45:36] - https://suus.me/atom.xml
[2026-06-12 17:45:36] - https://www.shephe.com/feed
[2026-06-12 17:45:36] - https://leixus.cn/index.php/feed/
[2026-06-12 17:45:36] - https://bluehe.cn/rss.xml
[2026-06-12 17:45:36] - https://ilogs.cn/feed/
[2026-06-12 17:45:36] - https://shuiba.co/feed
[2026-06-12 17:45:36] - https://writings.howsoonisnow.org/blog/feed/feed.xml
[2026-06-12 17:45:36] - https://www.moraex.com/feed
[2026-06-12 17:45:36] - https://sizheng.org/feed
[2026-06-12 17:45:36] - https://4op.top/index.xml
[2026-06-12 17:45:36] - https://ayayy.com/feed/
[2026-06-12 17:45:36] - https://blog.gankudadiz.com/feed
[2026-06-12 17:45:36] ✘ 有 1 条订阅头像字段为空, 已使用默认头像:
[2026-06-12 17:45:36] - https://jt26wzz.com/rss.xml
[2026-06-12 18:35:30] 本次订阅抓取结果统计:
[2026-06-12 18:35:30] 共 54 条RSS, 成功抓取 41 条.
[2026-06-12 18:35:30] ✘ 有 13 条订阅解析失败:
[2026-06-12 18:35:30] - https://tumutanzi.com/feed
[2026-06-12 18:35:30] - https://geekinney.com/index.xml
[2026-06-12 18:35:30] - https://suus.me/atom.xml
[2026-06-12 18:35:30] - https://www.shephe.com/feed
[2026-06-12 18:35:30] - https://bluehe.cn/rss.xml
[2026-06-12 18:35:30] - https://shuiba.co/feed
[2026-06-12 18:35:30] - https://ilogs.cn/feed/
[2026-06-12 18:35:30] - https://www.moraex.com/feed
[2026-06-12 18:35:30] - https://writings.howsoonisnow.org/blog/feed/feed.xml
[2026-06-12 18:35:30] - https://sizheng.org/feed
[2026-06-12 18:35:30] - https://4op.top/index.xml
[2026-06-12 18:35:30] - https://ayayy.com/feed/
[2026-06-12 18:35:30] - https://blog.gankudadiz.com/feed
[2026-06-12 18:35:30] ✘ 有 1 条订阅头像字段为空, 已使用默认头像:
[2026-06-12 18:35:30] - https://jt26wzz.com/rss.xml
[2026-06-12 19:36:34] 抓取到的文章与现有数据相同，无需更新。
[2026-06-12 20:40:35] 抓取到的文章与现有数据相同，无需更新。
[2026-06-12 21:30:40] 抓取到的文章与现有数据相同，无需更新。
