[2026-03-08 00:05:15] 抓取到的文章与现有数据相同，无需更新。
[2026-03-08 01:30:50] 本次订阅抓取结果统计:
[2026-03-08 01:30:50] 共 47 条RSS, 成功抓取 41 条.
[2026-03-08 01:30:50] ✘ 有 6 条订阅解析失败:
[2026-03-08 01:30:50] - https://tumutanzi.com/feed
[2026-03-08 01:30:50] - https://suus.me/atom.xml
[2026-03-08 01:30:50] - https://geekinney.com/index.xml
[2026-03-08 01:30:50] - https://shuiba.co/feed
[2026-03-08 01:30:50] - https://sizheng.org/feed
[2026-03-08 01:30:50] - https://www.moraex.com/feed
[2026-03-08 02:55:26] 抓取到的文章与现有数据相同，无需更新。
[2026-03-08 03:45:02] 抓取到的文章与现有数据相同，无需更新。
[2026-03-08 04:30:39] 抓取到的文章与现有数据相同，无需更新。
[2026-03-08 05:17:54] 抓取到的文章与现有数据相同，无需更新。
[2026-03-08 06:09:05] 抓取到的文章与现有数据相同，无需更新。
[2026-03-08 07:10:51] 抓取到的文章与现有数据相同，无需更新。
[2026-03-08 08:02:38] 抓取到的文章与现有数据相同，无需更新。
[2026-03-08 09:04:55] 抓取到的文章与现有数据相同，无需更新。
[2026-03-08 10:02:52] 抓取到的文章与现有数据相同，无需更新。
[2026-03-08 11:02:44] 抓取到的文章与现有数据相同，无需更新。
[2026-03-08 12:02:53] 抓取到的文章与现有数据相同，无需更新。
[2026-03-08 13:15:09] 抓取到的文章与现有数据相同，无需更新。
[2026-03-08 14:03:37] 本次订阅抓取结果统计:
[2026-03-08 14:03:37] 共 47 条RSS, 成功抓取 39 条.
[2026-03-08 14:03:37] ✘ 有 8 条订阅解析失败:
[2026-03-08 14:03:37] - https://tumutanzi.com/feed
[2026-03-08 14:03:37] - https://suus.me/atom.xml
[2026-03-08 14:03:37] - https://geekinney.com/index.xml
[2026-03-08 14:03:37] - https://www.luzhaojun.com/feed
[2026-03-08 14:03:37] - https://leixus.cn/index.php/feed/
[2026-03-08 14:03:37] - https://shuiba.co/feed
[2026-03-08 14:03:37] - https://sizheng.org/feed
[2026-03-08 14:03:37] - https://www.moraex.com/feed
[2026-03-08 15:02:55] 本次订阅抓取结果统计:
[2026-03-08 15:02:55] 共 47 条RSS, 成功抓取 41 条.
[2026-03-08 15:02:55] ✘ 有 6 条订阅解析失败:
[2026-03-08 15:02:55] - https://tumutanzi.com/feed
[2026-03-08 15:02:55] - https://geekinney.com/index.xml
[2026-03-08 15:02:55] - https://suus.me/atom.xml
[2026-03-08 15:02:55] - https://shuiba.co/feed
[2026-03-08 15:02:55] - https://sizheng.org/feed
[2026-03-08 15:02:55] - https://www.moraex.com/feed
[2026-03-08 16:02:27] 抓取到的文章与现有数据相同，无需更新。
[2026-03-08 17:03:54] 抓取到的文章与现有数据相同，无需更新。
[2026-03-08 18:02:04] 抓取到的文章与现有数据相同，无需更新。
[2026-03-08 19:05:19] 抓取到的文章与现有数据相同，无需更新。
[2026-03-08 20:01:44] 抓取到的文章与现有数据相同，无需更新。
[2026-03-08 21:02:46] 抓取到的文章与现有数据相同，无需更新。
[2026-03-08 22:01:59] 抓取到的文章与现有数据相同，无需更新。
[2026-03-08 23:02:35] 抓取到的文章与现有数据相同，无需更新。
