[2026-06-05 00:26:52] 抓取到的文章与现有数据相同，无需更新。
[2026-06-05 01:41:20] 抓取到的文章与现有数据相同，无需更新。
[2026-06-05 03:01:37] 抓取到的文章与现有数据相同，无需更新。
[2026-06-05 05:27:45] 抓取到的文章与现有数据相同，无需更新。
[2026-06-05 07:21:43] 抓取到的文章与现有数据相同，无需更新。
[2026-06-05 08:13:16] [WARN] 加载头像映射失败: failed to fetch avatar map: Get "https://cos.lhasa.icu/lhasaRSS/avatar.json": context deadline exceeded (Client.Timeout exceeded while awaiting headers)
[2026-06-05 08:14:23] 本次订阅抓取结果统计:
[2026-06-05 08:14:23] 共 52 条RSS, 成功抓取 34 条.
[2026-06-05 08:14:23] ✘ 有 18 条订阅解析失败:
[2026-06-05 08:14:23] - https://tumutanzi.com/feed
[2026-06-05 08:14:23] - https://geekinney.com/index.xml
[2026-06-05 08:14:23] - https://suus.me/atom.xml
[2026-06-05 08:14:23] - https://www.shephe.com/feed
[2026-06-05 08:14:23] - https://innei.in/feed
[2026-06-05 08:14:23] - https://shuiba.co/feed
[2026-06-05 08:14:23] - https://writings.howsoonisnow.org/blog/feed/feed.xml
[2026-06-05 08:14:23] - https://sizheng.org/feed
[2026-06-05 08:14:23] - https://note.redcha.cn/rss.xml
[2026-06-05 08:14:23] - https://4op.top/index.xml
[2026-06-05 08:14:23] - https://xyzbz.cn/feed
[2026-06-05 08:14:23] - https://zhongxiaojie.com/feed
[2026-06-05 08:14:23] - https://blog.gankudadiz.com/feed
[2026-06-05 08:14:23] - https://www.mrhe.net/feed
[2026-06-05 08:14:23] - https://www.laomuzhu.cn/feed/
[2026-06-05 08:14:23] - https://www.moraex.com/feed
[2026-06-05 08:14:23] - https://bluehe.cn/rss.xml
[2026-06-05 08:14:23] - https://ilogs.cn/feed/
[2026-06-05 08:14:23] ✘ 有 1 条订阅头像字段为空, 已使用默认头像:
[2026-06-05 08:14:23] - https://mayx.eu.org/atom.xml
[2026-06-05 08:14:23] ✘ 有 4 条订阅头像无法访问, 已使用默认头像:
[2026-06-05 08:14:23] - https://laike9m.com/blog/rss/
[2026-06-05 08:14:23] - https://skywind.me/blog/feed
[2026-06-05 08:14:23] - https://byvoid.com/zhs/feed.xml
[2026-06-05 08:14:23] - https://blog.fueis.com/feed
[2026-06-05 08:36:45] 本次订阅抓取结果统计:
[2026-06-05 08:36:45] 共 52 条RSS, 成功抓取 39 条.
[2026-06-05 08:36:45] ✘ 有 13 条订阅解析失败:
[2026-06-05 08:36:45] - https://tumutanzi.com/feed
[2026-06-05 08:36:45] - https://geekinney.com/index.xml
[2026-06-05 08:36:45] - https://suus.me/atom.xml
[2026-06-05 08:36:45] - https://ilogs.cn/feed/
[2026-06-05 08:36:45] - https://innei.in/feed
[2026-06-05 08:36:45] - https://shuiba.co/feed
[2026-06-05 08:36:45] - https://writings.howsoonisnow.org/blog/feed/feed.xml
[2026-06-05 08:36:45] - https://www.shephe.com/feed
[2026-06-05 08:36:45] - https://www.moraex.com/feed
[2026-06-05 08:36:45] - https://sizheng.org/feed
[2026-06-05 08:36:45] - https://4op.top/index.xml
[2026-06-05 08:36:45] - https://note.redcha.cn/rss.xml
[2026-06-05 08:36:45] - https://blog.gankudadiz.com/feed
[2026-06-05 08:36:45] ✘ 有 1 条订阅头像字段为空, 已使用默认头像:
[2026-06-05 08:36:45] - https://jt26wzz.com/rss.xml
[2026-06-05 09:03:03] 抓取到的文章与现有数据相同，无需更新。
[2026-06-05 10:36:46] 抓取到的文章与现有数据相同，无需更新。
[2026-06-05 11:01:46] [WARN] 加载头像映射失败: failed to fetch avatar map: Get "https://cos.lhasa.icu/lhasaRSS/avatar.json": dial tcp 43.174.247.25:443: connect: connection refused
[2026-06-05 11:02:34] 本次订阅抓取结果统计:
[2026-06-05 11:02:34] 共 52 条RSS, 成功抓取 39 条.
[2026-06-05 11:02:34] ✘ 有 13 条订阅解析失败:
[2026-06-05 11:02:34] - https://tumutanzi.com/feed
[2026-06-05 11:02:34] - https://geekinney.com/index.xml
[2026-06-05 11:02:34] - https://suus.me/atom.xml
[2026-06-05 11:02:34] - https://www.shephe.com/feed
[2026-06-05 11:02:34] - https://innei.in/feed
[2026-06-05 11:02:34] - https://www.moraex.com/feed
[2026-06-05 11:02:34] - https://shuiba.co/feed
[2026-06-05 11:02:34] - https://ilogs.cn/feed/
[2026-06-05 11:02:34] - https://writings.howsoonisnow.org/blog/feed/feed.xml
[2026-06-05 11:02:34] - https://sizheng.org/feed
[2026-06-05 11:02:34] - https://4op.top/index.xml
[2026-06-05 11:02:34] - https://note.redcha.cn/rss.xml
[2026-06-05 11:02:34] - https://blog.gankudadiz.com/feed
[2026-06-05 11:02:34] ✘ 有 1 条订阅头像字段为空, 已使用默认头像:
[2026-06-05 11:02:34] - https://mayx.eu.org/atom.xml
[2026-06-05 11:02:34] ✘ 有 6 条订阅头像无法访问, 已使用默认头像:
[2026-06-05 11:02:34] - https://skywind.me/blog/feed
[2026-06-05 11:02:34] - https://laike9m.com/blog/rss/
[2026-06-05 11:02:34] - https://zhongxiaojie.com/feed
[2026-06-05 11:02:34] - https://byvoid.com/zhs/feed.xml
[2026-06-05 11:02:34] - https://xyzbz.cn/feed
[2026-06-05 11:02:34] - https://www.laomuzhu.cn/feed/
[2026-06-05 11:14:23] 本次订阅抓取结果统计:
[2026-06-05 11:14:23] 共 52 条RSS, 成功抓取 39 条.
[2026-06-05 11:14:23] ✘ 有 13 条订阅解析失败:
[2026-06-05 11:14:23] - https://tumutanzi.com/feed
[2026-06-05 11:14:23] - https://geekinney.com/index.xml
[2026-06-05 11:14:23] - https://suus.me/atom.xml
[2026-06-05 11:14:23] - https://www.shephe.com/feed
[2026-06-05 11:14:23] - https://ilogs.cn/feed/
[2026-06-05 11:14:23] - https://innei.in/feed
[2026-06-05 11:14:23] - https://shuiba.co/feed
[2026-06-05 11:14:23] - https://www.moraex.com/feed
[2026-06-05 11:14:23] - https://writings.howsoonisnow.org/blog/feed/feed.xml
[2026-06-05 11:14:23] - https://sizheng.org/feed
[2026-06-05 11:14:23] - https://4op.top/index.xml
[2026-06-05 11:14:23] - https://note.redcha.cn/rss.xml
[2026-06-05 11:14:23] - https://blog.gankudadiz.com/feed
[2026-06-05 11:14:23] ✘ 有 1 条订阅头像字段为空, 已使用默认头像:
[2026-06-05 11:14:23] - https://jt26wzz.com/rss.xml
[2026-06-05 12:53:41] 抓取到的文章与现有数据相同，无需更新。
[2026-06-05 13:56:42] 本次订阅抓取结果统计:
[2026-06-05 13:56:42] 共 52 条RSS, 成功抓取 40 条.
[2026-06-05 13:56:42] ✘ 有 12 条订阅解析失败:
[2026-06-05 13:56:42] - https://tumutanzi.com/feed
[2026-06-05 13:56:42] - https://geekinney.com/index.xml
[2026-06-05 13:56:42] - https://suus.me/atom.xml
[2026-06-05 13:56:42] - https://ilogs.cn/feed/
[2026-06-05 13:56:42] - https://innei.in/feed
[2026-06-05 13:56:42] - https://www.moraex.com/feed
[2026-06-05 13:56:42] - https://www.shephe.com/feed
[2026-06-05 13:56:42] - https://shuiba.co/feed
[2026-06-05 13:56:42] - https://writings.howsoonisnow.org/blog/feed/feed.xml
[2026-06-05 13:56:42] - https://sizheng.org/feed
[2026-06-05 13:56:42] - https://4op.top/index.xml
[2026-06-05 13:56:42] - https://blog.gankudadiz.com/feed
[2026-06-05 13:56:42] ✘ 有 1 条订阅头像字段为空, 已使用默认头像:
[2026-06-05 13:56:42] - https://jt26wzz.com/rss.xml
[2026-06-05 15:00:00] 本次订阅抓取结果统计:
[2026-06-05 15:00:00] 共 52 条RSS, 成功抓取 38 条.
[2026-06-05 15:00:00] ✘ 有 14 条订阅解析失败:
[2026-06-05 15:00:00] - https://tumutanzi.com/feed
[2026-06-05 15:00:00] - https://geekinney.com/index.xml
[2026-06-05 15:00:00] - https://suus.me/atom.xml
[2026-06-05 15:00:00] - https://freemind.pluskid.org/rss.xml
[2026-06-05 15:00:00] - https://innei.in/feed
[2026-06-05 15:00:00] - https://ilogs.cn/feed/
[2026-06-05 15:00:00] - https://www.shephe.com/feed
[2026-06-05 15:00:00] - https://shuiba.co/feed
[2026-06-05 15:00:00] - https://www.moraex.com/feed
[2026-06-05 15:00:00] - https://writings.howsoonisnow.org/blog/feed/feed.xml
[2026-06-05 15:00:00] - https://sizheng.org/feed
[2026-06-05 15:00:00] - https://4op.top/index.xml
[2026-06-05 15:00:00] - http://www.cyys.net/wp/feed
[2026-06-05 15:00:00] - https://blog.gankudadiz.com/feed
[2026-06-05 15:00:00] ✘ 有 1 条订阅头像字段为空, 已使用默认头像:
[2026-06-05 15:00:00] - https://jt26wzz.com/rss.xml
[2026-06-05 16:04:15] 本次订阅抓取结果统计:
[2026-06-05 16:04:15] 共 52 条RSS, 成功抓取 40 条.
[2026-06-05 16:04:15] ✘ 有 12 条订阅解析失败:
[2026-06-05 16:04:15] - https://tumutanzi.com/feed
[2026-06-05 16:04:15] - https://geekinney.com/index.xml
[2026-06-05 16:04:15] - https://suus.me/atom.xml
[2026-06-05 16:04:15] - https://www.shephe.com/feed
[2026-06-05 16:04:15] - https://ilogs.cn/feed/
[2026-06-05 16:04:15] - https://innei.in/feed
[2026-06-05 16:04:15] - https://shuiba.co/feed
[2026-06-05 16:04:15] - https://www.moraex.com/feed
[2026-06-05 16:04:15] - https://writings.howsoonisnow.org/blog/feed/feed.xml
[2026-06-05 16:04:15] - https://sizheng.org/feed
[2026-06-05 16:04:15] - https://4op.top/index.xml
[2026-06-05 16:04:15] - https://blog.gankudadiz.com/feed
[2026-06-05 16:04:15] ✘ 有 1 条订阅头像字段为空, 已使用默认头像:
[2026-06-05 16:04:15] - https://jt26wzz.com/rss.xml
[2026-06-05 17:35:06] 本次订阅抓取结果统计:
[2026-06-05 17:35:06] 共 52 条RSS, 成功抓取 39 条.
[2026-06-05 17:35:06] ✘ 有 13 条订阅解析失败:
[2026-06-05 17:35:06] - https://tumutanzi.com/feed
[2026-06-05 17:35:06] - https://geekinney.com/index.xml
[2026-06-05 17:35:06] - https://suus.me/atom.xml
[2026-06-05 17:35:06] - https://leixus.cn/index.php/feed/
[2026-06-05 17:35:06] - https://www.shephe.com/feed
[2026-06-05 17:35:06] - https://ilogs.cn/feed/
[2026-06-05 17:35:06] - https://innei.in/feed
[2026-06-05 17:35:06] - https://shuiba.co/feed
[2026-06-05 17:35:06] - https://writings.howsoonisnow.org/blog/feed/feed.xml
[2026-06-05 17:35:06] - https://www.moraex.com/feed
[2026-06-05 17:35:06] - https://sizheng.org/feed
[2026-06-05 17:35:06] - https://4op.top/index.xml
[2026-06-05 17:35:06] - https://blog.gankudadiz.com/feed
[2026-06-05 17:35:06] ✘ 有 1 条订阅头像字段为空, 已使用默认头像:
[2026-06-05 17:35:06] - https://jt26wzz.com/rss.xml
[2026-06-05 18:34:57] 抓取到的文章与现有数据相同，无需更新。
[2026-06-05 19:32:03] 本次订阅抓取结果统计:
[2026-06-05 19:32:03] 共 52 条RSS, 成功抓取 40 条.
[2026-06-05 19:32:03] ✘ 有 12 条订阅解析失败:
[2026-06-05 19:32:03] - https://tumutanzi.com/feed
[2026-06-05 19:32:03] - https://geekinney.com/index.xml
[2026-06-05 19:32:03] - https://suus.me/atom.xml
[2026-06-05 19:32:03] - https://www.shephe.com/feed
[2026-06-05 19:32:03] - https://innei.in/feed
[2026-06-05 19:32:03] - https://ilogs.cn/feed/
[2026-06-05 19:32:03] - https://www.moraex.com/feed
[2026-06-05 19:32:03] - https://shuiba.co/feed
[2026-06-05 19:32:03] - https://writings.howsoonisnow.org/blog/feed/feed.xml
[2026-06-05 19:32:03] - https://sizheng.org/feed
[2026-06-05 19:32:03] - https://4op.top/index.xml
[2026-06-05 19:32:03] - https://blog.gankudadiz.com/feed
[2026-06-05 19:32:03] ✘ 有 1 条订阅头像字段为空, 已使用默认头像:
[2026-06-05 19:32:03] - https://jt26wzz.com/rss.xml
[2026-06-05 20:34:34] 本次订阅抓取结果统计:
[2026-06-05 20:34:34] 共 52 条RSS, 成功抓取 38 条.
[2026-06-05 20:34:34] ✘ 有 14 条订阅解析失败:
[2026-06-05 20:34:34] - https://tumutanzi.com/feed
[2026-06-05 20:34:34] - https://geekinney.com/index.xml
[2026-06-05 20:34:34] - https://suus.me/atom.xml
[2026-06-05 20:34:34] - https://www.shephe.com/feed
[2026-06-05 20:34:34] - https://leixus.cn/index.php/feed/
[2026-06-05 20:34:34] - https://ilogs.cn/feed/
[2026-06-05 20:34:34] - https://innei.in/feed
[2026-06-05 20:34:34] - https://shuiba.co/feed
[2026-06-05 20:34:34] - https://www.moraex.com/feed
[2026-06-05 20:34:34] - https://writings.howsoonisnow.org/blog/feed/feed.xml
[2026-06-05 20:34:34] - https://sizheng.org/feed
[2026-06-05 20:34:34] - https://4op.top/index.xml
[2026-06-05 20:34:34] - http://www.cyys.net/wp/feed
[2026-06-05 20:34:34] - https://blog.gankudadiz.com/feed
[2026-06-05 20:34:34] ✘ 有 1 条订阅头像字段为空, 已使用默认头像:
[2026-06-05 20:34:34] - https://jt26wzz.com/rss.xml
[2026-06-05 21:29:25] 本次订阅抓取结果统计:
[2026-06-05 21:29:25] 共 52 条RSS, 成功抓取 39 条.
[2026-06-05 21:29:25] ✘ 有 13 条订阅解析失败:
[2026-06-05 21:29:25] - https://tumutanzi.com/feed
[2026-06-05 21:29:25] - https://geekinney.com/index.xml
[2026-06-05 21:29:25] - https://suus.me/atom.xml
[2026-06-05 21:29:25] - https://www.shephe.com/feed
[2026-06-05 21:29:25] - https://innei.in/feed
[2026-06-05 21:29:25] - https://ilogs.cn/feed/
[2026-06-05 21:29:25] - https://shuiba.co/feed
[2026-06-05 21:29:25] - https://www.moraex.com/feed
[2026-06-05 21:29:25] - https://writings.howsoonisnow.org/blog/feed/feed.xml
[2026-06-05 21:29:25] - https://sizheng.org/feed
[2026-06-05 21:29:25] - https://4op.top/index.xml
[2026-06-05 21:29:25] - http://www.cyys.net/wp/feed
[2026-06-05 21:29:25] - https://blog.gankudadiz.com/feed
[2026-06-05 21:29:25] ✘ 有 1 条订阅头像字段为空, 已使用默认头像:
[2026-06-05 21:29:25] - https://jt26wzz.com/rss.xml
