[2026-02-09 00:07:13] 本次订阅抓取结果统计:
[2026-02-09 00:07:13] 共 47 条RSS, 成功抓取 41 条.
[2026-02-09 00:07:13] ✘ 有 6 条订阅解析失败:
[2026-02-09 00:07:13] - https://tumutanzi.com/feed
[2026-02-09 00:07:13] - https://geekinney.com/index.xml
[2026-02-09 00:07:13] - https://suus.me/atom.xml
[2026-02-09 00:07:13] - https://shuiba.co/feed
[2026-02-09 00:07:13] - https://www.moraex.com/feed
[2026-02-09 00:07:13] - https://sizheng.org/feed
[2026-02-09 01:31:17] 本次订阅抓取结果统计:
[2026-02-09 01:31:17] 共 47 条RSS, 成功抓取 41 条.
[2026-02-09 01:31:17] ✘ 有 6 条订阅解析失败:
[2026-02-09 01:31:17] - https://tumutanzi.com/feed
[2026-02-09 01:31:17] - https://geekinney.com/index.xml
[2026-02-09 01:31:17] - https://suus.me/atom.xml
[2026-02-09 01:31:17] - https://shuiba.co/feed
[2026-02-09 01:31:17] - https://www.moraex.com/feed
[2026-02-09 01:31:17] - https://sizheng.org/feed
[2026-02-09 02:58:02] 抓取到的文章与现有数据相同，无需更新。
[2026-02-09 03:56:04] 本次订阅抓取结果统计:
[2026-02-09 03:56:04] 共 47 条RSS, 成功抓取 40 条.
[2026-02-09 03:56:04] ✘ 有 7 条订阅解析失败:
[2026-02-09 03:56:04] - https://tumutanzi.com/feed
[2026-02-09 03:56:04] - https://geekinney.com/index.xml
[2026-02-09 03:56:04] - https://suus.me/atom.xml
[2026-02-09 03:56:04] - https://laike9m.com/blog/rss/
[2026-02-09 03:56:04] - https://shuiba.co/feed
[2026-02-09 03:56:04] - https://sizheng.org/feed
[2026-02-09 03:56:04] - https://www.moraex.com/feed
[2026-02-09 04:40:53] 本次订阅抓取结果统计:
[2026-02-09 04:40:53] 共 47 条RSS, 成功抓取 40 条.
[2026-02-09 04:40:53] ✘ 有 7 条订阅解析失败:
[2026-02-09 04:40:53] - https://tumutanzi.com/feed
[2026-02-09 04:40:53] - https://suus.me/atom.xml
[2026-02-09 04:40:53] - https://geekinney.com/index.xml
[2026-02-09 04:40:53] - https://laike9m.com/blog/rss/
[2026-02-09 04:40:53] - https://shuiba.co/feed
[2026-02-09 04:40:53] - https://www.moraex.com/feed
[2026-02-09 04:40:53] - https://sizheng.org/feed
[2026-02-09 05:29:04] 本次订阅抓取结果统计:
[2026-02-09 05:29:04] 共 47 条RSS, 成功抓取 41 条.
[2026-02-09 05:29:04] ✘ 有 6 条订阅解析失败:
[2026-02-09 05:29:04] - https://tumutanzi.com/feed
[2026-02-09 05:29:04] - https://geekinney.com/index.xml
[2026-02-09 05:29:04] - https://suus.me/atom.xml
[2026-02-09 05:29:04] - https://shuiba.co/feed
[2026-02-09 05:29:04] - https://sizheng.org/feed
[2026-02-09 05:29:04] - https://www.moraex.com/feed
[2026-02-09 06:19:45] 抓取到的文章与现有数据相同，无需更新。
[2026-02-09 07:22:19] 抓取到的文章与现有数据相同，无需更新。
[2026-02-09 08:10:18] 抓取到的文章与现有数据相同，无需更新。
[2026-02-09 09:16:00] 本次订阅抓取结果统计:
[2026-02-09 09:16:00] 共 47 条RSS, 成功抓取 41 条.
[2026-02-09 09:16:00] ✘ 有 6 条订阅解析失败:
[2026-02-09 09:16:00] - https://tumutanzi.com/feed
[2026-02-09 09:16:00] - https://geekinney.com/index.xml
[2026-02-09 09:16:00] - https://suus.me/atom.xml
[2026-02-09 09:16:00] - https://shuiba.co/feed
[2026-02-09 09:16:00] - https://www.moraex.com/feed
[2026-02-09 09:16:00] - https://sizheng.org/feed
[2026-02-09 11:15:37] 本次订阅抓取结果统计:
[2026-02-09 11:15:37] 共 47 条RSS, 成功抓取 41 条.
[2026-02-09 11:15:37] ✘ 有 6 条订阅解析失败:
[2026-02-09 11:15:37] - https://tumutanzi.com/feed
[2026-02-09 11:15:37] - https://geekinney.com/index.xml
[2026-02-09 11:15:37] - https://suus.me/atom.xml
[2026-02-09 11:15:37] - https://shuiba.co/feed
[2026-02-09 11:15:37] - https://www.moraex.com/feed
[2026-02-09 11:15:37] - https://sizheng.org/feed
