[2026-07-05 01:50:49] [WARN] 加载头像映射失败: failed to fetch avatar map: Get "https://cos.lhasa.icu/lhasaRSS/avatar.json": context deadline exceeded (Client.Timeout exceeded while awaiting headers)
[2026-07-05 01:51:05] 本次订阅抓取结果统计:
[2026-07-05 01:51:05] 共 54 条RSS, 成功抓取 45 条.
[2026-07-05 01:51:05] ✘ 有 9 条订阅解析失败:
[2026-07-05 01:51:05] - https://geekinney.com/index.xml
[2026-07-05 01:51:05] - https://suus.me/atom.xml
[2026-07-05 01:51:05] - https://www.shephe.com/feed
[2026-07-05 01:51:05] - https://ilogs.cn/feed/
[2026-07-05 01:51:05] - https://writings.howsoonisnow.org/blog/feed/feed.xml
[2026-07-05 01:51:05] - https://www.moraex.com/feed
[2026-07-05 01:51:05] - https://sizheng.org/feed
[2026-07-05 01:51:05] - https://4op.top/index.xml
[2026-07-05 01:51:05] - https://ayayy.com/feed/
[2026-07-05 01:51:05] ✘ 有 1 条订阅头像字段为空, 已使用默认头像:
[2026-07-05 01:51:05] - https://mayx.eu.org/atom.xml
[2026-07-05 01:51:05] ✘ 有 3 条订阅头像无法访问, 已使用默认头像:
[2026-07-05 01:51:05] - https://skywind.me/blog/feed
[2026-07-05 01:51:05] - https://laike9m.com/blog/rss/
[2026-07-05 01:51:05] - https://xyzbz.cn/feed
[2026-07-05 05:53:03] 本次订阅抓取结果统计:
[2026-07-05 05:53:03] 共 54 条RSS, 成功抓取 45 条.
[2026-07-05 05:53:03] ✘ 有 9 条订阅解析失败:
[2026-07-05 05:53:03] - https://geekinney.com/index.xml
[2026-07-05 05:53:03] - https://suus.me/atom.xml
[2026-07-05 05:53:03] - https://ilogs.cn/feed/
[2026-07-05 05:53:03] - https://www.shephe.com/feed
[2026-07-05 05:53:03] - https://writings.howsoonisnow.org/blog/feed/feed.xml
[2026-07-05 05:53:03] - https://www.moraex.com/feed
[2026-07-05 05:53:03] - https://sizheng.org/feed
[2026-07-05 05:53:03] - https://4op.top/index.xml
[2026-07-05 05:53:03] - https://ayayy.com/feed/
[2026-07-05 05:53:03] ✘ 有 1 条订阅头像字段为空, 已使用默认头像:
[2026-07-05 05:53:03] - https://jt26wzz.com/rss.xml
[2026-07-05 08:37:20] 抓取到的文章与现有数据相同，无需更新。
[2026-07-05 10:56:49] 抓取到的文章与现有数据相同，无需更新。
[2026-07-05 12:10:11] 抓取到的文章与现有数据相同，无需更新。
[2026-07-05 14:23:51] 本次订阅抓取结果统计:
[2026-07-05 14:23:51] 共 54 条RSS, 成功抓取 43 条.
[2026-07-05 14:23:51] ✘ 有 11 条订阅解析失败:
[2026-07-05 14:23:51] - https://geekinney.com/index.xml
[2026-07-05 14:23:51] - https://tumutanzi.com/feed
[2026-07-05 14:23:51] - https://suus.me/atom.xml
[2026-07-05 14:23:51] - https://leixus.cn/index.php/feed/
[2026-07-05 14:23:51] - https://ilogs.cn/feed/
[2026-07-05 14:23:51] - https://www.moraex.com/feed
[2026-07-05 14:23:51] - https://writings.howsoonisnow.org/blog/feed/feed.xml
[2026-07-05 14:23:51] - https://www.shephe.com/feed
[2026-07-05 14:23:51] - https://sizheng.org/feed
[2026-07-05 14:23:51] - https://4op.top/index.xml
[2026-07-05 14:23:51] - https://ayayy.com/feed/
[2026-07-05 14:23:51] ✘ 有 1 条订阅头像字段为空, 已使用默认头像:
[2026-07-05 14:23:51] - https://jt26wzz.com/rss.xml
[2026-07-05 15:59:05] 本次订阅抓取结果统计:
[2026-07-05 15:59:05] 共 54 条RSS, 成功抓取 45 条.
[2026-07-05 15:59:05] ✘ 有 9 条订阅解析失败:
[2026-07-05 15:59:05] - https://geekinney.com/index.xml
[2026-07-05 15:59:05] - https://suus.me/atom.xml
[2026-07-05 15:59:05] - https://ilogs.cn/feed/
[2026-07-05 15:59:05] - https://www.shephe.com/feed
[2026-07-05 15:59:05] - https://www.moraex.com/feed
[2026-07-05 15:59:05] - https://writings.howsoonisnow.org/blog/feed/feed.xml
[2026-07-05 15:59:05] - https://sizheng.org/feed
[2026-07-05 15:59:05] - https://4op.top/index.xml
[2026-07-05 15:59:05] - https://ayayy.com/feed/
[2026-07-05 15:59:05] ✘ 有 1 条订阅头像字段为空, 已使用默认头像:
[2026-07-05 15:59:05] - https://jt26wzz.com/rss.xml
[2026-07-05 17:06:16] 抓取到的文章与现有数据相同，无需更新。
[2026-07-05 18:57:31] 抓取到的文章与现有数据相同，无需更新。
[2026-07-05 20:08:51] 抓取到的文章与现有数据相同，无需更新。
