[2026-04-29 00:18:39] 抓取到的文章与现有数据相同，无需更新。
[2026-04-29 01:32:22] 本次订阅抓取结果统计:
[2026-04-29 01:32:22] 共 47 条RSS, 成功抓取 38 条.
[2026-04-29 01:32:22] ✘ 有 9 条订阅解析失败:
[2026-04-29 01:32:22] - https://tumutanzi.com/feed
[2026-04-29 01:32:22] - https://geekinney.com/index.xml
[2026-04-29 01:32:22] - https://suus.me/atom.xml
[2026-04-29 01:32:22] - https://www.mrhe.net/feed
[2026-04-29 01:32:22] - https://ilogs.cn/feed/
[2026-04-29 01:32:22] - https://shuiba.co/feed
[2026-04-29 01:32:22] - https://www.shephe.com/feed
[2026-04-29 01:32:22] - https://www.moraex.com/feed
[2026-04-29 01:32:22] - https://sizheng.org/feed
[2026-04-29 02:59:59] 本次订阅抓取结果统计:
[2026-04-29 02:59:59] 共 47 条RSS, 成功抓取 38 条.
[2026-04-29 02:59:59] ✘ 有 9 条订阅解析失败:
[2026-04-29 02:59:59] - https://tumutanzi.com/feed
[2026-04-29 02:59:59] - https://geekinney.com/index.xml
[2026-04-29 02:59:59] - https://suus.me/atom.xml
[2026-04-29 02:59:59] - https://www.mrhe.net/feed
[2026-04-29 02:59:59] - https://www.shephe.com/feed
[2026-04-29 02:59:59] - https://ilogs.cn/feed/
[2026-04-29 02:59:59] - https://shuiba.co/feed
[2026-04-29 02:59:59] - https://www.moraex.com/feed
[2026-04-29 02:59:59] - https://sizheng.org/feed
[2026-04-29 04:19:44] 抓取到的文章与现有数据相同，无需更新。
[2026-04-29 05:58:53] 抓取到的文章与现有数据相同，无需更新。
[2026-04-29 07:00:00] 抓取到的文章与现有数据相同，无需更新。
[2026-04-29 07:49:24] 抓取到的文章与现有数据相同，无需更新。
[2026-04-29 08:41:53] 本次订阅抓取结果统计:
[2026-04-29 08:41:53] 共 47 条RSS, 成功抓取 38 条.
[2026-04-29 08:41:53] ✘ 有 9 条订阅解析失败:
[2026-04-29 08:41:53] - https://tumutanzi.com/feed
[2026-04-29 08:41:53] - https://geekinney.com/index.xml
[2026-04-29 08:41:53] - https://suus.me/atom.xml
[2026-04-29 08:41:53] - https://www.mrhe.net/feed
[2026-04-29 08:41:53] - https://ilogs.cn/feed/
[2026-04-29 08:41:53] - https://shuiba.co/feed
[2026-04-29 08:41:53] - https://www.shephe.com/feed
[2026-04-29 08:41:53] - https://www.moraex.com/feed
[2026-04-29 08:41:53] - https://sizheng.org/feed
[2026-04-29 09:39:12] 本次订阅抓取结果统计:
[2026-04-29 09:39:12] 共 47 条RSS, 成功抓取 38 条.
[2026-04-29 09:39:12] ✘ 有 9 条订阅解析失败:
[2026-04-29 09:39:12] - https://tumutanzi.com/feed
[2026-04-29 09:39:12] - https://geekinney.com/index.xml
[2026-04-29 09:39:12] - https://suus.me/atom.xml
[2026-04-29 09:39:12] - https://www.mrhe.net/feed
[2026-04-29 09:39:12] - https://ilogs.cn/feed/
[2026-04-29 09:39:12] - https://shuiba.co/feed
[2026-04-29 09:39:12] - https://www.moraex.com/feed
[2026-04-29 09:39:12] - https://sizheng.org/feed
[2026-04-29 09:39:12] - https://www.shephe.com/feed
[2026-04-29 10:33:29] 抓取到的文章与现有数据相同，无需更新。
[2026-04-29 11:29:47] 抓取到的文章与现有数据相同，无需更新。
[2026-04-29 12:25:51] 本次订阅抓取结果统计:
[2026-04-29 12:25:51] 共 47 条RSS, 成功抓取 38 条.
[2026-04-29 12:25:51] ✘ 有 9 条订阅解析失败:
[2026-04-29 12:25:51] - https://tumutanzi.com/feed
[2026-04-29 12:25:51] - https://geekinney.com/index.xml
[2026-04-29 12:25:51] - https://suus.me/atom.xml
[2026-04-29 12:25:51] - https://www.mrhe.net/feed
[2026-04-29 12:25:51] - https://www.shephe.com/feed
[2026-04-29 12:25:51] - https://ilogs.cn/feed/
[2026-04-29 12:25:51] - https://shuiba.co/feed
[2026-04-29 12:25:51] - https://www.moraex.com/feed
[2026-04-29 12:25:51] - https://sizheng.org/feed
