[2026-05-24 00:21:25] 抓取到的文章与现有数据相同，无需更新。
[2026-05-24 01:37:22] 抓取到的文章与现有数据相同，无需更新。
[2026-05-24 03:00:38] 抓取到的文章与现有数据相同，无需更新。
[2026-05-24 04:35:10] 本次订阅抓取结果统计:
[2026-05-24 04:35:10] 共 49 条RSS, 成功抓取 39 条.
[2026-05-24 04:35:10] ✘ 有 10 条订阅解析失败:
[2026-05-24 04:35:10] - https://tumutanzi.com/feed
[2026-05-24 04:35:10] - https://geekinney.com/index.xml
[2026-05-24 04:35:10] - https://suus.me/atom.xml
[2026-05-24 04:35:10] - https://ilogs.cn/feed/
[2026-05-24 04:35:10] - https://innei.in/feed
[2026-05-24 04:35:10] - https://shuiba.co/feed
[2026-05-24 04:35:10] - https://www.shephe.com/feed
[2026-05-24 04:35:10] - https://www.moraex.com/feed
[2026-05-24 04:35:10] - https://writings.howsoonisnow.org/blog/feed/feed.xml
[2026-05-24 04:35:10] - https://sizheng.org/feed
[2026-05-24 04:35:10] ✘ 有 1 条订阅头像字段为空, 已使用默认头像:
[2026-05-24 04:35:10] - https://jt26wzz.com/rss.xml
[2026-05-24 06:15:38] 本次订阅抓取结果统计:
[2026-05-24 06:15:38] 共 49 条RSS, 成功抓取 39 条.
[2026-05-24 06:15:38] ✘ 有 10 条订阅解析失败:
[2026-05-24 06:15:38] - https://tumutanzi.com/feed
[2026-05-24 06:15:38] - https://geekinney.com/index.xml
[2026-05-24 06:15:38] - https://suus.me/atom.xml
[2026-05-24 06:15:38] - https://ilogs.cn/feed/
[2026-05-24 06:15:38] - https://innei.in/feed
[2026-05-24 06:15:38] - https://www.moraex.com/feed
[2026-05-24 06:15:38] - https://shuiba.co/feed
[2026-05-24 06:15:38] - https://www.shephe.com/feed
[2026-05-24 06:15:38] - https://writings.howsoonisnow.org/blog/feed/feed.xml
[2026-05-24 06:15:38] - https://sizheng.org/feed
[2026-05-24 06:15:38] ✘ 有 1 条订阅头像字段为空, 已使用默认头像:
[2026-05-24 06:15:38] - https://jt26wzz.com/rss.xml
[2026-05-24 07:54:49] 抓取到的文章与现有数据相同，无需更新。
[2026-05-24 08:47:55] 抓取到的文章与现有数据相同，无需更新。
[2026-05-24 09:34:38] 抓取到的文章与现有数据相同，无需更新。
[2026-05-24 10:30:22] 抓取到的文章与现有数据相同，无需更新。
[2026-05-24 11:26:36] 抓取到的文章与现有数据相同，无需更新。
[2026-05-24 12:17:11] 抓取到的文章与现有数据相同，无需更新。
[2026-05-24 13:29:08] 本次订阅抓取结果统计:
[2026-05-24 13:29:08] 共 49 条RSS, 成功抓取 39 条.
[2026-05-24 13:29:08] ✘ 有 10 条订阅解析失败:
[2026-05-24 13:29:08] - https://tumutanzi.com/feed
[2026-05-24 13:29:08] - https://geekinney.com/index.xml
[2026-05-24 13:29:08] - https://suus.me/atom.xml
[2026-05-24 13:29:08] - https://innei.in/feed
[2026-05-24 13:29:08] - https://www.shephe.com/feed
[2026-05-24 13:29:08] - https://ilogs.cn/feed/
[2026-05-24 13:29:08] - https://shuiba.co/feed
[2026-05-24 13:29:08] - https://writings.howsoonisnow.org/blog/feed/feed.xml
[2026-05-24 13:29:08] - https://www.moraex.com/feed
[2026-05-24 13:29:08] - https://sizheng.org/feed
[2026-05-24 13:29:08] ✘ 有 1 条订阅头像字段为空, 已使用默认头像:
[2026-05-24 13:29:08] - https://jt26wzz.com/rss.xml
[2026-05-24 14:28:12] 抓取到的文章与现有数据相同，无需更新。
[2026-05-24 15:22:17] 抓取到的文章与现有数据相同，无需更新。
[2026-05-24 16:18:33] 抓取到的文章与现有数据相同，无需更新。
[2026-05-24 17:19:46] 抓取到的文章与现有数据相同，无需更新。
