[2026-05-14 00:23:55] 抓取到的文章与现有数据相同，无需更新。
[2026-05-14 01:36:14] 抓取到的文章与现有数据相同，无需更新。
[2026-05-14 03:01:06] 抓取到的文章与现有数据相同，无需更新。
[2026-05-14 04:26:37] 抓取到的文章与现有数据相同，无需更新。
[2026-05-14 06:06:19] 抓取到的文章与现有数据相同，无需更新。
[2026-05-14 07:54:55] 本次订阅抓取结果统计:
[2026-05-14 07:54:55] 共 49 条RSS, 成功抓取 38 条.
[2026-05-14 07:54:55] ✘ 有 11 条订阅解析失败:
[2026-05-14 07:54:55] - https://tumutanzi.com/feed
[2026-05-14 07:54:55] - https://geekinney.com/index.xml
[2026-05-14 07:54:55] - https://1900.live/rss.xml
[2026-05-14 07:54:55] - https://suus.me/atom.xml
[2026-05-14 07:54:55] - https://ilogs.cn/feed/
[2026-05-14 07:54:55] - https://www.shephe.com/feed
[2026-05-14 07:54:55] - https://shuiba.co/feed
[2026-05-14 07:54:55] - https://writings.howsoonisnow.org/blog/feed/feed.xml
[2026-05-14 07:54:55] - https://www.moraex.com/feed
[2026-05-14 07:54:55] - https://sizheng.org/feed
[2026-05-14 07:54:55] - https://ayayy.com/feed/
[2026-05-14 07:54:55] ✘ 有 1 条订阅头像字段为空, 已使用默认头像:
[2026-05-14 07:54:55] - https://jt26wzz.com/rss.xml
[2026-05-14 08:52:15] 本次订阅抓取结果统计:
[2026-05-14 08:52:15] 共 49 条RSS, 成功抓取 39 条.
[2026-05-14 08:52:15] ✘ 有 10 条订阅解析失败:
[2026-05-14 08:52:15] - https://tumutanzi.com/feed
[2026-05-14 08:52:15] - https://geekinney.com/index.xml
[2026-05-14 08:52:15] - https://suus.me/atom.xml
[2026-05-14 08:52:15] - https://www.shephe.com/feed
[2026-05-14 08:52:15] - https://ilogs.cn/feed/
[2026-05-14 08:52:15] - https://shuiba.co/feed
[2026-05-14 08:52:15] - https://writings.howsoonisnow.org/blog/feed/feed.xml
[2026-05-14 08:52:15] - https://www.moraex.com/feed
[2026-05-14 08:52:15] - https://sizheng.org/feed
[2026-05-14 08:52:15] - https://ayayy.com/feed/
[2026-05-14 08:52:15] ✘ 有 1 条订阅头像字段为空, 已使用默认头像:
[2026-05-14 08:52:15] - https://jt26wzz.com/rss.xml
[2026-05-14 09:45:03] 本次订阅抓取结果统计:
[2026-05-14 09:45:03] 共 49 条RSS, 成功抓取 39 条.
[2026-05-14 09:45:03] ✘ 有 10 条订阅解析失败:
[2026-05-14 09:45:03] - https://tumutanzi.com/feed
[2026-05-14 09:45:03] - https://geekinney.com/index.xml
[2026-05-14 09:45:03] - https://suus.me/atom.xml
[2026-05-14 09:45:03] - https://www.shephe.com/feed
[2026-05-14 09:45:03] - https://ilogs.cn/feed/
[2026-05-14 09:45:03] - https://shuiba.co/feed
[2026-05-14 09:45:03] - https://writings.howsoonisnow.org/blog/feed/feed.xml
[2026-05-14 09:45:03] - https://sizheng.org/feed
[2026-05-14 09:45:03] - https://www.moraex.com/feed
[2026-05-14 09:45:03] - https://ayayy.com/feed/
[2026-05-14 09:45:03] ✘ 有 1 条订阅头像字段为空, 已使用默认头像:
[2026-05-14 09:45:03] - https://jt26wzz.com/rss.xml
[2026-05-14 10:44:39] 抓取到的文章与现有数据相同，无需更新。
[2026-05-14 11:31:50] 本次订阅抓取结果统计:
[2026-05-14 11:31:50] 共 49 条RSS, 成功抓取 38 条.
[2026-05-14 11:31:50] ✘ 有 11 条订阅解析失败:
[2026-05-14 11:31:50] - https://tumutanzi.com/feed
[2026-05-14 11:31:50] - https://geekinney.com/index.xml
[2026-05-14 11:31:50] - https://suus.me/atom.xml
[2026-05-14 11:31:50] - https://ilogs.cn/feed/
[2026-05-14 11:31:50] - https://shuiba.co/feed
[2026-05-14 11:31:50] - https://writings.howsoonisnow.org/blog/feed/feed.xml
[2026-05-14 11:31:50] - https://www.moraex.com/feed
[2026-05-14 11:31:50] - https://sizheng.org/feed
[2026-05-14 11:31:50] - https://www.shephe.com/feed
[2026-05-14 11:31:50] - https://yufan.me/feed
[2026-05-14 11:31:50] - https://ayayy.com/feed/
[2026-05-14 11:31:50] ✘ 有 1 条订阅头像字段为空, 已使用默认头像:
[2026-05-14 11:31:50] - https://jt26wzz.com/rss.xml
