[2026-01-31 00:06:30] 抓取到的文章与现有数据相同，无需更新。
[2026-01-31 01:30:46] 本次订阅抓取结果统计:
[2026-01-31 01:30:46] 共 47 条RSS, 成功抓取 42 条.
[2026-01-31 01:30:46] ✘ 有 5 条订阅解析失败:
[2026-01-31 01:30:46] - https://tumutanzi.com/feed
[2026-01-31 01:30:46] - https://suus.me/atom.xml
[2026-01-31 01:30:46] - https://geekinney.com/index.xml
[2026-01-31 01:30:46] - https://www.moraex.com/feed
[2026-01-31 01:30:46] - https://sizheng.org/feed
[2026-01-31 02:49:29] 本次订阅抓取结果统计:
[2026-01-31 02:49:29] 共 47 条RSS, 成功抓取 42 条.
[2026-01-31 02:49:29] ✘ 有 5 条订阅解析失败:
[2026-01-31 02:49:29] - https://tumutanzi.com/feed
[2026-01-31 02:49:29] - https://geekinney.com/index.xml
[2026-01-31 02:49:29] - https://suus.me/atom.xml
[2026-01-31 02:49:29] - https://sizheng.org/feed
[2026-01-31 02:49:29] - https://www.moraex.com/feed
[2026-01-31 03:42:14] 抓取到的文章与现有数据相同，无需更新。
[2026-01-31 04:29:00] 抓取到的文章与现有数据相同，无需更新。
[2026-01-31 05:14:30] 抓取到的文章与现有数据相同，无需更新。
[2026-01-31 06:06:23] 抓取到的文章与现有数据相同，无需更新。
[2026-01-31 07:08:02] 抓取到的文章与现有数据相同，无需更新。
[2026-01-31 08:02:00] 抓取到的文章与现有数据相同，无需更新。
