[2026-06-15 00:28:52] 抓取到的文章与现有数据相同，无需更新。
[2026-06-15 01:46:26] 本次订阅抓取结果统计:
[2026-06-15 01:46:26] 共 54 条RSS, 成功抓取 41 条.
[2026-06-15 01:46:26] ✘ 有 13 条订阅解析失败:
[2026-06-15 01:46:26] - https://tumutanzi.com/feed
[2026-06-15 01:46:26] - https://geekinney.com/index.xml
[2026-06-15 01:46:26] - https://suus.me/atom.xml
[2026-06-15 01:46:26] - https://bluehe.cn/rss.xml
[2026-06-15 01:46:26] - https://www.shephe.com/feed
[2026-06-15 01:46:26] - https://shuiba.co/feed
[2026-06-15 01:46:26] - https://ilogs.cn/feed/
[2026-06-15 01:46:26] - https://writings.howsoonisnow.org/blog/feed/feed.xml
[2026-06-15 01:46:26] - https://www.moraex.com/feed
[2026-06-15 01:46:26] - https://sizheng.org/feed
[2026-06-15 01:46:26] - https://4op.top/index.xml
[2026-06-15 01:46:26] - https://ayayy.com/feed/
[2026-06-15 01:46:26] - https://blog.gankudadiz.com/feed
[2026-06-15 01:46:26] ✘ 有 1 条订阅头像字段为空, 已使用默认头像:
[2026-06-15 01:46:26] - https://jt26wzz.com/rss.xml
[2026-06-15 03:02:39] 本次订阅抓取结果统计:
[2026-06-15 03:02:39] 共 54 条RSS, 成功抓取 41 条.
[2026-06-15 03:02:39] ✘ 有 13 条订阅解析失败:
[2026-06-15 03:02:39] - https://tumutanzi.com/feed
[2026-06-15 03:02:39] - https://geekinney.com/index.xml
[2026-06-15 03:02:39] - https://suus.me/atom.xml
[2026-06-15 03:02:39] - https://bluehe.cn/rss.xml
[2026-06-15 03:02:39] - https://ilogs.cn/feed/
[2026-06-15 03:02:39] - https://www.shephe.com/feed
[2026-06-15 03:02:39] - https://shuiba.co/feed
[2026-06-15 03:02:39] - https://writings.howsoonisnow.org/blog/feed/feed.xml
[2026-06-15 03:02:39] - https://www.moraex.com/feed
[2026-06-15 03:02:39] - https://sizheng.org/feed
[2026-06-15 03:02:39] - https://4op.top/index.xml
[2026-06-15 03:02:39] - https://ayayy.com/feed/
[2026-06-15 03:02:39] - https://blog.gankudadiz.com/feed
[2026-06-15 03:02:39] ✘ 有 1 条订阅头像字段为空, 已使用默认头像:
[2026-06-15 03:02:39] - https://jt26wzz.com/rss.xml
[2026-06-15 05:42:56] 抓取到的文章与现有数据相同，无需更新。
[2026-06-15 07:47:50] 本次订阅抓取结果统计:
[2026-06-15 07:47:50] 共 54 条RSS, 成功抓取 40 条.
[2026-06-15 07:47:50] ✘ 有 14 条订阅解析失败:
[2026-06-15 07:47:50] - https://tumutanzi.com/feed
[2026-06-15 07:47:50] - https://geekinney.com/index.xml
[2026-06-15 07:47:50] - https://suus.me/atom.xml
[2026-06-15 07:47:50] - https://bluehe.cn/rss.xml
[2026-06-15 07:47:50] - https://leixus.cn/index.php/feed/
[2026-06-15 07:47:50] - https://www.shephe.com/feed
[2026-06-15 07:47:50] - https://shuiba.co/feed
[2026-06-15 07:47:50] - https://www.moraex.com/feed
[2026-06-15 07:47:50] - https://ilogs.cn/feed/
[2026-06-15 07:47:50] - https://writings.howsoonisnow.org/blog/feed/feed.xml
[2026-06-15 07:47:50] - https://sizheng.org/feed
[2026-06-15 07:47:50] - https://4op.top/index.xml
[2026-06-15 07:47:50] - https://ayayy.com/feed/
[2026-06-15 07:47:50] - https://blog.gankudadiz.com/feed
[2026-06-15 07:47:50] ✘ 有 1 条订阅头像字段为空, 已使用默认头像:
[2026-06-15 07:47:50] - https://jt26wzz.com/rss.xml
[2026-06-15 10:02:12] 本次订阅抓取结果统计:
[2026-06-15 10:02:12] 共 54 条RSS, 成功抓取 41 条.
[2026-06-15 10:02:12] ✘ 有 13 条订阅解析失败:
[2026-06-15 10:02:12] - https://tumutanzi.com/feed
[2026-06-15 10:02:12] - https://geekinney.com/index.xml
[2026-06-15 10:02:12] - https://suus.me/atom.xml
[2026-06-15 10:02:12] - https://www.shephe.com/feed
[2026-06-15 10:02:12] - https://bluehe.cn/rss.xml
[2026-06-15 10:02:12] - https://ilogs.cn/feed/
[2026-06-15 10:02:12] - https://shuiba.co/feed
[2026-06-15 10:02:12] - https://writings.howsoonisnow.org/blog/feed/feed.xml
[2026-06-15 10:02:12] - https://sizheng.org/feed
[2026-06-15 10:02:12] - https://www.moraex.com/feed
[2026-06-15 10:02:12] - https://4op.top/index.xml
[2026-06-15 10:02:12] - https://ayayy.com/feed/
[2026-06-15 10:02:12] - https://blog.gankudadiz.com/feed
[2026-06-15 10:02:12] ✘ 有 1 条订阅头像字段为空, 已使用默认头像:
[2026-06-15 10:02:12] - https://jt26wzz.com/rss.xml
