[2026-01-15 00:04:54] 抓取到的文章与现有数据相同，无需更新。
[2026-01-15 01:29:56] 本次订阅抓取结果统计:
[2026-01-15 01:29:56] 共 43 条RSS, 成功抓取 38 条.
[2026-01-15 01:29:56] ✘ 有 5 条订阅解析失败:
[2026-01-15 01:29:56] - https://tumutanzi.com/feed
[2026-01-15 01:29:56] - https://oba.by/feed
[2026-01-15 01:29:56] - https://geekinney.com/index.xml
[2026-01-15 01:29:56] - https://suus.me/atom.xml
[2026-01-15 01:29:56] - https://www.moraex.com/feed
[2026-01-15 02:36:54] 抓取到的文章与现有数据相同，无需更新。
[2026-01-15 03:30:23] 抓取到的文章与现有数据相同，无需更新。
[2026-01-15 04:16:33] 本次订阅抓取结果统计:
[2026-01-15 04:16:33] 共 43 条RSS, 成功抓取 37 条.
[2026-01-15 04:16:33] ✘ 有 6 条订阅解析失败:
[2026-01-15 04:16:33] - https://tumutanzi.com/feed
[2026-01-15 04:16:33] - https://oba.by/feed
[2026-01-15 04:16:33] - https://geekinney.com/index.xml
[2026-01-15 04:16:33] - https://suus.me/atom.xml
[2026-01-15 04:16:33] - https://www.moraex.com/feed
[2026-01-15 04:16:33] - https://note.redcha.cn/rss.xml
[2026-01-15 05:05:48] 抓取到的文章与现有数据相同，无需更新。
[2026-01-15 06:03:21] 抓取到的文章与现有数据相同，无需更新。
[2026-01-15 07:05:02] 本次订阅抓取结果统计:
[2026-01-15 07:05:02] 共 43 条RSS, 成功抓取 36 条.
[2026-01-15 07:05:02] ✘ 有 7 条订阅解析失败:
[2026-01-15 07:05:02] - https://tumutanzi.com/feed
[2026-01-15 07:05:02] - https://oba.by/feed
[2026-01-15 07:05:02] - https://geekinney.com/index.xml
[2026-01-15 07:05:02] - https://suus.me/atom.xml
[2026-01-15 07:05:02] - https://ilogs.cn/feed/
[2026-01-15 07:05:02] - https://www.moraex.com/feed
[2026-01-15 07:05:02] - https://skywind.me/blog/feed
[2026-01-15 08:01:48] 本次订阅抓取结果统计:
[2026-01-15 08:01:48] 共 43 条RSS, 成功抓取 37 条.
[2026-01-15 08:01:48] ✘ 有 6 条订阅解析失败:
[2026-01-15 08:01:48] - https://tumutanzi.com/feed
[2026-01-15 08:01:48] - https://oba.by/feed
[2026-01-15 08:01:48] - https://suus.me/atom.xml
[2026-01-15 08:01:48] - https://geekinney.com/index.xml
[2026-01-15 08:01:48] - https://www.moraex.com/feed
[2026-01-15 08:01:48] - https://ilogs.cn/feed/
[2026-01-15 09:04:41] 本次订阅抓取结果统计:
[2026-01-15 09:04:41] 共 43 条RSS, 成功抓取 37 条.
[2026-01-15 09:04:41] ✘ 有 6 条订阅解析失败:
[2026-01-15 09:04:41] - https://tumutanzi.com/feed
[2026-01-15 09:04:41] - https://oba.by/feed
[2026-01-15 09:04:41] - https://geekinney.com/index.xml
[2026-01-15 09:04:41] - https://suus.me/atom.xml
[2026-01-15 09:04:41] - https://www.moraex.com/feed
[2026-01-15 09:04:41] - https://ilogs.cn/feed/
[2026-01-15 10:01:51] 本次订阅抓取结果统计:
[2026-01-15 10:01:51] 共 43 条RSS, 成功抓取 38 条.
[2026-01-15 10:01:51] ✘ 有 5 条订阅解析失败:
[2026-01-15 10:01:51] - https://tumutanzi.com/feed
[2026-01-15 10:01:51] - https://oba.by/feed
[2026-01-15 10:01:51] - https://geekinney.com/index.xml
[2026-01-15 10:01:51] - https://suus.me/atom.xml
[2026-01-15 10:01:51] - https://www.moraex.com/feed
[2026-01-15 11:02:04] 抓取到的文章与现有数据相同，无需更新。
[2026-01-15 13:14:45] 抓取到的文章与现有数据相同，无需更新。
[2026-01-15 14:03:32] 抓取到的文章与现有数据相同，无需更新。
[2026-01-15 15:03:58] 本次订阅抓取结果统计:
[2026-01-15 15:03:58] 共 43 条RSS, 成功抓取 37 条.
[2026-01-15 15:03:58] ✘ 有 6 条订阅解析失败:
[2026-01-15 15:03:58] - https://tumutanzi.com/feed
[2026-01-15 15:03:58] - https://oba.by/feed
[2026-01-15 15:03:58] - https://geekinney.com/index.xml
[2026-01-15 15:03:58] - https://suus.me/atom.xml
[2026-01-15 15:03:58] - https://www.moraex.com/feed
[2026-01-15 15:03:58] - https://skywind.me/blog/feed
