[2026-01-26 00:05:00] 抓取到的文章与现有数据相同，无需更新。
[2026-01-26 01:30:38] 抓取到的文章与现有数据相同，无需更新。
[2026-01-26 02:05:06] 本次订阅抓取结果统计:
[2026-01-26 02:05:06] 共 47 条RSS, 成功抓取 39 条.
[2026-01-26 02:05:06] ✘ 有 8 条订阅解析失败:
[2026-01-26 02:05:06] - https://tumutanzi.com/feed
[2026-01-26 02:05:06] - https://suus.me/atom.xml
[2026-01-26 02:05:06] - https://geekinney.com/index.xml
[2026-01-26 02:05:06] - https://www.luzhaojun.com/feed
[2026-01-26 02:05:06] - https://leixus.cn/index.php/feed/
[2026-01-26 02:05:06] - https://www.moraex.com/feed
[2026-01-26 02:05:06] - https://sizheng.org/feed
[2026-01-26 02:05:06] - http://www.cyys.net/wp/feed
[2026-01-26 02:45:20] 本次订阅抓取结果统计:
[2026-01-26 02:45:20] 共 47 条RSS, 成功抓取 42 条.
[2026-01-26 02:45:20] ✘ 有 5 条订阅解析失败:
[2026-01-26 02:45:20] - https://tumutanzi.com/feed
[2026-01-26 02:45:20] - https://geekinney.com/index.xml
[2026-01-26 02:45:20] - https://suus.me/atom.xml
[2026-01-26 02:45:20] - https://sizheng.org/feed
[2026-01-26 02:45:20] - https://www.moraex.com/feed
[2026-01-26 03:35:59] 本次订阅抓取结果统计:
[2026-01-26 03:35:59] 共 47 条RSS, 成功抓取 42 条.
[2026-01-26 03:35:59] ✘ 有 5 条订阅解析失败:
[2026-01-26 03:35:59] - https://tumutanzi.com/feed
[2026-01-26 03:35:59] - https://suus.me/atom.xml
[2026-01-26 03:35:59] - https://geekinney.com/index.xml
[2026-01-26 03:35:59] - https://sizheng.org/feed
[2026-01-26 03:35:59] - https://www.moraex.com/feed
[2026-01-26 04:24:45] 本次订阅抓取结果统计:
[2026-01-26 04:24:45] 共 47 条RSS, 成功抓取 41 条.
[2026-01-26 04:24:45] ✘ 有 6 条订阅解析失败:
[2026-01-26 04:24:45] - https://tumutanzi.com/feed
[2026-01-26 04:24:45] - https://suus.me/atom.xml
[2026-01-26 04:24:45] - https://geekinney.com/index.xml
[2026-01-26 04:24:45] - https://www.moraex.com/feed
[2026-01-26 04:24:45] - https://sizheng.org/feed
[2026-01-26 04:24:45] - https://skywind.me/blog/feed
[2026-01-26 05:10:58] 本次订阅抓取结果统计:
[2026-01-26 05:10:58] 共 47 条RSS, 成功抓取 42 条.
[2026-01-26 05:10:58] ✘ 有 5 条订阅解析失败:
[2026-01-26 05:10:58] - https://tumutanzi.com/feed
[2026-01-26 05:10:58] - https://suus.me/atom.xml
[2026-01-26 05:10:58] - https://geekinney.com/index.xml
[2026-01-26 05:10:58] - https://sizheng.org/feed
[2026-01-26 05:10:58] - https://www.moraex.com/feed
[2026-01-26 06:03:31] 抓取到的文章与现有数据相同，无需更新。
[2026-01-26 07:07:29] 本次订阅抓取结果统计:
[2026-01-26 07:07:29] 共 47 条RSS, 成功抓取 41 条.
[2026-01-26 07:07:29] ✘ 有 6 条订阅解析失败:
[2026-01-26 07:07:29] - https://tumutanzi.com/feed
[2026-01-26 07:07:29] - https://geekinney.com/index.xml
[2026-01-26 07:07:29] - https://suus.me/atom.xml
[2026-01-26 07:07:29] - https://www.moraex.com/feed
[2026-01-26 07:07:29] - https://sizheng.org/feed
[2026-01-26 07:07:29] - https://skywind.me/blog/feed
[2026-01-26 08:02:50] 本次订阅抓取结果统计:
[2026-01-26 08:02:50] 共 47 条RSS, 成功抓取 42 条.
[2026-01-26 08:02:50] ✘ 有 5 条订阅解析失败:
[2026-01-26 08:02:50] - https://tumutanzi.com/feed
[2026-01-26 08:02:50] - https://geekinney.com/index.xml
[2026-01-26 08:02:50] - https://suus.me/atom.xml
[2026-01-26 08:02:50] - https://sizheng.org/feed
[2026-01-26 08:02:50] - https://www.moraex.com/feed
[2026-01-26 09:06:36] 抓取到的文章与现有数据相同，无需更新。
[2026-01-26 10:03:31] 抓取到的文章与现有数据相同，无需更新。
[2026-01-26 11:03:01] 抓取到的文章与现有数据相同，无需更新。
[2026-01-26 12:02:30] 抓取到的文章与现有数据相同，无需更新。
[2026-01-26 13:16:29] 抓取到的文章与现有数据相同，无需更新。
[2026-01-26 14:05:44] 抓取到的文章与现有数据相同，无需更新。
[2026-01-26 15:04:39] 抓取到的文章与现有数据相同，无需更新。
[2026-01-26 16:04:11] [WARN] 加载头像映射失败: failed to fetch avatar map: Get "https://cos.lhasa.icu/lhasaRSS/avatar.json": context deadline exceeded (Client.Timeout exceeded while awaiting headers)
[2026-01-26 16:04:52] 本次订阅抓取结果统计:
[2026-01-26 16:04:52] 共 47 条RSS, 成功抓取 42 条.
[2026-01-26 16:04:52] ✘ 有 5 条订阅解析失败:
[2026-01-26 16:04:52] - https://tumutanzi.com/feed
[2026-01-26 16:04:52] - https://geekinney.com/index.xml
[2026-01-26 16:04:52] - https://suus.me/atom.xml
[2026-01-26 16:04:52] - https://www.moraex.com/feed
[2026-01-26 16:04:52] - https://sizheng.org/feed
[2026-01-26 16:04:52] ✘ 有 1 条订阅头像字段为空, 已使用默认头像:
[2026-01-26 16:04:52] - https://mayx.eu.org/atom.xml
[2026-01-26 16:04:52] ✘ 有 6 条订阅头像无法访问, 已使用默认头像:
[2026-01-26 16:04:52] - https://laike9m.com/blog/rss/
[2026-01-26 16:04:52] - https://skywind.me/blog/feed
[2026-01-26 16:04:52] - https://www.laruence.com/feed
[2026-01-26 16:04:52] - https://www.mrhe.net/feed
[2026-01-26 16:04:52] - https://byvoid.com/zhs/feed.xml
[2026-01-26 16:04:52] - https://zhongxiaojie.com/feed
[2026-01-26 17:06:59] 本次订阅抓取结果统计:
[2026-01-26 17:06:59] 共 47 条RSS, 成功抓取 42 条.
[2026-01-26 17:06:59] ✘ 有 5 条订阅解析失败:
[2026-01-26 17:06:59] - https://tumutanzi.com/feed
[2026-01-26 17:06:59] - https://suus.me/atom.xml
[2026-01-26 17:06:59] - https://geekinney.com/index.xml
[2026-01-26 17:06:59] - https://www.moraex.com/feed
[2026-01-26 17:06:59] - https://sizheng.org/feed
