[2026-04-10 00:11:24] 抓取到的文章与现有数据相同，无需更新。
[2026-04-10 01:31:31] 本次订阅抓取结果统计:
[2026-04-10 01:31:31] 共 46 条RSS, 成功抓取 38 条.
[2026-04-10 01:31:31] ✘ 有 8 条订阅解析失败:
[2026-04-10 01:31:31] - https://tumutanzi.com/feed
[2026-04-10 01:31:31] - https://geekinney.com/index.xml
[2026-04-10 01:31:31] - https://suus.me/atom.xml
[2026-04-10 01:31:31] - https://ilogs.cn/feed/
[2026-04-10 01:31:31] - https://shuiba.co/feed
[2026-04-10 01:31:31] - https://www.moraex.com/feed
[2026-04-10 01:31:31] - https://sizheng.org/feed
[2026-04-10 01:31:31] - https://note.redcha.cn/rss.xml
[2026-04-10 02:59:28] 本次订阅抓取结果统计:
[2026-04-10 02:59:28] 共 46 条RSS, 成功抓取 39 条.
[2026-04-10 02:59:28] ✘ 有 7 条订阅解析失败:
[2026-04-10 02:59:28] - https://tumutanzi.com/feed
[2026-04-10 02:59:28] - https://geekinney.com/index.xml
[2026-04-10 02:59:28] - https://suus.me/atom.xml
[2026-04-10 02:59:28] - https://shuiba.co/feed
[2026-04-10 02:59:28] - https://sizheng.org/feed
[2026-04-10 02:59:28] - https://www.moraex.com/feed
[2026-04-10 02:59:28] - https://note.redcha.cn/rss.xml
[2026-04-10 04:07:04] 本次订阅抓取结果统计:
[2026-04-10 04:07:04] 共 46 条RSS, 成功抓取 39 条.
[2026-04-10 04:07:04] ✘ 有 7 条订阅解析失败:
[2026-04-10 04:07:04] - https://tumutanzi.com/feed
[2026-04-10 04:07:04] - https://geekinney.com/index.xml
[2026-04-10 04:07:04] - https://suus.me/atom.xml
[2026-04-10 04:07:04] - https://shuiba.co/feed
[2026-04-10 04:07:04] - https://ilogs.cn/feed/
[2026-04-10 04:07:04] - https://sizheng.org/feed
[2026-04-10 04:07:04] - https://www.moraex.com/feed
[2026-04-10 05:41:21] 本次订阅抓取结果统计:
[2026-04-10 05:41:21] 共 46 条RSS, 成功抓取 38 条.
[2026-04-10 05:41:21] ✘ 有 8 条订阅解析失败:
[2026-04-10 05:41:21] - https://tumutanzi.com/feed
[2026-04-10 05:41:21] - https://geekinney.com/index.xml
[2026-04-10 05:41:21] - https://suus.me/atom.xml
[2026-04-10 05:41:21] - https://ilogs.cn/feed/
[2026-04-10 05:41:21] - https://shuiba.co/feed
[2026-04-10 05:41:21] - https://www.moraex.com/feed
[2026-04-10 05:41:21] - https://sizheng.org/feed
[2026-04-10 05:41:21] - https://note.redcha.cn/rss.xml
[2026-04-10 06:32:49] 本次订阅抓取结果统计:
[2026-04-10 06:32:49] 共 46 条RSS, 成功抓取 38 条.
[2026-04-10 06:32:49] ✘ 有 8 条订阅解析失败:
[2026-04-10 06:32:49] - https://tumutanzi.com/feed
[2026-04-10 06:32:49] - https://geekinney.com/index.xml
[2026-04-10 06:32:49] - https://suus.me/atom.xml
[2026-04-10 06:32:49] - https://leixus.cn/index.php/feed/
[2026-04-10 06:32:49] - https://ilogs.cn/feed/
[2026-04-10 06:32:49] - https://www.moraex.com/feed
[2026-04-10 06:32:49] - https://shuiba.co/feed
[2026-04-10 06:32:49] - https://sizheng.org/feed
[2026-04-10 07:31:08] 本次订阅抓取结果统计:
[2026-04-10 07:31:08] 共 46 条RSS, 成功抓取 39 条.
[2026-04-10 07:31:08] ✘ 有 7 条订阅解析失败:
[2026-04-10 07:31:08] - https://tumutanzi.com/feed
[2026-04-10 07:31:08] - https://geekinney.com/index.xml
[2026-04-10 07:31:08] - https://suus.me/atom.xml
[2026-04-10 07:31:08] - https://ilogs.cn/feed/
[2026-04-10 07:31:08] - https://shuiba.co/feed
[2026-04-10 07:31:08] - https://sizheng.org/feed
[2026-04-10 07:31:08] - https://www.moraex.com/feed
[2026-04-10 08:27:27] 本次订阅抓取结果统计:
[2026-04-10 08:27:27] 共 46 条RSS, 成功抓取 37 条.
[2026-04-10 08:27:27] ✘ 有 9 条订阅解析失败:
[2026-04-10 08:27:27] - https://tumutanzi.com/feed
[2026-04-10 08:27:27] - https://geekinney.com/index.xml
[2026-04-10 08:27:27] - https://suus.me/atom.xml
[2026-04-10 08:27:27] - https://leixus.cn/index.php/feed/
[2026-04-10 08:27:27] - https://shuiba.co/feed
[2026-04-10 08:27:27] - https://ilogs.cn/feed/
[2026-04-10 08:27:27] - https://www.moraex.com/feed
[2026-04-10 08:27:27] - https://sizheng.org/feed
[2026-04-10 08:27:27] - https://skywind.me/blog/feed
[2026-04-10 09:25:00] 本次订阅抓取结果统计:
[2026-04-10 09:25:00] 共 46 条RSS, 成功抓取 39 条.
[2026-04-10 09:25:00] ✘ 有 7 条订阅解析失败:
[2026-04-10 09:25:00] - https://tumutanzi.com/feed
[2026-04-10 09:25:00] - https://geekinney.com/index.xml
[2026-04-10 09:25:00] - https://suus.me/atom.xml
[2026-04-10 09:25:00] - https://ilogs.cn/feed/
[2026-04-10 09:25:00] - https://shuiba.co/feed
[2026-04-10 09:25:00] - https://www.moraex.com/feed
[2026-04-10 09:25:00] - https://sizheng.org/feed
[2026-04-10 10:20:13] 抓取到的文章与现有数据相同，无需更新。
[2026-04-10 11:16:14] 本次订阅抓取结果统计:
[2026-04-10 11:16:14] 共 46 条RSS, 成功抓取 39 条.
[2026-04-10 11:16:14] ✘ 有 7 条订阅解析失败:
[2026-04-10 11:16:14] - https://tumutanzi.com/feed
[2026-04-10 11:16:14] - https://geekinney.com/index.xml
[2026-04-10 11:16:14] - https://suus.me/atom.xml
[2026-04-10 11:16:14] - https://ilogs.cn/feed/
[2026-04-10 11:16:14] - https://shuiba.co/feed
[2026-04-10 11:16:14] - https://sizheng.org/feed
[2026-04-10 11:16:14] - https://www.moraex.com/feed
